Removed Pin From Net: NetName=NetD2_3 Pin=D2-3
Removed Pin From Net: NetName=NetD3_3 Pin=D3-3
Change Component Designator: OldDesignator=D2 NewDesignator=D1
Change Component Designator: OldDesignator=D3 NewDesignator=D2
Change Component Designator: OldDesignator=D4 NewDesignator=D3
Change Component Designator: OldDesignator=E3 NewDesignator=E4
Change Component Designator: OldDesignator=J1 NewDesignator=J2
Change Component Designator: OldDesignator=J2 NewDesignator=J1
Change Component Designator: OldDesignator=R2 NewDesignator=R1
Change Component Designator: OldDesignator=R4 NewDesignator=R3
Change Component Designator: OldDesignator=R7 NewDesignator=R5
Added Component: Designator=C1(ELEC-CAP-RAD10-20)
Added Component: Designator=E3(PIN1)
Add component (AddParameter): Name = "LatestRevisionDate"; Value = "17-Jul-2002"; VariantName = "[No Variations]"
Add component (AddParameter): Name = "LatestRevisionNote"; Value = "Re-released for DXP Platform."; VariantName = "[No Variations]"
Add component (AddParameter): Name = "PackageReference"; Value = "PIN1"; VariantName = "[No Variations]"
Add component (AddParameter): Name = "Published"; Value = "24-Mar-1999"; VariantName = "[No Variations]"
Add component (AddParameter): Name = "Publisher"; Value = "Altium Limited"; VariantName = "[No Variations]"
Added Component: Designator=K1(Relays)
Add component (AddParameter): Name = "ComponentLinkURL"; Value = "www.picpars.com"; VariantName = "[No Variations]"
Add component (AddParameter): Name = "Designer"; Value = "Seyed Mohsen Ghasemain"; VariantName = "[No Variations]"
Added Component: Designator=R2(RES 1206 (3216X08L))
Add component (AddParameter): Name = "Power"; Value = "1/4 W"; VariantName = "[No Variations]"
Add component (AddParameter): Name = "Tolerance"; Value = "5%"; VariantName = "[No Variations]"
Add component (AddParameter): Name = "Value"; Value = "10K"; VariantName = "[No Variations]"
Added Component: Designator=R4(RES 1206 (3216X08L))
Add component (AddParameter): Name = "Power"; Value = "1/4 W"; VariantName = "[No Variations]"
Add component (AddParameter): Name = "Tolerance"; Value = "5%"; VariantName = "[No Variations]"
Add component (AddParameter): Name = "Value"; Value = "10K"; VariantName = "[No Variations]"
Added Component: Designator=R6(RES 1206 (3216X08L))
Add component (AddParameter): Name = "Power"; Value = "1/4 W"; VariantName = "[No Variations]"
Add component (AddParameter): Name = "Tolerance"; Value = "5%"; VariantName = "[No Variations]"
Add component (AddParameter): Name = "Value"; Value = "10K"; VariantName = "[No Variations]"
Added Pin To Net: NetName=vesp Pin=C1-1
Added Pin To Net: NetName=GND Pin=C1-2
Added Pin To Net: NetName=NetD2_3 Pin=D2-3
Added Pin To Net: NetName=NetD3_3 Pin=D3-3
Added Pin To Net: NetName=faz Pin=E3-1
Added Pin To Net: NetName=faz Pin=R2-2
Added Pin To Net: NetName=faz Pin=R4-2
Added Pin To Net: NetName=NetR6_1 Pin=R6-1
Added Pin To Net: NetName=faz Pin=R6-2
Change Net Name : Old Net Name=NetD2_1 New Net Name=NetD1_1
Change Net Name : Old Net Name=NetD3_1 New Net Name=NetD2_1
Change Net Name : Old Net Name=NetD4_1 New Net Name=NetD3_1
Change Net Name : Old Net Name=NetE3_1 New Net Name=NetE4_1
Change Net Name : Old Net Name=NetR2_2 New Net Name=NetR1_2
Change Net Name : Old Net Name=NetR4_2 New Net Name=NetR3_2
Change Net Name : Old Net Name=NetR7_2 New Net Name=NetR5_2
Added Pin To Net: NetName=NetD1_3 Pin=D1-3
Added Net: Name=NetD1_3
Added Pin To Net: NetName=NetR2_1 Pin=R2-1
Added Net: Name=NetR2_1
Added Pin To Net: NetName=NetR4_1 Pin=R4-1
Added Net: Name=NetR4_1
Added Member To Class: ClassName=smart home4 Member=Component C1 =Value
Added Member To Class: ClassName=smart home4 Member=Component E4 Antenna
Added Member To Class: ClassName=smart home4 Member=Component J3 TBlock-3
Added Member To Class: ClassName=smart home4 Member=Component K1 Relay-05vDC
Added Member To Class: ClassName=smart home4 Member=Component R2 10K
Added Member To Class: ClassName=smart home4 Member=Component R4 10K
Added Member To Class: ClassName=smart home4 Member=Component R6 10K
Added Member To Class: ClassName=smart home4 Member=Component U3 K3021P
