Added Component: Designator=S1(PB-2pin)
Add component (AddParameter): Name = "Designer"; Value = "Seyed Mohsen Ghasemian"; VariantName = "[No Variations]"
Add component (AddParameter): Name = "E-mail"; Value = "picpars@gmail.com"; VariantName = "[No Variations]"
Add component (AddParameter): Name = "Publisher"; Value = "www.picpars.com"; VariantName = "[No Variations]"
Add component (AddParameter): Name = "WEB"; Value = "www.picpars.com"; VariantName = "[No Variations]"
Added Component: Designator=U2(ESP_12_E)
Add component (AddParameter): Name = "IC"; Value = "ESP8266-EX"; VariantName = "[No Variations]"
Add component (AddParameter): Name = "Vendor"; Value = "Ai-thinker"; VariantName = "[No Variations]"
Added Pin To Net: NetName=GND Pin=S1-1
Added Pin To Net: NetName=rst Pin=S1-2
Added Pin To Net: NetName=rst Pin=U2-1
Added Pin To Net: NetName=vesp Pin=U2-3
Added Pin To Net: NetName=o3 Pin=U2-4
Added Pin To Net: NetName=s1 Pin=U2-5
Added Pin To Net: NetName=s2 Pin=U2-6
Added Pin To Net: NetName=s3 Pin=U2-7
Added Pin To Net: NetName=vesp Pin=U2-8
Added Pin To Net: NetName=GND Pin=U2-15
Added Pin To Net: NetName=GND Pin=U2-16
Added Pin To Net: NetName=btn Pin=U2-18
Added Pin To Net: NetName=o1 Pin=U2-19
Added Pin To Net: NetName=o2 Pin=U2-20
Added Member To Class: ClassName=tscnew-tr Member=Component S1 PB-2pin
Added Member To Class: ClassName=tscnew-tr Member=Component U2 ESP_12_E
