Removed Pin From Net: NetName=NetD3_1 Pin=J3-2
Removed Pin From Net: NetName=NetD2_1 Pin=J3-3
Added Component: Designator=E1(PIN1)
Add component (AddParameter): Name = "LatestRevisionDate"; Value = "17-Jul-2002"; VariantName = "[No Variations]"
Add component (AddParameter): Name = "LatestRevisionNote"; Value = "Re-released for DXP Platform."; VariantName = "[No Variations]"
Add component (AddParameter): Name = "PackageReference"; Value = "PIN1"; VariantName = "[No Variations]"
Add component (AddParameter): Name = "Published"; Value = "24-Mar-1999"; VariantName = "[No Variations]"
Add component (AddParameter): Name = "Publisher"; Value = "Altium Limited"; VariantName = "[No Variations]"
Added Component: Designator=E2(PIN1)
Add component (AddParameter): Name = "LatestRevisionDate"; Value = "17-Jul-2002"; VariantName = "[No Variations]"
Add component (AddParameter): Name = "LatestRevisionNote"; Value = "Re-released for DXP Platform."; VariantName = "[No Variations]"
Add component (AddParameter): Name = "PackageReference"; Value = "PIN1"; VariantName = "[No Variations]"
Add component (AddParameter): Name = "Published"; Value = "24-Mar-1999"; VariantName = "[No Variations]"
Add component (AddParameter): Name = "Publisher"; Value = "Altium Limited"; VariantName = "[No Variations]"
Added Component: Designator=E4(PIN1)
Add component (AddParameter): Name = "LatestRevisionDate"; Value = "17-Jul-2002"; VariantName = "[No Variations]"
Add component (AddParameter): Name = "LatestRevisionNote"; Value = "Re-released for DXP Platform."; VariantName = "[No Variations]"
Add component (AddParameter): Name = "PackageReference"; Value = "PIN1"; VariantName = "[No Variations]"
Add component (AddParameter): Name = "Published"; Value = "24-Mar-1999"; VariantName = "[No Variations]"
Add component (AddParameter): Name = "Publisher"; Value = "Altium Limited"; VariantName = "[No Variations]"
Added Component: Designator=S2(PUSH BUTTON)
Added Pin To Net: NetName=GND Pin=E1-1
Added Pin To Net: NetName=vcc Pin=E2-1
Added Pin To Net: NetName=NetE4_1 Pin=E4-1
Added Pin To Net: NetName=NetD2_1 Pin=J3-2
Added Pin To Net: NetName=NetD3_1 Pin=J3-3
Added Pin To Net: NetName=btn Pin=S2-2
Added Pin To Net: NetName=GND Pin=S2-4
Added Member To Class: ClassName=tscnew-tr Member=Component E1 Antenna
Added Member To Class: ClassName=tscnew-tr Member=Component E2 Antenna
Added Member To Class: ClassName=tscnew-tr Member=Component E4 Antenna
Added Member To Class: ClassName=tscnew-tr Member=Component S1 PB-2pin
Added Member To Class: ClassName=tscnew-tr Member=Component S2 PUSH BUTTON DOUBLE
