Removed Pin From Net: NetName=VCC Pin=C2-2
Removed Pin From Net: NetName=GND Pin=C3-1
Removed Pin From Net: NetName=GND Pin=E1-1
Removed Pin From Net: NetName=GND Pin=E2-1
Removed Pin From Net: NetName=vDD Pin=E3-1
Removed Pin From Net: NetName=VCC Pin=E4-1
Removed Pin From Net: NetName=vDD Pin=P2-3
Removed Pin From Net: NetName=GND Pin=P2-4
Removed Pin From Net: NetName=VCC Pin=U2-10
Removed Pin From Net: NetName=VCC Pin=U2-16
Removed Pin From Net: NetName=VCC Pin=U3-9
Removed Member From Class: ClassName=dast Member=C3
Removed Member From Class: ClassName=dast Member=E1
Removed Member From Class: ClassName=dast Member=E2
Removed Member From Class: ClassName=dast Member=E3
Removed Member From Class: ClassName=dast Member=E4
Removed Member From Class: ClassName=dast Member=P1
Removed Member From Class: ClassName=dast Member=P2
Change Component Footprint: Designator=C2 Old Footprint=ELEC-CAP-RAD10-20 New Footprint=CAP 1206
Change Component Footprint: Designator=J1 Old Footprint=HEADER 4X1 New Footprint=HEADER 3X1
Change Component Footprint: Designator=C1 Old Footprint=RB7.6-15 New Footprint=CAP 1206
Change Component Comment : Designator=C1 Old Comment=Cap Pol1 New Comment==Value
Change Component Comment : Designator=J1 Old Comment=Header4X1 New Comment=Header3X1
Change Component Designator: OldDesignator=U2 NewDesignator=U1
Change Component Designator: OldDesignator=U3 NewDesignator=U2
Change component parameters: Designator = "C1" ("C1"); Footprint = "RB7.6-15"; UniqueID = "\FMFWVJYE" ("\FMFWVJYE")
Added Component: Designator=D1(3.2X1.6X1.1)
Add component (AddParameter): Name = "LatestRevisionDate"; Value = "17-Jul-2002"; VariantName = "[No Variations]"
Add component (AddParameter): Name = "LatestRevisionNote"; Value = "Re-released for DXP Platform."; VariantName = "[No Variations]"
Add component (AddParameter): Name = "PackageDescription"; Value = "SM LED; 2 Flat Leads"; VariantName = "[No Variations]"
Add component (AddParameter): Name = "PackageReference"; Value = "3.2X1.6X1.1"; VariantName = "[No Variations]"
Add component (AddParameter): Name = "PackageVersion"; Value = "Feb-2002"; VariantName = "[No Variations]"
Add component (AddParameter): Name = "Published"; Value = "8-Jun-2000"; VariantName = "[No Variations]"
Add component (AddParameter): Name = "Publisher"; Value = "Altium Limited"; VariantName = "[No Variations]"
Added Component: Designator=U3(8S2_N)
Add component (AddParameter): Name = "ComponentLink1Description"; Value = "Datasheet"; VariantName = "[No Variations]"
Add component (AddParameter): Name = "ComponentLink1URL"; Value = "http://www.atmel.com/dyn/resources/prod_documents/doc1187.pdf"; VariantName = "[No Variations]"
Add component (AddParameter): Name = "ComponentLink2Description"; Value = "Atmel.com Home"; VariantName = "[No Variations]"
Add component (AddParameter): Name = "ComponentLink2URL"; Value = "http://www.atmel.com"; VariantName = "[No Variations]"
Add component (AddParameter): Name = "DatasheetVersion"; Value = "1187E-AVR-06/02"; VariantName = "[No Variations]"
Add component (AddParameter): Name = "LatestRevisionDate"; Value = "16-Oct-2006"; VariantName = "[No Variations]"
Add component (AddParameter): Name = "LatestRevisionNote"; Value = "IPC-7351 Footprint Added."; VariantName = "[No Variations]"
Add component (AddParameter): Name = "PackageDescription"; Value = "8-Lead, 0.208" Body, Plastic Small Outline Package (EIAJ)"; VariantName = "[No Variations]"
Add component (AddParameter): Name = "PackageReference"; Value = "8S2"; VariantName = "[No Variations]"
Add component (AddParameter): Name = "PackageVersion"; Value = "revF, Apr-2008"; VariantName = "[No Variations]"
Add component (AddParameter): Name = "Published"; Value = "17-Sep-2003"; VariantName = "[No Variations]"
Add component (AddParameter): Name = "Publisher"; Value = "Altium Limited"; VariantName = "[No Variations]"
Add component (AddParameter): Name = "Supplier 1"; Value = "Digi-Key"; VariantName = "[No Variations]"
Add component (AddParameter): Name = "Supplier 2"; Value = "Mouser"; VariantName = "[No Variations]"
Add component (AddParameter): Name = "Supplier Part Number 1"; Value = "ATTINY15L-1SC-ND"; VariantName = "[No Variations]"
Add component (AddParameter): Name = "Supplier Part Number 2"; Value = "556-ATTINY15L1SC"; VariantName = "[No Variations]"
Add Component: Footprint Not Found MP04A_N
Added Pin To Net: NetName=GND Pin=C1-1
Added Pin To Net: NetName=vDD Pin=C1-2
Added Pin To Net: NetName=vDD Pin=C2-2
Added Pin To Net: NetName=VCC Pin=D1-1
Added Pin To Net: NetName=oo1 Pin=D1-2
Added Pin To Net: NetName=GND Pin=J1-2
Added Pin To Net: NetName=vDD Pin=J1-3
Added Pin To Net: NetName=vDD Pin=U1-10
Added Pin To Net: NetName=vDD Pin=U1-16
Added Pin To Net: NetName=vDD Pin=U2-9
Added Pin To Net: NetName=vDD Pin=U3-1
Added Pin To Net: NetName=GND Pin=U3-8
Add Pin To Net: Unknown Pin: Pin U4-1
Add Pin To Net: Unknown Pin: Pin U4-2
Add Pin To Net: Unknown Pin: Pin U4-3
Add Pin To Net: Unknown Pin: Pin U4-4
Added Pin To Net: NetName=ir-r Pin=J1-1
Added Net: Name=ir-r
Added Member To Class: ClassName=dast Member=Component D1 LED2
Add Class Member: Failed to add class member : Component U4 LM1117MP-3.3
