Removed Pin From Net: NetName=VCC Pin=D1-1
Removed Pin From Net: NetName=VCC Pin=D2-1
Removed Pin From Net: NetName=VCC Pin=D3-1
Removed Pin From Net: NetName=VCC Pin=D4-1
Removed Pin From Net: NetName=VCC Pin=D5-1
Removed Pin From Net: NetName=VCC Pin=D6-1
Removed Pin From Net: NetName=VCC Pin=D7-1
Removed Pin From Net: NetName=5v Pin=J3-1
Removed Pin From Net: NetName=GND Pin=J3-4
Removed Pin From Net: NetName=vDD Pin=J4-3
Removed Pin From Net: NetName=GND Pin=J4-4
Removed Pin From Net: NetName=rst Pin=JP1-1
Removed Pin From Net: NetName=rst Pin=JP1-2
Removed Pin From Net: NetName=VCC Pin=JP3-1
Removed Pin From Net: NetName=VCC Pin=JP3-2
Removed Pin From Net: NetName=vDD Pin=JP4-1
Removed Pin From Net: NetName=vDD Pin=JP4-2
Removed Pin From Net: NetName=GND Pin=JP5-1
Removed Pin From Net: NetName=GND Pin=JP5-2
Removed Pin From Net: NetName=VCC Pin=JP6-1
Removed Pin From Net: NetName=VCC Pin=JP6-2
Removed Pin From Net: NetName=vDD Pin=JP7-1
Removed Pin From Net: NetName=vDD Pin=JP7-2
Removed Pin From Net: NetName=5v Pin=JP8-1
Removed Pin From Net: NetName=5v Pin=JP8-2
Removed Pin From Net: NetName=GND Pin=JP9-1
Removed Pin From Net: NetName=GND Pin=JP9-2
Removed Pin From Net: NetName=oo6 Pin=K1-4
Removed Pin From Net: NetName=VCC Pin=K1-5
Removed Pin From Net: NetName=oo5 Pin=K2-4
Removed Pin From Net: NetName=VCC Pin=K2-5
Removed Pin From Net: NetName=oo4 Pin=K3-4
Removed Pin From Net: NetName=VCC Pin=K3-5
Removed Pin From Net: NetName=oo7 Pin=K4-4
Removed Pin From Net: NetName=VCC Pin=K4-5
Removed Pin From Net: NetName=oo1 Pin=K5-4
Removed Pin From Net: NetName=VCC Pin=K5-5
Removed Pin From Net: NetName=oo2 Pin=K6-4
Removed Pin From Net: NetName=VCC Pin=K6-5
Removed Pin From Net: NetName=oo3 Pin=K7-4
Removed Pin From Net: NetName=VCC Pin=K7-5
Removed Pin From Net: NetName=oo6 Pin=R1-2
Removed Pin From Net: NetName=oo5 Pin=R2-2
Removed Pin From Net: NetName=oo4 Pin=R3-2
Removed Pin From Net: NetName=oo7 Pin=R4-2
Removed Pin From Net: NetName=oo1 Pin=R5-2
Removed Pin From Net: NetName=oo2 Pin=R6-2
Removed Pin From Net: NetName=oo3 Pin=R7-2
Removed Pin From Net: NetName=rst Pin=S1-1
Removed Pin From Net: NetName=GND Pin=S1-2
Removed Pin From Net: NetName=GND Pin=S1-4
Removed Pin From Net: NetName=GND Pin=T8-7
Removed Member From Class: ClassName=dast Member=D1
Removed Member From Class: ClassName=dast Member=D2
Removed Member From Class: ClassName=dast Member=D3
Removed Member From Class: ClassName=dast Member=D4
Removed Member From Class: ClassName=dast Member=D5
Removed Member From Class: ClassName=dast Member=D6
Removed Member From Class: ClassName=dast Member=D7
Removed Member From Class: ClassName=dast Member=J3
Removed Member From Class: ClassName=dast Member=J4
Removed Member From Class: ClassName=dast Member=JP1
Removed Member From Class: ClassName=dast Member=JP2
Removed Member From Class: ClassName=dast Member=JP3
Removed Member From Class: ClassName=dast Member=JP4
Removed Member From Class: ClassName=dast Member=JP5
Removed Member From Class: ClassName=dast Member=JP6
Removed Member From Class: ClassName=dast Member=JP7
Removed Member From Class: ClassName=dast Member=JP8
Removed Member From Class: ClassName=dast Member=JP9
Removed Member From Class: ClassName=dast Member=K1
Removed Member From Class: ClassName=dast Member=K2
Removed Member From Class: ClassName=dast Member=K3
Removed Member From Class: ClassName=dast Member=K4
Removed Member From Class: ClassName=dast Member=K5
Removed Member From Class: ClassName=dast Member=K6
Removed Member From Class: ClassName=dast Member=K7
Removed Member From Class: ClassName=dast Member=R1
Removed Member From Class: ClassName=dast Member=R2
Removed Member From Class: ClassName=dast Member=R3
Removed Member From Class: ClassName=dast Member=R4
Removed Member From Class: ClassName=dast Member=R5
Removed Member From Class: ClassName=dast Member=R6
Removed Member From Class: ClassName=dast Member=R7
Removed Member From Class: ClassName=dast Member=S1
Removed Member From Class: ClassName=dast Member=T1
Removed Member From Class: ClassName=dast Member=T2
Removed Member From Class: ClassName=dast Member=T3
Removed Member From Class: ClassName=dast Member=T4
Removed Member From Class: ClassName=dast Member=T5
Removed Member From Class: ClassName=dast Member=T6
Removed Member From Class: ClassName=dast Member=T7
Removed Member From Class: ClassName=dast Member=T8
Add Component: Footprint Not Found TO220ABN
Add Pin To Net: Unknown Pin: Pin U4-1
Add Pin To Net: Unknown Pin: Pin U4-2
Add Pin To Net: Unknown Pin: Pin U4-3
Add Class Member: Failed to add class member : Component U4 L7805ABV
