Change Component Designator: OldDesignator=J1 NewDesignator=IR-rec1
Change Component Designator: OldDesignator=J2 NewDesignator=J1
Added Component: Designator=bizer1(Header 2X1)
Added Component: Designator=Q1(SOT-23B_L)
Add component (AddParameter): Name = "LatestRevisionDate"; Value = "29-May-2009"; VariantName = "[No Variations]"
Add component (AddParameter): Name = "LatestRevisionNote"; Value = "IPC-7351 Footprint Added."; VariantName = "[No Variations]"
Add component (AddParameter): Name = "PackageDescription"; Value = "3-Pin SOT-23 Package 0.95 mm Pitch, 2.4 mm Lead Span"; VariantName = "[No Variations]"
Add component (AddParameter): Name = "PackageReference"; Value = "SOT-23B"; VariantName = "[No Variations]"
Add component (AddParameter): Name = "PackageVersion"; Value = "Aug-1999"; VariantName = "[No Variations]"
Add component (AddParameter): Name = "Published"; Value = "8-Jun-2000"; VariantName = "[No Variations]"
Add component (AddParameter): Name = "Publisher"; Value = "Altium Limited"; VariantName = "[No Variations]"
Added Component: Designator=R1(RES 1206 (3216X08L))
Add component (AddParameter): Name = "Power"; Value = "1/4 W"; VariantName = "[No Variations]"
Add component (AddParameter): Name = "Tolerance"; Value = "5%"; VariantName = "[No Variations]"
Add component (AddParameter): Name = "Value"; Value = "10K"; VariantName = "[No Variations]"
Added Pin To Net: NetName=VCC Pin=bizer1-1
Added Pin To Net: NetName=GND Pin=Q1-2
Added Pin To Net: NetName=bizer Pin=R1-1
Added Pin To Net: NetName=bizer Pin=U1-15
Added Net: Name=bizer
Added Pin To Net: NetName=Netbizer1_2 Pin=bizer1-2
Added Pin To Net: NetName=Netbizer1_2 Pin=Q1-3
Added Net: Name=Netbizer1_2
Added Pin To Net: NetName=NetQ1_2 Pin=R1-2
Added Pin To Net: NetName=NetQ1_2 Pin=Q1-1
Added Net: Name=NetQ1_2
Added Member To Class: ClassName=dast Member=Component bizer1 Header2X1
Added Member To Class: ClassName=dast Member=Component Q1 QNPN
Added Member To Class: ClassName=dast Member=Component R1 10K
