Removed Pin From Net: NetName=L2 Pin=J3-2
Removed Pin From Net: NetName=L1 Pin=J3-3
Removed Pin From Net: NetName=Lw Pin=J3-4
Removed Pin From Net: NetName=L2 Pin=J5-2
Removed Pin From Net: NetName=L1 Pin=J5-3
Removed Pin From Net: NetName=Lw Pin=J5-4
Change Component Footprint: Designator=J3 Old Footprint=HEADER 4X1 New Footprint=HEADER 5X1
Change Component Footprint: Designator=J5 Old Footprint=HEADER 4X1 New Footprint=HEADER 5X1
Change Component Comment : Designator=J3 Old Comment=Header4X1 New Comment=Header5X1
Change Component Comment : Designator=J5 Old Comment=Header4X1 New Comment=Header5X1
Added Pin To Net: NetName=L2 Pin=J3-3
Added Pin To Net: NetName=L1 Pin=J3-4
Added Pin To Net: NetName=Lw Pin=J3-5
Added Pin To Net: NetName=L2 Pin=J5-3
Added Pin To Net: NetName=L1 Pin=J5-4
Added Pin To Net: NetName=Lw Pin=J5-5
Added Pin To Net: NetName=L3 Pin=J3-2
Added Pin To Net: NetName=L3 Pin=J5-2
Added Net: Name=L3
Added Member To Class: ClassName=touch-24-v2 Member=Component C3 =Value
Added Member To Class: ClassName=touch-24-v2 Member=Component JP1 Jumper
