Added Component: Designator=C1(ELEC-CAP-RAD10-20)
Added Component: Designator=C2(ELEC-CAP-RAD10-20)
Added Component: Designator=C3(ELEC-CAP-RAD10-20)
Added Component: Designator=C4(ELEC-CAP-RAD10-20)
Added Component: Designator=E1(PIN1)
Add component (AddParameter): Name = "LatestRevisionDate"; Value = "17-Jul-2002"; VariantName = "[No Variations]"
Add component (AddParameter): Name = "LatestRevisionNote"; Value = "Re-released for DXP Platform."; VariantName = "[No Variations]"
Add component (AddParameter): Name = "PackageReference"; Value = "PIN1"; VariantName = "[No Variations]"
Add component (AddParameter): Name = "Published"; Value = "24-Mar-1999"; VariantName = "[No Variations]"
Add component (AddParameter): Name = "Publisher"; Value = "Altium Limited"; VariantName = "[No Variations]"
Added Component: Designator=E2(PIN1)
Add component (AddParameter): Name = "LatestRevisionDate"; Value = "17-Jul-2002"; VariantName = "[No Variations]"
Add component (AddParameter): Name = "LatestRevisionNote"; Value = "Re-released for DXP Platform."; VariantName = "[No Variations]"
Add component (AddParameter): Name = "PackageReference"; Value = "PIN1"; VariantName = "[No Variations]"
Add component (AddParameter): Name = "Published"; Value = "24-Mar-1999"; VariantName = "[No Variations]"
Add component (AddParameter): Name = "Publisher"; Value = "Altium Limited"; VariantName = "[No Variations]"
Added Component: Designator=E3(PIN1)
Add component (AddParameter): Name = "LatestRevisionDate"; Value = "17-Jul-2002"; VariantName = "[No Variations]"
Add component (AddParameter): Name = "LatestRevisionNote"; Value = "Re-released for DXP Platform."; VariantName = "[No Variations]"
Add component (AddParameter): Name = "PackageReference"; Value = "PIN1"; VariantName = "[No Variations]"
Add component (AddParameter): Name = "Published"; Value = "24-Mar-1999"; VariantName = "[No Variations]"
Add component (AddParameter): Name = "Publisher"; Value = "Altium Limited"; VariantName = "[No Variations]"
Added Component: Designator=E4(PIN1)
Add component (AddParameter): Name = "LatestRevisionDate"; Value = "17-Jul-2002"; VariantName = "[No Variations]"
Add component (AddParameter): Name = "LatestRevisionNote"; Value = "Re-released for DXP Platform."; VariantName = "[No Variations]"
Add component (AddParameter): Name = "PackageReference"; Value = "PIN1"; VariantName = "[No Variations]"
Add component (AddParameter): Name = "Published"; Value = "24-Mar-1999"; VariantName = "[No Variations]"
Add component (AddParameter): Name = "Publisher"; Value = "Altium Limited"; VariantName = "[No Variations]"
Added Component: Designator=J1(KLD-0202)
Add component (AddParameter): Name = "ComponentLink1Description"; Value = "Manufacturer Link"; VariantName = "[No Variations]"
Add component (AddParameter): Name = "ComponentLink1URL"; Value = "http://domino.kycon.com/internet/Products.html"; VariantName = "[No Variations]"
Add component (AddParameter): Name = "DatasheetDocument"; Value = "09-May-2002"; VariantName = "[No Variations]"
Add component (AddParameter): Name = "Published"; Value = "17-Dec-2003"; VariantName = "[No Variations]"
Add component (AddParameter): Name = "Publisher"; Value = "Altium Limited"; VariantName = "[No Variations]"
Added Component: Designator=J2(HEADER 4X1)
Added Component: Designator=J3(HEADER 4X1)
Added Component: Designator=JP1(Header 2X1)
Added Component: Designator=JP2(Header 2X1)
Added Component: Designator=JP3(Header 2X1)
Added Component: Designator=JP4(Header 2X1)
Added Component: Designator=JP5(Header 2X1)
Added Component: Designator=JP6(Header 2X1)
Added Component: Designator=JP7(Header 2X1)
Added Component: Designator=JP8(Header 2X1)
Added Component: Designator=JP9(Header 2X1)
Added Component: Designator=P1(HDR1X4)
Add component (AddParameter): Name = "LatestRevisionDate"; Value = "17-Jul-2002"; VariantName = "[No Variations]"
Add component (AddParameter): Name = "LatestRevisionNote"; Value = "Re-released for DXP Platform."; VariantName = "[No Variations]"
Add component (AddParameter): Name = "Publisher"; Value = "Altium Limited"; VariantName = "[No Variations]"
Added Component: Designator=S1(PUSH BUTTON)
Added Component: Designator=Y1(R38)
Add component (AddParameter): Name = "LatestRevisionDate"; Value = "17-Jul-2002"; VariantName = "[No Variations]"
Add component (AddParameter): Name = "LatestRevisionNote"; Value = "Re-released for DXP Platform."; VariantName = "[No Variations]"
Add component (AddParameter): Name = "PackageDescription"; Value = "Crystal, Thru-Hole; 2 Leads; Body 3.1 x 8.2 mm (Dia.xH)"; VariantName = "[No Variations]"
Add component (AddParameter): Name = "PackageReference"; Value = "R38"; VariantName = "[No Variations]"
Add component (AddParameter): Name = "Published"; Value = "8-Jun-2000"; VariantName = "[No Variations]"
Add component (AddParameter): Name = "Publisher"; Value = "Altium Limited"; VariantName = "[No Variations]"
Added Pin To Net: NetName=GND Pin=C1-1
Added Pin To Net: NetName=NetC1_2 Pin=C1-2
Added Pin To Net: NetName=GND Pin=C2-1
Added Pin To Net: NetName=NetC2_2 Pin=C2-2
Added Pin To Net: NetName=GND Pin=C3-1
Added Pin To Net: NetName=VCC Pin=C3-2
Added Pin To Net: NetName=GND Pin=C4-1
Added Pin To Net: NetName=5v Pin=C4-2
Added Pin To Net: NetName=GND Pin=E1-1
Added Pin To Net: NetName=GND Pin=E2-1
Added Pin To Net: NetName=vDD Pin=E3-1
Added Pin To Net: NetName=VCC Pin=E4-1
Added Pin To Net: NetName=VCC Pin=J1-1A
Added Pin To Net: NetName=VCC Pin=J1-1B
Added Pin To Net: NetName=VCC Pin=J1-1
Added Pin To Net: NetName=GND Pin=J1-2A
Added Pin To Net: NetName=GND Pin=J1-2B
Added Pin To Net: NetName=GND Pin=J1-2
Added Pin To Net: NetName=GND Pin=J1-3A
Added Pin To Net: NetName=GND Pin=J1-3B
Added Pin To Net: NetName=GND Pin=J1-3
Added Pin To Net: NetName=5v Pin=J2-1
Added Pin To Net: NetName=btn Pin=J2-2
Added Pin To Net: NetName=GND Pin=J2-4
Added Pin To Net: NetName=rx Pin=J3-1
Added Pin To Net: NetName=tx Pin=J3-2
Added Pin To Net: NetName=vDD Pin=J3-3
Added Pin To Net: NetName=GND Pin=J3-4
Added Pin To Net: NetName=rst Pin=JP1-1
Added Pin To Net: NetName=rst Pin=JP1-2
Added Pin To Net: NetName=btn Pin=JP2-1
Added Pin To Net: NetName=btn Pin=JP2-2
Added Pin To Net: NetName=VCC Pin=JP3-1
Added Pin To Net: NetName=VCC Pin=JP3-2
Added Pin To Net: NetName=vDD Pin=JP4-1
Added Pin To Net: NetName=vDD Pin=JP4-2
Added Pin To Net: NetName=GND Pin=JP5-1
Added Pin To Net: NetName=GND Pin=JP5-2
Added Pin To Net: NetName=VCC Pin=JP6-1
Added Pin To Net: NetName=VCC Pin=JP6-2
Added Pin To Net: NetName=vDD Pin=JP7-1
Added Pin To Net: NetName=vDD Pin=JP7-2
Added Pin To Net: NetName=5v Pin=JP8-1
Added Pin To Net: NetName=5v Pin=JP8-2
Added Pin To Net: NetName=GND Pin=JP9-1
Added Pin To Net: NetName=GND Pin=JP9-2
Added Pin To Net: NetName=rst Pin=P1-4
Added Pin To Net: NetName=rst Pin=S1-1
Added Pin To Net: NetName=GND Pin=S1-2
Added Pin To Net: NetName=btn Pin=S1-3
Added Pin To Net: NetName=GND Pin=S1-4
Added Pin To Net: NetName=NetC2_2 Pin=Y1-1
Added Pin To Net: NetName=NetC1_2 Pin=Y1-2
Added Member To Class: ClassName=buso Member=Component C1 =Value
Added Member To Class: ClassName=buso Member=Component C2 =Value
Added Member To Class: ClassName=buso Member=Component C3 =Value
Added Member To Class: ClassName=buso Member=Component C4 =Value
Added Member To Class: ClassName=buso Member=Component E1 Antenna
Added Member To Class: ClassName=buso Member=Component E2 Antenna
Added Member To Class: ClassName=buso Member=Component E3 Antenna
Added Member To Class: ClassName=buso Member=Component E4 Antenna
Added Member To Class: ClassName=buso Member=Component J1 PWR2.5
Added Member To Class: ClassName=buso Member=Component J2 Header4X1
Added Member To Class: ClassName=buso Member=Component J3 Header4X1
Added Member To Class: ClassName=buso Member=Component JP1 Jumper
Added Member To Class: ClassName=buso Member=Component JP2 Jumper
Added Member To Class: ClassName=buso Member=Component JP3 Jumper
Added Member To Class: ClassName=buso Member=Component JP4 Jumper
Added Member To Class: ClassName=buso Member=Component JP5 Jumper
Added Member To Class: ClassName=buso Member=Component JP6 Jumper
Added Member To Class: ClassName=buso Member=Component JP7 Jumper
Added Member To Class: ClassName=buso Member=Component JP8 Jumper
Added Member To Class: ClassName=buso Member=Component JP9 Jumper
Added Member To Class: ClassName=buso Member=Component P1 Header 4
Added Member To Class: ClassName=buso Member=Component P2 Header 2
Added Member To Class: ClassName=buso Member=Component R2 Res2
Added Member To Class: ClassName=buso Member=Component R8 Res2
Added Member To Class: ClassName=buso Member=Component S1 PUSH BUTTON DOUBLE
Added Member To Class: ClassName=buso Member=Component T7 Phoenix terminal
Added Member To Class: ClassName=buso Member=Component T8 Terminal
Added Member To Class: ClassName=buso Member=Component U1 ATmega16-16AC
Added Member To Class: ClassName=buso Member=Component Y1 XTAL
