Change Net Name : Old Net Name=NetK4_4 New Net Name=oo4
Added Pin To Net: NetName=oo1 Pin=K7-4
Added Pin To Net: NetName=oo1 Pin=R8-2
Added Pin To Net: NetName=oo1 Pin=U2-16
Added Net: Name=oo1
Added Pin To Net: NetName=oo2 Pin=K6-4
Added Pin To Net: NetName=oo2 Pin=R7-2
Added Pin To Net: NetName=oo2 Pin=U2-15
Added Net: Name=oo2
Added Pin To Net: NetName=oo3 Pin=K5-4
Added Pin To Net: NetName=oo3 Pin=R6-2
Added Pin To Net: NetName=oo3 Pin=U2-14
Added Net: Name=oo3
Added Pin To Net: NetName=oo5 Pin=K3-4
Added Pin To Net: NetName=oo5 Pin=R3-2
Added Pin To Net: NetName=oo5 Pin=U2-12
Added Net: Name=oo5
Added Pin To Net: NetName=oo6 Pin=K2-4
Added Pin To Net: NetName=oo6 Pin=R2-2
Added Pin To Net: NetName=oo6 Pin=U2-11
Added Net: Name=oo6
Added Pin To Net: NetName=oo7 Pin=K1-4
Added Pin To Net: NetName=oo7 Pin=R1-2
Added Pin To Net: NetName=oo7 Pin=U2-10
Added Net: Name=oo7
