Change Component Designator: Old Designator=C2 New Designator=C1
Change Component Designator: Old Designator=C3 New Designator=C2
Change Component Designator: Old Designator=C4 New Designator=C3
Change Component Designator: Old Designator=C5 New Designator=C4
Change Component Designator: Old Designator=D3 New Designator=D5
Change Component Designator: Old Designator=D7 New Designator=D1
Change Component Designator: Old Designator=D10 New Designator=D6
Change Component Designator: Old Designator=D12 New Designator=D2
Change Component Designator: Old Designator=D14 New Designator=D7
Change Component Designator: Old Designator=D16 New Designator=D3
Change Component Designator: Old Designator=D20 New Designator=D4
Change Component Designator: Old Designator=K1 New Designator=K5
Change Component Designator: Old Designator=K3 New Designator=K1
Change Component Designator: Old Designator=K5 New Designator=K6
Change Component Designator: Old Designator=K6 New Designator=K2
Change Component Designator: Old Designator=K8 New Designator=K3
Change Component Designator: Old Designator=K10 New Designator=K4
Change Component Designator: Old Designator=P? New Designator=P2
Change Component Designator: Old Designator=R1 New Designator=R7
Change Component Designator: Old Designator=R3 New Designator=R1
Change Component Designator: Old Designator=R9 New Designator=R8
Change Component Designator: Old Designator=R10 New Designator=R3
Change Component Designator: Old Designator=R13 New Designator=R2
Change Component Designator: Old Designator=R14 New Designator=R9
Change Component Designator: Old Designator=R15 New Designator=R4
Change Component Designator: Old Designator=R19 New Designator=R5
Change Component Designator: Old Designator=R? New Designator=R6
Change Component Designator: Old Designator=T1 New Designator=T5
Change Component Designator: Old Designator=T3 New Designator=T1
Change Component Designator: Old Designator=T5 New Designator=T6
Change Component Designator: Old Designator=T6 New Designator=T2
Change Component Designator: Old Designator=T7 New Designator=T10
Change Component Designator: Old Designator=T8 New Designator=T3
Change Component Designator: Old Designator=T9 New Designator=T7
Change Component Designator: Old Designator=T10 New Designator=T9
Change Component Designator: Old Designator=T12 New Designator=T4
Change Component Designator: Old Designator=T13 New Designator=T11
Change Component Designator: Old Designator=T14 New Designator=T12
Change Component Designator: Old Designator=T? New Designator=T8
Change Component Designator: Old Designator=U6 New Designator=U1
Change Component Designator: Old Designator=U12 New Designator=U4
Change Component Designator: Old Designator=U? New Designator=U2
Change Component Designator: Old Designator=U? New Designator=U3
