Removed Pin From Net: NetName=vDD Pin=R13-2
Removed Member From Class: ClassName=buso Member=D16
Removed Member From Class: ClassName=buso Member=K8
Removed Member From Class: ClassName=buso Member=R10
Change Component Designator: OldDesignator=C2 NewDesignator=C1
Change Component Designator: OldDesignator=C3 NewDesignator=C2
Change Component Designator: OldDesignator=C4 NewDesignator=C3
Change Component Designator: OldDesignator=C5 NewDesignator=C4
Change Component Designator: OldDesignator=D3 NewDesignator=D5
Change Component Designator: OldDesignator=D7 NewDesignator=D1
Change Component Designator: OldDesignator=D10 NewDesignator=D6
Change Component Designator: OldDesignator=D12 NewDesignator=D2
Change Component Designator: OldDesignator=D14 NewDesignator=D7
Change Component Designator: OldDesignator=D16 NewDesignator=D3
Change Component Designator: OldDesignator=D20 NewDesignator=D4
Change Component Designator: OldDesignator=K1 NewDesignator=K5
Change Component Designator: OldDesignator=K3 NewDesignator=K1
Change Component Designator: OldDesignator=K5 NewDesignator=K6
Change Component Designator: OldDesignator=K6 NewDesignator=K2
Change Component Designator: OldDesignator=K8 NewDesignator=K3
Change Component Designator: OldDesignator=K10 NewDesignator=K4
Change Component Designator: OldDesignator=R1 NewDesignator=R7
Change Component Designator: OldDesignator=R3 NewDesignator=R1
Change Component Designator: OldDesignator=R9 NewDesignator=R8
Change Component Designator: OldDesignator=R10 NewDesignator=R3
Change Component Designator: OldDesignator=R13 NewDesignator=R2
Change Component Designator: OldDesignator=R14 NewDesignator=R9
Change Component Designator: OldDesignator=R15 NewDesignator=R4
Change Component Designator: OldDesignator=R19 NewDesignator=R5
Change Component Designator: OldDesignator=T1 NewDesignator=T5
Change Component Designator: OldDesignator=T3 NewDesignator=T1
Change Component Designator: OldDesignator=T5 NewDesignator=T6
Change Component Designator: OldDesignator=T6 NewDesignator=T2
Change Component Designator: OldDesignator=T7 NewDesignator=T10
Change Component Designator: OldDesignator=T8 NewDesignator=T3
Change Component Designator: OldDesignator=T9 NewDesignator=T7
Change Component Designator: OldDesignator=T10 NewDesignator=T9
Change Component Designator: OldDesignator=T12 NewDesignator=T4
Change Component Designator: OldDesignator=T13 NewDesignator=T11
Change Component Designator: OldDesignator=T14 NewDesignator=T12
Change Component Designator: OldDesignator=U6 NewDesignator=U1
Change Component Designator: OldDesignator=U12 NewDesignator=U4
Change Component Designator: OldDesignator=U? NewDesignator=U2
Change Component Designator: OldDesignator=U? NewDesignator=U3
Added Component: Designator=P2(HDR1X2)
Add component (AddParameter): Name = "LatestRevisionDate"; Value = "17-Jul-2002"; VariantName = "[No Variations]"
Add component (AddParameter): Name = "LatestRevisionNote"; Value = "Re-released for DXP Platform."; VariantName = "[No Variations]"
Add component (AddParameter): Name = "Publisher"; Value = "Altium Limited"; VariantName = "[No Variations]"
Added Component: Designator=R6(RES 1206 (3216X08L))
Add component (AddParameter): Name = "Power"; Value = "1/4 W"; VariantName = "[No Variations]"
Add component (AddParameter): Name = "Tolerance"; Value = "5%"; VariantName = "[No Variations]"
Add component (AddParameter): Name = "Value"; Value = "10K"; VariantName = "[No Variations]"
Added Component: Designator=T8(phoenix terminal 7)
Add component (AddParameter): Name = "ComponentLinkURL"; Value = "www.picpars.com"; VariantName = "[No Variations]"
Add component (AddParameter): Name = "Designer"; Value = "Seyed Mohsen Ghasemain"; VariantName = "[No Variations]"
Add component (AddParameter): Name = "E-mail"; Value = "picpars@gmail.com"; VariantName = "[No Variations]"
Added Pin To Net: NetName=vDD Pin=R6-1
Added Pin To Net: NetName=i1 Pin=T8-1
Added Pin To Net: NetName=i2 Pin=T8-2
Added Pin To Net: NetName=i3 Pin=T8-3
Added Pin To Net: NetName=i4 Pin=T8-4
Added Pin To Net: NetName=i5 Pin=T8-5
Added Pin To Net: NetName=i6 Pin=T8-6
Added Pin To Net: NetName=GND Pin=T8-7
Added Pin To Net: NetName=o7 Pin=U2-12
Added Pin To Net: NetName=o6 Pin=U2-13
Added Pin To Net: NetName=o5 Pin=U2-14
Added Pin To Net: NetName=o4 Pin=U2-15
Added Pin To Net: NetName=O3 Pin=U2-16
Added Pin To Net: NetName=O2 Pin=U2-21
Added Pin To Net: NetName=O1 Pin=U2-22
Added Pin To Net: NetName=O1 Pin=U3-1
Added Pin To Net: NetName=O2 Pin=U3-2
Added Pin To Net: NetName=O3 Pin=U3-3
Added Pin To Net: NetName=o4 Pin=U3-4
Added Pin To Net: NetName=o5 Pin=U3-5
Added Pin To Net: NetName=o6 Pin=U3-6
Added Pin To Net: NetName=o7 Pin=U3-7
Change Net Name : Old Net Name=NetC2_2 New Net Name=NetC1_2
Change Net Name : Old Net Name=NetC3_2 New Net Name=NetC2_2
Change Net Name : Old Net Name=NetD3_2 New Net Name=NetD5_2
Change Net Name : Old Net Name=NetD7_2 New Net Name=NetD1_2
Change Net Name : Old Net Name=NetD10_2 New Net Name=NetD6_2
Change Net Name : Old Net Name=NetD12_2 New Net Name=NetD2_2
Change Net Name : Old Net Name=NetD14_2 New Net Name=NetD7_2
Change Net Name : Old Net Name=NetD16_2 New Net Name=NetD3_2
Change Net Name : Old Net Name=NetD20_2 New Net Name=NetD4_2
Change Net Name : Old Net Name=NetK1_1 New Net Name=NetK5_1
Change Net Name : Old Net Name=NetK1_2 New Net Name=NetK5_2
Change Net Name : Old Net Name=NetK1_3 New Net Name=NetK5_3
Change Net Name : Old Net Name=NetK1_4 New Net Name=NetK5_4
Change Net Name : Old Net Name=NetK3_1 New Net Name=NetK1_1
Change Net Name : Old Net Name=NetK3_2 New Net Name=NetK1_2
Change Net Name : Old Net Name=NetK3_3 New Net Name=NetK1_3
Change Net Name : Old Net Name=NetK3_4 New Net Name=NetK1_4
Change Net Name : Old Net Name=NetK5_1 New Net Name=NetK6_1
Change Net Name : Old Net Name=NetK5_2 New Net Name=NetK6_2
Change Net Name : Old Net Name=NetK5_3 New Net Name=NetK6_3
Change Net Name : Old Net Name=NetK5_4 New Net Name=NetK6_4
Change Net Name : Old Net Name=NetK6_1 New Net Name=NetK2_1
Change Net Name : Old Net Name=NetK6_2 New Net Name=NetK2_2
Change Net Name : Old Net Name=NetK6_3 New Net Name=NetK2_3
Change Net Name : Old Net Name=NetK6_4 New Net Name=NetK2_4
Change Net Name : Old Net Name=NetK8_1 New Net Name=NetK3_1
Change Net Name : Old Net Name=NetK8_2 New Net Name=NetK3_2
Change Net Name : Old Net Name=NetK8_3 New Net Name=NetK3_3
Change Net Name : Old Net Name=NetK8_4 New Net Name=NetK3_4
Change Net Name : Old Net Name=NetK10_1 New Net Name=NetK4_1
Change Net Name : Old Net Name=NetK10_2 New Net Name=NetK4_2
Change Net Name : Old Net Name=NetK10_3 New Net Name=NetK4_3
Change Net Name : Old Net Name=NetK10_4 New Net Name=NetK4_4
Added Pin To Net: NetName=NetP2_1 Pin=P2-1
Added Pin To Net: NetName=NetP2_1 Pin=U2-19
Added Net: Name=NetP2_1
Added Pin To Net: NetName=NetP2_2 Pin=P2-2
Added Pin To Net: NetName=NetP2_2 Pin=U2-20
Added Net: Name=NetP2_2
Added Pin To Net: NetName=NetR6_2 Pin=R6-2
Added Pin To Net: NetName=NetR6_2 Pin=U2-4
Added Net: Name=NetR6_2
Added Pin To Net: NetName=vesp Pin=R2-2
Added Net: Name=vesp
Added Member To Class: ClassName=buso Member=Component D5 LED 3mm
Added Member To Class: ClassName=buso Member=Component K6 Relay-12vDC
Added Member To Class: ClassName=buso Member=Component P2 Header 2
Added Member To Class: ClassName=buso Member=Component R6 10K
Added Member To Class: ClassName=buso Member=Component R7 Res2
Added Member To Class: ClassName=buso Member=Component T6 Terminal
Added Member To Class: ClassName=buso Member=Component U3 ULN2003ADRG4
