Removed Pin From Net: NetName=GND Pin=J2-1
Removed Pin From Net: NetName=5v Pin=J2-2
Removed Pin From Net: NetName=rst Pin=R2-1
Removed Pin From Net: NetName=i3 Pin=T7-1
Removed Pin From Net: NetName=i2 Pin=T7-2
Removed Pin From Net: NetName=i1 Pin=T7-3
Removed Pin From Net: NetName=i6 Pin=T7-4
Removed Pin From Net: NetName=i5 Pin=T9-2
Removed Pin From Net: NetName=i4 Pin=T9-3
Removed Pin From Net: NetName=O1 Pin=U1-2
Removed Pin From Net: NetName=vDD Pin=U1-4
Removed Pin From Net: NetName=GND Pin=U1-5
Removed Pin From Net: NetName=O2 Pin=U1-9
Removed Pin From Net: NetName=O3 Pin=U1-10
Removed Pin From Net: NetName=o4 Pin=U1-11
Removed Pin From Net: NetName=o5 Pin=U1-12
Removed Pin From Net: NetName=o6 Pin=U1-13
Removed Pin From Net: NetName=o7 Pin=U1-14
Removed Pin From Net: NetName=vDD Pin=U1-18
Removed Pin From Net: NetName=GND Pin=U1-21
Removed Pin From Net: NetName=i6 Pin=U1-23
Removed Pin From Net: NetName=i1 Pin=U1-24
Removed Pin From Net: NetName=i2 Pin=U1-25
Removed Pin From Net: NetName=i3 Pin=U1-26
Removed Pin From Net: NetName=i4 Pin=U1-27
Removed Pin From Net: NetName=i5 Pin=U1-28
Removed Pin From Net: NetName=rst Pin=U1-29
Removed Pin From Net: NetName=rx Pin=U1-31
Removed Member From Class: ClassName=buso Member=J4
Removed Member From Class: ClassName=buso Member=JP10
Removed Member From Class: ClassName=buso Member=JP11
Removed Member From Class: ClassName=buso Member=JP12
Removed Member From Class: ClassName=buso Member=T9
Removed Member From Class: ClassName=buso Member=T11
Removed Member From Class: ClassName=buso Member=T12
Removed Member From Class: ClassName=buso Member=U4
Change Component Designator: OldDesignator=J3 NewDesignator=J2
Change Component Designator: OldDesignator=J4 NewDesignator=J3
Change Component Designator: OldDesignator=JP10 NewDesignator=JP8
Change Component Designator: OldDesignator=JP11 NewDesignator=JP9
Change Component Designator: OldDesignator=P2 NewDesignator=P3
Change Component Designator: OldDesignator=R3 NewDesignator=R2
Change Component Designator: OldDesignator=R4 NewDesignator=R3
Change Component Designator: OldDesignator=R5 NewDesignator=R4
Change Component Designator: OldDesignator=R6 NewDesignator=R5
Change Component Designator: OldDesignator=R7 NewDesignator=R6
Change Component Designator: OldDesignator=R8 NewDesignator=R7
Change Component Designator: OldDesignator=R9 NewDesignator=R8
Change Component Designator: OldDesignator=T8 NewDesignator=T7
Change Component Designator: OldDesignator=T10 NewDesignator=T8
Change Component Designator: OldDesignator=U2 NewDesignator=U1
Change Component Designator: OldDesignator=U3 NewDesignator=U2
Change Component Designator: OldDesignator=U4 NewDesignator=U3
Added Component: Designator=P2(HDR1X2)
Add component (AddParameter): Name = "LatestRevisionDate"; Value = "17-Jul-2002"; VariantName = "[No Variations]"
Add component (AddParameter): Name = "LatestRevisionNote"; Value = "Re-released for DXP Platform."; VariantName = "[No Variations]"
Add component (AddParameter): Name = "Publisher"; Value = "Altium Limited"; VariantName = "[No Variations]"
Added Pin To Net: NetName=vDD Pin=P2-1
Added Pin To Net: NetName=GND Pin=P2-2
Added Pin To Net: NetName=rst Pin=R5-2
Added Pin To Net: NetName=rst Pin=U1-4
Added Pin To Net: NetName=rx Pin=U1-9
Added Pin To Net: NetName=VCC Pin=U2-8
Added Pin To Net: NetName=GND Pin=U2-9
Change Net Name : Old Net Name=NetP2_1 New Net Name=NetP3_1
Change Net Name : Old Net Name=NetP2_2 New Net Name=NetP3_2
Added Pin To Net: NetName=tx Pin=J3-2
Added Pin To Net: NetName=tx Pin=U1-10
Added Net: Name=tx
Added Member To Class: ClassName=buso Member=Component C3 =Value
Added Member To Class: ClassName=buso Member=Component D3 LED 3mm
Added Member To Class: ClassName=buso Member=Component K3 Relay-12vDC
Added Member To Class: ClassName=buso Member=Component K5 Relay-12vDC
Added Member To Class: ClassName=buso Member=Component K6 Relay-12vDC
Added Member To Class: ClassName=buso Member=Component P3 Header 2
Added Member To Class: ClassName=buso Member=Component R1 Res2
Added Member To Class: ClassName=buso Member=Component R8 Res2
Added Member To Class: ClassName=buso Member=Component T1 Terminal
Added Member To Class: ClassName=buso Member=Component T5 Terminal
Added Member To Class: ClassName=buso Member=Component T6 Terminal
Added Member To Class: ClassName=buso Member=Component T8 Terminal
