Removed Pin From Net: NetName=GND Pin=D6-1
Removed Pin From Net: NetName=GND Pin=Q1-2
Removed Pin From Net: NetName=ir-r Pin=Q1-3
Removed Pin From Net: NetName=vcc Pin=R6-1
Removed Pin From Net: NetName=vcc Pin=R7-1
Removed Pin From Net: NetName=ir-r Pin=R7-2
Removed Member From Class: ClassName=ir-kh Member=D7
Removed Member From Class: ClassName=ir-kh Member=Q2
Removed Member From Class: ClassName=ir-kh Member=R8
Removed Member From Class: ClassName=ir-kh Member=R9
Removed Member From Class: ClassName=ir-kh Member=R10
Change Component Designator: OldDesignator=D7 NewDesignator=D6
Change Component Designator: OldDesignator=J2 NewDesignator=J3
Change Component Designator: OldDesignator=Q2 NewDesignator=Q1
Change Component Designator: OldDesignator=R9 NewDesignator=R6
Change Component Designator: OldDesignator=R10 NewDesignator=R7
Added Component: Designator=J2(HEADER 3X1)
Added Pin To Net: NetName=vcc Pin=J2-1
Added Pin To Net: NetName=GND Pin=J2-2
Added Pin To Net: NetName=ir-r Pin=J2-3
Change Net Name : Old Net Name=NetD7_1 New Net Name=NetD6_1
Change Net Name : Old Net Name=NetJ2_1 New Net Name=NetJ3_1
Change Net Name : Old Net Name=NetJ2_2 New Net Name=NetJ3_2
Change Net Name : Old Net Name=NetQ2_1 New Net Name=NetQ1_1
Change Net Name : Old Net Name=NetQ2_2 New Net Name=NetQ1_2
Added Member To Class: ClassName=ir-kh Member=Component J3 Header2X1
