Added Component: Designator=C1(ELEC-CAP-RAD10-20)
Added Component: Designator=C2(ELEC-CAP-RAD10-20)
Added Component: Designator=J1(HEADER 4X1)
Added Component: Designator=J3(HEADER 4X1)
Added Component: Designator=J4(HEADER 4X1)
Added Component: Designator=S1(PUSH BUTTON)
Added Component: Designator=U1(ESP_12_E)
Add component (AddParameter): Name = "IC"; Value = "ESP8266-EX"; VariantName = "[No Variations]"
Add component (AddParameter): Name = "Vendor"; Value = "Ai-thinker"; VariantName = "[No Variations]"
Added Pin To Net: NetName=GND Pin=C1-1
Added Pin To Net: NetName=VCC Pin=C1-2
Added Pin To Net: NetName=GND Pin=C2-1
Added Pin To Net: NetName=5v Pin=C2-2
Added Pin To Net: NetName=5v Pin=J3-1
Added Pin To Net: NetName=btn Pin=J3-2
Added Pin To Net: NetName=GND Pin=J3-4
Added Pin To Net: NetName=rx Pin=J4-1
Added Pin To Net: NetName=tx Pin=J4-2
Added Pin To Net: NetName=vDD Pin=J4-3
Added Pin To Net: NetName=GND Pin=J4-4
Added Pin To Net: NetName=rst Pin=S1-1
Added Pin To Net: NetName=GND Pin=S1-2
Added Pin To Net: NetName=btn Pin=S1-3
Added Pin To Net: NetName=GND Pin=S1-4
Added Member To Class: ClassName=sanati4i4o Member=Component C1 =Value
Added Member To Class: ClassName=sanati4i4o Member=Component C2 =Value
Added Member To Class: ClassName=sanati4i4o Member=Component J1 Header4X1
Added Member To Class: ClassName=sanati4i4o Member=Component J3 Header4X1
Added Member To Class: ClassName=sanati4i4o Member=Component J4 Header4X1
Added Member To Class: ClassName=sanati4i4o Member=Component JP6 Jumper
Added Member To Class: ClassName=sanati4i4o Member=Component JP7 Jumper
Added Member To Class: ClassName=sanati4i4o Member=Component JP8 Jumper
Added Member To Class: ClassName=sanati4i4o Member=Component JP9 Jumper
Added Member To Class: ClassName=sanati4i4o Member=Component S1 PUSH BUTTON DOUBLE
Added Member To Class: ClassName=sanati4i4o Member=Component U1 ESP_12_E
