Removed Pin From Net: NetName=NetD3_1 Pin=D3-1
Removed Pin From Net: NetName=VCC Pin=D3-2
Removed Pin From Net: NetName=NetD5_1 Pin=D5-1
Removed Pin From Net: NetName=VCC Pin=D5-2
Removed Pin From Net: NetName=NetD7_1 Pin=D7-1
Removed Pin From Net: NetName=VCC Pin=D7-2
Removed Member From Class: ClassName=sanati4i4o Member=D7
Removed Member From Class: ClassName=sanati4i4o Member=D8
Change Component Footprint: Designator=D1 Old Footprint=SMC New Footprint=3.2X1.6X1.1
Change Component Comment : Designator=D1 Old Comment=Diode New Comment=D Tunnel1
Change Component Designator: OldDesignator=D4 NewDesignator=D3
Change Component Designator: OldDesignator=D6 NewDesignator=D4
Change Component Designator: OldDesignator=D8 NewDesignator=D5
Change component parameters: Designator = "D1" ("D1"); Footprint = "SMC"; UniqueID = "\BNWXAFFW" ("\BNWXAFFW")
Change component parameters (AddParameter): Name = "LatestRevisionDate"; Value = "17-Jul-2002"; VariantName = "[No Variations]"
Change component parameters (AddParameter): Name = "LatestRevisionNote"; Value = "Re-released for DXP Platform."; VariantName = "[No Variations]"
Change component parameters (AddParameter): Name = "PackageDescription"; Value = "SM LED; 2 Flat Leads"; VariantName = "[No Variations]"
Change component parameters (AddParameter): Name = "PackageReference"; Value = "3.2X1.6X1.1"; VariantName = "[No Variations]"
Change component parameters (AddParameter): Name = "PackageVersion"; Value = "Feb-2002"; VariantName = "[No Variations]"
Change component parameters (AddParameter): Name = "Published"; Value = "8-Jun-2000"; VariantName = "[No Variations]"
Change component parameters (AddParameter): Name = "Publisher"; Value = "Altium Limited"; VariantName = "[No Variations]"
Added Pin To Net: NetName=NetK1_4 Pin=D1-1
Change Net Name : Old Net Name=NetD3_1 New Net Name=NetK2_4
Change Net Name : Old Net Name=NetD4_2 New Net Name=NetD3_2
Change Net Name : Old Net Name=NetD5_1 New Net Name=NetK3_4
Change Net Name : Old Net Name=NetD6_2 New Net Name=NetD4_2
Change Net Name : Old Net Name=NetD7_1 New Net Name=NetK4_4
Change Net Name : Old Net Name=NetD8_2 New Net Name=NetD5_2
Change Net Name : Old Net Name=NetK1_4 New Net Name=NetD1_1
Added Member To Class: ClassName=sanati4i4o Member=Component D1 D Tunnel1
Added Member To Class: ClassName=sanati4i4o Member=Component D3 LED 3mm
