Removed Pin From Net: NetName=GND Pin=C1-1
Removed Pin From Net: NetName=GND Pin=C2-1
Removed Pin From Net: NetName=GND Pin=C3-1
Removed Pin From Net: NetName=GND Pin=C6-1
Removed Pin From Net: NetName=GND Pin=R10-1
Removed Pin From Net: NetName=GND Pin=R12-1
Removed Pin From Net: NetName=GND Pin=R14-1
Removed Pin From Net: NetName=GND Pin=R16-1
Removed Pin From Net: NetName=GND Pin=U2-2
Removed Pin From Net: NetName=GND Pin=U3-2
Removed Pin From Net: NetName=GND Pin=U4-2
Removed Pin From Net: NetName=GND Pin=U6-2
Added Pin To Net: NetName=GND2 Pin=C1-1
Added Pin To Net: NetName=GND2 Pin=C2-1
Added Pin To Net: NetName=GND2 Pin=C3-1
Added Pin To Net: NetName=GND2 Pin=C6-1
Added Pin To Net: NetName=GND2 Pin=R10-1
Added Pin To Net: NetName=GND2 Pin=R12-1
Added Pin To Net: NetName=GND2 Pin=R14-1
Added Pin To Net: NetName=GND2 Pin=R16-1
Added Pin To Net: NetName=GND2 Pin=U2-2
Added Pin To Net: NetName=GND2 Pin=U3-2
Added Pin To Net: NetName=GND2 Pin=U4-2
Added Pin To Net: NetName=GND2 Pin=U6-2
