Change Component Designator: OldDesignator=D3 NewDesignator=D2
Change Component Designator: OldDesignator=D4 NewDesignator=D3
Change Component Designator: OldDesignator=D5 NewDesignator=D4
Change Component Designator: OldDesignator=JP1 NewDesignator=JP3
Change Component Designator: OldDesignator=JP2 NewDesignator=JP4
Change Component Designator: OldDesignator=JP3 NewDesignator=JP5
Change Component Designator: OldDesignator=JP4 NewDesignator=JP6
Change Component Designator: OldDesignator=K3 NewDesignator=K2
Change Component Designator: OldDesignator=K4 NewDesignator=K3
Change Component Designator: OldDesignator=P3 NewDesignator=P2
Change Component Designator: OldDesignator=P4 NewDesignator=P3
Change Component Designator: OldDesignator=Q3 NewDesignator=Q2
Change Component Designator: OldDesignator=Q4 NewDesignator=Q3
Change Component Designator: OldDesignator=R3 NewDesignator=R2
Change Component Designator: OldDesignator=R4 NewDesignator=R3
Change Component Designator: OldDesignator=R5 NewDesignator=R4
Change Component Designator: OldDesignator=R6 NewDesignator=R5
Change Component Designator: OldDesignator=R7 NewDesignator=R6
Added Component: Designator=JP1(Header 2X1)
Added Component: Designator=JP2(Header 2X1)
Added Pin To Net: NetName=GND Pin=JP1-1
Change Net Name : Old Net Name=NetD4_1 New Net Name=NetD3_1
Change Net Name : Old Net Name=NetD5_1 New Net Name=NetD4_1
Change Net Name : Old Net Name=NetP3_2 New Net Name=NetP2_2
Change Net Name : Old Net Name=NetP4_2 New Net Name=NetP3_2
Change Net Name : Old Net Name=NetQ3_1 New Net Name=NetQ2_1
Change Net Name : Old Net Name=NetQ4_1 New Net Name=NetQ3_1
Change Net Name : Old Net Name=NetR4_1 New Net Name=NetR3_1
Change Net Name : Old Net Name=NetR5_1 New Net Name=NetR4_1
Added Member To Class: ClassName=tach key1-3 Member=Component JP5 Jumper
Added Member To Class: ClassName=tach key1-3 Member=Component JP6 Jumper
