Change Component Designator: Old Designator=D3 New Designator=D13
Change Component Designator: Old Designator=D11 New Designator=D14
Change Component Designator: Old Designator=D13 New Designator=D15
Change Component Designator: Old Designator=D13 New Designator=D24
Change Component Designator: Old Designator=D14 New Designator=D6
Change Component Designator: Old Designator=D14 New Designator=D11
Change Component Designator: Old Designator=D14 New Designator=D12
Change Component Designator: Old Designator=D14 New Designator=D19
Change Component Designator: Old Designator=D14 New Designator=D25
Change Component Designator: Old Designator=D16 New Designator=D18
Change Component Designator: Old Designator=D19 New Designator=D20
Change Component Designator: Old Designator=D20 New Designator=D1
Change Component Designator: Old Designator=D20 New Designator=D3
Change Component Designator: Old Designator=D20 New Designator=D9
Change Component Designator: Old Designator=D20 New Designator=D16
Change Component Designator: Old Designator=D20 New Designator=D21
Change Component Designator: Old Designator=D21 New Designator=D22
Change Component Designator: Old Designator=D22 New Designator=D4
Change Component Designator: Old Designator=D22 New Designator=D10
Change Component Designator: Old Designator=D22 New Designator=D17
Change Component Designator: Old Designator=D22 New Designator=D23
Change Component Designator: Old Designator=D23 New Designator=D2
Change Component Designator: Old Designator=D24 New Designator=D5
Change Component Designator: Old Designator=E1 New Designator=E2
Change Component Designator: Old Designator=E2 New Designator=E1
Change Component Designator: Old Designator=J3 New Designator=J2
Change Component Designator: Old Designator=J4 New Designator=J3
Change Component Designator: Old Designator=K8 New Designator=K1
Change Component Designator: Old Designator=K8 New Designator=K2
Change Component Designator: Old Designator=K8 New Designator=K4
Change Component Designator: Old Designator=K8 New Designator=K6
Change Component Designator: Old Designator=P3 New Designator=P2
Change Component Designator: Old Designator=P4 New Designator=P1
Change Component Designator: Old Designator=R8 New Designator=R9
Change Component Designator: Old Designator=R9 New Designator=R11
Change Component Designator: Old Designator=R11 New Designator=R13
Change Component Designator: Old Designator=R13 New Designator=R15
Change Component Designator: Old Designator=R15 New Designator=R17
Change Component Designator: Old Designator=R17 New Designator=R19
Change Component Designator: Old Designator=R18 New Designator=R2
Change Component Designator: Old Designator=R18 New Designator=R8
Change Component Designator: Old Designator=R18 New Designator=R14
Change Component Designator: Old Designator=R18 New Designator=R20
Change Component Designator: Old Designator=R19 New Designator=R1
Change Component Designator: Old Designator=R21 New Designator=R3
Change Component Designator: Old Designator=R22 New Designator=R21
Change Component Designator: Old Designator=R23 New Designator=R4
Change Component Designator: Old Designator=R23 New Designator=R10
Change Component Designator: Old Designator=R23 New Designator=R16
Change Component Designator: Old Designator=R23 New Designator=R22
Change Component Designator: Old Designator=R24 New Designator=R5
Change Component Designator: Old Designator=R24 New Designator=R6
Change Component Designator: Old Designator=R24 New Designator=R12
Change Component Designator: Old Designator=R24 New Designator=R18
Change Component Designator: Old Designator=T13 New Designator=T1
Change Component Designator: Old Designator=T14 New Designator=T7
Change Component Designator: Old Designator=T15 New Designator=T2
Change Component Designator: Old Designator=T15 New Designator=T4
Change Component Designator: Old Designator=T15 New Designator=T6
Change Component Designator: Old Designator=T15 New Designator=T8
Change Component Designator: Old Designator=U3 New Designator=U9
Change Component Designator: Old Designator=U8 New Designator=U10
Change Component Designator: Old Designator=U14 New Designator=U1
Change Component Designator: Old Designator=U15 New Designator=U14
Change Component Designator: Old Designator=U16 New Designator=U2
Change Component Designator: Old Designator=U16 New Designator=U3
Change Component Designator: Old Designator=U16 New Designator=U7
Change Component Designator: Old Designator=U16 New Designator=U12
Change Component Designator: Old Designator=U16 New Designator=U15
Change Component Designator: Old Designator=U17 New Designator=U16
Change Component Designator: Old Designator=U18 New Designator=U4
Change Component Designator: Old Designator=U18 New Designator=U8
Change Component Designator: Old Designator=U18 New Designator=U13
Change Component Designator: Old Designator=U18 New Designator=U17
