Change Component Designator: Old Designator=D8 New Designator=D10
Change Component Designator: Old Designator=D9 New Designator=D8
Change Component Designator: Old Designator=D9 New Designator=D11
Change Component Designator: Old Designator=D10 New Designator=D9
Change Component Designator: Old Designator=D10 New Designator=D12
Change Component Designator: Old Designator=D11 New Designator=D14
Change Component Designator: Old Designator=D12 New Designator=D15
Change Component Designator: Old Designator=D13 New Designator=D16
Change Component Designator: Old Designator=K3 New Designator=K4
Change Component Designator: Old Designator=K4 New Designator=K3
Change Component Designator: Old Designator=K4 New Designator=K5
Change Component Designator: Old Designator=P1 New Designator=P3
Change Component Designator: Old Designator=P2 New Designator=P4
Change Component Designator: Old Designator=P3 New Designator=P1
Change Component Designator: Old Designator=P4 New Designator=P2
Change Component Designator: Old Designator=R7 New Designator=R8
Change Component Designator: Old Designator=R8 New Designator=R7
Change Component Designator: Old Designator=R8 New Designator=R10
Change Component Designator: Old Designator=R9 New Designator=R12
Change Component Designator: Old Designator=R10 New Designator=R9
Change Component Designator: Old Designator=R10 New Designator=R13
Change Component Designator: Old Designator=R11 New Designator=R14
Change Component Designator: Old Designator=R12 New Designator=R11
Change Component Designator: Old Designator=R12 New Designator=R15
Change Component Designator: Old Designator=T3 New Designator=T5
Change Component Designator: Old Designator=T4 New Designator=T9
Change Component Designator: Old Designator=T5 New Designator=T10
Change Component Designator: Old Designator=T6 New Designator=T11
Change Component Designator: Old Designator=T6_1 New Designator=T3
Change Component Designator: Old Designator=T6_2 New Designator=T6
Change Component Designator: Old Designator=T6_3 New Designator=T7
Change Component Designator: Old Designator=T7 New Designator=T8
Change Component Designator: Old Designator=U6 New Designator=U8
Change Component Designator: Old Designator=U7 New Designator=U6
Change Component Designator: Old Designator=U7 New Designator=U9
Change Component Designator: Old Designator=U8 New Designator=U7
Change Component Designator: Old Designator=U8 New Designator=U10
Change Component Designator: Old Designator=U9 New Designator=U11
