Change Component Designator: OldDesignator=D7 NewDesignator=D5
Change Component Designator: OldDesignator=D8 NewDesignator=D6
Change Component Designator: OldDesignator=D9 NewDesignator=D7
Change Component Designator: OldDesignator=D10 NewDesignator=D8
Change Component Designator: OldDesignator=D13 NewDesignator=D9
Change Component Designator: OldDesignator=D14 NewDesignator=D10
Change Component Designator: OldDesignator=D15 NewDesignator=D11
Change Component Designator: OldDesignator=D16 NewDesignator=D12
Change Component Designator: OldDesignator=D17 NewDesignator=D13
Change Component Designator: OldDesignator=D20 NewDesignator=D14
Change Component Designator: OldDesignator=D21 NewDesignator=D15
Change Component Designator: OldDesignator=D22 NewDesignator=D16
Change Component Designator: OldDesignator=D23 NewDesignator=D17
Change Component Designator: OldDesignator=P1 NewDesignator=P3
Change Component Designator: OldDesignator=P2 NewDesignator=P1
Change Component Designator: OldDesignator=P3 NewDesignator=P4
Change Component Designator: OldDesignator=P4 NewDesignator=P6
Change Component Designator: OldDesignator=P5 NewDesignator=P7
Change Component Designator: OldDesignator=T7 NewDesignator=T9
Change Component Designator: OldDesignator=T8 NewDesignator=T10
Added Component: Designator=P2(HDR1X3)
Add component. Clean all parameters for all variants
Add component (AddParameter): Name = "LatestRevisionDate"; Value = "17-Jul-2002"; VariantName = "[No Variations]"
Add component (AddParameter): Name = "LatestRevisionNote"; Value = "Re-released for DXP Platform."; VariantName = "[No Variations]"
Add component (AddParameter): Name = "Publisher"; Value = "Altium Limited"; VariantName = "[No Variations]"
Added Component: Designator=P5(HDR1X5)
Add component. Clean all parameters for all variants
Add component (AddParameter): Name = "LatestRevisionDate"; Value = "17-Jul-2002"; VariantName = "[No Variations]"
Add component (AddParameter): Name = "LatestRevisionNote"; Value = "Re-released for DXP Platform."; VariantName = "[No Variations]"
Add component (AddParameter): Name = "Publisher"; Value = "Altium Limited"; VariantName = "[No Variations]"
Added Component: Designator=T7(Terminal 1*3)
Add component. Clean all parameters for all variants
Add component (AddParameter): Name = "ComponentLinkURL"; Value = "www.picpars.com"; VariantName = "[No Variations]"
Add component (AddParameter): Name = "Designer"; Value = "Seyed Mohsen Ghasemain"; VariantName = "[No Variations]"
Add component (AddParameter): Name = "E-mail"; Value = "picpars@gmail.com"; VariantName = "[No Variations]"
Added Component: Designator=T8(Terminal 1*3)
Add component. Clean all parameters for all variants
Add component (AddParameter): Name = "ComponentLinkURL"; Value = "www.picpars.com"; VariantName = "[No Variations]"
Add component (AddParameter): Name = "Designer"; Value = "Seyed Mohsen Ghasemain"; VariantName = "[No Variations]"
Add component (AddParameter): Name = "E-mail"; Value = "picpars@gmail.com"; VariantName = "[No Variations]"
Added Component: Designator=T11(Terminal 1*3)
Add component. Clean all parameters for all variants
Add component (AddParameter): Name = "ComponentLinkURL"; Value = "www.picpars.com"; VariantName = "[No Variations]"
Add component (AddParameter): Name = "Designer"; Value = "Seyed Mohsen Ghasemain"; VariantName = "[No Variations]"
Add component (AddParameter): Name = "E-mail"; Value = "picpars@gmail.com"; VariantName = "[No Variations]"
Added Component: Designator=T12(Terminal 1*2)
Add component. Clean all parameters for all variants
Add component (AddParameter): Name = "ComponentLinkURL"; Value = "www.picpars.com"; VariantName = "[No Variations]"
Add component (AddParameter): Name = "Designer"; Value = "Seyed Mohsen Ghasemain"; VariantName = "[No Variations]"
Add component (AddParameter): Name = "E-mail"; Value = "picpars@gmail.com"; VariantName = "[No Variations]"
Added Pin To Net: NetName=VDD Pin=P2-2
Added Pin To Net: NetName=GND Pin=P2-3
Added Pin To Net: NetName=VDD Pin=P5-4
Added Pin To Net: NetName=GND Pin=P5-5
Added Pin To Net: NetName=i1 Pin=T7-1
Added Pin To Net: NetName=i2 Pin=T7-2
Added Pin To Net: NetName=i3 Pin=T7-3
Added Pin To Net: NetName=i4 Pin=T8-1
Added Pin To Net: NetName=i5 Pin=T8-2
Added Pin To Net: NetName=i6 Pin=T8-3
Added Pin To Net: NetName=i7 Pin=T11-1
Added Pin To Net: NetName=i8 Pin=T11-2
Added Pin To Net: NetName=GND Pin=T11-3
Added Pin To Net: NetName=ADC Pin=T12-1
Added Pin To Net: NetName=GND Pin=T12-2
Added Pin To Net: NetName=GND Pin=U9-16
Added Pin To Net: NetName=btn Pin=U9-18
Added Pin To Net: NetName=sda Pin=U9-19
Added Pin To Net: NetName=scl Pin=U9-20
Added Pin To Net: NetName=rx Pin=U9-21
Added Pin To Net: NetName=tx Pin=U9-22
Change Net Name : Old Net Name=NetD7_1 New Net Name=NetD5_1
Change Net Name : Old Net Name=NetD8_2 New Net Name=NetD6_2
Change Net Name : Old Net Name=NetD9_1 New Net Name=NetD7_1
Change Net Name : Old Net Name=NetD10_2 New Net Name=NetD8_2
Change Net Name : Old Net Name=NetD14_1 New Net Name=NetD10_1
Change Net Name : Old Net Name=NetD15_2 New Net Name=NetD11_2
Change Net Name : Old Net Name=NetD16_1 New Net Name=NetD12_1
Change Net Name : Old Net Name=NetD17_2 New Net Name=NetD13_2
Change Net Name : Old Net Name=NetD20_1 New Net Name=NetD14_1
Change Net Name : Old Net Name=NetD21_1 New Net Name=NetD15_1
Change Net Name : Old Net Name=NetD22_2 New Net Name=NetD16_2
Change Net Name : Old Net Name=NetD23_2 New Net Name=NetD17_2
Added Pin To Net: NetName=ia Pin=P5-1
Added Net: Name=ia
Added Pin To Net: NetName=ib Pin=P5-2
Added Net: Name=ib
Added Pin To Net: NetName=ic Pin=P5-3
Added Net: Name=ic
Added Pin To Net: NetName=out Pin=P2-1
Added Net: Name=out
Added Member To Class: ClassName=iotv3 Member=Component P6 Header 2
Added Member To Class: ClassName=iotv3 Member=Component P7 Header 3
Added Member To Class: ClassName=iotv3 Member=Component T9 Terminal
Added Member To Class: ClassName=iotv3 Member=Component T10 Terminal
Added Member To Class: ClassName=iotv3 Member=Component T11 Terminal
Added Member To Class: ClassName=iotv3 Member=Component T12 Terminal
