Change Component Designator: Old Designator=D1 New Designator=D7
Change Component Designator: Old Designator=D2 New Designator=D8
Change Component Designator: Old Designator=D3 New Designator=D9
Change Component Designator: Old Designator=D4 New Designator=D11
Change Component Designator: Old Designator=D5 New Designator=D13
Change Component Designator: Old Designator=D6 New Designator=D14
Change Component Designator: Old Designator=D7 New Designator=D16
Change Component Designator: Old Designator=D8 New Designator=D19
Change Component Designator: Old Designator=D9 New Designator=D17
Change Component Designator: Old Designator=D9 New Designator=D21
Change Component Designator: Old Designator=D10 New Designator=D18
Change Component Designator: Old Designator=D10 New Designator=D20
Change Component Designator: Old Designator=D11 New Designator=D1
Change Component Designator: Old Designator=D11 New Designator=D4
Change Component Designator: Old Designator=D11 New Designator=D12
Change Component Designator: Old Designator=D11 New Designator=D23
Change Component Designator: Old Designator=D12 New Designator=D2
Change Component Designator: Old Designator=D12 New Designator=D5
Change Component Designator: Old Designator=D12 New Designator=D25
Change Component Designator: Old Designator=D13 New Designator=D22
Change Component Designator: Old Designator=D13 New Designator=D24
Change Component Designator: Old Designator=D14 New Designator=D15
Change Component Designator: Old Designator=D15 New Designator=D3
Change Component Designator: Old Designator=D15 New Designator=D6
Change Component Designator: Old Designator=K1 New Designator=K3
Change Component Designator: Old Designator=K2 New Designator=K5
Change Component Designator: Old Designator=K3 New Designator=K7
Change Component Designator: Old Designator=K4 New Designator=K6
Change Component Designator: Old Designator=K4 New Designator=K8
Change Component Designator: Old Designator=K5 New Designator=K4
Change Component Designator: Old Designator=K6 New Designator=K1
Change Component Designator: Old Designator=K6 New Designator=K2
Change Component Designator: Old Designator=P1 New Designator=P3
Change Component Designator: Old Designator=P2 New Designator=P4
Change Component Designator: Old Designator=P3 New Designator=P1
Change Component Designator: Old Designator=P4 New Designator=P2
Change Component Designator: Old Designator=R1 New Designator=R7
Change Component Designator: Old Designator=R2 New Designator=R8
Change Component Designator: Old Designator=R3 New Designator=R9
Change Component Designator: Old Designator=R4 New Designator=R11
Change Component Designator: Old Designator=R5 New Designator=R13
Change Component Designator: Old Designator=R6 New Designator=R15
Change Component Designator: Old Designator=R7 New Designator=R17
Change Component Designator: Old Designator=R8 New Designator=R16
Change Component Designator: Old Designator=R8 New Designator=R19
Change Component Designator: Old Designator=R9 New Designator=R10
Change Component Designator: Old Designator=R9 New Designator=R22
Change Component Designator: Old Designator=R10 New Designator=R1
Change Component Designator: Old Designator=R10 New Designator=R4
Change Component Designator: Old Designator=R10 New Designator=R18
Change Component Designator: Old Designator=R10 New Designator=R21
Change Component Designator: Old Designator=R11 New Designator=R12
Change Component Designator: Old Designator=R11 New Designator=R23
Change Component Designator: Old Designator=R12 New Designator=R2
Change Component Designator: Old Designator=R12 New Designator=R5
Change Component Designator: Old Designator=R12 New Designator=R20
Change Component Designator: Old Designator=R12 New Designator=R24
Change Component Designator: Old Designator=R13 New Designator=R14
Change Component Designator: Old Designator=R14 New Designator=R3
Change Component Designator: Old Designator=R14 New Designator=R6
Change Component Designator: Old Designator=T1 New Designator=T3
Change Component Designator: Old Designator=T2 New Designator=T5
Change Component Designator: Old Designator=T3 New Designator=T8
Change Component Designator: Old Designator=T4 New Designator=T7
Change Component Designator: Old Designator=T4 New Designator=T12
Change Component Designator: Old Designator=T5 New Designator=T13
Change Component Designator: Old Designator=T6 New Designator=T14
Change Component Designator: Old Designator=T6_1 New Designator=T6
Change Component Designator: Old Designator=T6_2 New Designator=T9
Change Component Designator: Old Designator=T6_3 New Designator=T10
Change Component Designator: Old Designator=T7 New Designator=T11
Change Component Designator: Old Designator=T8 New Designator=T4
Change Component Designator: Old Designator=T9 New Designator=T1
Change Component Designator: Old Designator=T9 New Designator=T2
Change Component Designator: Old Designator=U1 New Designator=U5
Change Component Designator: Old Designator=U2 New Designator=U6
Change Component Designator: Old Designator=U3 New Designator=U7
Change Component Designator: Old Designator=U4 New Designator=U8
Change Component Designator: Old Designator=U5 New Designator=U11
Change Component Designator: Old Designator=U6 New Designator=U15
Change Component Designator: Old Designator=U7 New Designator=U12
Change Component Designator: Old Designator=U7 New Designator=U17
Change Component Designator: Old Designator=U8 New Designator=U9
Change Component Designator: Old Designator=U8 New Designator=U13
Change Component Designator: Old Designator=U8 New Designator=U14
Change Component Designator: Old Designator=U9 New Designator=U1
Change Component Designator: Old Designator=U9 New Designator=U3
Change Component Designator: Old Designator=U9 New Designator=U10
Change Component Designator: Old Designator=U9 New Designator=U16
Change Component Designator: Old Designator=U10 New Designator=U2
Change Component Designator: Old Designator=U10 New Designator=U4
