Change Component Designator: OldDesignator=D10 NewDesignator=D9
Change Component Designator: OldDesignator=D11 NewDesignator=D10
Change Component Designator: OldDesignator=D12 NewDesignator=D11
Change Component Designator: OldDesignator=D13 NewDesignator=D12
Change Component Designator: OldDesignator=D14 NewDesignator=D13
Change Component Designator: OldDesignator=D15 NewDesignator=D14
Change Component Designator: OldDesignator=D16 NewDesignator=D15
Change Component Designator: OldDesignator=D17 NewDesignator=D16
Change Component Designator: OldDesignator=E3 NewDesignator=E2
Change Component Designator: OldDesignator=E4 NewDesignator=E3
Added Component: Designator=JP1(Header 2X1)
Add component. Clean all parameters for all variants
Added Pin To Net: NetName=GND Pin=JP1-1
Added Pin To Net: NetName=GND Pin=JP1-2
Added Pin To Net: NetName=GND Pin=S1-1
Added Pin To Net: NetName=GND Pin=S2-1
Change Net Name : Old Net Name=NetD10_1 New Net Name=NetD9_1
Change Net Name : Old Net Name=NetD11_2 New Net Name=NetD10_2
Change Net Name : Old Net Name=NetD12_1 New Net Name=NetD11_1
Change Net Name : Old Net Name=NetD13_2 New Net Name=NetD12_2
Change Net Name : Old Net Name=NetD14_1 New Net Name=NetD13_1
Change Net Name : Old Net Name=NetD15_1 New Net Name=NetD14_1
Change Net Name : Old Net Name=NetD16_2 New Net Name=NetD15_2
Change Net Name : Old Net Name=NetD17_2 New Net Name=NetD16_2
Added Member To Class: ClassName=iotv3 Member=Component JP1 Jumper
