Change Component Designator: Old Designator=D1 New Designator=D7
Change Component Designator: Old Designator=D2 New Designator=D8
Change Component Designator: Old Designator=D5 New Designator=D11
Change Component Designator: Old Designator=D7 New Designator=D20
Change Component Designator: Old Designator=D8 New Designator=D22
Change Component Designator: Old Designator=D11 New Designator=D12
Change Component Designator: Old Designator=D12 New Designator=D25
Change Component Designator: Old Designator=D20 New Designator=D1
Change Component Designator: Old Designator=D22 New Designator=D2
Change Component Designator: Old Designator=D24 New Designator=D5
Change Component Designator: Old Designator=D25 New Designator=D24
Change Component Designator: Old Designator=K1 New Designator=K3
Change Component Designator: Old Designator=K3 New Designator=K7
Change Component Designator: Old Designator=K7 New Designator=K1
Change Component Designator: Old Designator=P1 New Designator=P4
Change Component Designator: Old Designator=P2 New Designator=P5
Change Component Designator: Old Designator=P? New Designator=P1
Change Component Designator: Old Designator=P? New Designator=P2
Change Component Designator: Old Designator=P? New Designator=P3
Change Component Designator: Old Designator=R1 New Designator=R7
Change Component Designator: Old Designator=R3 New Designator=R9
Change Component Designator: Old Designator=R5 New Designator=R11
Change Component Designator: Old Designator=R7 New Designator=R19
Change Component Designator: Old Designator=R9 New Designator=R21
Change Component Designator: Old Designator=R11 New Designator=R23
Change Component Designator: Old Designator=R19 New Designator=R1
Change Component Designator: Old Designator=R21 New Designator=R3
Change Component Designator: Old Designator=R23 New Designator=R5
Change Component Designator: Old Designator=T1 New Designator=T3
Change Component Designator: Old Designator=T3 New Designator=T7
Change Component Designator: Old Designator=T7 New Designator=T1
Change Component Designator: Old Designator=U1 New Designator=U5
Change Component Designator: Old Designator=U2 New Designator=U6
Change Component Designator: Old Designator=U5 New Designator=U14
Change Component Designator: Old Designator=U6 New Designator=U15
Change Component Designator: Old Designator=U14 New Designator=U1
Change Component Designator: Old Designator=U15 New Designator=U16
Change Component Designator: Old Designator=U16 New Designator=U2
Change Component Designator: Old Designator=U? New Designator=U9
