Removed Pin From Net: NetName=O1 Pin=D5-2
Removed Pin From Net: NetName=o7 Pin=D6-2
Removed Pin From Net: NetName=O2 Pin=D11-2
Removed Pin From Net: NetName=o6 Pin=D12-2
Removed Pin From Net: NetName=O3 Pin=D18-2
Removed Pin From Net: NetName=o5 Pin=D19-2
Removed Pin From Net: NetName=o8 Pin=D24-2
Removed Pin From Net: NetName=o4 Pin=D25-2
Removed Member From Class: ClassName=iotv3 Member=D5
Removed Member From Class: ClassName=iotv3 Member=D6
Removed Member From Class: ClassName=iotv3 Member=D11
Removed Member From Class: ClassName=iotv3 Member=D12
Removed Member From Class: ClassName=iotv3 Member=D18
Removed Member From Class: ClassName=iotv3 Member=D19
Removed Member From Class: ClassName=iotv3 Member=D24
Removed Member From Class: ClassName=iotv3 Member=D25
Added Pin To Net: NetName=O1 Pin=U1-2
Added Pin To Net: NetName=o7 Pin=U3-2
Added Pin To Net: NetName=O2 Pin=U5-2
Added Pin To Net: NetName=o6 Pin=U7-2
Added Pin To Net: NetName=O3 Pin=U11-2
Added Pin To Net: NetName=o5 Pin=U12-2
Added Pin To Net: NetName=o8 Pin=U16-2
