Removed Pin From Net: NetName=VDD Pin=U3-15
Change Component Designator: OldDesignator=E1 NewDesignator=E2
Change Component Designator: OldDesignator=E2 NewDesignator=E1
Change Component Designator: OldDesignator=J2 NewDesignator=J3
Change Component Designator: OldDesignator=J3 NewDesignator=J4
Change Component Designator: OldDesignator=T3 NewDesignator=T5
Change Component Designator: OldDesignator=T4 NewDesignator=T6
Added Component: Designator=D3(3.2X1.6X1.1)
Add component. Clean all parameters for all variants
Add component (AddParameter): Name = "LatestRevisionDate"; Value = "17-Jul-2002"; VariantName = "[No Variations]"
Add component (AddParameter): Name = "LatestRevisionNote"; Value = "Re-released for DXP Platform."; VariantName = "[No Variations]"
Add component (AddParameter): Name = "PackageDescription"; Value = "SM LED; 2 Flat Leads"; VariantName = "[No Variations]"
Add component (AddParameter): Name = "PackageReference"; Value = "3.2X1.6X1.1"; VariantName = "[No Variations]"
Add component (AddParameter): Name = "PackageVersion"; Value = "Feb-2002"; VariantName = "[No Variations]"
Add component (AddParameter): Name = "Published"; Value = "8-Jun-2000"; VariantName = "[No Variations]"
Add component (AddParameter): Name = "Publisher"; Value = "Altium Limited"; VariantName = "[No Variations]"
Added Component: Designator=D12(3.2X1.6X1.1)
Add component. Clean all parameters for all variants
Add component (AddParameter): Name = "LatestRevisionDate"; Value = "17-Jul-2002"; VariantName = "[No Variations]"
Add component (AddParameter): Name = "LatestRevisionNote"; Value = "Re-released for DXP Platform."; VariantName = "[No Variations]"
Add component (AddParameter): Name = "PackageDescription"; Value = "SM LED; 2 Flat Leads"; VariantName = "[No Variations]"
Add component (AddParameter): Name = "PackageReference"; Value = "3.2X1.6X1.1"; VariantName = "[No Variations]"
Add component (AddParameter): Name = "PackageVersion"; Value = "Feb-2002"; VariantName = "[No Variations]"
Add component (AddParameter): Name = "Published"; Value = "8-Jun-2000"; VariantName = "[No Variations]"
Add component (AddParameter): Name = "Publisher"; Value = "Altium Limited"; VariantName = "[No Variations]"
Added Component: Designator=J2(HEADER 5X1)
Add component. Clean all parameters for all variants
Added Component: Designator=T3(Terminal 1*2)
Add component. Clean all parameters for all variants
Add component (AddParameter): Name = "ComponentLinkURL"; Value = "www.picpars.com"; VariantName = "[No Variations]"
Add component (AddParameter): Name = "Designer"; Value = "Seyed Mohsen Ghasemain"; VariantName = "[No Variations]"
Add component (AddParameter): Name = "E-mail"; Value = "picpars@gmail.com"; VariantName = "[No Variations]"
Added Component: Designator=T4(Terminal 1*3)
Add component. Clean all parameters for all variants
Add component (AddParameter): Name = "ComponentLinkURL"; Value = "www.picpars.com"; VariantName = "[No Variations]"
Add component (AddParameter): Name = "Designer"; Value = "Seyed Mohsen Ghasemain"; VariantName = "[No Variations]"
Add component (AddParameter): Name = "E-mail"; Value = "picpars@gmail.com"; VariantName = "[No Variations]"
Added Pin To Net: NetName=VDD Pin=J2-1
Added Pin To Net: NetName=NetD3_2 Pin=J2-2
Added Pin To Net: NetName=NetD12_1 Pin=J2-1
Added Pin To Net: NetName=O4 Pin=J2-2
Added Pin To Net: NetName=NetD3_2 Pin=U3-3
Added Pin To Net: NetName=VDD Pin=U3-8
Added Pin To Net: NetName=NetD12_1 Pin=U6-2
Added Member To Class: ClassName=iotv3 Member=Component J4 Header4X1
Added Member To Class: ClassName=iotv3 Member=Component T5 Terminal
Added Member To Class: ClassName=iotv3 Member=Component T6 Terminal
