Added Component: Designator=C1(C1206)
Add component (AddParameter): Name = "LatestRevisionDate"; Value = "29-May-2009"; VariantName = "[No Variations]"
Add component (AddParameter): Name = "LatestRevisionNote"; Value = "IPC-7351 Footprint Added."; VariantName = "[No Variations]"
Add component (AddParameter): Name = "PackageDescription"; Value = "Chip Capacitor"; VariantName = "[No Variations]"
Add component (AddParameter): Name = "PackageReference"; Value = "C1206"; VariantName = "[No Variations]"
Add component (AddParameter): Name = "Published"; Value = "8-Jun-2000"; VariantName = "[No Variations]"
Add component (AddParameter): Name = "Publisher"; Value = "Altium Limited"; VariantName = "[No Variations]"
Add component (AddParameter): Name = "Value"; Value = "100pF"; VariantName = "[No Variations]"
Added Component: Designator=C1(ELEC-CAP-RAD10-20)
Added Component: Designator=C2(C1206)
Add component (AddParameter): Name = "LatestRevisionDate"; Value = "29-May-2009"; VariantName = "[No Variations]"
Add component (AddParameter): Name = "LatestRevisionNote"; Value = "IPC-7351 Footprint Added."; VariantName = "[No Variations]"
Add component (AddParameter): Name = "PackageDescription"; Value = "Chip Capacitor"; VariantName = "[No Variations]"
Add component (AddParameter): Name = "PackageReference"; Value = "C1206"; VariantName = "[No Variations]"
Add component (AddParameter): Name = "Published"; Value = "8-Jun-2000"; VariantName = "[No Variations]"
Add component (AddParameter): Name = "Publisher"; Value = "Altium Limited"; VariantName = "[No Variations]"
Add component (AddParameter): Name = "Value"; Value = "100pF"; VariantName = "[No Variations]"
Added Component: Designator=C2(ELEC-CAP-RAD10-20)
Added Component: Designator=C3(C1206)
Add component (AddParameter): Name = "LatestRevisionDate"; Value = "29-May-2009"; VariantName = "[No Variations]"
Add component (AddParameter): Name = "LatestRevisionNote"; Value = "IPC-7351 Footprint Added."; VariantName = "[No Variations]"
Add component (AddParameter): Name = "PackageDescription"; Value = "Chip Capacitor"; VariantName = "[No Variations]"
Add component (AddParameter): Name = "PackageReference"; Value = "C1206"; VariantName = "[No Variations]"
Add component (AddParameter): Name = "Published"; Value = "8-Jun-2000"; VariantName = "[No Variations]"
Add component (AddParameter): Name = "Publisher"; Value = "Altium Limited"; VariantName = "[No Variations]"
Add component (AddParameter): Name = "Value"; Value = "100pF"; VariantName = "[No Variations]"
Added Component: Designator=C4(C1206)
Add component (AddParameter): Name = "LatestRevisionDate"; Value = "29-May-2009"; VariantName = "[No Variations]"
Add component (AddParameter): Name = "LatestRevisionNote"; Value = "IPC-7351 Footprint Added."; VariantName = "[No Variations]"
Add component (AddParameter): Name = "PackageDescription"; Value = "Chip Capacitor"; VariantName = "[No Variations]"
Add component (AddParameter): Name = "PackageReference"; Value = "C1206"; VariantName = "[No Variations]"
Add component (AddParameter): Name = "Published"; Value = "8-Jun-2000"; VariantName = "[No Variations]"
Add component (AddParameter): Name = "Publisher"; Value = "Altium Limited"; VariantName = "[No Variations]"
Add component (AddParameter): Name = "Value"; Value = "100pF"; VariantName = "[No Variations]"
Added Component: Designator=C5(C1206)
Add component (AddParameter): Name = "LatestRevisionDate"; Value = "29-May-2009"; VariantName = "[No Variations]"
Add component (AddParameter): Name = "LatestRevisionNote"; Value = "IPC-7351 Footprint Added."; VariantName = "[No Variations]"
Add component (AddParameter): Name = "PackageDescription"; Value = "Chip Capacitor"; VariantName = "[No Variations]"
Add component (AddParameter): Name = "PackageReference"; Value = "C1206"; VariantName = "[No Variations]"
Add component (AddParameter): Name = "Published"; Value = "8-Jun-2000"; VariantName = "[No Variations]"
Add component (AddParameter): Name = "Publisher"; Value = "Altium Limited"; VariantName = "[No Variations]"
Add component (AddParameter): Name = "Value"; Value = "100pF"; VariantName = "[No Variations]"
Added Component: Designator=C6(ELEC-CAP-RAD10-20)
Added Component: Designator=C7(ELEC-CAP-RAD10-20)
Added Component: Designator=D1(3.2X1.6X1.1)
Add component (AddParameter): Name = "LatestRevisionDate"; Value = "17-Jul-2002"; VariantName = "[No Variations]"
Add component (AddParameter): Name = "LatestRevisionNote"; Value = "Re-released for DXP Platform."; VariantName = "[No Variations]"
Add component (AddParameter): Name = "PackageDescription"; Value = "SM LED; 2 Flat Leads"; VariantName = "[No Variations]"
Add component (AddParameter): Name = "PackageReference"; Value = "3.2X1.6X1.1"; VariantName = "[No Variations]"
Add component (AddParameter): Name = "PackageVersion"; Value = "Feb-2002"; VariantName = "[No Variations]"
Add component (AddParameter): Name = "Published"; Value = "8-Jun-2000"; VariantName = "[No Variations]"
Add component (AddParameter): Name = "Publisher"; Value = "Altium Limited"; VariantName = "[No Variations]"
Added Component: Designator=D2(LED-3mm)
Add component (AddParameter): Name = "Designer"; Value = "Seyed Mohsen Ghasemian"; VariantName = "[No Variations]"
Add component (AddParameter): Name = "PackageDescription"; Value = "LED; 2 Leads"; VariantName = "[No Variations]"
Add component (AddParameter): Name = "PackageReference"; Value = "LED"; VariantName = "[No Variations]"
Add component (AddParameter): Name = "Published"; Value = "02/04/2012"; VariantName = "[No Variations]"
Add component (AddParameter): Name = "Publisher"; Value = "www.picpars.com"; VariantName = "[No Variations]"
Added Component: Designator=D3(3.2X1.6X1.1)
Add component (AddParameter): Name = "LatestRevisionDate"; Value = "17-Jul-2002"; VariantName = "[No Variations]"
Add component (AddParameter): Name = "LatestRevisionNote"; Value = "Re-released for DXP Platform."; VariantName = "[No Variations]"
Add component (AddParameter): Name = "PackageDescription"; Value = "SM LED; 2 Flat Leads"; VariantName = "[No Variations]"
Add component (AddParameter): Name = "PackageReference"; Value = "3.2X1.6X1.1"; VariantName = "[No Variations]"
Add component (AddParameter): Name = "PackageVersion"; Value = "Feb-2002"; VariantName = "[No Variations]"
Add component (AddParameter): Name = "Published"; Value = "8-Jun-2000"; VariantName = "[No Variations]"
Add component (AddParameter): Name = "Publisher"; Value = "Altium Limited"; VariantName = "[No Variations]"
Added Component: Designator=D4(LED-3mm)
Add component (AddParameter): Name = "Designer"; Value = "Seyed Mohsen Ghasemian"; VariantName = "[No Variations]"
Add component (AddParameter): Name = "PackageDescription"; Value = "LED; 2 Leads"; VariantName = "[No Variations]"
Add component (AddParameter): Name = "PackageReference"; Value = "LED"; VariantName = "[No Variations]"
Add component (AddParameter): Name = "Published"; Value = "02/04/2012"; VariantName = "[No Variations]"
Add component (AddParameter): Name = "Publisher"; Value = "www.picpars.com"; VariantName = "[No Variations]"
Added Component: Designator=D5(3.2X1.6X1.1)
Add component (AddParameter): Name = "LatestRevisionDate"; Value = "17-Jul-2002"; VariantName = "[No Variations]"
Add component (AddParameter): Name = "LatestRevisionNote"; Value = "Re-released for DXP Platform."; VariantName = "[No Variations]"
Add component (AddParameter): Name = "PackageDescription"; Value = "SM LED; 2 Flat Leads"; VariantName = "[No Variations]"
Add component (AddParameter): Name = "PackageReference"; Value = "3.2X1.6X1.1"; VariantName = "[No Variations]"
Add component (AddParameter): Name = "PackageVersion"; Value = "Feb-2002"; VariantName = "[No Variations]"
Add component (AddParameter): Name = "Published"; Value = "8-Jun-2000"; VariantName = "[No Variations]"
Add component (AddParameter): Name = "Publisher"; Value = "Altium Limited"; VariantName = "[No Variations]"
Added Component: Designator=D6(LED-3mm)
Add component (AddParameter): Name = "Designer"; Value = "Seyed Mohsen Ghasemian"; VariantName = "[No Variations]"
Add component (AddParameter): Name = "PackageDescription"; Value = "LED; 2 Leads"; VariantName = "[No Variations]"
Add component (AddParameter): Name = "PackageReference"; Value = "LED"; VariantName = "[No Variations]"
Add component (AddParameter): Name = "Published"; Value = "02/04/2012"; VariantName = "[No Variations]"
Add component (AddParameter): Name = "Publisher"; Value = "www.picpars.com"; VariantName = "[No Variations]"
Added Component: Designator=D7(3.2X1.6X1.1)
Add component (AddParameter): Name = "LatestRevisionDate"; Value = "17-Jul-2002"; VariantName = "[No Variations]"
Add component (AddParameter): Name = "LatestRevisionNote"; Value = "Re-released for DXP Platform."; VariantName = "[No Variations]"
Add component (AddParameter): Name = "PackageDescription"; Value = "SM LED; 2 Flat Leads"; VariantName = "[No Variations]"
Add component (AddParameter): Name = "PackageReference"; Value = "3.2X1.6X1.1"; VariantName = "[No Variations]"
Add component (AddParameter): Name = "PackageVersion"; Value = "Feb-2002"; VariantName = "[No Variations]"
Add component (AddParameter): Name = "Published"; Value = "8-Jun-2000"; VariantName = "[No Variations]"
Add component (AddParameter): Name = "Publisher"; Value = "Altium Limited"; VariantName = "[No Variations]"
Added Component: Designator=D8(LED-3mm)
Add component (AddParameter): Name = "Designer"; Value = "Seyed Mohsen Ghasemian"; VariantName = "[No Variations]"
Add component (AddParameter): Name = "PackageDescription"; Value = "LED; 2 Leads"; VariantName = "[No Variations]"
Add component (AddParameter): Name = "PackageReference"; Value = "LED"; VariantName = "[No Variations]"
Add component (AddParameter): Name = "Published"; Value = "02/04/2012"; VariantName = "[No Variations]"
Add component (AddParameter): Name = "Publisher"; Value = "www.picpars.com"; VariantName = "[No Variations]"
Added Component: Designator=E1(PIN1)
Add component (AddParameter): Name = "LatestRevisionDate"; Value = "17-Jul-2002"; VariantName = "[No Variations]"
Add component (AddParameter): Name = "LatestRevisionNote"; Value = "Re-released for DXP Platform."; VariantName = "[No Variations]"
Add component (AddParameter): Name = "PackageReference"; Value = "PIN1"; VariantName = "[No Variations]"
Add component (AddParameter): Name = "Published"; Value = "24-Mar-1999"; VariantName = "[No Variations]"
Add component (AddParameter): Name = "Publisher"; Value = "Altium Limited"; VariantName = "[No Variations]"
Added Component: Designator=E2(PIN1)
Add component (AddParameter): Name = "LatestRevisionDate"; Value = "17-Jul-2002"; VariantName = "[No Variations]"
Add component (AddParameter): Name = "LatestRevisionNote"; Value = "Re-released for DXP Platform."; VariantName = "[No Variations]"
Add component (AddParameter): Name = "PackageReference"; Value = "PIN1"; VariantName = "[No Variations]"
Add component (AddParameter): Name = "Published"; Value = "24-Mar-1999"; VariantName = "[No Variations]"
Add component (AddParameter): Name = "Publisher"; Value = "Altium Limited"; VariantName = "[No Variations]"
Added Component: Designator=E3(PIN1)
Add component (AddParameter): Name = "LatestRevisionDate"; Value = "17-Jul-2002"; VariantName = "[No Variations]"
Add component (AddParameter): Name = "LatestRevisionNote"; Value = "Re-released for DXP Platform."; VariantName = "[No Variations]"
Add component (AddParameter): Name = "PackageReference"; Value = "PIN1"; VariantName = "[No Variations]"
Add component (AddParameter): Name = "Published"; Value = "24-Mar-1999"; VariantName = "[No Variations]"
Add component (AddParameter): Name = "Publisher"; Value = "Altium Limited"; VariantName = "[No Variations]"
Added Component: Designator=E4(PIN1)
Add component (AddParameter): Name = "LatestRevisionDate"; Value = "17-Jul-2002"; VariantName = "[No Variations]"
Add component (AddParameter): Name = "LatestRevisionNote"; Value = "Re-released for DXP Platform."; VariantName = "[No Variations]"
Add component (AddParameter): Name = "PackageReference"; Value = "PIN1"; VariantName = "[No Variations]"
Add component (AddParameter): Name = "Published"; Value = "24-Mar-1999"; VariantName = "[No Variations]"
Add component (AddParameter): Name = "Publisher"; Value = "Altium Limited"; VariantName = "[No Variations]"
Added Component: Designator=J1(HEADER 3X1)
Added Component: Designator=J1(KLD-0202)
Add component (AddParameter): Name = "ComponentLink1Description"; Value = "Manufacturer Link"; VariantName = "[No Variations]"
Add component (AddParameter): Name = "ComponentLink1URL"; Value = "http://domino.kycon.com/internet/Products.html"; VariantName = "[No Variations]"
Add component (AddParameter): Name = "DatasheetDocument"; Value = "09-May-2002"; VariantName = "[No Variations]"
Add component (AddParameter): Name = "Published"; Value = "17-Dec-2003"; VariantName = "[No Variations]"
Add component (AddParameter): Name = "Publisher"; Value = "Altium Limited"; VariantName = "[No Variations]"
Added Component: Designator=J2(HEADER 5X1)
Added Component: Designator=J2(HEADER 4X1)
Added Component: Designator=J3(KLD-0202)
Add component (AddParameter): Name = "ComponentLink1Description"; Value = "Manufacturer Link"; VariantName = "[No Variations]"
Add component (AddParameter): Name = "ComponentLink1URL"; Value = "http://domino.kycon.com/internet/Products.html"; VariantName = "[No Variations]"
Add component (AddParameter): Name = "DatasheetDocument"; Value = "09-May-2002"; VariantName = "[No Variations]"
Add component (AddParameter): Name = "Published"; Value = "17-Dec-2003"; VariantName = "[No Variations]"
Add component (AddParameter): Name = "Publisher"; Value = "Altium Limited"; VariantName = "[No Variations]"
Added Component: Designator=JP1(Header 2X1)
Added Component: Designator=JP1(Header 2X1)
Added Component: Designator=JP2(Header 2X1)
Added Component: Designator=JP2(Header 2X1)
Added Component: Designator=JP3(Header 2X1)
Added Component: Designator=JP4(Header 2X1)
Added Component: Designator=JP5(Header 2X1)
Added Component: Designator=JP6(Header 2X1)
Added Component: Designator=JP7(Header 2X1)
Added Component: Designator=JP8(Header 2X1)
Added Component: Designator=JP9(Header 2X1)
Added Component: Designator=JP10(Header 2X1)
Added Component: Designator=K1(Relays)
Add component (AddParameter): Name = "ComponentLinkURL"; Value = "www.picpars.com"; VariantName = "[No Variations]"
Add component (AddParameter): Name = "Designer"; Value = "Seyed Mohsen Ghasemain"; VariantName = "[No Variations]"
Added Component: Designator=K2(Relays)
Add component (AddParameter): Name = "ComponentLinkURL"; Value = "www.picpars.com"; VariantName = "[No Variations]"
Add component (AddParameter): Name = "Designer"; Value = "Seyed Mohsen Ghasemain"; VariantName = "[No Variations]"
Added Component: Designator=K3(Relays)
Add component (AddParameter): Name = "ComponentLinkURL"; Value = "www.picpars.com"; VariantName = "[No Variations]"
Add component (AddParameter): Name = "Designer"; Value = "Seyed Mohsen Ghasemain"; VariantName = "[No Variations]"
Added Component: Designator=K4(Relays)
Add component (AddParameter): Name = "ComponentLinkURL"; Value = "www.picpars.com"; VariantName = "[No Variations]"
Add component (AddParameter): Name = "Designer"; Value = "Seyed Mohsen Ghasemain"; VariantName = "[No Variations]"
Added Component: Designator=P1(HDR1X4)
Add component (AddParameter): Name = "LatestRevisionDate"; Value = "17-Jul-2002"; VariantName = "[No Variations]"
Add component (AddParameter): Name = "LatestRevisionNote"; Value = "Re-released for DXP Platform."; VariantName = "[No Variations]"
Add component (AddParameter): Name = "Publisher"; Value = "Altium Limited"; VariantName = "[No Variations]"
Added Component: Designator=Q1(SOT23-3)
Add component (AddParameter): Name = "Availability"; Value = "Unavailable"; VariantName = "[No Variations]"
Add component (AddParameter): Name = "MF"; Value = "Micro Commercial"; VariantName = "[No Variations]"
Add component (AddParameter): Name = "MP"; Value = "MMBT3904-TP"; VariantName = "[No Variations]"
Add component (AddParameter): Name = "Package"; Value = "SOT-23 Micro Commercial"; VariantName = "[No Variations]"
Add component (AddParameter): Name = "Price"; Value = "None"; VariantName = "[No Variations]"
Add component (AddParameter): Name = "SnapEDA_Link"; Value = "https://www.snapeda.com/parts/MMBT3904-TP/Micro%20Commercial/view-part/805928/?ref=snap"; VariantName = "[No Variations]"
Add component (AddParameter): Name = "Value"; Value = ""; VariantName = "[No Variations]"
Added Component: Designator=Q2(SOT23-3)
Add component (AddParameter): Name = "Availability"; Value = "Unavailable"; VariantName = "[No Variations]"
Add component (AddParameter): Name = "MF"; Value = "Micro Commercial"; VariantName = "[No Variations]"
Add component (AddParameter): Name = "MP"; Value = "MMBT3904-TP"; VariantName = "[No Variations]"
Add component (AddParameter): Name = "Package"; Value = "SOT-23 Micro Commercial"; VariantName = "[No Variations]"
Add component (AddParameter): Name = "Price"; Value = "None"; VariantName = "[No Variations]"
Add component (AddParameter): Name = "SnapEDA_Link"; Value = "https://www.snapeda.com/parts/MMBT3904-TP/Micro%20Commercial/view-part/805928/?ref=snap"; VariantName = "[No Variations]"
Add component (AddParameter): Name = "Value"; Value = ""; VariantName = "[No Variations]"
Added Component: Designator=Q3(SOT23-3)
Add component (AddParameter): Name = "Availability"; Value = "Unavailable"; VariantName = "[No Variations]"
Add component (AddParameter): Name = "MF"; Value = "Micro Commercial"; VariantName = "[No Variations]"
Add component (AddParameter): Name = "MP"; Value = "MMBT3904-TP"; VariantName = "[No Variations]"
Add component (AddParameter): Name = "Package"; Value = "SOT-23 Micro Commercial"; VariantName = "[No Variations]"
Add component (AddParameter): Name = "Price"; Value = "None"; VariantName = "[No Variations]"
Add component (AddParameter): Name = "SnapEDA_Link"; Value = "https://www.snapeda.com/parts/MMBT3904-TP/Micro%20Commercial/view-part/805928/?ref=snap"; VariantName = "[No Variations]"
Add component (AddParameter): Name = "Value"; Value = ""; VariantName = "[No Variations]"
Added Component: Designator=Q4(SOT23-3)
Add component (AddParameter): Name = "Availability"; Value = "Unavailable"; VariantName = "[No Variations]"
Add component (AddParameter): Name = "MF"; Value = "Micro Commercial"; VariantName = "[No Variations]"
Add component (AddParameter): Name = "MP"; Value = "MMBT3904-TP"; VariantName = "[No Variations]"
Add component (AddParameter): Name = "Package"; Value = "SOT-23 Micro Commercial"; VariantName = "[No Variations]"
Add component (AddParameter): Name = "Price"; Value = "None"; VariantName = "[No Variations]"
Add component (AddParameter): Name = "SnapEDA_Link"; Value = "https://www.snapeda.com/parts/MMBT3904-TP/Micro%20Commercial/view-part/805928/?ref=snap"; VariantName = "[No Variations]"
Add component (AddParameter): Name = "Value"; Value = ""; VariantName = "[No Variations]"
Added Component: Designator=R1(RES 1206 (3216X08L))
Add component (AddParameter): Name = "Power"; Value = "1/4 W"; VariantName = "[No Variations]"
Add component (AddParameter): Name = "Tolerance"; Value = "5%"; VariantName = "[No Variations]"
Add component (AddParameter): Name = "Value"; Value = "10K"; VariantName = "[No Variations]"
Added Component: Designator=R2(RES 1206 (3216X08L))
Add component (AddParameter): Name = "Power"; Value = "1/4 W"; VariantName = "[No Variations]"
Add component (AddParameter): Name = "Tolerance"; Value = "5%"; VariantName = "[No Variations]"
Add component (AddParameter): Name = "Value"; Value = "10K"; VariantName = "[No Variations]"
Added Component: Designator=R3(RES 1206 (3216X08L))
Add component (AddParameter): Name = "Power"; Value = "1/4 W"; VariantName = "[No Variations]"
Add component (AddParameter): Name = "Tolerance"; Value = "5%"; VariantName = "[No Variations]"
Add component (AddParameter): Name = "Value"; Value = "10K"; VariantName = "[No Variations]"
Added Component: Designator=R4(RES 1206 (3216X08L))
Add component (AddParameter): Name = "Power"; Value = "1/4 W"; VariantName = "[No Variations]"
Add component (AddParameter): Name = "Tolerance"; Value = "5%"; VariantName = "[No Variations]"
Add component (AddParameter): Name = "Value"; Value = "10K"; VariantName = "[No Variations]"
Added Component: Designator=R5(Res-(1/4))
Add component (AddParameter): Name = "Power"; Value = "1/4 W"; VariantName = "[No Variations]"
Add component (AddParameter): Name = "Tolerance"; Value = "5%"; VariantName = "[No Variations]"
Add component (AddParameter): Name = "Value"; Value = "10K"; VariantName = "[No Variations]"
Added Component: Designator=R6(RES 1206 (3216X08L))
Add component (AddParameter): Name = "Power"; Value = "1/4 W"; VariantName = "[No Variations]"
Add component (AddParameter): Name = "Tolerance"; Value = "5%"; VariantName = "[No Variations]"
Add component (AddParameter): Name = "Value"; Value = "10K"; VariantName = "[No Variations]"
Added Component: Designator=R7(RES 1206 (3216X08L))
Add component (AddParameter): Name = "Power"; Value = "1/4 W"; VariantName = "[No Variations]"
Add component (AddParameter): Name = "Tolerance"; Value = "5%"; VariantName = "[No Variations]"
Add component (AddParameter): Name = "Value"; Value = "10K"; VariantName = "[No Variations]"
Added Component: Designator=R8(RES 1206 (3216X08L))
Add component (AddParameter): Name = "Power"; Value = "1/4 W"; VariantName = "[No Variations]"
Add component (AddParameter): Name = "Tolerance"; Value = "5%"; VariantName = "[No Variations]"
Add component (AddParameter): Name = "Value"; Value = "10K"; VariantName = "[No Variations]"
Added Component: Designator=R9(RES 1206 (3216X08L))
Add component (AddParameter): Name = "Power"; Value = "1/4 W"; VariantName = "[No Variations]"
Add component (AddParameter): Name = "Tolerance"; Value = "5%"; VariantName = "[No Variations]"
Add component (AddParameter): Name = "Value"; Value = "10K"; VariantName = "[No Variations]"
Added Component: Designator=R10(Res-(1/4))
Add component (AddParameter): Name = "Power"; Value = "1/4 W"; VariantName = "[No Variations]"
Add component (AddParameter): Name = "Tolerance"; Value = "5%"; VariantName = "[No Variations]"
Add component (AddParameter): Name = "Value"; Value = "10K"; VariantName = "[No Variations]"
Added Component: Designator=R11(RES 1206 (3216X08L))
Add component (AddParameter): Name = "Power"; Value = "1/4 W"; VariantName = "[No Variations]"
Add component (AddParameter): Name = "Tolerance"; Value = "5%"; VariantName = "[No Variations]"
Add component (AddParameter): Name = "Value"; Value = "10K"; VariantName = "[No Variations]"
Added Component: Designator=R12(RES 1206 (3216X08L))
Add component (AddParameter): Name = "Power"; Value = "1/4 W"; VariantName = "[No Variations]"
Add component (AddParameter): Name = "Tolerance"; Value = "5%"; VariantName = "[No Variations]"
Add component (AddParameter): Name = "Value"; Value = "10K"; VariantName = "[No Variations]"
Added Component: Designator=R13(RES 1206 (3216X08L))
Add component (AddParameter): Name = "Power"; Value = "1/4 W"; VariantName = "[No Variations]"
Add component (AddParameter): Name = "Tolerance"; Value = "5%"; VariantName = "[No Variations]"
Add component (AddParameter): Name = "Value"; Value = "10K"; VariantName = "[No Variations]"
Added Component: Designator=R13(RES 1206 (3216X08L))
Add component (AddParameter): Name = "Power"; Value = "1/4 W"; VariantName = "[No Variations]"
Add component (AddParameter): Name = "Tolerance"; Value = "5%"; VariantName = "[No Variations]"
Add component (AddParameter): Name = "Value"; Value = "10K"; VariantName = "[No Variations]"
Added Component: Designator=R14(RES 1206 (3216X08L))
Add component (AddParameter): Name = "Power"; Value = "1/4 W"; VariantName = "[No Variations]"
Add component (AddParameter): Name = "Tolerance"; Value = "5%"; VariantName = "[No Variations]"
Add component (AddParameter): Name = "Value"; Value = "10K"; VariantName = "[No Variations]"
Added Component: Designator=S1(PUSH BUTTON)
Added Component: Designator=S2(PUSH BUTTON)
Added Component: Designator=T1(phoenix terminal R 3)
Add component (AddParameter): Name = "ComponentLinkURL"; Value = "www.picpars.com"; VariantName = "[No Variations]"
Add component (AddParameter): Name = "Designer"; Value = "Seyed Mohsen Ghasemain"; VariantName = "[No Variations]"
Add component (AddParameter): Name = "E-mail"; Value = "picpars@gmail.com"; VariantName = "[No Variations]"
Added Component: Designator=T2(phoenix terminal R 3)
Add component (AddParameter): Name = "ComponentLinkURL"; Value = "www.picpars.com"; VariantName = "[No Variations]"
Add component (AddParameter): Name = "Designer"; Value = "Seyed Mohsen Ghasemain"; VariantName = "[No Variations]"
Add component (AddParameter): Name = "E-mail"; Value = "picpars@gmail.com"; VariantName = "[No Variations]"
Added Component: Designator=T3(phoenix terminal R 3)
Add component (AddParameter): Name = "ComponentLinkURL"; Value = "www.picpars.com"; VariantName = "[No Variations]"
Add component (AddParameter): Name = "Designer"; Value = "Seyed Mohsen Ghasemain"; VariantName = "[No Variations]"
Add component (AddParameter): Name = "E-mail"; Value = "picpars@gmail.com"; VariantName = "[No Variations]"
Added Component: Designator=T4(phoenix terminal R 3)
Add component (AddParameter): Name = "ComponentLinkURL"; Value = "www.picpars.com"; VariantName = "[No Variations]"
Add component (AddParameter): Name = "Designer"; Value = "Seyed Mohsen Ghasemain"; VariantName = "[No Variations]"
Add component (AddParameter): Name = "E-mail"; Value = "picpars@gmail.com"; VariantName = "[No Variations]"
Added Component: Designator=T5(phoenix terminal R 3)
Add component (AddParameter): Name = "ComponentLinkURL"; Value = "www.picpars.com"; VariantName = "[No Variations]"
Add component (AddParameter): Name = "Designer"; Value = "Seyed Mohsen Ghasemain"; VariantName = "[No Variations]"
Add component (AddParameter): Name = "E-mail"; Value = "picpars@gmail.com"; VariantName = "[No Variations]"
Added Component: Designator=T9(phoenix terminal R 2)
Add component (AddParameter): Name = "ComponentLinkURL"; Value = "www.picpars.com"; VariantName = "[No Variations]"
Add component (AddParameter): Name = "Designer"; Value = "Seyed Mohsen Ghasemain"; VariantName = "[No Variations]"
Add component (AddParameter): Name = "E-mail"; Value = "picpars@gmail.com"; VariantName = "[No Variations]"
Added Component: Designator=T12(phoenix terminal R 3)
Add component (AddParameter): Name = "ComponentLinkURL"; Value = "www.picpars.com"; VariantName = "[No Variations]"
Add component (AddParameter): Name = "Designer"; Value = "Seyed Mohsen Ghasemain"; VariantName = "[No Variations]"
Add component (AddParameter): Name = "E-mail"; Value = "picpars@gmail.com"; VariantName = "[No Variations]"
Added Component: Designator=T13(phoenix terminal R 3)
Add component (AddParameter): Name = "ComponentLinkURL"; Value = "www.picpars.com"; VariantName = "[No Variations]"
Add component (AddParameter): Name = "Designer"; Value = "Seyed Mohsen Ghasemain"; VariantName = "[No Variations]"
Add component (AddParameter): Name = "E-mail"; Value = "picpars@gmail.com"; VariantName = "[No Variations]"
Added Component: Designator=U1(ESP_12_E)
Add component (AddParameter): Name = "IC"; Value = "ESP8266-EX"; VariantName = "[No Variations]"
Add component (AddParameter): Name = "Vendor"; Value = "Ai-thinker"; VariantName = "[No Variations]"
Added Component: Designator=U2(DIP4)
Added Component: Designator=U3(DIP4)
Added Component: Designator=U4(TO-220)
Added Component: Designator=U5(32A_N)
Add component (AddParameter): Name = "Code_JEDEC"; Value = "MS-026-ABA"; VariantName = "[No Variations]"
Add component (AddParameter): Name = "ComponentLink1Description"; Value = "Datasheet"; VariantName = "[No Variations]"
Add component (AddParameter): Name = "ComponentLink1URL"; Value = "http://www.atmel.com/dyn/resources/prod_documents/doc2486.pdf"; VariantName = "[No Variations]"
Add component (AddParameter): Name = "ComponentLink2Description"; Value = "Atmel.com Home"; VariantName = "[No Variations]"
Add component (AddParameter): Name = "ComponentLink2URL"; Value = "http://www.atmel.com"; VariantName = "[No Variations]"
Add component (AddParameter): Name = "DatasheetVersion"; Value = "2486H-AVR-09/02"; VariantName = "[No Variations]"
Add component (AddParameter): Name = "LatestRevisionDate"; Value = "16-Oct-2006"; VariantName = "[No Variations]"
Add component (AddParameter): Name = "LatestRevisionNote"; Value = "IPC-7351 Footprint Added."; VariantName = "[No Variations]"
Add component (AddParameter): Name = "PackageDescription"; Value = "32-Lead, 7x7x1.0 mm Body, 0.8mm Lead Pitch, Thin Profile Plastic Quad Flat Package (TQFP)"; VariantName = "[No Variations]"
Add component (AddParameter): Name = "PackageReference"; Value = "32A"; VariantName = "[No Variations]"
Add component (AddParameter): Name = "PackageVersion"; Value = "revB, Oct-2001"; VariantName = "[No Variations]"
Add component (AddParameter): Name = "Published"; Value = "17-Sep-2003"; VariantName = "[No Variations]"
Add component (AddParameter): Name = "Publisher"; Value = "Altium Limited"; VariantName = "[No Variations]"
Add component (AddParameter): Name = "Supplier 1"; Value = "Digi-Key"; VariantName = "[No Variations]"
Add component (AddParameter): Name = "Supplier 2"; Value = "Mouser"; VariantName = "[No Variations]"
Add component (AddParameter): Name = "Supplier Part Number 1"; Value = "ATMEGA8-16AC-ND"; VariantName = "[No Variations]"
Add component (AddParameter): Name = "Supplier Part Number 2"; Value = "556-ATMEGA8-16AC"; VariantName = "[No Variations]"
Added Component: Designator=U8(ESP_12_E)
Add component (AddParameter): Name = "IC"; Value = "ESP8266-EX"; VariantName = "[No Variations]"
Add component (AddParameter): Name = "Vendor"; Value = "Ai-thinker"; VariantName = "[No Variations]"
Added Component: Designator=Y1(R38)
Add component (AddParameter): Name = "LatestRevisionDate"; Value = "17-Jul-2002"; VariantName = "[No Variations]"
Add component (AddParameter): Name = "LatestRevisionNote"; Value = "Re-released for DXP Platform."; VariantName = "[No Variations]"
Add component (AddParameter): Name = "PackageDescription"; Value = "Crystal, Thru-Hole; 2 Leads; Body 3.1 x 8.2 mm (Dia.xH)"; VariantName = "[No Variations]"
Add component (AddParameter): Name = "PackageReference"; Value = "R38"; VariantName = "[No Variations]"
Add component (AddParameter): Name = "Published"; Value = "8-Jun-2000"; VariantName = "[No Variations]"
Add component (AddParameter): Name = "Publisher"; Value = "Altium Limited"; VariantName = "[No Variations]"
Added Pin To Net: NetName=GND Pin=C1-1
Added Pin To Net: NetName=GND Pin=C1-1
Added Pin To Net: NetName=NetC1_2 Pin=C1-2
Added Pin To Net: NetName=GND Pin=C2-1
Added Pin To Net: NetName=NetC2_2 Pin=C2-2
Added Pin To Net: NetName=GND Pin=C3-1
Added Pin To Net: NetName=i2 Pin=C3-2
Added Pin To Net: NetName=GND Pin=C5-1
Added Pin To Net: NetName=vdd Pin=C5-2
Added Pin To Net: NetName=GND Pin=C6-1
Added Pin To Net: NetName=vcc Pin=C6-2
Added Pin To Net: NetName=GND Pin=C7-1
Added Pin To Net: NetName=NetD1_1 Pin=D1-1
Added Pin To Net: NetName=vcc Pin=D1-2
Added Pin To Net: NetName=vcc Pin=D2-1
Added Pin To Net: NetName=vcc Pin=D3-2
Added Pin To Net: NetName=vcc Pin=D4-1
Added Pin To Net: NetName=NetD5_1 Pin=D5-1
Added Pin To Net: NetName=vcc Pin=D5-2
Added Pin To Net: NetName=vcc Pin=D6-1
Added Pin To Net: NetName=NetD6_2 Pin=D6-2
Added Pin To Net: NetName=vcc Pin=D7-2
Added Pin To Net: NetName=vcc Pin=D8-1
Added Pin To Net: NetName=NetD8_2 Pin=D8-2
Added Pin To Net: NetName=GND Pin=E1-1
Added Pin To Net: NetName=GND Pin=E2-1
Added Pin To Net: NetName=vdd Pin=E3-1
Added Pin To Net: NetName=vcc Pin=E4-1
Added Pin To Net: NetName=vcc Pin=J1-1A
Added Pin To Net: NetName=vcc Pin=J1-1B
Added Pin To Net: NetName=o4 Pin=J1-1
Added Pin To Net: NetName=vcc Pin=J1-1
Added Pin To Net: NetName=GND Pin=J1-2A
Added Pin To Net: NetName=GND Pin=J1-2B
Added Pin To Net: NetName=GND Pin=J1-2
Added Pin To Net: NetName=GND Pin=J1-3A
Added Pin To Net: NetName=GND Pin=J1-3B
Added Pin To Net: NetName=GND Pin=J1-3
Added Pin To Net: NetName=GND Pin=J1-3
Added Pin To Net: NetName=GND Pin=J2-1
Added Pin To Net: NetName=rx Pin=J2-1
Added Pin To Net: NetName=rx2 Pin=J2-2
Added Pin To Net: NetName=vdd Pin=J2-2
Added Pin To Net: NetName=vdd Pin=J2-3
Added Pin To Net: NetName=GND Pin=J2-4
Added Pin To Net: NetName=vcc Pin=J1-1A
Added Pin To Net: NetName=vcc Pin=J1-1B
Added Pin To Net: NetName=vcc Pin=J1-1
Added Pin To Net: NetName=GND Pin=J1-2A
Added Pin To Net: NetName=GND Pin=J1-2B
Added Pin To Net: NetName=GND Pin=J1-2
Added Pin To Net: NetName=GND Pin=J1-3A
Added Pin To Net: NetName=GND Pin=J1-3B
Added Pin To Net: NetName=GND Pin=J1-3
Added Pin To Net: NetName=rx2 Pin=JP1-1
Added Pin To Net: NetName=vcc Pin=JP1-1
Added Pin To Net: NetName=rx2 Pin=JP1-2
Added Pin To Net: NetName=vcc Pin=JP1-2
Added Pin To Net: NetName=btn Pin=JP2-1
Added Pin To Net: NetName=vdd Pin=JP2-1
Added Pin To Net: NetName=btn Pin=JP2-2
Added Pin To Net: NetName=vdd Pin=JP2-2
Added Pin To Net: NetName=rst Pin=JP3-1
Added Pin To Net: NetName=rst Pin=JP3-2
Added Pin To Net: NetName=rx Pin=JP4-1
Added Pin To Net: NetName=rx Pin=JP4-2
Added Pin To Net: NetName=GND Pin=JP5-1
Added Pin To Net: NetName=GND Pin=JP5-2
Added Pin To Net: NetName=vcc Pin=JP6-1
Added Pin To Net: NetName=vcc Pin=JP6-2
Added Pin To Net: NetName=i8 Pin=JP7-1
Added Pin To Net: NetName=i8 Pin=JP7-2
Added Pin To Net: NetName=rx Pin=JP8-1
Added Pin To Net: NetName=rx Pin=JP8-2
Added Pin To Net: NetName=GND Pin=JP9-1
Added Pin To Net: NetName=GND Pin=JP9-2
Added Pin To Net: NetName=i10 Pin=JP10-1
Added Pin To Net: NetName=i10 Pin=JP10-2
Added Pin To Net: NetName=NetK1_1 Pin=K1-1
Added Pin To Net: NetName=NetK1_2 Pin=K1-2
Added Pin To Net: NetName=NetK1_3 Pin=K1-3
Added Pin To Net: NetName=NetD1_1 Pin=K1-4
Added Pin To Net: NetName=vcc Pin=K1-5
Added Pin To Net: NetName=NetK2_1 Pin=K2-1
Added Pin To Net: NetName=NetK2_2 Pin=K2-2
Added Pin To Net: NetName=NetK2_3 Pin=K2-3
Added Pin To Net: NetName=vcc Pin=K2-5
Added Pin To Net: NetName=NetK3_1 Pin=K3-1
Added Pin To Net: NetName=NetK3_2 Pin=K3-2
Added Pin To Net: NetName=NetK3_3 Pin=K3-3
Added Pin To Net: NetName=NetD5_1 Pin=K3-4
Added Pin To Net: NetName=vcc Pin=K3-5
Added Pin To Net: NetName=NetK4_1 Pin=K4-1
Added Pin To Net: NetName=NetK4_2 Pin=K4-2
Added Pin To Net: NetName=NetK4_3 Pin=K4-3
Added Pin To Net: NetName=vcc Pin=K4-4
Added Pin To Net: NetName=o8 Pin=P1-1
Added Pin To Net: NetName=o9 Pin=P1-2
Added Pin To Net: NetName=o10 Pin=P1-3
Added Pin To Net: NetName=rst2 Pin=P1-4
Added Pin To Net: NetName=GND Pin=Q1-2
Added Pin To Net: NetName=NetD1_1 Pin=Q1-3
Added Pin To Net: NetName=GND Pin=Q2-2
Added Pin To Net: NetName=GND Pin=Q3-2
Added Pin To Net: NetName=NetD5_1 Pin=Q3-3
Added Pin To Net: NetName=GND Pin=Q4-2
Added Pin To Net: NetName=NetD1_1 Pin=R1-2
Added Pin To Net: NetName=O1 Pin=R2-1
Added Pin To Net: NetName=O2 Pin=R4-1
Added Pin To Net: NetName=vdd Pin=R5-2
Added Pin To Net: NetName=NetD6_2 Pin=R6-1
Added Pin To Net: NetName=NetD5_1 Pin=R6-2
Added Pin To Net: NetName=O3 Pin=R7-1
Added Pin To Net: NetName=NetC2_2 Pin=R8-2
Added Pin To Net: NetName=NetC2_2 Pin=R9-2
Added Pin To Net: NetName=i2 Pin=R10-1
Added Pin To Net: NetName=vdd Pin=R10-2
Added Pin To Net: NetName=NetD8_2 Pin=R13-1
Added Pin To Net: NetName=rst Pin=R13-1
Added Pin To Net: NetName=vdd Pin=R13-2
Added Pin To Net: NetName=o4 Pin=R14-1
Added Pin To Net: NetName=btn Pin=S1-1
Added Pin To Net: NetName=GND Pin=S1-3
Added Pin To Net: NetName=GND Pin=S1-4
Added Pin To Net: NetName=GND Pin=S2-1
Added Pin To Net: NetName=GND Pin=S2-2
Added Pin To Net: NetName=rst Pin=S2-3
Added Pin To Net: NetName=NetK1_3 Pin=T1-1
Added Pin To Net: NetName=NetK1_1 Pin=T1-2
Added Pin To Net: NetName=NetK1_2 Pin=T1-3
Added Pin To Net: NetName=NetK2_3 Pin=T2-1
Added Pin To Net: NetName=NetK2_1 Pin=T2-2
Added Pin To Net: NetName=NetK2_2 Pin=T2-3
Added Pin To Net: NetName=NetK3_3 Pin=T3-1
Added Pin To Net: NetName=NetK3_1 Pin=T3-2
Added Pin To Net: NetName=NetK3_2 Pin=T3-3
Added Pin To Net: NetName=NetK4_3 Pin=T5-1
Added Pin To Net: NetName=NetK4_1 Pin=T5-2
Added Pin To Net: NetName=NetK4_2 Pin=T5-3
Added Pin To Net: NetName=rx2 Pin=T9-1
Added Pin To Net: NetName=rx Pin=T9-2
Added Pin To Net: NetName=i9 Pin=T12-1
Added Pin To Net: NetName=i10 Pin=T12-2
Added Pin To Net: NetName=i8 Pin=T12-3
Added Pin To Net: NetName=i12 Pin=T13-1
Added Pin To Net: NetName=i11 Pin=T13-2
Added Pin To Net: NetName=i13 Pin=T13-3
Added Pin To Net: NetName=vdd Pin=U1-3
Added Pin To Net: NetName=i2 Pin=U1-6
Added Pin To Net: NetName=O1 Pin=U1-7
Added Pin To Net: NetName=vdd Pin=U1-8
Added Pin To Net: NetName=GND Pin=U1-15
Added Pin To Net: NetName=GND Pin=U1-16
Added Pin To Net: NetName=O2 Pin=U1-19
Added Pin To Net: NetName=O3 Pin=U1-20
Added Pin To Net: NetName=o4 Pin=U1-21
Added Pin To Net: NetName=NetC2_2 Pin=U2-1
Added Pin To Net: NetName=GND Pin=U2-3
Added Pin To Net: NetName=GND Pin=U3-3
Added Pin To Net: NetName=i2 Pin=U3-4
Added Pin To Net: NetName=vcc Pin=U4-1
Added Pin To Net: NetName=GND Pin=U4-2
Added Pin To Net: NetName=GND Pin=U5-1
Added Pin To Net: NetName=O1 Pin=U5-2
Added Pin To Net: NetName=vdd Pin=U5-2
Added Pin To Net: NetName=GND Pin=U5-3
Added Pin To Net: NetName=vdd Pin=U5-4
Added Pin To Net: NetName=vdd Pin=U5-4
Added Pin To Net: NetName=GND Pin=U5-5
Added Pin To Net: NetName=vdd Pin=U5-6
Added Pin To Net: NetName=NetC1_2 Pin=U5-7
Added Pin To Net: NetName=O2 Pin=U5-9
Added Pin To Net: NetName=O3 Pin=U5-10
Added Pin To Net: NetName=o4 Pin=U5-11
Added Pin To Net: NetName=o5 Pin=U5-12
Added Pin To Net: NetName=o6 Pin=U5-13
Added Pin To Net: NetName=o7 Pin=U5-14
Added Pin To Net: NetName=o8 Pin=U5-15
Added Pin To Net: NetName=o9 Pin=U5-16
Added Pin To Net: NetName=o10 Pin=U5-17
Added Pin To Net: NetName=vdd Pin=U5-18
Added Pin To Net: NetName=GND Pin=U5-21
Added Pin To Net: NetName=i6 Pin=U5-23
Added Pin To Net: NetName=o11 Pin=U5-24
Added Pin To Net: NetName=i2 Pin=U5-25
Added Pin To Net: NetName=i3 Pin=U5-26
Added Pin To Net: NetName=i4 Pin=U5-27
Added Pin To Net: NetName=i5 Pin=U5-28
Added Pin To Net: NetName=rst Pin=U5-29
Added Pin To Net: NetName=rx2 Pin=U5-30
Added Pin To Net: NetName=rx Pin=U5-31
Added Pin To Net: NetName=rst Pin=U8-1
Added Pin To Net: NetName=ADC Pin=U8-2
Added Pin To Net: NetName=vdd Pin=U8-3
Added Pin To Net: NetName=i12 Pin=U8-4
Added Pin To Net: NetName=i11 Pin=U8-5
Added Pin To Net: NetName=i13 Pin=U8-6
Added Pin To Net: NetName=i9 Pin=U8-7
Added Pin To Net: NetName=vdd Pin=U8-8
Added Pin To Net: NetName=GND Pin=U8-15
Added Pin To Net: NetName=GND Pin=U8-16
Added Pin To Net: NetName=led Pin=U8-17
Added Pin To Net: NetName=btn Pin=U8-18
Added Pin To Net: NetName=i10 Pin=U8-19
Added Pin To Net: NetName=i8 Pin=U8-20
Added Pin To Net: NetName=rx Pin=U8-21
Added Pin To Net: NetName=rx2 Pin=U8-22
Added Pin To Net: NetName=NetC1_2 Pin=Y1-2
Added Pin To Net: NetName=cs Pin=J2-4
Added Pin To Net: NetName=cs Pin=U1-12
Added Net: Name=cs
Added Pin To Net: NetName=GND2 Pin=C2-1
Added Pin To Net: NetName=GND2 Pin=C4-1
Added Pin To Net: NetName=GND2 Pin=R9-1
Added Pin To Net: NetName=GND2 Pin=R12-1
Added Pin To Net: NetName=GND2 Pin=T4-3
Added Pin To Net: NetName=GND2 Pin=U2-2
Added Pin To Net: NetName=GND2 Pin=U3-2
Added Net: Name=GND2
Added Pin To Net: NetName=i1 Pin=C1-2
Added Pin To Net: NetName=i1 Pin=R5-1
Added Pin To Net: NetName=i1 Pin=U1-5
Added Pin To Net: NetName=i1 Pin=U2-4
Added Net: Name=i1
Added Pin To Net: NetName=NetC4_2 Pin=C4-2
Added Pin To Net: NetName=NetC4_2 Pin=R11-2
Added Pin To Net: NetName=NetC4_2 Pin=R12-2
Added Pin To Net: NetName=NetC4_2 Pin=U3-1
Added Net: Name=NetC4_2
Added Pin To Net: NetName=NetC7_2 Pin=C7-2
Added Pin To Net: NetName=NetC7_2 Pin=U4-3
Added Pin To Net: NetName=NetC7_2 Pin=U5-3
Added Net: Name=NetC7_2
Added Pin To Net: NetName=NetD2_2 Pin=D2-2
Added Pin To Net: NetName=NetD2_2 Pin=R1-1
Added Net: Name=NetD2_2
Added Pin To Net: NetName=NetD3_1 Pin=D3-1
Added Pin To Net: NetName=NetD3_1 Pin=K2-4
Added Pin To Net: NetName=NetD3_1 Pin=Q2-3
Added Pin To Net: NetName=NetD3_1 Pin=R3-2
Added Net: Name=NetD3_1
Added Pin To Net: NetName=NetD4_2 Pin=D4-2
Added Pin To Net: NetName=NetD4_2 Pin=R3-1
Added Net: Name=NetD4_2
Added Pin To Net: NetName=NetD7_1 Pin=D7-1
Added Pin To Net: NetName=NetD7_1 Pin=K4-5
Added Pin To Net: NetName=NetD7_1 Pin=Q4-3
Added Pin To Net: NetName=NetD7_1 Pin=R13-2
Added Net: Name=NetD7_1
Added Pin To Net: NetName=NetJ1_2 Pin=J1-2
Added Pin To Net: NetName=NetJ1_2 Pin=U1-22
Added Net: Name=NetJ1_2
Added Pin To Net: NetName=NetQ1_1 Pin=Q1-1
Added Pin To Net: NetName=NetQ1_1 Pin=R2-2
Added Net: Name=NetQ1_1
Added Pin To Net: NetName=NetQ2_1 Pin=Q2-1
Added Pin To Net: NetName=NetQ2_1 Pin=R4-2
Added Net: Name=NetQ2_1
Added Pin To Net: NetName=NetQ3_1 Pin=Q3-1
Added Pin To Net: NetName=NetQ3_1 Pin=R7-2
Added Net: Name=NetQ3_1
Added Pin To Net: NetName=NetQ4_1 Pin=Q4-1
Added Pin To Net: NetName=NetQ4_1 Pin=R14-2
Added Net: Name=NetQ4_1
Added Pin To Net: NetName=NetR8_1 Pin=R8-1
Added Pin To Net: NetName=NetR8_1 Pin=T4-2
Added Net: Name=NetR8_1
Added Pin To Net: NetName=NetR11_1 Pin=R11-1
Added Pin To Net: NetName=NetR11_1 Pin=T4-1
Added Net: Name=NetR11_1
Added Pin To Net: NetName=sck Pin=J2-3
Added Pin To Net: NetName=sck Pin=U1-18
Added Net: Name=sck
Added Pin To Net: NetName=so Pin=J2-5
Added Pin To Net: NetName=so Pin=U1-4
Added Net: Name=so
Added Class: Name=park-contor
Added Class: Name=sanati4i4o
Change Room Name: Old Name=shahbazi5v New Name=sanati4i4o
Change Room Scope: Old Scope=InComponentClass('shahbazi5v') New Scope=InComponentClass('sanati4i4o')
Added Room: Name=park-contor
