Added Component: Designator=C5(CAP 1206)
Added Component: Designator=C6(CAP 1206)
Added Component: Designator=C7(CAP 1206)
Added Component: Designator=C8(CAP 1206)
Added Component: Designator=C9(CAP 1206)
Added Component: Designator=C10(CAP 1206)
Added Component: Designator=C11(CAP 1206)
Added Component: Designator=C12(CAP 1206)
Added Component: Designator=C13(CAP 1206)
Added Component: Designator=C14(CAP 1206)
Added Component: Designator=C15(CAP 1206)
Added Component: Designator=C16(CAP 1206)
Added Component: Designator=C17(CAP 1206)
Added Component: Designator=C18(CAP 1206)
Added Component: Designator=C19(CAP 1206)
Added Component: Designator=C20(CAP 1206)
Added Component: Designator=C21(CAP 1206)
Added Component: Designator=C22(CAP 1206)
Added Component: Designator=C23(CAP 1206)
Added Component: Designator=C24(CAP 1206)
Added Component: Designator=C25(CAP 1206)
Added Component: Designator=C26(CAP 1206)
Added Component: Designator=C27(CAP 1206)
Added Component: Designator=C28(CAP 1206)
Added Component: Designator=C29(CAP 1206)
Added Component: Designator=C30(CAP 1206)
Added Component: Designator=C31(CAP 1206)
Added Component: Designator=C32(CAP 1206)
Added Component: Designator=C33(CAP 1206)
Added Component: Designator=C34(CAP 1206)
Added Component: Designator=C35(CAP 1206)
Added Component: Designator=C36(CAP 1206)
Added Component: Designator=C37(CAP 1206)
Added Component: Designator=C38(CAP 1206)
Added Component: Designator=C39(CAP 1206)
Added Component: Designator=C40(CAP 1206)
Added Component: Designator=C41(CAP 1206)
Added Component: Designator=C42(CAP 1206)
Added Component: Designator=C43(CAP 1206)
Added Component: Designator=C44(CAP 1206)
Added Component: Designator=C45(CAP 1206)
Added Component: Designator=C46(CAP 1206)
Added Component: Designator=C47(CAP 1206)
Added Component: Designator=C48(CAP 1206)
Added Component: Designator=C49(CAP 1206)
Added Component: Designator=C50(CAP 1206)
Added Component: Designator=C51(CAP 1206)
Added Component: Designator=C52(CAP 1206)
Added Pin To Net: NetName=GND Pin=C5-1
Added Pin To Net: NetName=vdd Pin=C5-2
Added Pin To Net: NetName=GND Pin=C6-1
Added Pin To Net: NetName=vdd Pin=C6-2
Added Pin To Net: NetName=GND Pin=C7-1
Added Pin To Net: NetName=vdd Pin=C7-2
Added Pin To Net: NetName=GND Pin=C8-1
Added Pin To Net: NetName=vdd Pin=C8-2
Added Pin To Net: NetName=GND Pin=C9-1
Added Pin To Net: NetName=vdd Pin=C9-2
Added Pin To Net: NetName=GND Pin=C10-1
Added Pin To Net: NetName=vdd Pin=C10-2
Added Pin To Net: NetName=GND Pin=C11-1
Added Pin To Net: NetName=vdd Pin=C11-2
Added Pin To Net: NetName=GND Pin=C12-1
Added Pin To Net: NetName=vdd Pin=C12-2
Added Pin To Net: NetName=GND Pin=C13-1
Added Pin To Net: NetName=vdd Pin=C13-2
Added Pin To Net: NetName=GND Pin=C14-1
Added Pin To Net: NetName=vdd Pin=C14-2
Added Pin To Net: NetName=GND Pin=C15-1
Added Pin To Net: NetName=vdd Pin=C15-2
Added Pin To Net: NetName=GND Pin=C16-1
Added Pin To Net: NetName=vdd Pin=C16-2
Added Pin To Net: NetName=GND Pin=C17-1
Added Pin To Net: NetName=vdd Pin=C17-2
Added Pin To Net: NetName=GND Pin=C18-1
Added Pin To Net: NetName=vdd Pin=C18-2
Added Pin To Net: NetName=GND Pin=C19-1
Added Pin To Net: NetName=vdd Pin=C19-2
Added Pin To Net: NetName=GND Pin=C20-1
Added Pin To Net: NetName=vdd Pin=C20-2
Added Pin To Net: NetName=GND Pin=C21-1
Added Pin To Net: NetName=vdd Pin=C21-2
Added Pin To Net: NetName=GND Pin=C22-1
Added Pin To Net: NetName=vdd Pin=C22-2
Added Pin To Net: NetName=GND Pin=C23-1
Added Pin To Net: NetName=vdd Pin=C23-2
Added Pin To Net: NetName=GND Pin=C24-1
Added Pin To Net: NetName=vdd Pin=C24-2
Added Pin To Net: NetName=GND Pin=C25-1
Added Pin To Net: NetName=vdd Pin=C25-2
Added Pin To Net: NetName=GND Pin=C26-1
Added Pin To Net: NetName=vdd Pin=C26-2
Added Pin To Net: NetName=GND Pin=C27-1
Added Pin To Net: NetName=vdd Pin=C27-2
Added Pin To Net: NetName=GND Pin=C28-1
Added Pin To Net: NetName=vdd Pin=C28-2
Added Pin To Net: NetName=GND Pin=C29-1
Added Pin To Net: NetName=GND Pin=C30-1
Added Pin To Net: NetName=GND Pin=C31-1
Added Pin To Net: NetName=GND Pin=C32-1
Added Pin To Net: NetName=GND Pin=C33-1
Added Pin To Net: NetName=GND Pin=C34-1
Added Pin To Net: NetName=GND Pin=C35-1
Added Pin To Net: NetName=GND Pin=C36-1
Added Pin To Net: NetName=GND Pin=C37-1
Added Pin To Net: NetName=GND Pin=C38-1
Added Pin To Net: NetName=GND Pin=C39-1
Added Pin To Net: NetName=GND Pin=C40-1
Added Pin To Net: NetName=GND Pin=C41-1
Added Pin To Net: NetName=GND Pin=C42-1
Added Pin To Net: NetName=GND Pin=C43-1
Added Pin To Net: NetName=GND Pin=C44-1
Added Pin To Net: NetName=GND Pin=C45-1
Added Pin To Net: NetName=GND Pin=C46-1
Added Pin To Net: NetName=GND Pin=C47-1
Added Pin To Net: NetName=GND Pin=C48-1
Added Pin To Net: NetName=GND Pin=C49-1
Added Pin To Net: NetName=GND Pin=C50-1
Added Pin To Net: NetName=GND Pin=C51-1
Added Pin To Net: NetName=GND Pin=C52-1
Added Pin To Net: NetName=GND Pin=J6-5
Added Pin To Net: NetName=vdd Pin=J6-8
Added Pin To Net: NetName=GND Pin=J7-5
Added Pin To Net: NetName=vdd Pin=J7-8
Added Pin To Net: NetName=GND Pin=J8-5
Added Pin To Net: NetName=vdd Pin=J8-8
Added Pin To Net: NetName=GND Pin=J9-5
Added Pin To Net: NetName=vdd Pin=J9-8
Added Pin To Net: NetName=GND Pin=J10-5
Added Pin To Net: NetName=vdd Pin=J10-8
Added Pin To Net: NetName=GND Pin=J11-5
Added Pin To Net: NetName=vdd Pin=J11-8
Added Pin To Net: NetName=GND Pin=J12-5
Added Pin To Net: NetName=vdd Pin=J12-8
Added Pin To Net: NetName=GND Pin=J13-5
Added Pin To Net: NetName=vdd Pin=J13-8
Added Pin To Net: NetName=GND Pin=J14-5
Added Pin To Net: NetName=vdd Pin=J14-8
Added Pin To Net: NetName=GND Pin=J15-5
Added Pin To Net: NetName=vdd Pin=J15-8
Added Pin To Net: NetName=GND Pin=J16-5
Added Pin To Net: NetName=vdd Pin=J16-8
Added Pin To Net: NetName=GND Pin=J17-5
Added Pin To Net: NetName=vdd Pin=J17-8
Added Pin To Net: NetName=GND Pin=J18-5
Added Pin To Net: NetName=vdd Pin=J18-8
Added Pin To Net: NetName=GND Pin=J19-5
Added Pin To Net: NetName=vdd Pin=J19-8
Added Pin To Net: NetName=GND Pin=J20-5
Added Pin To Net: NetName=vdd Pin=J20-8
Added Pin To Net: NetName=GND Pin=J21-5
Added Pin To Net: NetName=vdd Pin=J21-8
Added Pin To Net: NetName=GND Pin=J22-5
Added Pin To Net: NetName=vdd Pin=J22-8
Added Pin To Net: NetName=GND Pin=J23-5
Added Pin To Net: NetName=vdd Pin=J23-8
Added Pin To Net: NetName=GND Pin=J24-5
Added Pin To Net: NetName=vdd Pin=J24-8
Added Pin To Net: NetName=GND Pin=J25-5
Added Pin To Net: NetName=vdd Pin=J25-8
Added Pin To Net: NetName=GND Pin=J26-5
Added Pin To Net: NetName=vdd Pin=J26-8
Added Pin To Net: NetName=GND Pin=J27-5
Added Pin To Net: NetName=vdd Pin=J27-8
Added Pin To Net: NetName=GND Pin=J28-5
Added Pin To Net: NetName=vdd Pin=J28-8
Added Pin To Net: NetName=GND Pin=J29-5
Added Pin To Net: NetName=vdd Pin=J29-8
Added Pin To Net: NetName=NetC29_2 Pin=C29-2
Added Pin To Net: NetName=NetC29_2 Pin=J6-6
Added Net: Name=NetC29_2
Added Pin To Net: NetName=NetC30_2 Pin=C30-2
Added Pin To Net: NetName=NetC30_2 Pin=J7-6
Added Net: Name=NetC30_2
Added Pin To Net: NetName=NetC31_2 Pin=C31-2
Added Pin To Net: NetName=NetC31_2 Pin=J8-6
Added Net: Name=NetC31_2
Added Pin To Net: NetName=NetC32_2 Pin=C32-2
Added Pin To Net: NetName=NetC32_2 Pin=J9-6
Added Net: Name=NetC32_2
Added Pin To Net: NetName=NetC33_2 Pin=C33-2
Added Pin To Net: NetName=NetC33_2 Pin=J10-6
Added Net: Name=NetC33_2
Added Pin To Net: NetName=NetC34_2 Pin=C34-2
Added Pin To Net: NetName=NetC34_2 Pin=J11-6
Added Net: Name=NetC34_2
Added Pin To Net: NetName=NetC35_2 Pin=C35-2
Added Pin To Net: NetName=NetC35_2 Pin=J12-6
Added Net: Name=NetC35_2
Added Pin To Net: NetName=NetC36_2 Pin=C36-2
Added Pin To Net: NetName=NetC36_2 Pin=J13-6
Added Net: Name=NetC36_2
Added Pin To Net: NetName=NetC37_2 Pin=C37-2
Added Pin To Net: NetName=NetC37_2 Pin=J14-6
Added Net: Name=NetC37_2
Added Pin To Net: NetName=NetC38_2 Pin=C38-2
Added Pin To Net: NetName=NetC38_2 Pin=J15-6
Added Net: Name=NetC38_2
Added Pin To Net: NetName=NetC39_2 Pin=C39-2
Added Pin To Net: NetName=NetC39_2 Pin=J16-6
Added Net: Name=NetC39_2
Added Pin To Net: NetName=NetC40_2 Pin=C40-2
Added Pin To Net: NetName=NetC40_2 Pin=J17-6
Added Net: Name=NetC40_2
Added Pin To Net: NetName=NetC41_2 Pin=C41-2
Added Pin To Net: NetName=NetC41_2 Pin=J18-6
Added Net: Name=NetC41_2
Added Pin To Net: NetName=NetC42_2 Pin=C42-2
Added Pin To Net: NetName=NetC42_2 Pin=J19-6
Added Net: Name=NetC42_2
Added Pin To Net: NetName=NetC43_2 Pin=C43-2
Added Pin To Net: NetName=NetC43_2 Pin=J20-6
Added Net: Name=NetC43_2
Added Pin To Net: NetName=NetC44_2 Pin=C44-2
Added Pin To Net: NetName=NetC44_2 Pin=J21-6
Added Net: Name=NetC44_2
Added Pin To Net: NetName=NetC45_2 Pin=C45-2
Added Pin To Net: NetName=NetC45_2 Pin=J22-6
Added Net: Name=NetC45_2
Added Pin To Net: NetName=NetC46_2 Pin=C46-2
Added Pin To Net: NetName=NetC46_2 Pin=J23-6
Added Net: Name=NetC46_2
Added Pin To Net: NetName=NetC47_2 Pin=C47-2
Added Pin To Net: NetName=NetC47_2 Pin=J24-6
Added Net: Name=NetC47_2
Added Pin To Net: NetName=NetC48_2 Pin=C48-2
Added Pin To Net: NetName=NetC48_2 Pin=J25-6
Added Net: Name=NetC48_2
Added Pin To Net: NetName=NetC49_2 Pin=C49-2
Added Pin To Net: NetName=NetC49_2 Pin=J26-6
Added Net: Name=NetC49_2
Added Pin To Net: NetName=NetC50_2 Pin=C50-2
Added Pin To Net: NetName=NetC50_2 Pin=J27-6
Added Net: Name=NetC50_2
Added Pin To Net: NetName=NetC51_2 Pin=C51-2
Added Pin To Net: NetName=NetC51_2 Pin=J28-6
Added Net: Name=NetC51_2
Added Pin To Net: NetName=NetC52_2 Pin=C52-2
Added Pin To Net: NetName=NetC52_2 Pin=J29-6
Added Net: Name=NetC52_2
Added Member To Class: ClassName=park-contor-12i Member=Component C5 =Value
Added Member To Class: ClassName=park-contor-12i Member=Component C6 =Value
Added Member To Class: ClassName=park-contor-12i Member=Component C7 =Value
Added Member To Class: ClassName=park-contor-12i Member=Component C8 =Value
Added Member To Class: ClassName=park-contor-12i Member=Component C9 =Value
Added Member To Class: ClassName=park-contor-12i Member=Component C10 =Value
Added Member To Class: ClassName=park-contor-12i Member=Component C11 =Value
Added Member To Class: ClassName=park-contor-12i Member=Component C12 =Value
Added Member To Class: ClassName=park-contor-12i Member=Component C13 =Value
Added Member To Class: ClassName=park-contor-12i Member=Component C14 =Value
Added Member To Class: ClassName=park-contor-12i Member=Component C15 =Value
Added Member To Class: ClassName=park-contor-12i Member=Component C16 =Value
Added Member To Class: ClassName=park-contor-12i Member=Component C17 =Value
Added Member To Class: ClassName=park-contor-12i Member=Component C18 =Value
Added Member To Class: ClassName=park-contor-12i Member=Component C19 =Value
Added Member To Class: ClassName=park-contor-12i Member=Component C20 =Value
Added Member To Class: ClassName=park-contor-12i Member=Component C21 =Value
Added Member To Class: ClassName=park-contor-12i Member=Component C22 =Value
Added Member To Class: ClassName=park-contor-12i Member=Component C23 =Value
Added Member To Class: ClassName=park-contor-12i Member=Component C24 =Value
Added Member To Class: ClassName=park-contor-12i Member=Component C25 =Value
Added Member To Class: ClassName=park-contor-12i Member=Component C26 =Value
Added Member To Class: ClassName=park-contor-12i Member=Component C27 =Value
Added Member To Class: ClassName=park-contor-12i Member=Component C28 =Value
Added Member To Class: ClassName=park-contor-12i Member=Component C29 =Value
Added Member To Class: ClassName=park-contor-12i Member=Component C30 =Value
Added Member To Class: ClassName=park-contor-12i Member=Component C31 =Value
Added Member To Class: ClassName=park-contor-12i Member=Component C32 =Value
Added Member To Class: ClassName=park-contor-12i Member=Component C33 =Value
Added Member To Class: ClassName=park-contor-12i Member=Component C34 =Value
Added Member To Class: ClassName=park-contor-12i Member=Component C35 =Value
Added Member To Class: ClassName=park-contor-12i Member=Component C36 =Value
Added Member To Class: ClassName=park-contor-12i Member=Component C37 =Value
Added Member To Class: ClassName=park-contor-12i Member=Component C38 =Value
Added Member To Class: ClassName=park-contor-12i Member=Component C39 =Value
Added Member To Class: ClassName=park-contor-12i Member=Component C40 =Value
Added Member To Class: ClassName=park-contor-12i Member=Component C41 =Value
Added Member To Class: ClassName=park-contor-12i Member=Component C42 =Value
Added Member To Class: ClassName=park-contor-12i Member=Component C43 =Value
Added Member To Class: ClassName=park-contor-12i Member=Component C44 =Value
Added Member To Class: ClassName=park-contor-12i Member=Component C45 =Value
Added Member To Class: ClassName=park-contor-12i Member=Component C46 =Value
Added Member To Class: ClassName=park-contor-12i Member=Component C47 =Value
Added Member To Class: ClassName=park-contor-12i Member=Component C48 =Value
Added Member To Class: ClassName=park-contor-12i Member=Component C49 =Value
Added Member To Class: ClassName=park-contor-12i Member=Component C50 =Value
Added Member To Class: ClassName=park-contor-12i Member=Component C51 =Value
Added Member To Class: ClassName=park-contor-12i Member=Component C52 =Value
Added Member To Class: ClassName=park-contor-12i Member=Component U5 CD4051BCM
Added Member To Class: ClassName=park-contor-12i Member=Component U6 CD4051BCM
