Change Component Designator: Old Designator=J3 New Designator=J5
Change Component Designator: Old Designator=J4 New Designator=J3
Change Component Designator: Old Designator=J5 New Designator=J4
Change Component Designator: Old Designator=J9 New Designator=J18
Change Component Designator: Old Designator=J10 New Designator=J19
Change Component Designator: Old Designator=J11 New Designator=J20
Change Component Designator: Old Designator=J12 New Designator=J21
Change Component Designator: Old Designator=J13 New Designator=J22
Change Component Designator: Old Designator=J14 New Designator=J23
Change Component Designator: Old Designator=J15 New Designator=J24
Change Component Designator: Old Designator=J16 New Designator=J25
Change Component Designator: Old Designator=J17 New Designator=J26
Change Component Designator: Old Designator=J18 New Designator=J27
Change Component Designator: Old Designator=J19 New Designator=J28
Change Component Designator: Old Designator=J20 New Designator=J29
Change Component Designator: Old Designator=J? New Designator=J6
Change Component Designator: Old Designator=J? New Designator=J7
Change Component Designator: Old Designator=J? New Designator=J8
Change Component Designator: Old Designator=J? New Designator=J9
Change Component Designator: Old Designator=J? New Designator=J10
Change Component Designator: Old Designator=J? New Designator=J11
Change Component Designator: Old Designator=J? New Designator=J12
Change Component Designator: Old Designator=J? New Designator=J13
Change Component Designator: Old Designator=J? New Designator=J14
Change Component Designator: Old Designator=J? New Designator=J15
Change Component Designator: Old Designator=J? New Designator=J16
Change Component Designator: Old Designator=J? New Designator=J17
Change Component Designator: Old Designator=T3 New Designator=T13
Change Component Designator: Old Designator=T4 New Designator=T14
Change Component Designator: Old Designator=T5 New Designator=T15
Change Component Designator: Old Designator=T6 New Designator=T16
Change Component Designator: Old Designator=T7 New Designator=T17
Change Component Designator: Old Designator=T8 New Designator=T18
Change Component Designator: Old Designator=T9 New Designator=T19
Change Component Designator: Old Designator=T10 New Designator=T20
Change Component Designator: Old Designator=T11 New Designator=T21
Change Component Designator: Old Designator=T12 New Designator=T22
Change Component Designator: Old Designator=T13 New Designator=T23
Change Component Designator: Old Designator=T14 New Designator=T24
Change Component Designator: Old Designator=T? New Designator=T1
Change Component Designator: Old Designator=T? New Designator=T2
Change Component Designator: Old Designator=T? New Designator=T3
Change Component Designator: Old Designator=T? New Designator=T4
Change Component Designator: Old Designator=T? New Designator=T5
Change Component Designator: Old Designator=T? New Designator=T6
Change Component Designator: Old Designator=T? New Designator=T7
Change Component Designator: Old Designator=T? New Designator=T8
Change Component Designator: Old Designator=T? New Designator=T9
Change Component Designator: Old Designator=T? New Designator=T10
Change Component Designator: Old Designator=T? New Designator=T11
Change Component Designator: Old Designator=T? New Designator=T12
Change Component Designator: Old Designator=U3 New Designator=U4
Change Component Designator: Old Designator=U4 New Designator=U3
