Change Component Designator: OldDesignator=J1 NewDesignator=J2
Change Component Designator: OldDesignator=J2 NewDesignator=J1
Change Component Designator: OldDesignator=P1 NewDesignator=P2
Change Component Designator: OldDesignator=P2 NewDesignator=P3
Change Component Designator: OldDesignator=P3 NewDesignator=P4
Change Component Designator: OldDesignator=P4 NewDesignator=P5
Change Component Designator: OldDesignator=R1 NewDesignator=R2
Change Component Designator: OldDesignator=R2 NewDesignator=R1
Change Component Designator: OldDesignator=U2 NewDesignator=U3
Change Component Designator: OldDesignator=U3 NewDesignator=U2
Added Component: Designator=P1(HDR1X4)
Add component (AddParameter): Name = "LatestRevisionDate"; Value = "17-Jul-2002"; VariantName = "[No Variations]"
Add component (AddParameter): Name = "LatestRevisionNote"; Value = "Re-released for DXP Platform."; VariantName = "[No Variations]"
Add component (AddParameter): Name = "Publisher"; Value = "Altium Limited"; VariantName = "[No Variations]"
Added Pin To Net: NetName=GND Pin=P1-3
Added Pin To Net: NetName=vdd Pin=P1-4
Change Net Name : Old Net Name=NetR2_1 New Net Name=NetR1_1
Added Pin To Net: NetName=NetP1_1 Pin=P1-1
Added Pin To Net: NetName=NetP1_1 Pin=U2-3
Added Net: Name=NetP1_1
Added Pin To Net: NetName=NetP1_2 Pin=P1-2
Added Pin To Net: NetName=NetP1_2 Pin=U2-2
Added Net: Name=NetP1_2
Added Pin To Net: NetName=NetP2_1 Pin=P2-1
Added Pin To Net: NetName=NetP2_1 Pin=U2-13
Added Net: Name=NetP2_1
Added Pin To Net: NetName=NetP2_2 Pin=P2-2
Added Pin To Net: NetName=NetP2_2 Pin=U2-12
Added Net: Name=NetP2_2
Added Pin To Net: NetName=NetP2_3 Pin=P2-3
Added Pin To Net: NetName=NetP2_3 Pin=U2-11
Added Net: Name=NetP2_3
Added Pin To Net: NetName=NetP2_4 Pin=P2-4
Added Pin To Net: NetName=NetP2_4 Pin=U2-10
Added Net: Name=NetP2_4
Added Member To Class: ClassName=park-contor-12i Member=Component P5 Header 4
