Removed Pin From Net: NetName=rx Pin=J8-1
Removed Pin From Net: NetName=tx Pin=J8-2
Removed Pin From Net: NetName=vdd Pin=J8-3
Removed Pin From Net: NetName=GND Pin=J8-4
Removed Pin From Net: NetName=tx Pin=JP1-1
Removed Pin From Net: NetName=tx Pin=JP1-2
Removed Pin From Net: NetName=btn Pin=JP2-1
Removed Pin From Net: NetName=btn Pin=JP2-2
Removed Pin From Net: NetName=rst Pin=JP3-1
Removed Pin From Net: NetName=rst Pin=JP3-2
Removed Pin From Net: NetName=rx Pin=JP4-1
Removed Pin From Net: NetName=rx Pin=JP4-2
Removed Pin From Net: NetName=GND Pin=JP5-1
Removed Pin From Net: NetName=GND Pin=JP5-2
Removed Pin From Net: NetName=vcc Pin=JP6-1
Removed Pin From Net: NetName=vcc Pin=JP6-2
Removed Pin From Net: NetName=i8 Pin=JP7-1
Removed Pin From Net: NetName=i8 Pin=JP7-2
Removed Pin From Net: NetName=rx Pin=JP8-1
Removed Pin From Net: NetName=rx Pin=JP8-2
Removed Pin From Net: NetName=GND Pin=JP9-1
Removed Pin From Net: NetName=GND Pin=JP9-2
Removed Pin From Net: NetName=i10 Pin=JP10-1
Removed Pin From Net: NetName=i10 Pin=JP10-2
Removed Pin From Net: NetName=i12 Pin=T3-1
Removed Pin From Net: NetName=i11 Pin=T3-2
Removed Pin From Net: NetName=i13 Pin=T3-3
Removed Member From Class: ClassName=park-contor Member=JP1
Removed Member From Class: ClassName=park-contor Member=JP2
Removed Member From Class: ClassName=park-contor Member=JP3
Removed Member From Class: ClassName=park-contor Member=JP4
Removed Member From Class: ClassName=park-contor Member=JP5
Removed Member From Class: ClassName=park-contor Member=JP6
Removed Member From Class: ClassName=park-contor Member=JP7
Removed Member From Class: ClassName=park-contor Member=JP8
Removed Member From Class: ClassName=park-contor Member=JP9
Removed Member From Class: ClassName=park-contor Member=JP10
Removed Member From Class: ClassName=park-contor Member=T3
Change Component Footprint: Designator=J8 Old Footprint=HEADER 4X1 New Footprint=Header 2X1
Change Component Comment : Designator=J8 Old Comment=Header4X1 New Comment=Header2X1
Added Pin To Net: NetName=vdd Pin=J8-1
Added Pin To Net: NetName=GND Pin=J8-2
