Removed Pin From Net: NetName=NetJ9_3 Pin=T3-1
Removed Pin From Net: NetName=NetJ9_1 Pin=T3-2
Removed Pin From Net: NetName=NetJ10_3 Pin=T4-1
Removed Pin From Net: NetName=NetJ10_1 Pin=T4-2
Removed Pin From Net: NetName=NetJ11_3 Pin=T5-1
Removed Pin From Net: NetName=NetJ11_1 Pin=T5-2
Removed Pin From Net: NetName=NetJ12_3 Pin=T6-1
Removed Pin From Net: NetName=NetJ12_1 Pin=T6-2
Removed Pin From Net: NetName=NetJ13_3 Pin=T7-1
Removed Pin From Net: NetName=NetJ13_1 Pin=T7-2
Removed Pin From Net: NetName=NetJ14_3 Pin=T8-1
Removed Pin From Net: NetName=NetJ14_1 Pin=T8-2
Removed Pin From Net: NetName=NetJ15_3 Pin=T9-1
Removed Pin From Net: NetName=NetJ15_1 Pin=T9-2
Removed Pin From Net: NetName=NetJ16_3 Pin=T10-1
Removed Pin From Net: NetName=NetJ16_1 Pin=T10-2
Removed Pin From Net: NetName=NetJ17_3 Pin=T11-1
Removed Pin From Net: NetName=NetJ17_1 Pin=T11-2
Removed Pin From Net: NetName=NetJ18_3 Pin=T12-1
Removed Pin From Net: NetName=NetJ18_1 Pin=T12-2
Removed Pin From Net: NetName=NetJ19_3 Pin=T13-1
Removed Pin From Net: NetName=NetJ19_1 Pin=T13-2
Removed Pin From Net: NetName=NetJ20_3 Pin=T14-1
Removed Pin From Net: NetName=NetJ20_1 Pin=T14-2
Added Pin To Net: NetName=NetJ9_1 Pin=T3-1
Added Pin To Net: NetName=NetJ9_3 Pin=T3-2
Added Pin To Net: NetName=NetJ10_1 Pin=T4-1
Added Pin To Net: NetName=NetJ10_3 Pin=T4-2
Added Pin To Net: NetName=NetJ11_1 Pin=T5-1
Added Pin To Net: NetName=NetJ11_3 Pin=T5-2
Added Pin To Net: NetName=NetJ12_1 Pin=T6-1
Added Pin To Net: NetName=NetJ12_3 Pin=T6-2
Added Pin To Net: NetName=NetJ13_1 Pin=T7-1
Added Pin To Net: NetName=NetJ13_3 Pin=T7-2
Added Pin To Net: NetName=NetJ14_1 Pin=T8-1
Added Pin To Net: NetName=NetJ14_3 Pin=T8-2
Added Pin To Net: NetName=NetJ15_1 Pin=T9-1
Added Pin To Net: NetName=NetJ15_3 Pin=T9-2
Added Pin To Net: NetName=NetJ16_1 Pin=T10-1
Added Pin To Net: NetName=NetJ16_3 Pin=T10-2
Added Pin To Net: NetName=NetJ17_1 Pin=T11-1
Added Pin To Net: NetName=NetJ17_3 Pin=T11-2
Added Pin To Net: NetName=NetJ18_1 Pin=T12-1
Added Pin To Net: NetName=NetJ18_3 Pin=T12-2
Added Pin To Net: NetName=NetJ19_1 Pin=T13-1
Added Pin To Net: NetName=NetJ19_3 Pin=T13-2
Added Pin To Net: NetName=NetJ20_1 Pin=T14-1
Added Pin To Net: NetName=NetJ20_3 Pin=T14-2
Added Member To Class: ClassName=park-contor-12i Member=Component E2 Antenna
Added Member To Class: ClassName=park-contor-12i Member=Component E3 Antenna
Added Member To Class: ClassName=park-contor-12i Member=Component J2 PWR2.5
Added Member To Class: ClassName=park-contor-12i Member=Component J7 Header3X1
Added Member To Class: ClassName=park-contor-12i Member=Component J8 Header3X1
Added Member To Class: ClassName=park-contor-12i Member=Component R3 10K
Added Member To Class: ClassName=park-contor-12i Member=Component U2 ATmega8-16AC
