Change Component Designator: Old Designator=E1 New Designator=E3
Change Component Designator: Old Designator=E2 New Designator=E1
Change Component Designator: Old Designator=E3 New Designator=E2
Change Component Designator: Old Designator=J1 New Designator=J9
Change Component Designator: Old Designator=J2 New Designator=J10
Change Component Designator: Old Designator=J3 New Designator=J6
Change Component Designator: Old Designator=J4 New Designator=J7
Change Component Designator: Old Designator=J5 New Designator=J8
Change Component Designator: Old Designator=J6 New Designator=J11
Change Component Designator: Old Designator=J7 New Designator=J1
Change Component Designator: Old Designator=J8 New Designator=J12
Change Component Designator: Old Designator=J9 New Designator=J4
Change Component Designator: Old Designator=J10 New Designator=J13
Change Component Designator: Old Designator=J11 New Designator=J2
Change Component Designator: Old Designator=J12 New Designator=J5
Change Component Designator: Old Designator=J13 New Designator=J14
Change Component Designator: Old Designator=J14 New Designator=J15
Change Component Designator: Old Designator=J15 New Designator=J3
Change Component Designator: Old Designator=R1 New Designator=R3
Change Component Designator: Old Designator=R3 New Designator=R1
Change Component Designator: Old Designator=T1 New Designator=T3
Change Component Designator: Old Designator=T2 New Designator=T4
Change Component Designator: Old Designator=T3 New Designator=T5
Change Component Designator: Old Designator=T4 New Designator=T6
Change Component Designator: Old Designator=T5 New Designator=T7
Change Component Designator: Old Designator=T6 New Designator=T8
Change Component Designator: Old Designator=T7 New Designator=T9
Change Component Designator: Old Designator=T8 New Designator=T10
Change Component Designator: Old Designator=T9 New Designator=T11
Change Component Designator: Old Designator=T10 New Designator=T12
Change Component Designator: Old Designator=T11 New Designator=T1
Change Component Designator: Old Designator=T12 New Designator=T13
Change Component Designator: Old Designator=T13 New Designator=T2
Change Component Designator: Old Designator=U1 New Designator=U4
Change Component Designator: Old Designator=U3 New Designator=U1
Change Component Designator: Old Designator=U4 New Designator=U3
