Change Component Designator: Old Designator=C3 New Designator=C4
Change Component Designator: Old Designator=C4 New Designator=C3
Change Component Designator: Old Designator=D1 New Designator=D2
Change Component Designator: Old Designator=D2 New Designator=D1
Change Component Designator: Old Designator=E1 New Designator=E2
Change Component Designator: Old Designator=E2 New Designator=E1
Change Component Designator: Old Designator=E3 New Designator=E4
Change Component Designator: Old Designator=E4 New Designator=E3
Change Component Designator: Old Designator=J6 New Designator=J13
Change Component Designator: Old Designator=J7 New Designator=J12
Change Component Designator: Old Designator=J8 New Designator=J11
Change Component Designator: Old Designator=J9 New Designator=J10
Change Component Designator: Old Designator=J10 New Designator=J9
Change Component Designator: Old Designator=J11 New Designator=J8
Change Component Designator: Old Designator=J12 New Designator=J7
Change Component Designator: Old Designator=J13 New Designator=J6
Change Component Designator: Old Designator=J14 New Designator=J21
Change Component Designator: Old Designator=J15 New Designator=J20
Change Component Designator: Old Designator=J16 New Designator=J19
Change Component Designator: Old Designator=J17 New Designator=J18
Change Component Designator: Old Designator=J18 New Designator=J17
Change Component Designator: Old Designator=J19 New Designator=J16
Change Component Designator: Old Designator=J20 New Designator=J15
Change Component Designator: Old Designator=J21 New Designator=J14
Change Component Designator: Old Designator=J22 New Designator=J29
Change Component Designator: Old Designator=J23 New Designator=J28
Change Component Designator: Old Designator=J24 New Designator=J27
Change Component Designator: Old Designator=J25 New Designator=J26
Change Component Designator: Old Designator=J26 New Designator=J25
Change Component Designator: Old Designator=J27 New Designator=J24
Change Component Designator: Old Designator=J28 New Designator=J23
Change Component Designator: Old Designator=J29 New Designator=J22
Change Component Designator: Old Designator=JP1 New Designator=JP2
Change Component Designator: Old Designator=JP2 New Designator=JP1
Change Component Designator: Old Designator=S1 New Designator=S3
Change Component Designator: Old Designator=S3 New Designator=S1
Change Component Designator: Old Designator=T1 New Designator=T8
Change Component Designator: Old Designator=T2 New Designator=T7
Change Component Designator: Old Designator=T3 New Designator=T6
Change Component Designator: Old Designator=T4 New Designator=T5
Change Component Designator: Old Designator=T5 New Designator=T4
Change Component Designator: Old Designator=T6 New Designator=T3
Change Component Designator: Old Designator=T7 New Designator=T2
Change Component Designator: Old Designator=T8 New Designator=T1
Change Component Designator: Old Designator=T9 New Designator=T16
Change Component Designator: Old Designator=T10 New Designator=T15
Change Component Designator: Old Designator=T11 New Designator=T14
Change Component Designator: Old Designator=T12 New Designator=T13
Change Component Designator: Old Designator=T13 New Designator=T12
Change Component Designator: Old Designator=T14 New Designator=T11
Change Component Designator: Old Designator=T15 New Designator=T10
Change Component Designator: Old Designator=T16 New Designator=T9
Change Component Designator: Old Designator=T17 New Designator=T24
Change Component Designator: Old Designator=T18 New Designator=T23
Change Component Designator: Old Designator=T19 New Designator=T22
Change Component Designator: Old Designator=T20 New Designator=T21
Change Component Designator: Old Designator=T21 New Designator=T20
Change Component Designator: Old Designator=T22 New Designator=T19
Change Component Designator: Old Designator=T23 New Designator=T18
Change Component Designator: Old Designator=T24 New Designator=T17
Change Component Designator: Old Designator=U4 New Designator=U5
Change Component Designator: Old Designator=U5 New Designator=U6
Change Component Designator: Old Designator=U6 New Designator=U4
