Add Component: Footprint Not Found SO08
Add Component: Footprint Not Found SO08
Add Component: Footprint Not Found SO08
Add Component: Footprint Not Found SO08
Add Component: Footprint Not Found SO08
Add Component: Footprint Not Found SO08
Add Component: Footprint Not Found SO08
Add Component: Footprint Not Found SO08
Add Component: Footprint Not Found SO08
Add Component: Footprint Not Found SO08
Add Component: Footprint Not Found SO08
Add Component: Footprint Not Found SO08
Add Component: Footprint Not Found phoenix terminal 2
Add Component: Footprint Not Found phoenix terminal 2
Add Component: Footprint Not Found phoenix terminal 2
Add Component: Footprint Not Found phoenix terminal 2
Add Component: Footprint Not Found phoenix terminal 2
Add Component: Footprint Not Found phoenix terminal 2
Add Component: Footprint Not Found phoenix terminal 2
Add Component: Footprint Not Found phoenix terminal 2
Add Component: Footprint Not Found phoenix terminal 2
Add Component: Footprint Not Found phoenix terminal 2
Add Component: Footprint Not Found phoenix terminal 2
Add Component: Footprint Not Found phoenix terminal 2
Add Pin To Net: Unknown Pin: Pin J6-1
Add Pin To Net: Unknown Pin: Pin J6-2
Add Pin To Net: Unknown Pin: Pin J6-3
Add Pin To Net: Unknown Pin: Pin J6-4
Add Pin To Net: Unknown Pin: Pin J6-7
Add Pin To Net: Unknown Pin: Pin J7-1
Add Pin To Net: Unknown Pin: Pin J7-2
Add Pin To Net: Unknown Pin: Pin J7-3
Add Pin To Net: Unknown Pin: Pin J7-4
Add Pin To Net: Unknown Pin: Pin J7-7
Add Pin To Net: Unknown Pin: Pin J8-1
Add Pin To Net: Unknown Pin: Pin J8-2
Add Pin To Net: Unknown Pin: Pin J8-3
Add Pin To Net: Unknown Pin: Pin J8-4
Add Pin To Net: Unknown Pin: Pin J8-7
Add Pin To Net: Unknown Pin: Pin J9-1
Add Pin To Net: Unknown Pin: Pin J9-2
Add Pin To Net: Unknown Pin: Pin J9-3
Add Pin To Net: Unknown Pin: Pin J9-4
Add Pin To Net: Unknown Pin: Pin J9-7
Add Pin To Net: Unknown Pin: Pin J10-1
Add Pin To Net: Unknown Pin: Pin J10-2
Add Pin To Net: Unknown Pin: Pin J10-3
Add Pin To Net: Unknown Pin: Pin J10-4
Add Pin To Net: Unknown Pin: Pin J10-7
Add Pin To Net: Unknown Pin: Pin J11-1
Add Pin To Net: Unknown Pin: Pin J11-2
Add Pin To Net: Unknown Pin: Pin J11-3
Add Pin To Net: Unknown Pin: Pin J11-4
Add Pin To Net: Unknown Pin: Pin J11-7
Add Pin To Net: Unknown Pin: Pin J12-1
Add Pin To Net: Unknown Pin: Pin J12-2
Add Pin To Net: Unknown Pin: Pin J12-3
Add Pin To Net: Unknown Pin: Pin J12-4
Add Pin To Net: Unknown Pin: Pin J12-7
Add Pin To Net: Unknown Pin: Pin J13-1
Add Pin To Net: Unknown Pin: Pin J13-2
Add Pin To Net: Unknown Pin: Pin J13-3
Add Pin To Net: Unknown Pin: Pin J13-4
Add Pin To Net: Unknown Pin: Pin J13-7
Add Pin To Net: Unknown Pin: Pin J14-1
Add Pin To Net: Unknown Pin: Pin J14-2
Add Pin To Net: Unknown Pin: Pin J14-3
Add Pin To Net: Unknown Pin: Pin J14-4
Add Pin To Net: Unknown Pin: Pin J14-7
Add Pin To Net: Unknown Pin: Pin J15-1
Add Pin To Net: Unknown Pin: Pin J15-2
Add Pin To Net: Unknown Pin: Pin J15-3
Add Pin To Net: Unknown Pin: Pin J15-4
Add Pin To Net: Unknown Pin: Pin J15-7
Add Pin To Net: Unknown Pin: Pin J16-1
Add Pin To Net: Unknown Pin: Pin J16-2
Add Pin To Net: Unknown Pin: Pin J16-3
Add Pin To Net: Unknown Pin: Pin J16-4
Add Pin To Net: Unknown Pin: Pin J16-7
Add Pin To Net: Unknown Pin: Pin J17-1
Add Pin To Net: Unknown Pin: Pin J17-2
Add Pin To Net: Unknown Pin: Pin J17-3
Add Pin To Net: Unknown Pin: Pin J17-4
Add Pin To Net: Unknown Pin: Pin J17-7
Add Pin To Net: Unknown Pin: Pin T1-1
Add Pin To Net: Unknown Pin: Pin T1-2
Add Pin To Net: Unknown Pin: Pin T2-1
Add Pin To Net: Unknown Pin: Pin T2-2
Add Pin To Net: Unknown Pin: Pin T3-1
Add Pin To Net: Unknown Pin: Pin T3-2
Add Pin To Net: Unknown Pin: Pin T4-1
Add Pin To Net: Unknown Pin: Pin T4-2
Add Pin To Net: Unknown Pin: Pin T5-1
Add Pin To Net: Unknown Pin: Pin T5-2
Add Pin To Net: Unknown Pin: Pin T6-1
Add Pin To Net: Unknown Pin: Pin T6-2
Add Pin To Net: Unknown Pin: Pin T7-1
Add Pin To Net: Unknown Pin: Pin T7-2
Add Pin To Net: Unknown Pin: Pin T8-1
Add Pin To Net: Unknown Pin: Pin T8-2
Add Pin To Net: Unknown Pin: Pin T9-1
Add Pin To Net: Unknown Pin: Pin T9-2
Add Pin To Net: Unknown Pin: Pin T10-1
Add Pin To Net: Unknown Pin: Pin T10-2
Add Pin To Net: Unknown Pin: Pin T11-1
Add Pin To Net: Unknown Pin: Pin T11-2
Add Pin To Net: Unknown Pin: Pin T12-1
Add Pin To Net: Unknown Pin: Pin T12-2
Added Member To Class: ClassName=park-contor-12i Member=Component J3 Header4X1
Add Class Member: Failed to add class member : Component J6 ACS712
Add Class Member: Failed to add class member : Component J7 ACS712
Add Class Member: Failed to add class member : Component J8 ACS712
Add Class Member: Failed to add class member : Component J9 ACS712
Add Class Member: Failed to add class member : Component J10 ACS712
Add Class Member: Failed to add class member : Component J11 ACS712
Add Class Member: Failed to add class member : Component J12 ACS712
Add Class Member: Failed to add class member : Component J13 ACS712
Add Class Member: Failed to add class member : Component J14 ACS712
Add Class Member: Failed to add class member : Component J15 ACS712
Add Class Member: Failed to add class member : Component J16 ACS712
Add Class Member: Failed to add class member : Component J17 ACS712
Added Member To Class: ClassName=park-contor-12i Member=Component J19 ACS712
Add Class Member: Failed to add class member : Component T1 Phoenix terminal
Add Class Member: Failed to add class member : Component T2 Phoenix terminal
Add Class Member: Failed to add class member : Component T3 Phoenix terminal
Add Class Member: Failed to add class member : Component T4 Phoenix terminal
Add Class Member: Failed to add class member : Component T5 Phoenix terminal
Add Class Member: Failed to add class member : Component T6 Phoenix terminal
Add Class Member: Failed to add class member : Component T7 Phoenix terminal
Add Class Member: Failed to add class member : Component T8 Phoenix terminal
Add Class Member: Failed to add class member : Component T9 Phoenix terminal
Add Class Member: Failed to add class member : Component T10 Phoenix terminal
Add Class Member: Failed to add class member : Component T11 Phoenix terminal
Add Class Member: Failed to add class member : Component T12 Phoenix terminal
Added Member To Class: ClassName=park-contor-12i Member=Component T13 Phoenix terminal
Added Member To Class: ClassName=park-contor-12i Member=Component T14 Phoenix terminal
Added Member To Class: ClassName=park-contor-12i Member=Component U3 CD4051BCM
