Change Component Designator: Old Designator=D? New Designator=D3
Change Component Designator: Old Designator=D? New Designator=D4
Change Component Designator: Old Designator=D? New Designator=D5
Change Component Designator: Old Designator=D? New Designator=D6
Change Component Designator: Old Designator=D? New Designator=D7
Change Component Designator: Old Designator=D? New Designator=D8
Change Component Designator: Old Designator=D? New Designator=D9
Change Component Designator: Old Designator=D? New Designator=D10
Change Component Designator: Old Designator=D? New Designator=D11
Change Component Designator: Old Designator=D? New Designator=D12
Change Component Designator: Old Designator=D? New Designator=D13
Change Component Designator: Old Designator=J2 New Designator=J1
Change Component Designator: Old Designator=J4 New Designator=J2
Change Component Designator: Old Designator=J5 New Designator=J3
Change Component Designator: Old Designator=J6 New Designator=J4
Change Component Designator: Old Designator=J7 New Designator=J5
Change Component Designator: Old Designator=J8 New Designator=J6
Change Component Designator: Old Designator=J9 New Designator=J7
Change Component Designator: Old Designator=J10 New Designator=J8
Change Component Designator: Old Designator=J11 New Designator=J9
Change Component Designator: Old Designator=J12 New Designator=J10
Change Component Designator: Old Designator=J13 New Designator=J11
Change Component Designator: Old Designator=J14 New Designator=J12
Change Component Designator: Old Designator=J15 New Designator=J13
Change Component Designator: Old Designator=J16 New Designator=J14
Change Component Designator: Old Designator=J17 New Designator=J15
Change Component Designator: Old Designator=J18 New Designator=J16
Change Component Designator: Old Designator=J19 New Designator=J17
Change Component Designator: Old Designator=J20 New Designator=J18
Change Component Designator: Old Designator=J21 New Designator=J19
Change Component Designator: Old Designator=J22 New Designator=J20
Change Component Designator: Old Designator=J23 New Designator=J21
Change Component Designator: Old Designator=J24 New Designator=J22
Change Component Designator: Old Designator=J25 New Designator=J23
Change Component Designator: Old Designator=J26 New Designator=J24
Change Component Designator: Old Designator=J27 New Designator=J25
Change Component Designator: Old Designator=J28 New Designator=J26
Change Component Designator: Old Designator=J29 New Designator=J27
Change Component Designator: Old Designator=P1 New Designator=P2
Change Component Designator: Old Designator=P2 New Designator=P3
Change Component Designator: Old Designator=P3 New Designator=P4
Change Component Designator: Old Designator=P4 New Designator=P1
Change Component Designator: Old Designator=PT? New Designator=PT1
Change Component Designator: Old Designator=Q? New Designator=Q1
Change Component Designator: Old Designator=Q? New Designator=Q2
Change Component Designator: Old Designator=R1 New Designator=R2
Change Component Designator: Old Designator=R2 New Designator=R3
Change Component Designator: Old Designator=R3 New Designator=R1
Change Component Designator: Old Designator=U4 New Designator=U3
Change Component Designator: Old Designator=U5 New Designator=U4
Change Component Designator: Old Designator=U6 New Designator=U5
