Removed Pin From Net: NetName=vcc Pin=D1-1
Removed Pin From Net: NetName=vcc Pin=J3-1
Removed Pin From Net: NetName=vcc Pin=U1-1
Change Component Designator: OldDesignator=R5 NewDesignator=R6
Change Component Designator: OldDesignator=R6 NewDesignator=R7
Change Component Designator: OldDesignator=R7 NewDesignator=R8
Change Component Designator: OldDesignator=R8 NewDesignator=R9
Change Component Designator: OldDesignator=R9 NewDesignator=R10
Change Component Designator: OldDesignator=R10 NewDesignator=R11
Change Component Designator: OldDesignator=R11 NewDesignator=R12
Change Component Designator: OldDesignator=R12 NewDesignator=R13
Change Component Designator: OldDesignator=R13 NewDesignator=R14
Change Component Designator: OldDesignator=R14 NewDesignator=R15
Added Component: Designator=R5(RES 1206 (3216X08L))
Add component (AddParameter): Name = "Power"; Value = "1/4 W"; VariantName = "[No Variations]"
Add component (AddParameter): Name = "Tolerance"; Value = "5%"; VariantName = "[No Variations]"
Add component (AddParameter): Name = "Value"; Value = "10K"; VariantName = "[No Variations]"
Added Pin To Net: NetName=vcc Pin=R5-1
Change Net Name : Old Net Name=NetR5_2 New Net Name=NetR6_2
Change Net Name : Old Net Name=NetR6_2 New Net Name=NetR7_2
Change Net Name : Old Net Name=NetR8_2 New Net Name=NetR9_2
Change Net Name : Old Net Name=NetR9_2 New Net Name=NetR10_2
Change Net Name : Old Net Name=vcc New Net Name=NetC1_1
Added Pin To Net: NetName=NetR5_2 Pin=R5-2
Added Pin To Net: NetName=NetR5_2 Pin=U1-1
Added Net: Name=NetR5_2
Added Pin To Net: NetName=vcc Pin=D1-1
Added Pin To Net: NetName=vcc Pin=J3-1
Added Net: Name=vcc
Added Member To Class: ClassName=touch-tara-h66 Member=Component D1 LED 5mm
Added Member To Class: ClassName=touch-tara-h66 Member=Component D3 LED2
Added Member To Class: ClassName=touch-tara-h66 Member=Component D4 LED2
Added Member To Class: ClassName=touch-tara-h66 Member=Component R2 10K
Added Member To Class: ClassName=touch-tara-h66 Member=Component R3 10K
Added Member To Class: ClassName=touch-tara-h66 Member=Component R5 10K
Added Member To Class: ClassName=touch-tara-h66 Member=Component R6 10K
Added Member To Class: ClassName=touch-tara-h66 Member=Component R8 10K
Added Member To Class: ClassName=touch-tara-h66 Member=Component R9 10K
Added Member To Class: ClassName=touch-tara-h66 Member=Component R11 10K
Added Member To Class: ClassName=touch-tara-h66 Member=Component R13 10K
Added Member To Class: ClassName=touch-tara-h66 Member=Component R15 10K
