Removed Pin From Net: NetName=GND Pin=C4-1
Removed Pin From Net: NetName=GND Pin=C5-1
Removed Pin From Net: NetName=faz Pin=D1-2
Removed Pin From Net: NetName=faz Pin=D4-2
Removed Pin From Net: NetName=faz Pin=D7-2
Removed Pin From Net: NetName=GND Pin=J1-1
Removed Pin From Net: NetName=vesp Pin=J1-5
Removed Pin From Net: NetName=GND Pin=J2-1
Removed Pin From Net: NetName=vesp Pin=J2-5
Removed Pin From Net: NetName=nol Pin=J6-1
Removed Pin From Net: NetName=faz Pin=J6-2
Removed Pin From Net: NetName=nol Pin=J7-1
Removed Pin From Net: NetName=GND Pin=J8-1
Removed Pin From Net: NetName=s3 Pin=J8-2
Removed Pin From Net: NetName=s2 Pin=J8-3
Removed Pin From Net: NetName=s1 Pin=J8-4
Removed Pin From Net: NetName=GND Pin=J9-1
Removed Pin From Net: NetName=GND Pin=J12-1
Removed Pin From Net: NetName=GND Pin=P1-1
Removed Pin From Net: NetName=GND Pin=P2-1
Removed Pin From Net: NetName=GND Pin=P3-1
Removed Pin From Net: NetName=vesp Pin=R1-2
Removed Pin From Net: NetName=vesp Pin=R2-2
Removed Pin From Net: NetName=vesp Pin=R3-2
Removed Pin From Net: NetName=vesp Pin=R4-2
Removed Pin From Net: NetName=vesp Pin=R5-2
Removed Pin From Net: NetName=vesp Pin=R6-2
Removed Pin From Net: NetName=vesp Pin=R7-2
Removed Pin From Net: NetName=vesp Pin=R8-2
Removed Pin From Net: NetName=vesp Pin=R9-2
Removed Pin From Net: NetName=vesp Pin=R10-2
Removed Pin From Net: NetName=vesp Pin=R11-2
Removed Pin From Net: NetName=vesp Pin=R12-2
Removed Pin From Net: NetName=rst Pin=R13-1
Removed Pin From Net: NetName=vesp Pin=R13-2
Removed Pin From Net: NetName=vesp Pin=R14-1
Removed Pin From Net: NetName=s3 Pin=R15-1
Removed Pin From Net: NetName=vesp Pin=R15-2
Removed Pin From Net: NetName=s2 Pin=R16-1
Removed Pin From Net: NetName=vesp Pin=R16-2
Removed Pin From Net: NetName=s1 Pin=R17-1
Removed Pin From Net: NetName=vesp Pin=R17-2
Removed Pin From Net: NetName=o3esp Pin=R18-1
Removed Pin From Net: NetName=faz Pin=R20-2
Removed Pin From Net: NetName=faz Pin=R21-2
Removed Pin From Net: NetName=o2esp Pin=R22-1
Removed Pin From Net: NetName=faz Pin=R24-2
Removed Pin From Net: NetName=faz Pin=R25-2
Removed Pin From Net: NetName=o1esp Pin=R26-1
Removed Pin From Net: NetName=faz Pin=R28-2
Removed Pin From Net: NetName=faz Pin=R29-2
Removed Pin From Net: NetName=GND Pin=U1-3
Removed Pin From Net: NetName=vesp Pin=U1-4
Removed Pin From Net: NetName=GND Pin=U1-5
Removed Pin From Net: NetName=vesp Pin=U1-6
Removed Pin From Net: NetName=vesp Pin=U1-18
Removed Pin From Net: NetName=GND Pin=U1-21
Removed Pin From Net: NetName=rst Pin=U1-29
Removed Pin From Net: NetName=faz Pin=U4-1
Removed Pin From Net: NetName=nol Pin=U4-2
Removed Pin From Net: NetName=GND Pin=U4-3
Removed Pin From Net: NetName=GND Pin=U5-2
Removed Pin From Net: NetName=GND Pin=U6-2
Removed Pin From Net: NetName=GND Pin=U7-2
Removed Pin From Net: NetName=GND Pin=U8-2
Removed Pin From Net: NetName=GND Pin=U9-2
Removed Pin From Net: NetName=GND Pin=U10-2
Removed Member From Class: ClassName=tscnew-tr-3-8 Member=D1
Removed Member From Class: ClassName=tscnew-tr-3-8 Member=D3
Removed Member From Class: ClassName=tscnew-tr-3-8 Member=D4
Removed Member From Class: ClassName=tscnew-tr-3-8 Member=D6
Removed Member From Class: ClassName=tscnew-tr-3-8 Member=D7
Removed Member From Class: ClassName=tscnew-tr-3-8 Member=D9
Removed Member From Class: ClassName=tscnew-tr-3-8 Member=J1
Removed Member From Class: ClassName=tscnew-tr-3-8 Member=J5
Removed Member From Class: ClassName=tscnew-tr-3-8 Member=J6
Removed Member From Class: ClassName=tscnew-tr-3-8 Member=J8
Removed Member From Class: ClassName=tscnew-tr-3-8 Member=J9
Removed Member From Class: ClassName=tscnew-tr-3-8 Member=J10
Removed Member From Class: ClassName=tscnew-tr-3-8 Member=R14
Removed Member From Class: ClassName=tscnew-tr-3-8 Member=R15
Removed Member From Class: ClassName=tscnew-tr-3-8 Member=R16
Removed Member From Class: ClassName=tscnew-tr-3-8 Member=R17
Removed Member From Class: ClassName=tscnew-tr-3-8 Member=R18
Removed Member From Class: ClassName=tscnew-tr-3-8 Member=R22
Removed Member From Class: ClassName=tscnew-tr-3-8 Member=R26
Removed Member From Class: ClassName=tscnew-tr-3-8 Member=U4
Removed Member From Class: ClassName=tscnew-tr-3-8 Member=U5
Removed Member From Class: ClassName=tscnew-tr-3-8 Member=U7
Removed Member From Class: ClassName=tscnew-tr-3-8 Member=U9
Change Class Name : Old Net Name=tscnew-tr-3-8 New Net Name=plug
Added Member To Class: ClassName=plug Member=Component C1 =Value
Added Member To Class: ClassName=plug Member=Component C2 =Value
Added Member To Class: ClassName=plug Member=Component C3 =Value
Added Member To Class: ClassName=plug Member=Component S1 PB-2pin
Added Member To Class: ClassName=plug Member=Component S2 PUSH BUTTON DOUBLE
Change Room Name: Old Name=tscnew-tr-3-8 New Name=plug
Change Room Scope: Old Scope=InComponentClass('tscnew-tr-3-8') New Scope=InComponentClass('plug')
