Change Component Designator: OldDesignator=D5 NewDesignator=D8
Change Component Designator: OldDesignator=D6 NewDesignator=D7
Change Component Designator: OldDesignator=D7 NewDesignator=D9
Change Component Designator: OldDesignator=D8 NewDesignator=D10
Change Component Designator: OldDesignator=D9 NewDesignator=D11
Change Component Designator: OldDesignator=D10 NewDesignator=D12
Added Component: Designator=D5(SMC)
Add component. Clean all parameters for all variants
Add component (AddParameter): Name = "Code_JEDEC"; Value = "DO-214-AB"; VariantName = "[No Variations]"
Add component (AddParameter): Name = "LatestRevisionDate"; Value = "17-Jul-2002"; VariantName = "[No Variations]"
Add component (AddParameter): Name = "LatestRevisionNote"; Value = "Re-released for DXP Platform."; VariantName = "[No Variations]"
Add component (AddParameter): Name = "PackageDescription"; Value = "DO-214-AB/SMC; 2 C-Bend Leads; Body 7.9 x 5.9 mm, inc. leads (LxW)"; VariantName = "[No Variations]"
Add component (AddParameter): Name = "PackageReference"; Value = "SMC"; VariantName = "[No Variations]"
Add component (AddParameter): Name = "PackageVersion"; Value = "Sep-1996"; VariantName = "[No Variations]"
Add component (AddParameter): Name = "Published"; Value = "8-Jun-2000"; VariantName = "[No Variations]"
Add component (AddParameter): Name = "Publisher"; Value = "Altium Limited"; VariantName = "[No Variations]"
Added Component: Designator=D6(SMC)
Add component. Clean all parameters for all variants
Add component (AddParameter): Name = "Code_JEDEC"; Value = "DO-214-AB"; VariantName = "[No Variations]"
Add component (AddParameter): Name = "LatestRevisionDate"; Value = "17-Jul-2002"; VariantName = "[No Variations]"
Add component (AddParameter): Name = "LatestRevisionNote"; Value = "Re-released for DXP Platform."; VariantName = "[No Variations]"
Add component (AddParameter): Name = "PackageDescription"; Value = "DO-214-AB/SMC; 2 C-Bend Leads; Body 7.9 x 5.9 mm, inc. leads (LxW)"; VariantName = "[No Variations]"
Add component (AddParameter): Name = "PackageReference"; Value = "SMC"; VariantName = "[No Variations]"
Add component (AddParameter): Name = "PackageVersion"; Value = "Sep-1996"; VariantName = "[No Variations]"
Add component (AddParameter): Name = "Published"; Value = "8-Jun-2000"; VariantName = "[No Variations]"
Add component (AddParameter): Name = "Publisher"; Value = "Altium Limited"; VariantName = "[No Variations]"
Added Pin To Net: NetName=GND Pin=D5-1
Added Pin To Net: NetName=VDD Pin=D6-1
Added Pin To Net: NetName=GND Pin=R9-1
Added Pin To Net: NetName=GND Pin=R11-1
Added Pin To Net: NetName=VDD Pin=U4-2
Added Pin To Net: NetName=GND Pin=U4-3
Added Pin To Net: NetName=GND Pin=U5-2
Change Net Name : Old Net Name=NetD5_1 New Net Name=NetD8_1
Change Net Name : Old Net Name=NetD6_1 New Net Name=NetD7_1
Change Net Name : Old Net Name=NetD7_1 New Net Name=NetD9_1
Change Net Name : Old Net Name=NetD8_2 New Net Name=NetD10_2
Change Net Name : Old Net Name=NetD9_1 New Net Name=NetD11_1
Change Net Name : Old Net Name=NetD10_2 New Net Name=NetD12_2
Added Member To Class: ClassName=iotv2 Member=Component D5 Diode
Added Member To Class: ClassName=iotv2 Member=Component D6 Diode
Added Member To Class: ClassName=iotv2 Member=Component D11 Diode 1N4007
Added Member To Class: ClassName=iotv2 Member=Component D12 LED 3mm
