Removed Pin From Net: NetName=VCC Pin=C3-2
Removed Pin From Net: NetName=VCC Pin=C4-2
Removed Pin From Net: NetName=GND Pin=D1-1
Removed Pin From Net: NetName=VCC Pin=D1-2
Removed Pin From Net: NetName=GND Pin=P1-1
Removed Pin From Net: NetName=o1 Pin=P1-2
Removed Pin From Net: NetName=NetC1_2 Pin=R1-1
Removed Pin From Net: NetName=GND Pin=R2-2
Removed Pin From Net: NetName=o1 Pin=R5-1
Removed Pin From Net: NetName=VCC Pin=U1-1
Removed Pin From Net: NetName=NetC1_2 Pin=U1-3
Removed Pin From Net: NetName=VCC Pin=U2-1
Removed Member From Class: ClassName=tuch-tara2 Member=C3
Removed Member From Class: ClassName=tuch-tara2 Member=C4
Removed Member From Class: ClassName=tuch-tara2 Member=R4
Removed Member From Class: ClassName=tuch-tara2 Member=R5
Removed Member From Class: ClassName=tuch-tara2 Member=U1
Removed Member From Class: ClassName=tuch-tara2 Member=U2
Removed Member From Class: ClassName=tuch-tara2 Member=U3
Change Component Footprint: Designator=C1 Old Footprint=CAP-30 New Footprint=CAP 1206
Change Component Footprint: Designator=D1 Old Footprint=DO-41 New Footprint=LED-5mm
Change component parameters: Designator = "D1" ("D1"); Footprint = "DO-41"; UniqueID = "\GUUDZXHL" ("\GUUDZXHL")
Change component parameters (AddParameter): Name = "COLOR"; Value = "RED"; VariantName = "[No Variations]"
Added Component: Designator=J1(DIL16)
Add component (AddParameter): Name = "Availability"; Value = "Warning"; VariantName = "[No Variations]"
Add component (AddParameter): Name = "MF"; Value = "Heyco"; VariantName = "[No Variations]"
Add component (AddParameter): Name = "Mouser-Purchase-URL"; Value = "https://snapeda.com/shop?store=Mouser&id=51486"; VariantName = "[No Variations]"
Add component (AddParameter): Name = "MP"; Value = "4017"; VariantName = "[No Variations]"
Add component (AddParameter): Name = "Package"; Value = "0603 Heyco"; VariantName = "[No Variations]"
Add component (AddParameter): Name = "Price"; Value = "None"; VariantName = "[No Variations]"
Add component (AddParameter): Name = "SnapEDA_Link"; Value = "https://www.snapeda.com/parts/4017/Heyco/view-part/51486/?ref=snap"; VariantName = "[No Variations]"
Add component (AddParameter): Name = "Value"; Value = ""; VariantName = "[No Variations]"
Added Component: Designator=P2(HDR1X3)
Add component (AddParameter): Name = "LatestRevisionDate"; Value = "17-Jul-2002"; VariantName = "[No Variations]"
Add component (AddParameter): Name = "LatestRevisionNote"; Value = "Re-released for DXP Platform."; VariantName = "[No Variations]"
Add component (AddParameter): Name = "Publisher"; Value = "Altium Limited"; VariantName = "[No Variations]"
Added Pin To Net: NetName=o1 Pin=J1-2
Added Pin To Net: NetName=NetC1_2 Pin=J1-4
Added Pin To Net: NetName=NetC1_2 Pin=J1-5
Added Pin To Net: NetName=NetC1_2 Pin=J1-6
Added Pin To Net: NetName=NetC1_2 Pin=J1-7
Added Pin To Net: NetName=GND Pin=J1-8
Added Pin To Net: NetName=GND Pin=J1-13
Added Pin To Net: NetName=NetC1_2 Pin=J1-15
Added Pin To Net: NetName=GND Pin=P1-2
Added Pin To Net: NetName=GND Pin=P2-1
Added Pin To Net: NetName=o1 Pin=P2-3
Added Pin To Net: NetName=GND Pin=R1-2
Added Pin To Net: NetName=VCC Pin=R2-1
Change Net Name : Old Net Name=VCC New Net Name=NetC2_1
Added Pin To Net: NetName=NetJ1_14 Pin=J1-14
Added Pin To Net: NetName=NetJ1_14 Pin=R2-2
Added Net: Name=NetJ1_14
Added Pin To Net: NetName=VCC Pin=C1-1
Added Pin To Net: NetName=VCC Pin=D1-1
Added Pin To Net: NetName=VCC Pin=J1-16
Added Pin To Net: NetName=VCC Pin=P1-1
Added Pin To Net: NetName=VCC Pin=P2-2
Added Net: Name=VCC
Change Class Name : Old Net Name=tuch-tara2 New Net Name=ir-tara
Added Member To Class: ClassName=ir-tara Member=Component J1 -4017
Added Member To Class: ClassName=ir-tara Member=Component P2 Header 3
Change Room Name: Old Name=tuch-tara2 New Name=ir-tara
Change Room Scope: Old Scope=InComponentClass('tuch-tara2') New Scope=InComponentClass('ir-tara')
