Removed Pin From Net: NetName=GND Pin=C2-1
Removed Pin From Net: NetName=VCC Pin=C2-2
Removed Pin From Net: NetName=GND Pin=ir1-2
Removed Pin From Net: NetName=VCC Pin=ir1-3
Removed Pin From Net: NetName=NetP3_1 Pin=Q1-1
Removed Pin From Net: NetName=VCC Pin=Q1-2
Removed Pin From Net: NetName=VCC Pin=U1-1
Removed Pin From Net: NetName=GND Pin=U1-2
Removed Pin From Net: NetName=NetC1_2 Pin=U1-3
Removed Pin From Net: NetName=VCC Pin=U2-1
Removed Pin From Net: NetName=GND Pin=U3-2
Removed Pin From Net: NetName=VCC Pin=U3-5
Removed Pin From Net: NetName=VCC Pin=U3-6
Removed Member From Class: ClassName=tuch-tara-ir Member=D2
Removed Member From Class: ClassName=tuch-tara-ir Member=ir1
Removed Member From Class: ClassName=tuch-tara-ir Member=Q1
Removed Member From Class: ClassName=tuch-tara-ir Member=R4
Removed Member From Class: ClassName=tuch-tara-ir Member=R5
Removed Member From Class: ClassName=tuch-tara-ir Member=R6
Removed Member From Class: ClassName=tuch-tara-ir Member=R7
Removed Member From Class: ClassName=tuch-tara-ir Member=R8
Change Component Footprint: Designator=C3 Old Footprint=CAP-30 New Footprint=ELEC-CAP-RAD10-20
Change Component Footprint: Designator=C2 Old Footprint=ELEC-CAP-RAD10-20 New Footprint=MKT-CAP-30
Change Component Footprint: Designator=U3 Old Footprint=SOT95P285X126-6N New Footprint=SOIC245P670X270-4N
Change Component Comment : Designator=U3 Old Comment=TTP223_ New Comment=MB6S
Change Component Designator: OldDesignator=R5 NewDesignator=R3
Change Component Designator: OldDesignator=U2 NewDesignator=U1
Change component parameters: Designator = "U3" ("U3"); Footprint = "SOT95P285X126-6N"; UniqueID = "\JJBQWKJP" ("\JJBQWKJP")
Change component parameters (AddParameter): Name = "Digi-Key_Part_Number"; Value = "MB6SCT-ND"; VariantName = "[No Variations]"
Change component parameters (AddParameter): Name = "Digi-Key_Purchase_URL"; Value = "https://www.digikey.com.tr/product-detail/en/on-semiconductor/MB6S/MB6SCT-ND/965654?utm_source=snapeda&utm_medium=aggregator&utm_campaign=symbol"; VariantName = "[No Variations]"
Change component parameters (AddParameter): Name = "MF"; Value = "ON Semiconductor"; VariantName = "[No Variations]"
Change component parameters (AddParameter): Name = "MP"; Value = "MB6S"; VariantName = "[No Variations]"
Change component parameters (AddParameter): Name = "Package"; Value = "BESOP-4 Surge Components"; VariantName = "[No Variations]"
Change component parameters (AddParameter): Name = "SnapEDA_Link"; Value = "https://www.snapeda.com/parts/MB6S/ON%20Semiconductor/view-part/2774209/?ref=snap"; VariantName = "[No Variations]"
Change component parameters (AddParameter): Name = "Value"; Value = ""; VariantName = "[No Variations]"
Added Component: Designator=C4(ELEC-CAP-RAD10-20)
Added Component: Designator=P2(HDR1X2)
Add component (AddParameter): Name = "LatestRevisionDate"; Value = "17-Jul-2002"; VariantName = "[No Variations]"
Add component (AddParameter): Name = "LatestRevisionNote"; Value = "Re-released for DXP Platform."; VariantName = "[No Variations]"
Add component (AddParameter): Name = "Publisher"; Value = "Altium Limited"; VariantName = "[No Variations]"
Added Component: Designator=P3(HDR1X2)
Add component (AddParameter): Name = "LatestRevisionDate"; Value = "17-Jul-2002"; VariantName = "[No Variations]"
Add component (AddParameter): Name = "LatestRevisionNote"; Value = "Re-released for DXP Platform."; VariantName = "[No Variations]"
Add component (AddParameter): Name = "Publisher"; Value = "Altium Limited"; VariantName = "[No Variations]"
Added Component: Designator=U2(SOIC245P670X270-4N)
Add component (AddParameter): Name = "Digi-Key_Part_Number"; Value = "MB6SCT-ND"; VariantName = "[No Variations]"
Add component (AddParameter): Name = "Digi-Key_Purchase_URL"; Value = "https://www.digikey.com.tr/product-detail/en/on-semiconductor/MB6S/MB6SCT-ND/965654?utm_source=snapeda&utm_medium=aggregator&utm_campaign=symbol"; VariantName = "[No Variations]"
Add component (AddParameter): Name = "MF"; Value = "ON Semiconductor"; VariantName = "[No Variations]"
Add component (AddParameter): Name = "MP"; Value = "MB6S"; VariantName = "[No Variations]"
Add component (AddParameter): Name = "Package"; Value = "BESOP-4 Surge Components"; VariantName = "[No Variations]"
Add component (AddParameter): Name = "SnapEDA_Link"; Value = "https://www.snapeda.com/parts/MB6S/ON%20Semiconductor/view-part/2774209/?ref=snap"; VariantName = "[No Variations]"
Add component (AddParameter): Name = "Value"; Value = ""; VariantName = "[No Variations]"
Added Pin To Net: NetName=GND Pin=C3-1
Added Pin To Net: NetName=VCC Pin=C3-2
Added Pin To Net: NetName=NetP3_1 Pin=P3-1
Added Pin To Net: NetName=GND Pin=U1-2
Added Pin To Net: NetName=VCC Pin=U2-1
Added Pin To Net: NetName=GND Pin=U2-2
Added Pin To Net: NetName=NetC1_2 Pin=U2-3
Added Pin To Net: NetName=NetP3_1 Pin=U2-4
Change Net Name : Old Net Name=o1 New Net Name=NetP1_2
Added Pin To Net: NetName=NetC1_1 Pin=C1-1
Added Pin To Net: NetName=NetC1_1 Pin=P3-2
Added Pin To Net: NetName=NetC1_1 Pin=R1-2
Added Net: Name=NetC1_1
Added Pin To Net: NetName=NetC2_1 Pin=C2-1
Added Pin To Net: NetName=NetC2_1 Pin=R2-2
Added Pin To Net: NetName=NetC2_1 Pin=U1-6
Added Net: Name=NetC2_1
Added Pin To Net: NetName=NetC2_2 Pin=C2-2
Added Pin To Net: NetName=NetC2_2 Pin=R2-1
Added Pin To Net: NetName=NetC2_2 Pin=U3-3
Added Net: Name=NetC2_2
Added Pin To Net: NetName=NetC4_1 Pin=C4-1
Added Pin To Net: NetName=NetC4_1 Pin=P2-1
Added Pin To Net: NetName=NetC4_1 Pin=U3-2
Added Net: Name=NetC4_1
Added Pin To Net: NetName=NetC4_2 Pin=C4-2
Added Pin To Net: NetName=NetC4_2 Pin=P2-2
Added Pin To Net: NetName=NetC4_2 Pin=U3-1
Added Net: Name=NetC4_2
Added Pin To Net: NetName=NetR3_2 Pin=R3-2
Added Pin To Net: NetName=NetR3_2 Pin=U1-1
Added Net: Name=NetR3_2
Change Class Name : Old Net Name=tuch-tara-ir New Net Name=tuch-tara-tr
Added Member To Class: ClassName=tuch-tara-tr Member=Component C4 =Value
Added Member To Class: ClassName=tuch-tara-tr Member=Component P2 Header 2
Added Member To Class: ClassName=tuch-tara-tr Member=Component P3 Header 2
Change Room Name: Old Name=tuch-tara-ir New Name=tuch-tara-tr
Change Room Scope: Old Scope=InComponentClass('tuch-tara-ir') New Scope=InComponentClass('tuch-tara-tr')
