Change Component Footprint: Designator=U1_1 Old Footprint=DIP762W50P254L730H410Q6 New Footprint=SOIC245P670X270-4N
Change Component Footprint: Designator=D1_1 Old Footprint=DO-35 New Footprint=HDR1X3
Change Component Footprint: Designator=C4_1 Old Footprint=ELEC-CAP-RAD10-20 New Footprint=DO-35
Change Component Footprint: Designator=P3_1 Old Footprint=HDR1X2 New Footprint=RES 1206 (3216X08L)
Change Component Footprint: Designator=P1_1 Old Footprint=HDR1X3 New Footprint=HDR1X2
Change Component Footprint: Designator=R3_1 Old Footprint=RES 1206 (3216X08L) New Footprint=DIP762W50P254L730H410Q6
Change Component Footprint: Designator=U2_1 Old Footprint=SOIC245P670X270-4N New Footprint=ELEC-CAP-RAD10-20
Change Component Comment : Designator=R3_1 Old Comment=10K New Comment=K3021P
Change Component Comment : Designator=C4_1 Old Comment==Value New Comment=MODEL
Change Component Comment : Designator=P3_1 Old Comment=Header 2 New Comment=10K
Change Component Comment : Designator=P1_1 Old Comment=Header 3 New Comment=Header 2
Change Component Comment : Designator=U1_1 Old Comment=K3021P New Comment=MB6S
Change Component Comment : Designator=U2_1 Old Comment=MB6S New Comment==Value
Change Component Comment : Designator=D1_1 Old Comment=MODEL New Comment=Header 3
Change Component Designator: OldDesignator=C1 NewDesignator=C2
Change Component Designator: OldDesignator=C1_1 NewDesignator=C6
Change Component Designator: OldDesignator=C2 NewDesignator=C3
Change Component Designator: OldDesignator=C2_1 NewDesignator=C7
Change Component Designator: OldDesignator=C3 NewDesignator=C1
Change Component Designator: OldDesignator=C3_1 NewDesignator=C8
Change Component Designator: OldDesignator=C4_1 NewDesignator=D2
Change Component Designator: OldDesignator=D1_1 NewDesignator=P4
Change Component Designator: OldDesignator=P1_1 NewDesignator=P5
Change Component Designator: OldDesignator=P2 NewDesignator=P3
Change Component Designator: OldDesignator=P2_1 NewDesignator=P6
Change Component Designator: OldDesignator=P3 NewDesignator=P2
Change Component Designator: OldDesignator=P3_1 NewDesignator=R4
Change Component Designator: OldDesignator=R1 NewDesignator=R3
Change Component Designator: OldDesignator=R1_1 NewDesignator=R5
Change Component Designator: OldDesignator=R2_1 NewDesignator=R6
Change Component Designator: OldDesignator=R3 NewDesignator=R1
Change Component Designator: OldDesignator=R3_1 NewDesignator=U4
Change Component Designator: OldDesignator=U1_1 NewDesignator=U5
Change Component Designator: OldDesignator=U2_1 NewDesignator=C5
Change Component Designator: OldDesignator=U3_1 NewDesignator=U6
Change component parameters: Designator = "C4_1" ("D2"); Footprint = "ELEC-CAP-RAD10-20"; UniqueID = "\XLABXIQK" ("\XLABXIQK")
Change component parameters (AddParameter): Name = "MODEL"; Value = "1N4148"; VariantName = "[No Variations]"
Change component parameters: Designator = "D1_1" ("P4"); Footprint = "DO-35"; UniqueID = "\RIUDZVRG" ("\RIUDZVRG")
Change component parameters (AddParameter): Name = "LatestRevisionDate"; Value = "17-Jul-2002"; VariantName = "[No Variations]"
Change component parameters (AddParameter): Name = "LatestRevisionNote"; Value = "Re-released for DXP Platform."; VariantName = "[No Variations]"
Change component parameters (AddParameter): Name = "Publisher"; Value = "Altium Limited"; VariantName = "[No Variations]"
Change component parameters: Designator = "P3_1" ("R4"); Footprint = "HDR1X2"; UniqueID = "\NKXVMGTC" ("\NKXVMGTC")
Change component parameters (AddParameter): Name = "Power"; Value = "1/4 W"; VariantName = "[No Variations]"
Change component parameters (AddParameter): Name = "Tolerance"; Value = "5%"; VariantName = "[No Variations]"
Change component parameters (AddParameter): Name = "Value"; Value = "10K"; VariantName = "[No Variations]"
Change component parameters: Designator = "U2_1" ("C5"); Footprint = "SOIC245P670X270-4N"; UniqueID = "\AMHYIDTI" ("\AMHYIDTI")
Change component parameters: Designator = "U1_1" ("U5"); Footprint = "DIP762W50P254L730H410Q6"; UniqueID = "\JYADTKUT" ("\JYADTKUT")
Change component parameters (AddParameter): Name = "Digi-Key_Part_Number"; Value = "MB6SCT-ND"; VariantName = "[No Variations]"
Change component parameters (AddParameter): Name = "Digi-Key_Purchase_URL"; Value = "https://www.digikey.com.tr/product-detail/en/on-semiconductor/MB6S/MB6SCT-ND/965654?utm_source=snapeda&utm_medium=aggregator&utm_campaign=symbol"; VariantName = "[No Variations]"
Change component parameters (AddParameter): Name = "MF"; Value = "ON Semiconductor"; VariantName = "[No Variations]"
Change component parameters (AddParameter): Name = "MP"; Value = "MB6S"; VariantName = "[No Variations]"
Change component parameters (AddParameter): Name = "Package"; Value = "BESOP-4 Surge Components"; VariantName = "[No Variations]"
Change component parameters (AddParameter): Name = "SnapEDA_Link"; Value = "https://www.snapeda.com/parts/MB6S/ON%20Semiconductor/view-part/2774209/?ref=snap"; VariantName = "[No Variations]"
Change component parameters (AddParameter): Name = "Value"; Value = ""; VariantName = "[No Variations]"
Change component parameters: Designator = "R3_1" ("U4"); Footprint = "RES 1206 (3216X08L)"; UniqueID = "\BFGUEDTK" ("\BFGUEDTK")
Change component parameters (AddParameter): Name = "Availability"; Value = "Unavailable"; VariantName = "[No Variations]"
Change component parameters (AddParameter): Name = "DigiKey-Purchase-URL"; Value = "https://snapeda.com/shop?store=DigiKey&id=291595"; VariantName = "[No Variations]"
Change component parameters (AddParameter): Name = "MF"; Value = "Vishay Semiconductor"; VariantName = "[No Variations]"
Change component parameters (AddParameter): Name = "Mouser-Purchase-URL"; Value = "https://snapeda.com/shop?store=Mouser&id=291595"; VariantName = "[No Variations]"
Change component parameters (AddParameter): Name = "MP"; Value = "K3021P"; VariantName = "[No Variations]"
Change component parameters (AddParameter): Name = "Package"; Value = "DIP-6 Vishay"; VariantName = "[No Variations]"
Change component parameters (AddParameter): Name = "Price"; Value = "None"; VariantName = "[No Variations]"
Change component parameters (AddParameter): Name = "SnapEDA_Link"; Value = "https://www.snapeda.com/parts/K3021P/Vishay%20Semiconductor%20Opto%20Division/view-part/291595/?ref=snap"; VariantName = "[No Variations]"
Change component parameters (AddParameter): Name = "Value"; Value = ""; VariantName = "[No Variations]"
Added Pin To Net: NetName=VCC Pin=C5-2
Added Pin To Net: NetName=GND Pin=D2-1
Added Pin To Net: NetName=VCC Pin=D2-2
Added Pin To Net: NetName=GND Pin=P4-1
Added Pin To Net: NetName=VCC Pin=P4-3
Added Pin To Net: NetName=nol Pin=P5-2
Added Pin To Net: NetName=GND Pin=U4-2
Added Pin To Net: NetName=nol Pin=U4-6
Added Pin To Net: NetName=VCC Pin=U5-1
Added Pin To Net: NetName=GND Pin=U5-2
Added Pin To Net: NetName=nol Pin=U5-3
Added Pin To Net: NetName=faz Pin=U6-4
Change Net Name : Old Net Name=NetC1_1 New Net Name=NetC2_1
Change Net Name : Old Net Name=NetC2_1 New Net Name=NetC3_1
Change Net Name : Old Net Name=NetC2_2 New Net Name=NetC3_2
Change Net Name : Old Net Name=NetR3_2 New Net Name=NetR1_2
Added Pin To Net: NetName=NetC6_1 Pin=C6-1
Added Pin To Net: NetName=NetC6_1 Pin=R6-2
Added Pin To Net: NetName=NetC6_1 Pin=U5-4
Added Net: Name=NetC6_1
Added Pin To Net: NetName=NetC6_2 Pin=C6-2
Added Pin To Net: NetName=NetC6_2 Pin=P5-1
Added Pin To Net: NetName=NetC6_2 Pin=R6-1
Added Net: Name=NetC6_2
Added Pin To Net: NetName=NetC7_1 Pin=C7-1
Added Pin To Net: NetName=NetC7_1 Pin=R5-2
Added Pin To Net: NetName=NetC7_1 Pin=U4-4
Added Net: Name=NetC7_1
Added Pin To Net: NetName=NetC7_2 Pin=C7-2
Added Pin To Net: NetName=NetC7_2 Pin=R5-1
Added Pin To Net: NetName=NetC7_2 Pin=U6-3
Added Net: Name=NetC7_2
Added Pin To Net: NetName=NetC8_2 Pin=C8-2
Added Pin To Net: NetName=NetC8_2 Pin=P6-2
Added Pin To Net: NetName=NetC8_2 Pin=U6-1
Added Net: Name=NetC8_2
Added Pin To Net: NetName=NetP4_2 Pin=P4-2
Added Pin To Net: NetName=NetP4_2 Pin=R4-1
Added Net: Name=NetP4_2
Added Pin To Net: NetName=NetP6_1 Pin=P6-1
Added Pin To Net: NetName=NetP6_1 Pin=U6-2
Added Net: Name=NetP6_1
Added Pin To Net: NetName=NetR4_2 Pin=R4-2
Added Pin To Net: NetName=NetR4_2 Pin=U4-1
Added Net: Name=NetR4_2
Added Member To Class: ClassName=tuch-tara-tr Member=Component C2 =Value
Added Member To Class: ClassName=tuch-tara-tr Member=Component C3 =Value
Added Member To Class: ClassName=tuch-tara-tr Member=Component C5 =Value
Added Member To Class: ClassName=tuch-tara-tr Member=Component C6 =Value
Added Member To Class: ClassName=tuch-tara-tr Member=Component C7 =Value
Added Member To Class: ClassName=tuch-tara-tr Member=Component C8 =Value
Added Member To Class: ClassName=tuch-tara-tr Member=Component D2 MODEL
Added Member To Class: ClassName=tuch-tara-tr Member=Component P3 Header 2
Added Member To Class: ClassName=tuch-tara-tr Member=Component P4 Header 3
Added Member To Class: ClassName=tuch-tara-tr Member=Component P5 Header 2
Added Member To Class: ClassName=tuch-tara-tr Member=Component P6 Header 2
Added Member To Class: ClassName=tuch-tara-tr Member=Component R3 10K
Added Member To Class: ClassName=tuch-tara-tr Member=Component R4 10K
Added Member To Class: ClassName=tuch-tara-tr Member=Component R5 10K
Added Member To Class: ClassName=tuch-tara-tr Member=Component R6 10K
Added Member To Class: ClassName=tuch-tara-tr Member=Component U4 K3021P
Added Member To Class: ClassName=tuch-tara-tr Member=Component U5 MB6S
Added Member To Class: ClassName=tuch-tara-tr Member=Component U6 MB6S
