Removed Pin From Net: NetName=VCC Pin=D1-1
Change Component Designator: OldDesignator=C1 NewDesignator=C2
Change Component Designator: OldDesignator=C2 NewDesignator=C1
Change Component Designator: OldDesignator=D2 NewDesignator=D1
Change Component Designator: OldDesignator=P1 NewDesignator=P2
Change Component Designator: OldDesignator=P2 NewDesignator=P1
Change Component Designator: OldDesignator=R1 NewDesignator=R4
Change Component Designator: OldDesignator=R2 NewDesignator=R3
Change Component Designator: OldDesignator=R3 NewDesignator=R1
Change Component Designator: OldDesignator=R4 NewDesignator=R2
Added Component: Designator=D2(LED-3mm)
Add component (AddParameter): Name = "Designer"; Value = "Seyed Mohsen Ghasemian"; VariantName = "[No Variations]"
Add component (AddParameter): Name = "PackageDescription"; Value = "LED; 2 Leads"; VariantName = "[No Variations]"
Add component (AddParameter): Name = "PackageReference"; Value = "LED"; VariantName = "[No Variations]"
Add component (AddParameter): Name = "Published"; Value = "02/04/2012"; VariantName = "[No Variations]"
Add component (AddParameter): Name = "Publisher"; Value = "www.picpars.com"; VariantName = "[No Variations]"
Change Net Name : Old Net Name=NetC1_1 New Net Name=NetC2_1
Change Net Name : Old Net Name=NetC2_1 New Net Name=NetC1_1
Change Net Name : Old Net Name=NetD2_2 New Net Name=NetD1_2
Change Net Name : Old Net Name=NetP2_3 New Net Name=NetP1_3
Change Net Name : Old Net Name=NetR3_1 New Net Name=NetR1_1
Added Pin To Net: NetName=NetD1_1 Pin=D1-1
Added Pin To Net: NetName=NetD1_1 Pin=D2-2
Added Pin To Net: NetName=NetD1_1 Pin=U1-3
Added Net: Name=NetD1_1
