Removed Pin From Net: NetName=VCC Pin=P1-1
Removed Pin From Net: NetName=GND Pin=P1-2
Removed Pin From Net: NetName=o4 Pin=P1-3
Removed Pin From Net: NetName=o3 Pin=P1-4
Removed Pin From Net: NetName=s4 Pin=P1-5
Removed Pin From Net: NetName=s3 Pin=P1-6
Change Component Footprint: Designator=P1 Old Footprint=HDR1X6 New Footprint=HDR1X2
Change Component Comment : Designator=P1 Old Comment=Header 6 New Comment=Header 2
Added Component: Designator=P2(HDR1X2)
Add component (AddParameter): Name = "LatestRevisionDate"; Value = "17-Jul-2002"; VariantName = "[No Variations]"
Add component (AddParameter): Name = "LatestRevisionNote"; Value = "Re-released for DXP Platform."; VariantName = "[No Variations]"
Add component (AddParameter): Name = "Publisher"; Value = "Altium Limited"; VariantName = "[No Variations]"
Added Component: Designator=P3(HDR1X7)
Add component (AddParameter): Name = "LatestRevisionDate"; Value = "17-Jul-2002"; VariantName = "[No Variations]"
Add component (AddParameter): Name = "LatestRevisionNote"; Value = "Re-released for DXP Platform."; VariantName = "[No Variations]"
Add component (AddParameter): Name = "Publisher"; Value = "Altium Limited"; VariantName = "[No Variations]"
Added Component: Designator=P4(HDR1X7)
Add component (AddParameter): Name = "LatestRevisionDate"; Value = "17-Jul-2002"; VariantName = "[No Variations]"
Add component (AddParameter): Name = "LatestRevisionNote"; Value = "Re-released for DXP Platform."; VariantName = "[No Variations]"
Add component (AddParameter): Name = "Publisher"; Value = "Altium Limited"; VariantName = "[No Variations]"
Added Pin To Net: NetName=s2 Pin=P2-1
Added Pin To Net: NetName=s1 Pin=P2-2
Added Pin To Net: NetName=GND Pin=P3-1
Added Pin To Net: NetName=VCC Pin=P3-2
Added Pin To Net: NetName=o4 Pin=P3-3
Added Pin To Net: NetName=o3 Pin=P3-4
Added Pin To Net: NetName=s4 Pin=P3-5
Added Pin To Net: NetName=s3 Pin=P3-6
Added Member To Class: ClassName=tscnew Member=Component C1 =Value
Added Member To Class: ClassName=tscnew Member=Component P2 Header 2
Added Member To Class: ClassName=tscnew Member=Component P3 Header 7
Added Member To Class: ClassName=tscnew Member=Component P4 Header 7
Added Member To Class: ClassName=tscnew Member=Component R1 10K
Added Member To Class: ClassName=tscnew Member=Component R2 10K
