Removed Pin From Net: NetName=vesp Pin=C1-1
Removed Pin From Net: NetName=GND Pin=C1-2
Removed Pin From Net: NetName=vesp Pin=C?-1
Removed Pin From Net: NetName=GND Pin=C?-2
Removed Pin From Net: NetName=GND Pin=R1-1
Removed Pin From Net: NetName=GND Pin=R3-1
Removed Member From Class: ClassName=tscnew Member=C?
Removed Member From Class: ClassName=tscnew Member=R5
Removed Member From Class: ClassName=tscnew Member=R6
Change Component Footprint: Designator=C1 Old Footprint=ELEC-CAP-RAD15-30 New Footprint=CAP 0805
Change Component Designator: OldDesignator=R2 NewDesignator=R1
Change Component Designator: OldDesignator=R4 NewDesignator=R2
Change Component Designator: OldDesignator=R5 NewDesignator=R3
Change Component Designator: OldDesignator=R6 NewDesignator=R4
Added Component: Designator=C2(CAP 0805)
Added Component: Designator=C3(CAP 0805)
Added Component: Designator=C4(CAP 0805)
Added Pin To Net: NetName=GND Pin=C1-1
Added Pin To Net: NetName=vesp Pin=C2-1
Added Pin To Net: NetName=GND Pin=C3-1
Added Pin To Net: NetName=vesp Pin=C4-1
Added Pin To Net: NetName=NetC1_2 Pin=C1-2
Added Pin To Net: NetName=NetC1_2 Pin=U1-7
Added Pin To Net: NetName=NetC1_2 Pin=Y1-2
Added Net: Name=NetC1_2
Added Pin To Net: NetName=NetC3_2 Pin=C3-2
Added Pin To Net: NetName=NetC3_2 Pin=U1-8
Added Pin To Net: NetName=NetC3_2 Pin=Y1-1
Added Net: Name=NetC3_2
Added Member To Class: ClassName=tscnew Member=Component C2 =Value
Added Member To Class: ClassName=tscnew Member=Component C3 =Value
Added Member To Class: ClassName=tscnew Member=Component C4 =Value
