Removed Pin From Net: NetName=o1 Pin=P6-1
Removed Pin From Net: NetName=o2 Pin=P6-2
Removed Pin From Net: NetName=tx Pin=P6-3
Removed Pin From Net: NetName=rx Pin=P6-4
Removed Pin From Net: NetName=GND Pin=P6-5
Removed Pin From Net: NetName=vesp Pin=P6-6
Removed Pin From Net: NetName=VCC Pin=P6-7
Removed Pin From Net: NetName=q4 Pin=P7-1
Removed Pin From Net: NetName=q3 Pin=P7-2
Removed Pin From Net: NetName=q2 Pin=P7-3
Removed Pin From Net: NetName=q1 Pin=P7-4
Removed Pin From Net: NetName=GND Pin=P7-5
Removed Pin From Net: NetName=vesp Pin=P7-6
Removed Pin From Net: NetName=VCC Pin=P7-7
Change Component Footprint: Designator=P6 Old Footprint=HDR1X7 New Footprint=HDR1X8
Change Component Footprint: Designator=P7 Old Footprint=HDR1X7 New Footprint=HDR1X8
Change Component Comment : Designator=P6 Old Comment=Header 7 New Comment=Header 8
Change Component Comment : Designator=P7 Old Comment=Header 7 New Comment=Header 8
Added Pin To Net: NetName=vesp Pin=P6-1
Added Pin To Net: NetName=o1 Pin=P6-2
Added Pin To Net: NetName=o2 Pin=P6-3
Added Pin To Net: NetName=tx Pin=P6-4
Added Pin To Net: NetName=rx Pin=P6-5
Added Pin To Net: NetName=GND Pin=P6-6
Added Pin To Net: NetName=vesp Pin=P6-7
Added Pin To Net: NetName=VCC Pin=P6-8
Added Pin To Net: NetName=vesp Pin=P7-1
Added Pin To Net: NetName=q4 Pin=P7-2
Added Pin To Net: NetName=q3 Pin=P7-3
Added Pin To Net: NetName=q2 Pin=P7-4
Added Pin To Net: NetName=q1 Pin=P7-5
Added Pin To Net: NetName=GND Pin=P7-6
Added Pin To Net: NetName=vesp Pin=P7-7
Added Pin To Net: NetName=VCC Pin=P7-8
