Change Component Comment : Designator=U1 Old Comment=ATmega8L-8AC New Comment=ATmega8-16AC
Change Component Designator: OldDesignator=C1 NewDesignator=C2
Change Component Designator: OldDesignator=R1 NewDesignator=R2
Change Component Designator: OldDesignator=R2 NewDesignator=R3
Change component parameters: Designator = "U1" ("U1"); Footprint = "32A_N"; UniqueID = "\YBVKXUNE" ("\YBVKXUNE")
Change component parameters (AddParameter): Name = "Code_JEDEC"; Value = "MS-026-ABA"; VariantName = "[No Variations]"
Change component parameters (AddParameter): Name = "ComponentLink1Description"; Value = "Datasheet"; VariantName = "[No Variations]"
Change component parameters (AddParameter): Name = "ComponentLink1URL"; Value = "http://www.atmel.com/dyn/resources/prod_documents/doc2486.pdf"; VariantName = "[No Variations]"
Change component parameters (AddParameter): Name = "ComponentLink2Description"; Value = "Atmel.com Home"; VariantName = "[No Variations]"
Change component parameters (AddParameter): Name = "ComponentLink2URL"; Value = "http://www.atmel.com"; VariantName = "[No Variations]"
Change component parameters (AddParameter): Name = "DatasheetVersion"; Value = "2486H-AVR-09/02"; VariantName = "[No Variations]"
Change component parameters (AddParameter): Name = "LatestRevisionDate"; Value = "16-Oct-2006"; VariantName = "[No Variations]"
Change component parameters (AddParameter): Name = "LatestRevisionNote"; Value = "IPC-7351 Footprint Added."; VariantName = "[No Variations]"
Change component parameters (AddParameter): Name = "PackageDescription"; Value = "32-Lead, 7x7x1.0 mm Body, 0.8mm Lead Pitch, Thin Profile Plastic Quad Flat Package (TQFP)"; VariantName = "[No Variations]"
Change component parameters (AddParameter): Name = "PackageReference"; Value = "32A"; VariantName = "[No Variations]"
Change component parameters (AddParameter): Name = "PackageVersion"; Value = "revB, Oct-2001"; VariantName = "[No Variations]"
Change component parameters (AddParameter): Name = "Published"; Value = "17-Sep-2003"; VariantName = "[No Variations]"
Change component parameters (AddParameter): Name = "Publisher"; Value = "Altium Limited"; VariantName = "[No Variations]"
Change component parameters (AddParameter): Name = "Supplier 1"; Value = "Digi-Key"; VariantName = "[No Variations]"
Change component parameters (AddParameter): Name = "Supplier 2"; Value = "Mouser"; VariantName = "[No Variations]"
Change component parameters (AddParameter): Name = "Supplier Part Number 1"; Value = "ATMEGA8-16AC-ND"; VariantName = "[No Variations]"
Change component parameters (AddParameter): Name = "Supplier Part Number 2"; Value = "556-ATMEGA8-16AC"; VariantName = "[No Variations]"
Added Component: Designator=C1(ELEC-CAP-RAD10-20)
Added Component: Designator=C3(ELEC-CAP-RAD10-20)
Added Component: Designator=R1(RES 1206 (3216X08L))
Add component (AddParameter): Name = "Power"; Value = "1/4 W"; VariantName = "[No Variations]"
Add component (AddParameter): Name = "Tolerance"; Value = "5%"; VariantName = "[No Variations]"
Add component (AddParameter): Name = "Value"; Value = "10K"; VariantName = "[No Variations]"
Added Component: Designator=Y1(R38)
Add component (AddParameter): Name = "LatestRevisionDate"; Value = "17-Jul-2002"; VariantName = "[No Variations]"
Add component (AddParameter): Name = "LatestRevisionNote"; Value = "Re-released for DXP Platform."; VariantName = "[No Variations]"
Add component (AddParameter): Name = "PackageDescription"; Value = "Crystal, Thru-Hole; 2 Leads; Body 3.1 x 8.2 mm (Dia.xH)"; VariantName = "[No Variations]"
Add component (AddParameter): Name = "PackageReference"; Value = "R38"; VariantName = "[No Variations]"
Add component (AddParameter): Name = "Published"; Value = "8-Jun-2000"; VariantName = "[No Variations]"
Add component (AddParameter): Name = "Publisher"; Value = "Altium Limited"; VariantName = "[No Variations]"
Added Pin To Net: NetName=GND Pin=C1-1
Added Pin To Net: NetName=GND Pin=C3-1
Added Pin To Net: NetName=rst Pin=R1-1
Added Pin To Net: NetName=vesp Pin=R1-2
Added Pin To Net: NetName=GND Pin=U1-3
Added Pin To Net: NetName=VCC Pin=U1-4
Added Pin To Net: NetName=GND Pin=U1-5
Added Pin To Net: NetName=VCC Pin=U1-6
Added Pin To Net: NetName=o1 Pin=U1-9
Added Pin To Net: NetName=o2 Pin=U1-10
Added Pin To Net: NetName=o3 Pin=U1-11
Added Pin To Net: NetName=o4 Pin=U1-12
Added Pin To Net: NetName=VCC Pin=U1-18
Added Pin To Net: NetName=GND Pin=U1-21
Added Pin To Net: NetName=rst Pin=U1-29
Added Pin To Net: NetName=GND Pin=U2-8
Added Pin To Net: NetName=VCC Pin=U2-9
Added Pin To Net: NetName=i2 Pin=U1-25
Added Net: Name=i2
Added Pin To Net: NetName=i3 Pin=U1-26
Added Net: Name=i3
Added Pin To Net: NetName=i4 Pin=U1-27
Added Net: Name=i4
Added Pin To Net: NetName=i5 Pin=U1-28
Added Net: Name=i5
Added Pin To Net: NetName=i6 Pin=U1-23
Added Net: Name=i6
Added Pin To Net: NetName=NetC1_2 Pin=C1-2
Added Pin To Net: NetName=NetC1_2 Pin=U1-7
Added Pin To Net: NetName=NetC1_2 Pin=Y1-2
Added Net: Name=NetC1_2
Added Pin To Net: NetName=NetC3_2 Pin=C3-2
Added Pin To Net: NetName=NetC3_2 Pin=U1-8
Added Pin To Net: NetName=NetC3_2 Pin=Y1-1
Added Net: Name=NetC3_2
Added Pin To Net: NetName=o5 Pin=U1-13
Added Net: Name=o5
Added Pin To Net: NetName=o6 Pin=U1-14
Added Net: Name=o6
Added Pin To Net: NetName=o7 Pin=U1-15
Added Net: Name=o7
Added Pin To Net: NetName=o8 Pin=U1-16
Added Net: Name=o8
Added Pin To Net: NetName=o9 Pin=U1-17
Added Net: Name=o9
Added Pin To Net: NetName=o11 Pin=U1-24
Added Net: Name=o11
Added Pin To Net: NetName=rx2 Pin=U1-30
Added Net: Name=rx2
Added Pin To Net: NetName=rx Pin=U1-31
Added Net: Name=rx
Added Member To Class: ClassName=tscnew Member=Component C2 =Value
Added Member To Class: ClassName=tscnew Member=Component C3 =Value
Added Member To Class: ClassName=tscnew Member=Component R3 10K
Added Member To Class: ClassName=tscnew Member=Component Y1 XTAL
