Removed Pin From Net: NetName=o2 Pin=U1-6
Removed Pin From Net: NetName=o1 Pin=U1-7
Change Component Designator: OldDesignator=C1 NewDesignator=C3
Change Component Designator: OldDesignator=C2 NewDesignator=C1
Change Component Designator: OldDesignator=C3 NewDesignator=C2
Change Component Designator: OldDesignator=D13 NewDesignator=D14
Change Component Designator: OldDesignator=D14 NewDesignator=D15
Change Component Designator: OldDesignator=D15 NewDesignator=D16
Change Component Designator: OldDesignator=D16 NewDesignator=D13
Change Component Designator: OldDesignator=D17 NewDesignator=D18
Change Component Designator: OldDesignator=D18 NewDesignator=D19
Change Component Designator: OldDesignator=D19 NewDesignator=D20
Change Component Designator: OldDesignator=D20 NewDesignator=D17
Change Component Designator: OldDesignator=J1 NewDesignator=J5
Change Component Designator: OldDesignator=J2 NewDesignator=J3
Change Component Designator: OldDesignator=J3 NewDesignator=J4
Change Component Designator: OldDesignator=J4 NewDesignator=J1
Change Component Designator: OldDesignator=J5 NewDesignator=J2
Change Component Designator: OldDesignator=R6 NewDesignator=R7
Change Component Designator: OldDesignator=R7 NewDesignator=R6
Change Component Designator: OldDesignator=R8 NewDesignator=R10
Change Component Designator: OldDesignator=R9 NewDesignator=R8
Change Component Designator: OldDesignator=R10 NewDesignator=R9
Change Component Designator: OldDesignator=R11 NewDesignator=R12
Change Component Designator: OldDesignator=R12 NewDesignator=R11
Change Component Designator: OldDesignator=R14 NewDesignator=R16
Change Component Designator: OldDesignator=R15 NewDesignator=R18
Change Component Designator: OldDesignator=R16 NewDesignator=R19
Change Component Designator: OldDesignator=R17 NewDesignator=R22
Change Component Designator: OldDesignator=R18 NewDesignator=R20
Change Component Designator: OldDesignator=R19 NewDesignator=R21
Change Component Designator: OldDesignator=R20 NewDesignator=R14
Change Component Designator: OldDesignator=R21 NewDesignator=R17
Change Component Designator: OldDesignator=R22 NewDesignator=R15
Added Pin To Net: NetName=GND Pin=R15-1
Added Pin To Net: NetName=GND Pin=R17-1
Change Net Name : Old Net Name=NetD13_1 New Net Name=NetD14_1
Change Net Name : Old Net Name=NetD13_2 New Net Name=NetD14_2
Change Net Name : Old Net Name=NetD14_2 New Net Name=NetD15_2
Change Net Name : Old Net Name=NetD16_1 New Net Name=NetD13_1
Change Net Name : Old Net Name=NetD16_2 New Net Name=NetD13_2
Change Net Name : Old Net Name=NetD17_1 New Net Name=NetD18_1
Change Net Name : Old Net Name=NetD17_2 New Net Name=NetD18_2
Change Net Name : Old Net Name=NetD18_2 New Net Name=NetD19_2
Change Net Name : Old Net Name=NetD20_1 New Net Name=NetD17_1
Change Net Name : Old Net Name=NetD20_2 New Net Name=NetD17_2
Change Net Name : Old Net Name=NetJ2_2 New Net Name=NetJ3_2
Change Net Name : Old Net Name=NetR18_1 New Net Name=NetR20_1
Added Pin To Net: NetName=NetJ1_3 Pin=J1-3
Added Pin To Net: NetName=NetJ1_3 Pin=R14-1
Added Net: Name=NetJ1_3
Added Pin To Net: NetName=NetQ1_2 Pin=Q1-2
Added Pin To Net: NetName=NetQ1_2 Pin=R14-2
Added Net: Name=NetQ1_2
Added Pin To Net: NetName=oo1 Pin=J2-4
Added Pin To Net: NetName=oo1 Pin=Q2-3
Added Net: Name=oo1
Added Pin To Net: NetName=oo2 Pin=J2-3
Added Pin To Net: NetName=oo2 Pin=Q1-3
Added Net: Name=oo2
Added Pin To Net: NetName=ouln Pin=Q1-1
Added Pin To Net: NetName=ouln Pin=Q2-1
Added Pin To Net: NetName=ouln Pin=R17-2
Added Pin To Net: NetName=ouln Pin=U1-1
Added Pin To Net: NetName=ouln Pin=U1-2
Added Pin To Net: NetName=ouln Pin=U1-3
Added Pin To Net: NetName=ouln Pin=U1-4
Added Pin To Net: NetName=ouln Pin=U1-5
Added Pin To Net: NetName=ouln Pin=U1-6
Added Pin To Net: NetName=ouln Pin=U1-7
Added Net: Name=ouln
