Change Component Designator: OldDesignator=D7 NewDesignator=D20
Change Component Designator: OldDesignator=D10 NewDesignator=D7
Change Component Designator: OldDesignator=D11 NewDesignator=D8
Change Component Designator: OldDesignator=D12 NewDesignator=D21
Change Component Designator: OldDesignator=D13 NewDesignator=D12
Change Component Designator: OldDesignator=D20 NewDesignator=D22
Add component: Footprint Not Found 3.2X1.6X1.1
Add component: Footprint Not Found 3.2X1.6X1.1
Add component: Footprint Not Found 3.2X1.6X1.1
Add component: Footprint Not Found 3.2X1.6X1.1
Add component: Footprint Not Found 3.2X1.6X1.1
Add component: Footprint Not Found 3.2X1.6X1.1
Add component: Footprint Not Found 3.2X1.6X1.1
Add component: Footprint Not Found 3.2X1.6X1.1
Add component: Footprint Not Found 3.2X1.6X1.1
Add component: Footprint Not Found 3.2X1.6X1.1
Add component: Footprint Not Found 3.2X1.6X1.1
Add component: Footprint Not Found 3.2X1.6X1.1
Add component: Footprint Not Found 3.2X1.6X1.1
Add component: Footprint Not Found 3.2X1.6X1.1
Add component: Footprint Not Found 3.2X1.6X1.1
Add component: Footprint Not Found 3.2X1.6X1.1
Change Net Name : Old Net Name=NetD7_1 New Net Name=NetD20_1
Change Net Name : Old Net Name=NetD7_2 New Net Name=NetD20_2
Change Net Name : Old Net Name=NetD12_1 New Net Name=NetD21_1
Change Net Name : Old Net Name=NetD12_2 New Net Name=NetD21_2
Change Net Name : Old Net Name=NetD20_2 New Net Name=NetD22_2
Add Class Member: Failed to add class member : Component D1 LED2
Add Class Member: Failed to add class member : Component D2 LED2
Add Class Member: Failed to add class member : Component D3 LED2
Add Class Member: Failed to add class member : Component D4 LED2
Add Class Member: Failed to add class member : Component D5 LED2
Add Class Member: Failed to add class member : Component D6 LED2
Add Class Member: Failed to add class member : Component D9 LED2
Add Class Member: Failed to add class member : Component D11 LED2
Add Class Member: Failed to add class member : Component D14 LED2
Add Class Member: Failed to add class member : Component D15 LED2
Add Class Member: Failed to add class member : Component D16 LED2
Add Class Member: Failed to add class member : Component D17 LED2
Add Class Member: Failed to add class member : Component D18 LED2
Add Class Member: Failed to add class member : Component D19 LED2
Added Member To Class: ClassName=RF-car Member=Component D21 LED2
Added Member To Class: ClassName=RF-car Member=Component D22 LED2
