Change Component Designator: OldDesignator=D1 NewDesignator=D7
Change Component Designator: OldDesignator=D2 NewDesignator=D8
Change Component Designator: OldDesignator=D3 NewDesignator=D12
Change Component Designator: OldDesignator=D16 NewDesignator=D17
Change Component Designator: OldDesignator=D17 NewDesignator=D18
Change Component Designator: OldDesignator=D18 NewDesignator=D19
Change Component Designator: OldDesignator=D19 NewDesignator=D21
Change Component Designator: OldDesignator=D20 NewDesignator=D16
Change Component Designator: OldDesignator=D21 NewDesignator=D20
Change Component Designator: OldDesignator=J1 NewDesignator=J2
Change Component Designator: OldDesignator=J2 NewDesignator=J3
Change Component Designator: OldDesignator=J3 NewDesignator=J4
Change Component Designator: OldDesignator=R1 NewDesignator=R2
Change Component Designator: OldDesignator=R2 NewDesignator=R3
Change Component Designator: OldDesignator=R3 NewDesignator=R4
Change Component Designator: OldDesignator=R4 NewDesignator=R5
Change Component Designator: OldDesignator=R5 NewDesignator=R6
Change Component Designator: OldDesignator=R6 NewDesignator=R7
Change Component Designator: OldDesignator=R7 NewDesignator=R8
Change Component Designator: OldDesignator=R8 NewDesignator=R9
Add component: Footprint Not Found 3.2X1.6X1.1
Add component: Footprint Not Found 3.2X1.6X1.1
Add component: Footprint Not Found 3.2X1.6X1.1
Add component: Footprint Not Found HEADER 4X1
Add component: Footprint Not Found RES 1206 (3216X08L)
Change Net Name : Old Net Name=NetD20_1 New Net Name=NetD16_1
Change Net Name : Old Net Name=NetD20_2 New Net Name=NetD16_2
Change Net Name : Old Net Name=NetD21_1 New Net Name=NetD20_1
Change Net Name : Old Net Name=NetD21_2 New Net Name=NetD20_2
Change Net Name : Old Net Name=NetR7_1 New Net Name=NetR8_1
Added Net: Name=NetD1_1
Added Net: Name=NetD2_1
Added Net: Name=NetD3_1
Add Class Member: Failed to add class member : Component D1 LED2
Add Class Member: Failed to add class member : Component D2 LED2
Add Class Member: Failed to add class member : Component D3 LED2
Added Member To Class: ClassName=RF-car Member=Component J4 Header3X1
Added Member To Class: ClassName=RF-car Member=Component R9 10K
