Change Component Comment : Designator=U3 Old Comment= New Comment=ULN2003ADRG4
Change Component Designator: OldDesignator=D1 NewDesignator=D7
Change Component Designator: OldDesignator=D2 NewDesignator=D12
Change Component Designator: OldDesignator=D3 NewDesignator=D20
Change Component Designator: OldDesignator=D4 NewDesignator=D23
Change Component Designator: OldDesignator=D5 NewDesignator=D24
Change Component Designator: OldDesignator=D6 NewDesignator=D25
Change Component Designator: OldDesignator=D7 NewDesignator=D26
Change Component Designator: OldDesignator=D8 NewDesignator=D27
Change Component Designator: OldDesignator=D9 NewDesignator=D28
Add component: Footprint Not Found 3.2X1.6X1.1
Add component: Footprint Not Found 3.2X1.6X1.1
Add component: Footprint Not Found 3.2X1.6X1.1
Add component: Footprint Not Found 3.2X1.6X1.1
Add component: Footprint Not Found 3.2X1.6X1.1
Add component: Footprint Not Found 3.2X1.6X1.1
Add component: Footprint Not Found 3.2X1.6X1.1
Add component: Footprint Not Found 3.2X1.6X1.1
Add component: Footprint Not Found 3.2X1.6X1.1
Add component: Footprint Not Found 3.2X1.6X1.1
Add component: Footprint Not Found 3.2X1.6X1.1
Add component: Footprint Not Found 3.2X1.6X1.1
Add component: Footprint Not Found 3.2X1.6X1.1
Add component: Footprint Not Found 3.2X1.6X1.1
Add component: Footprint Not Found 3.2X1.6X1.1
Add component: Footprint Not Found 3.2X1.6X1.1
Change Net Name : Old Net Name=NetD1_1 New Net Name=NetD7_1
Change Net Name : Old Net Name=NetD1_2 New Net Name=NetD7_2
Change Net Name : Old Net Name=NetD2_1 New Net Name=NetD12_1
Change Net Name : Old Net Name=NetD2_2 New Net Name=NetD12_2
Change Net Name : Old Net Name=NetD3_2 New Net Name=NetD20_2
Change Net Name : Old Net Name=NetD4_2 New Net Name=NetD23_2
Change Net Name : Old Net Name=NetD6_2 New Net Name=NetD25_2
Change Net Name : Old Net Name=NetD7_2 New Net Name=NetD26_2
Change Net Name : Old Net Name=NetD8_2 New Net Name=NetD27_2
Change Net Name : Old Net Name=NetD9_2 New Net Name=NetD28_2
Added Member To Class: ClassName=RF-car Member=Component D10 LED2
Added Member To Class: ClassName=RF-car Member=Component D11 LED2
Added Member To Class: ClassName=RF-car Member=Component D12 LED2
Added Member To Class: ClassName=RF-car Member=Component D13 LED2
Add Class Member: Failed to add class member : Component D14 LED2
Add Class Member: Failed to add class member : Component D15 LED2
Add Class Member: Failed to add class member : Component D16 LED2
Add Class Member: Failed to add class member : Component D17 LED2
Add Class Member: Failed to add class member : Component D18 LED2
Add Class Member: Failed to add class member : Component D19 LED2
Added Member To Class: ClassName=RF-car Member=Component D20 LED2
Add Class Member: Failed to add class member : Component D21 LED2
Add Class Member: Failed to add class member : Component D22 LED2
Added Member To Class: ClassName=RF-car Member=Component D23 D Tunnel1
Added Member To Class: ClassName=RF-car Member=Component D24 D Tunnel1
Added Member To Class: ClassName=RF-car Member=Component D25 LED2
Added Member To Class: ClassName=RF-car Member=Component D26 LED2
Added Member To Class: ClassName=RF-car Member=Component D27 LED2
Added Member To Class: ClassName=RF-car Member=Component D28 LED2
