Removed Pin From Net: NetName=GND Pin=D1-2
Removed Pin From Net: NetName=GND Pin=D2-2
Removed Pin From Net: NetName=NetD1_1 Pin=R1-2
Removed Pin From Net: NetName=NetD2_1 Pin=R3-2
Change Component Designator: OldDesignator=R4 NewDesignator=R5
Change Component Designator: OldDesignator=R5 NewDesignator=R6
Change Component Designator: OldDesignator=R6 NewDesignator=R7
Added Component: Designator=R4(RES 1206 (3216X08L))
Add component (AddParameter): Name = "Power"; Value = "1/4 W"; VariantName = "[No Variations]"
Add component (AddParameter): Name = "Tolerance"; Value = "5%"; VariantName = "[No Variations]"
Add component (AddParameter): Name = "Value"; Value = "10K"; VariantName = "[No Variations]"
Added Pin To Net: NetName=NetD1_1 Pin=R1-1
Added Pin To Net: NetName=vcc Pin=R1-2
Added Pin To Net: NetName=NetD2_1 Pin=R4-1
Added Pin To Net: NetName=vcc Pin=R4-2
Added Pin To Net: NetName=NetD1_2 Pin=D1-2
Added Pin To Net: NetName=NetD1_2 Pin=U2-2
Added Net: Name=NetD1_2
Added Pin To Net: NetName=NetD2_2 Pin=D2-2
Added Pin To Net: NetName=NetD2_2 Pin=R3-2
Added Net: Name=NetD2_2
Added Member To Class: ClassName=RF-car Member=Component D1 LED2
Added Member To Class: ClassName=RF-car Member=Component D2 LED2
Added Member To Class: ClassName=RF-car Member=Component D3 D Tunnel1
Added Member To Class: ClassName=RF-car Member=Component D4 D Tunnel1
Added Member To Class: ClassName=RF-car Member=Component D5 LED2
Added Member To Class: ClassName=RF-car Member=Component D6 LED2
Added Member To Class: ClassName=RF-car Member=Component R1 10K
Added Member To Class: ClassName=RF-car Member=Component R2 10K
Added Member To Class: ClassName=RF-car Member=Component R3 10K
Added Member To Class: ClassName=RF-car Member=Component R7 10K
