Removed Pin From Net: NetName=faz Pin=D3-2
Removed Pin From Net: NetName=faz Pin=R5-2
Removed Pin From Net: NetName=faz Pin=R6-2
Removed Pin From Net: NetName=GND Pin=U1-2
Removed Member From Class: ClassName=tuch-tara2 Member=C3
Removed Member From Class: ClassName=tuch-tara2 Member=R6
Change Component Designator: OldDesignator=D2 NewDesignator=D1
Change Component Designator: OldDesignator=R3 NewDesignator=R4
Change Component Designator: OldDesignator=R4 NewDesignator=R5
Added Component: Designator=R2(RES 1206 (3216X08L))
Add component (AddParameter): Name = "Power"; Value = "1/4 W"; VariantName = "[No Variations]"
Add component (AddParameter): Name = "Tolerance"; Value = "5%"; VariantName = "[No Variations]"
Add component (AddParameter): Name = "Value"; Value = "10K"; VariantName = "[No Variations]"
Added Component: Designator=R3(RES 1206 (3216X08L))
Add component (AddParameter): Name = "Power"; Value = "1/4 W"; VariantName = "[No Variations]"
Add component (AddParameter): Name = "Tolerance"; Value = "5%"; VariantName = "[No Variations]"
Add component (AddParameter): Name = "Value"; Value = "10K"; VariantName = "[No Variations]"
Added Component: Designator=U3(SOIC245P670X270-4N)
Add component (AddParameter): Name = "Digi-Key_Part_Number"; Value = "MB6SCT-ND"; VariantName = "[No Variations]"
Add component (AddParameter): Name = "Digi-Key_Purchase_URL"; Value = "https://www.digikey.com.tr/product-detail/en/on-semiconductor/MB6S/MB6SCT-ND/965654?utm_source=snapeda&utm_medium=aggregator&utm_campaign=symbol"; VariantName = "[No Variations]"
Add component (AddParameter): Name = "MF"; Value = "ON Semiconductor"; VariantName = "[No Variations]"
Add component (AddParameter): Name = "MP"; Value = "MB6S"; VariantName = "[No Variations]"
Add component (AddParameter): Name = "Package"; Value = "BESOP-4 Surge Components"; VariantName = "[No Variations]"
Add component (AddParameter): Name = "SnapEDA_Link"; Value = "https://www.snapeda.com/parts/MB6S/ON%20Semiconductor/view-part/2774209/?ref=snap"; VariantName = "[No Variations]"
Add component (AddParameter): Name = "Value"; Value = ""; VariantName = "[No Variations]"
Added Pin To Net: NetName=GND Pin=R2-2
Added Pin To Net: NetName=VCC Pin=R3-1
Added Pin To Net: NetName=GND Pin=R3-2
Added Pin To Net: NetName=faz Pin=U2-6
Added Pin To Net: NetName=nol Pin=U3-4
Change Net Name : Old Net Name=NetR3_1 New Net Name=NetR4_1
Change Net Name : Old Net Name=NetR4_2 New Net Name=NetR5_2
Added Pin To Net: NetName=NetR2_1 Pin=R2-1
Added Pin To Net: NetName=NetR2_1 Pin=U1-2
Added Net: Name=NetR2_1
Added Pin To Net: NetName=NetU2_4 Pin=U2-4
Added Pin To Net: NetName=NetU2_4 Pin=U3-3
Added Net: Name=NetU2_4
Added Member To Class: ClassName=tuch-tara2 Member=Component C2 =Value
Added Member To Class: ClassName=tuch-tara2 Member=Component R2 10K
Added Member To Class: ClassName=tuch-tara2 Member=Component U1 MB6S
Added Member To Class: ClassName=tuch-tara2 Member=Component U3 MB6S
