Removed Pin From Net: NetName=VCC Pin=C2-2
Removed Pin From Net: NetName=VCC Pin=U1-1
Change Component Designator: OldDesignator=C3 NewDesignator=C4
Change Component Designator: OldDesignator=R3 NewDesignator=R4
Change Component Designator: OldDesignator=R4 NewDesignator=R5
Change Component Designator: OldDesignator=R5 NewDesignator=R6
Added Component: Designator=C3(CAP 1206)
Added Component: Designator=R3(Res-(1/4))
Add component (AddParameter): Name = "Power"; Value = "1/4 W"; VariantName = "[No Variations]"
Add component (AddParameter): Name = "Tolerance"; Value = "5%"; VariantName = "[No Variations]"
Add component (AddParameter): Name = "Value"; Value = "10K"; VariantName = "[No Variations]"
Added Pin To Net: NetName=VCC Pin=C3-1
Added Pin To Net: NetName=GND Pin=C3-2
Added Pin To Net: NetName=VCC Pin=R3-1
Change Net Name : Old Net Name=NetC3_1 New Net Name=NetC4_1
Change Net Name : Old Net Name=NetC3_2 New Net Name=NetC4_2
Change Net Name : Old Net Name=NetR3_1 New Net Name=NetR4_1
Change Net Name : Old Net Name=NetR5_2 New Net Name=NetR6_2
Added Pin To Net: NetName=NetC2_2 Pin=C2-2
Added Pin To Net: NetName=NetC2_2 Pin=R3-2
Added Pin To Net: NetName=NetC2_2 Pin=U1-1
Added Net: Name=NetC2_2
Added Member To Class: ClassName=tuch-tara2 Member=Component C4 =Value
Added Member To Class: ClassName=tuch-tara2 Member=Component D2 BTA16-600CW3G
Added Member To Class: ClassName=tuch-tara2 Member=Component R3 10K
Added Member To Class: ClassName=tuch-tara2 Member=Component R4 10K
Added Member To Class: ClassName=tuch-tara2 Member=Component R6 10K
