Added Component: Designator=C1(ELEC-CAP-RAD10-20)
Added Component: Designator=C2(ELEC-CAP-RAD10-20)
Added Component: Designator=P1(HDR1X6)
Add component (AddParameter): Name = "LatestRevisionDate"; Value = "17-Jul-2002"; VariantName = "[No Variations]"
Add component (AddParameter): Name = "LatestRevisionNote"; Value = "Re-released for DXP Platform."; VariantName = "[No Variations]"
Add component (AddParameter): Name = "Publisher"; Value = "Altium Limited"; VariantName = "[No Variations]"
Added Component: Designator=P2(HDR1X2)
Add component (AddParameter): Name = "LatestRevisionDate"; Value = "17-Jul-2002"; VariantName = "[No Variations]"
Add component (AddParameter): Name = "LatestRevisionNote"; Value = "Re-released for DXP Platform."; VariantName = "[No Variations]"
Add component (AddParameter): Name = "Publisher"; Value = "Altium Limited"; VariantName = "[No Variations]"
Added Component: Designator=R1(RES 1206 (3216X08L))
Add component (AddParameter): Name = "Power"; Value = "1/4 W"; VariantName = "[No Variations]"
Add component (AddParameter): Name = "Tolerance"; Value = "5%"; VariantName = "[No Variations]"
Add component (AddParameter): Name = "Value"; Value = "10K"; VariantName = "[No Variations]"
Added Component: Designator=S1(PUSH BUTTON)
Added Component: Designator=S2(PUSH BUTTON)
Added Component: Designator=T1(phoenix terminal R 2)
Add component (AddParameter): Name = "ComponentLinkURL"; Value = "www.picpars.com"; VariantName = "[No Variations]"
Add component (AddParameter): Name = "Designer"; Value = "Seyed Mohsen Ghasemain"; VariantName = "[No Variations]"
Add component (AddParameter): Name = "E-mail"; Value = "picpars@gmail.com"; VariantName = "[No Variations]"
Added Component: Designator=T2(phoenix terminal R 3)
Add component (AddParameter): Name = "ComponentLinkURL"; Value = "www.picpars.com"; VariantName = "[No Variations]"
Add component (AddParameter): Name = "Designer"; Value = "Seyed Mohsen Ghasemain"; VariantName = "[No Variations]"
Add component (AddParameter): Name = "E-mail"; Value = "picpars@gmail.com"; VariantName = "[No Variations]"
Added Component: Designator=T3(phoenix terminal R 3)
Add component (AddParameter): Name = "ComponentLinkURL"; Value = "www.picpars.com"; VariantName = "[No Variations]"
Add component (AddParameter): Name = "Designer"; Value = "Seyed Mohsen Ghasemain"; VariantName = "[No Variations]"
Add component (AddParameter): Name = "E-mail"; Value = "picpars@gmail.com"; VariantName = "[No Variations]"
Added Component: Designator=U1(32A_N)
Add component (AddParameter): Name = "Code_JEDEC"; Value = "MS-026-ABA"; VariantName = "[No Variations]"
Add component (AddParameter): Name = "ComponentLink1Description"; Value = "Datasheet"; VariantName = "[No Variations]"
Add component (AddParameter): Name = "ComponentLink1URL"; Value = "http://www.atmel.com/dyn/resources/prod_documents/doc2486.pdf"; VariantName = "[No Variations]"
Add component (AddParameter): Name = "ComponentLink2Description"; Value = "Atmel.com Home"; VariantName = "[No Variations]"
Add component (AddParameter): Name = "ComponentLink2URL"; Value = "http://www.atmel.com"; VariantName = "[No Variations]"
Add component (AddParameter): Name = "DatasheetVersion"; Value = "2486H-AVR-09/02"; VariantName = "[No Variations]"
Add component (AddParameter): Name = "LatestRevisionDate"; Value = "16-Oct-2006"; VariantName = "[No Variations]"
Add component (AddParameter): Name = "LatestRevisionNote"; Value = "IPC-7351 Footprint Added."; VariantName = "[No Variations]"
Add component (AddParameter): Name = "PackageDescription"; Value = "32-Lead, 7x7x1.0 mm Body, 0.8mm Lead Pitch, Thin Profile Plastic Quad Flat Package (TQFP)"; VariantName = "[No Variations]"
Add component (AddParameter): Name = "PackageReference"; Value = "32A"; VariantName = "[No Variations]"
Add component (AddParameter): Name = "PackageVersion"; Value = "revB, Oct-2001"; VariantName = "[No Variations]"
Add component (AddParameter): Name = "Published"; Value = "17-Sep-2003"; VariantName = "[No Variations]"
Add component (AddParameter): Name = "Publisher"; Value = "Altium Limited"; VariantName = "[No Variations]"
Add component (AddParameter): Name = "Supplier 1"; Value = "Digi-Key"; VariantName = "[No Variations]"
Add component (AddParameter): Name = "Supplier 2"; Value = "Mouser"; VariantName = "[No Variations]"
Add component (AddParameter): Name = "Supplier Part Number 1"; Value = "ATMEGA8-16AC-ND"; VariantName = "[No Variations]"
Add component (AddParameter): Name = "Supplier Part Number 2"; Value = "556-ATMEGA8-16AC"; VariantName = "[No Variations]"
Added Component: Designator=U2(ESP_12_E)
Add component (AddParameter): Name = "IC"; Value = "ESP8266-EX"; VariantName = "[No Variations]"
Add component (AddParameter): Name = "Vendor"; Value = "Ai-thinker"; VariantName = "[No Variations]"
Added Component: Designator=Y1(R38)
Add component (AddParameter): Name = "LatestRevisionDate"; Value = "17-Jul-2002"; VariantName = "[No Variations]"
Add component (AddParameter): Name = "LatestRevisionNote"; Value = "Re-released for DXP Platform."; VariantName = "[No Variations]"
Add component (AddParameter): Name = "PackageDescription"; Value = "Crystal, Thru-Hole; 2 Leads; Body 3.1 x 8.2 mm (Dia.xH)"; VariantName = "[No Variations]"
Add component (AddParameter): Name = "PackageReference"; Value = "R38"; VariantName = "[No Variations]"
Add component (AddParameter): Name = "Published"; Value = "8-Jun-2000"; VariantName = "[No Variations]"
Add component (AddParameter): Name = "Publisher"; Value = "Altium Limited"; VariantName = "[No Variations]"
Added Pin To Net: NetName=GND Pin=C1-1
Added Pin To Net: NetName=NetC1_2 Pin=C1-2
Added Pin To Net: NetName=GND Pin=C2-1
Added Pin To Net: NetName=NetC2_2 Pin=C2-2
Added Pin To Net: NetName=i6 Pin=P1-1
Added Pin To Net: NetName=o11 Pin=P1-2
Added Pin To Net: NetName=i2 Pin=P1-3
Added Pin To Net: NetName=i3 Pin=P1-4
Added Pin To Net: NetName=i4 Pin=P1-5
Added Pin To Net: NetName=i5 Pin=P1-6
Added Pin To Net: NetName=rx2 Pin=P2-1
Added Pin To Net: NetName=rx Pin=P2-2
Added Pin To Net: NetName=rst Pin=R1-1
Added Pin To Net: NetName=vdd Pin=R1-2
Added Pin To Net: NetName=btn Pin=S1-1
Added Pin To Net: NetName=GND Pin=S1-3
Added Pin To Net: NetName=GND Pin=S1-4
Added Pin To Net: NetName=GND Pin=S2-1
Added Pin To Net: NetName=GND Pin=S2-2
Added Pin To Net: NetName=rst Pin=S2-3
Added Pin To Net: NetName=vdd Pin=T1-1
Added Pin To Net: NetName=GND Pin=T1-2
Added Pin To Net: NetName=i9 Pin=T2-1
Added Pin To Net: NetName=i10 Pin=T2-2
Added Pin To Net: NetName=i8 Pin=T2-3
Added Pin To Net: NetName=i12 Pin=T3-1
Added Pin To Net: NetName=i11 Pin=T3-2
Added Pin To Net: NetName=i13 Pin=T3-3
Added Pin To Net: NetName=O1 Pin=U1-2
Added Pin To Net: NetName=GND Pin=U1-3
Added Pin To Net: NetName=vdd Pin=U1-4
Added Pin To Net: NetName=GND Pin=U1-5
Added Pin To Net: NetName=vdd Pin=U1-6
Added Pin To Net: NetName=NetC1_2 Pin=U1-7
Added Pin To Net: NetName=NetC2_2 Pin=U1-8
Added Pin To Net: NetName=O2 Pin=U1-9
Added Pin To Net: NetName=O3 Pin=U1-10
Added Pin To Net: NetName=o4 Pin=U1-11
Added Pin To Net: NetName=o5 Pin=U1-12
Added Pin To Net: NetName=o6 Pin=U1-13
Added Pin To Net: NetName=o7 Pin=U1-14
Added Pin To Net: NetName=o8 Pin=U1-15
Added Pin To Net: NetName=o9 Pin=U1-16
Added Pin To Net: NetName=o10 Pin=U1-17
Added Pin To Net: NetName=vdd Pin=U1-18
Added Pin To Net: NetName=GND Pin=U1-21
Added Pin To Net: NetName=i6 Pin=U1-23
Added Pin To Net: NetName=o11 Pin=U1-24
Added Pin To Net: NetName=i2 Pin=U1-25
Added Pin To Net: NetName=i3 Pin=U1-26
Added Pin To Net: NetName=i4 Pin=U1-27
Added Pin To Net: NetName=i5 Pin=U1-28
Added Pin To Net: NetName=rst Pin=U1-29
Added Pin To Net: NetName=rx2 Pin=U1-30
Added Pin To Net: NetName=rx Pin=U1-31
Added Pin To Net: NetName=rst Pin=U2-1
Added Pin To Net: NetName=ADC Pin=U2-2
Added Pin To Net: NetName=vdd Pin=U2-3
Added Pin To Net: NetName=i12 Pin=U2-4
Added Pin To Net: NetName=i11 Pin=U2-5
Added Pin To Net: NetName=i13 Pin=U2-6
Added Pin To Net: NetName=i9 Pin=U2-7
Added Pin To Net: NetName=vdd Pin=U2-8
Added Pin To Net: NetName=GND Pin=U2-15
Added Pin To Net: NetName=GND Pin=U2-16
Added Pin To Net: NetName=rx Pin=U2-21
Added Pin To Net: NetName=rx2 Pin=U2-22
Added Pin To Net: NetName=NetC2_2 Pin=Y1-1
Added Pin To Net: NetName=NetC1_2 Pin=Y1-2
Added Member To Class: ClassName=contor Member=Component C1 =Value
Added Member To Class: ClassName=contor Member=Component C2 =Value
Added Member To Class: ClassName=contor Member=Component P1 Header 6
Added Member To Class: ClassName=contor Member=Component P2 Header 2
Added Member To Class: ClassName=contor Member=Component R1 10K
Added Member To Class: ClassName=contor Member=Component S1 PUSH BUTTON DOUBLE
Added Member To Class: ClassName=contor Member=Component S2 PUSH BUTTON DOUBLE
Added Member To Class: ClassName=contor Member=Component T1 Phoenix terminal
Added Member To Class: ClassName=contor Member=Component T2 Terminal
Added Member To Class: ClassName=contor Member=Component T3 Terminal
Added Member To Class: ClassName=contor Member=Component U1 ATmega8-16AC
Added Member To Class: ClassName=contor Member=Component U2 ESP_12_E
Added Member To Class: ClassName=contor Member=Component Y1 XTAL
