Removed Pin From Net: NetName=GND Pin=C1-1
Removed Pin From Net: NetName=GND Pin=C2-1
Removed Pin From Net: NetName=GND Pin=J1-3
Removed Pin From Net: NetName=GND Pin=JP2-1
Removed Pin From Net: NetName=GND Pin=JP2-2
Removed Pin From Net: NetName=GND Pin=JP4-1
Removed Pin From Net: NetName=GND Pin=JP4-2
Removed Pin From Net: NetName=rst Pin=P2-4
Removed Pin From Net: NetName=vesp Pin=P6-1
Removed Pin From Net: NetName=GND Pin=P6-6
Removed Pin From Net: NetName=vesp Pin=P6-7
Removed Pin From Net: NetName=vesp Pin=P7-1
Removed Pin From Net: NetName=GND Pin=P7-6
Removed Pin From Net: NetName=vesp Pin=P7-7
Removed Pin From Net: NetName=GND Pin=P8-7
Removed Pin From Net: NetName=GND Pin=PS1-3
Removed Pin From Net: NetName=GND Pin=Q1-2
Removed Pin From Net: NetName=GND Pin=Q2-2
Removed Pin From Net: NetName=vesp Pin=R2-1
Removed Pin From Net: NetName=vesp Pin=R3-1
Removed Pin From Net: NetName=vesp Pin=R4-1
Removed Pin From Net: NetName=vesp Pin=R5-1
Removed Pin From Net: NetName=vesp Pin=R6-1
Removed Pin From Net: NetName=vesp Pin=R7-1
Removed Pin From Net: NetName=vesp Pin=R8-1
Removed Pin From Net: NetName=vesp Pin=R9-1
Removed Pin From Net: NetName=GND Pin=U1-3
Removed Pin From Net: NetName=vesp Pin=U1-4
Removed Pin From Net: NetName=GND Pin=U1-5
Removed Pin From Net: NetName=vesp Pin=U1-6
Removed Pin From Net: NetName=vesp Pin=U1-18
Removed Pin From Net: NetName=GND Pin=U1-21
Removed Pin From Net: NetName=rst Pin=U1-29
Removed Pin From Net: NetName=GND Pin=U2-8
Removed Member From Class: ClassName=tscnew Member=C4
Removed Member From Class: ClassName=tscnew Member=C5
Removed Member From Class: ClassName=tscnew Member=D1
Removed Member From Class: ClassName=tscnew Member=D2
Removed Member From Class: ClassName=tscnew Member=J1
Removed Member From Class: ClassName=tscnew Member=J2
Removed Member From Class: ClassName=tscnew Member=J3
Removed Member From Class: ClassName=tscnew Member=J4
Removed Member From Class: ClassName=tscnew Member=J5
Removed Member From Class: ClassName=tscnew Member=J6
Removed Member From Class: ClassName=tscnew Member=JP1
Removed Member From Class: ClassName=tscnew Member=JP2
Removed Member From Class: ClassName=tscnew Member=JP3
Removed Member From Class: ClassName=tscnew Member=JP4
Removed Member From Class: ClassName=tscnew Member=JP5
Removed Member From Class: ClassName=tscnew Member=K1
Removed Member From Class: ClassName=tscnew Member=K2
Removed Member From Class: ClassName=tscnew Member=K3
Removed Member From Class: ClassName=tscnew Member=K4
Removed Member From Class: ClassName=tscnew Member=P4
Removed Member From Class: ClassName=tscnew Member=P5
Removed Member From Class: ClassName=tscnew Member=P6
Removed Member From Class: ClassName=tscnew Member=P7
Removed Member From Class: ClassName=tscnew Member=P8
Removed Member From Class: ClassName=tscnew Member=P9
Removed Member From Class: ClassName=tscnew Member=PS1
Removed Member From Class: ClassName=tscnew Member=Q1
Removed Member From Class: ClassName=tscnew Member=Q2
Removed Member From Class: ClassName=tscnew Member=R2
Removed Member From Class: ClassName=tscnew Member=R3
Removed Member From Class: ClassName=tscnew Member=R4
Removed Member From Class: ClassName=tscnew Member=R5
Removed Member From Class: ClassName=tscnew Member=R6
Removed Member From Class: ClassName=tscnew Member=R7
Removed Member From Class: ClassName=tscnew Member=R8
Removed Member From Class: ClassName=tscnew Member=R9
Removed Member From Class: ClassName=tscnew Member=R10
Removed Member From Class: ClassName=tscnew Member=R11
Removed Member From Class: ClassName=tscnew Member=R13
Removed Member From Class: ClassName=tscnew Member=R14
Removed Member From Class: ClassName=tscnew Member=R15
Removed Member From Class: ClassName=tscnew Member=R16
Removed Member From Class: ClassName=tscnew Member=U3
Removed Member From Class: ClassName=tscnew Member=U4
Removed Member From Class: ClassName=tscnew Member=Y1
Change Component Footprint: Designator=P2 Old Footprint=HDR1X4 New Footprint=HDR1X3
Change Component Footprint: Designator=P1 Old Footprint=HDR1X7 New Footprint=HDR1X3
Change Component Comment : Designator=P2 Old Comment=Header 4 New Comment=Header 3
Change Component Comment : Designator=P1 Old Comment=Header 7 New Comment=Header 3
Change Component Designator: OldDesignator=C3 NewDesignator=C1
Change Component Designator: OldDesignator=C4 NewDesignator=C2
Change Component Designator: OldDesignator=C5 NewDesignator=C3
Change Component Designator: OldDesignator=U3 NewDesignator=U1
Change Component Designator: OldDesignator=U4 NewDesignator=U2
Added Pin To Net: NetName=vesp Pin=P1-2
Added Pin To Net: NetName=GND Pin=P1-3
Added Pin To Net: NetName=GND Pin=P2-2
Added Pin To Net: NetName=vesp Pin=P2-3
Added Pin To Net: NetName=vesp Pin=P3-1
Added Pin To Net: NetName=GND Pin=P3-4
Added Pin To Net: NetName=ir-r Pin=P2-1
Added Net: Name=ir-r
Added Pin To Net: NetName=rf-r Pin=P3-2
Added Pin To Net: NetName=rf-r Pin=P3-3
Added Net: Name=rf-r
Added Pin To Net: NetName=rf-t Pin=P1-1
Added Net: Name=rf-t
Added Pin To Net: NetName=rx Pin=U2-19
Added Net: Name=rx
Added Pin To Net: NetName=tx Pin=U2-20
Added Net: Name=tx
Added Pin To Net: NetName=vdD Pin=U1-3
Added Net: Name=vdD
Change Class Name : Old Net Name=tscnew New Net Name=ir-rf
Change Room Name: Old Name=tscnew New Name=ir-rf
Change Room Scope: Old Scope=InComponentClass('tscnew') New Scope=InComponentClass('ir-rf')
