Added Component: Designator=C1(CAP 0805)
Added Component: Designator=C2(CAP 0805)
Added Component: Designator=C3(CAP 0805)
Added Component: Designator=P1(HDR1X3)
Add component (AddParameter): Name = "LatestRevisionDate"; Value = "17-Jul-2002"; VariantName = "[No Variations]"
Add component (AddParameter): Name = "LatestRevisionNote"; Value = "Re-released for DXP Platform."; VariantName = "[No Variations]"
Add component (AddParameter): Name = "Publisher"; Value = "Altium Limited"; VariantName = "[No Variations]"
Added Component: Designator=P2(HDR1X3)
Add component (AddParameter): Name = "LatestRevisionDate"; Value = "17-Jul-2002"; VariantName = "[No Variations]"
Add component (AddParameter): Name = "LatestRevisionNote"; Value = "Re-released for DXP Platform."; VariantName = "[No Variations]"
Add component (AddParameter): Name = "Publisher"; Value = "Altium Limited"; VariantName = "[No Variations]"
Added Component: Designator=P3(HDR1X4)
Add component (AddParameter): Name = "LatestRevisionDate"; Value = "17-Jul-2002"; VariantName = "[No Variations]"
Add component (AddParameter): Name = "LatestRevisionNote"; Value = "Re-released for DXP Platform."; VariantName = "[No Variations]"
Add component (AddParameter): Name = "Publisher"; Value = "Altium Limited"; VariantName = "[No Variations]"
Added Component: Designator=U2(ESP_12_E)
Add component (AddParameter): Name = "IC"; Value = "ESP8266-EX"; VariantName = "[No Variations]"
Add component (AddParameter): Name = "Vendor"; Value = "Ai-thinker"; VariantName = "[No Variations]"
Added Pin To Net: NetName=vesp Pin=C1-1
Added Pin To Net: NetName=GND Pin=C1-2
Added Pin To Net: NetName=vesp Pin=C2-1
Added Pin To Net: NetName=GND Pin=C2-2
Added Pin To Net: NetName=vesp Pin=C3-1
Added Pin To Net: NetName=GND Pin=C3-2
Added Pin To Net: NetName=rf-t Pin=P1-1
Added Pin To Net: NetName=vesp Pin=P1-2
Added Pin To Net: NetName=GND Pin=P1-3
Added Pin To Net: NetName=ir-r Pin=P2-1
Added Pin To Net: NetName=GND Pin=P2-2
Added Pin To Net: NetName=vesp Pin=P2-3
Added Pin To Net: NetName=vesp Pin=P3-1
Added Pin To Net: NetName=rf-r Pin=P3-2
Added Pin To Net: NetName=rf-r Pin=P3-3
Added Pin To Net: NetName=GND Pin=P3-4
Added Pin To Net: NetName=rst Pin=U2-1
Added Pin To Net: NetName=vesp Pin=U2-3
Added Pin To Net: NetName=vesp Pin=U2-8
Added Pin To Net: NetName=GND Pin=U2-15
Added Pin To Net: NetName=GND Pin=U2-16
Added Pin To Net: NetName=btn Pin=U2-18
Added Pin To Net: NetName=rx Pin=U2-19
Added Pin To Net: NetName=tx Pin=U2-20
Added Member To Class: ClassName=ir-rf Member=Component C1 =Value
Added Member To Class: ClassName=ir-rf Member=Component C2 =Value
Added Member To Class: ClassName=ir-rf Member=Component C3 =Value
Added Member To Class: ClassName=ir-rf Member=Component P1 Header 3
Added Member To Class: ClassName=ir-rf Member=Component P2 Header 3
Added Member To Class: ClassName=ir-rf Member=Component P3 Header 4
Added Member To Class: ClassName=ir-rf Member=Component U1 LM1117MP-3.3
Added Member To Class: ClassName=ir-rf Member=Component U2 ESP_12_E
