Removed Pin From Net: NetName=s3 Pin=J1-1
Removed Pin From Net: NetName=s2 Pin=J1-2
Removed Pin From Net: NetName=s1 Pin=J1-3
Removed Pin From Net: NetName=GND Pin=J1-4
Removed Pin From Net: NetName=o3 Pin=R5-1
Removed Pin From Net: NetName=o2 Pin=R7-1
Removed Pin From Net: NetName=o1 Pin=R9-1
Removed Pin From Net: NetName=GND Pin=U3-2
Removed Pin From Net: NetName=GND Pin=U4-2
Removed Pin From Net: NetName=GND Pin=U5-2
Removed Member From Class: ClassName=tsc Member=D5
Removed Member From Class: ClassName=tsc Member=D6
Removed Member From Class: ClassName=tsc Member=D7
Removed Member From Class: ClassName=tsc Member=E4
Removed Member From Class: ClassName=tsc Member=J2
Removed Member From Class: ClassName=tsc Member=J3
Removed Member From Class: ClassName=tsc Member=R5
Removed Member From Class: ClassName=tsc Member=R6
Removed Member From Class: ClassName=tsc Member=R7
Removed Member From Class: ClassName=tsc Member=R8
Removed Member From Class: ClassName=tsc Member=R9
Removed Member From Class: ClassName=tsc Member=R10
Removed Member From Class: ClassName=tsc Member=T1
Removed Member From Class: ClassName=tsc Member=U3
Removed Member From Class: ClassName=tsc Member=U4
Removed Member From Class: ClassName=tsc Member=U5
Change Component Footprint: Designator=J1 Old Footprint=KF300-4 PIN New Footprint=KF300-3 PIN
Change Component Comment : Designator=J1 Old Comment=TBlock-4 New Comment=TBlock-3
Added Component: Designator=P1(HDR1X7)
Add component (AddParameter): Name = "LatestRevisionDate"; Value = "17-Jul-2002"; VariantName = "[No Variations]"
Add component (AddParameter): Name = "LatestRevisionNote"; Value = "Re-released for DXP Platform."; VariantName = "[No Variations]"
Add component (AddParameter): Name = "Publisher"; Value = "Altium Limited"; VariantName = "[No Variations]"
Added Component: Designator=U2(ESP_12_E)
Add component (AddParameter): Name = "IC"; Value = "ESP8266-EX"; VariantName = "[No Variations]"
Add component (AddParameter): Name = "Vendor"; Value = "Ai-thinker"; VariantName = "[No Variations]"
Added Pin To Net: NetName=rst Pin=U2-1
Added Pin To Net: NetName=vesp Pin=U2-3
Added Pin To Net: NetName=o3 Pin=U2-4
Added Pin To Net: NetName=s1 Pin=U2-5
Added Pin To Net: NetName=s2 Pin=U2-6
Added Pin To Net: NetName=s3 Pin=U2-7
Added Pin To Net: NetName=vesp Pin=U2-8
Added Pin To Net: NetName=GND Pin=U2-15
Added Pin To Net: NetName=GND Pin=U2-16
Added Pin To Net: NetName=btn Pin=U2-18
Added Pin To Net: NetName=o1 Pin=U2-19
Added Pin To Net: NetName=o2 Pin=U2-20
Added Pin To Net: NetName=NetJ1_1 Pin=J1-1
Added Pin To Net: NetName=NetJ1_1 Pin=K1-3
Added Net: Name=NetJ1_1
Added Pin To Net: NetName=NetJ1_2 Pin=J1-2
Added Pin To Net: NetName=NetJ1_2 Pin=K1-1
Added Net: Name=NetJ1_2
Added Pin To Net: NetName=NetJ1_3 Pin=J1-3
Added Pin To Net: NetName=NetJ1_3 Pin=K1-2
Added Net: Name=NetJ1_3
Added Member To Class: ClassName=tsc Member=Component P1 Header 7
Added Member To Class: ClassName=tsc Member=Component U2 ESP_12_E
