Removed Pin From Net: NetName=VCC Pin=C4-1
Removed Pin From Net: NetName=VCC Pin=C5-2
Removed Pin From Net: NetName=o1 Pin=J1-3
Removed Pin From Net: NetName=GND Pin=J1-8
Removed Pin From Net: NetName=GND Pin=J1-13
Removed Pin From Net: NetName=VCC Pin=J1-16
Removed Pin From Net: NetName=VCC Pin=P1-1
Removed Pin From Net: NetName=VCC Pin=Q1-2
Removed Pin From Net: NetName=GND Pin=R6-2
Removed Member From Class: ClassName=ir-tara-smd Member=C5
Removed Member From Class: ClassName=ir-tara-smd Member=J1
Removed Member From Class: ClassName=ir-tara-smd Member=R6
Added Component: Designator=U2(SOT95P285X126-6N)
Add component (AddParameter): Name = "Availability"; Value = "Unavailable"; VariantName = "[No Variations]"
Add component (AddParameter): Name = "MF"; Value = "KOA Speer"; VariantName = "[No Variations]"
Add component (AddParameter): Name = "MP"; Value = "TTP223"; VariantName = "[No Variations]"
Add component (AddParameter): Name = "Package"; Value = "0402 KOA Speer"; VariantName = "[No Variations]"
Add component (AddParameter): Name = "Price"; Value = "None"; VariantName = "[No Variations]"
Add component (AddParameter): Name = "SnapEDA_Link"; Value = "https://www.snapeda.com/parts/TTP223%20/KOA%20Speer/view-part/2780209/?ref=snap"; VariantName = "[No Variations]"
Add component (AddParameter): Name = "Value"; Value = ""; VariantName = "[No Variations]"
Added Pin To Net: NetName=GND Pin=C4-2
Added Pin To Net: NetName=o1 Pin=U2-1
Added Pin To Net: NetName=GND Pin=U2-2
Added Pin To Net: NetName=VCC Pin=U2-5
Added Pin To Net: NetName=VCC Pin=U2-6
Added Pin To Net: NetName=NetC4_1 Pin=C4-1
Added Pin To Net: NetName=NetC4_1 Pin=Q1-3
Added Pin To Net: NetName=NetC4_1 Pin=U2-3
Added Net: Name=NetC4_1
Added Pin To Net: NetName=NetP1_1 Pin=P1-1
Added Pin To Net: NetName=NetP1_1 Pin=Q1-2
Added Net: Name=NetP1_1
Added Pin To Net: NetName=NetQ1_2 Pin=Q1-1
Added Pin To Net: NetName=NetQ1_2 Pin=R5-2
Added Net: Name=NetQ1_2
Change Class Name : Old Net Name=ir-tara-smd New Net Name=ir-tara-smd-ttp223
Added Member To Class: ClassName=ir-tara-smd-ttp223 Member=Component U2 TTP223_
Change Room Name: Old Name=ir-tara-smd New Name=ir-tara-smd-ttp223
Change Room Scope: Old Scope=InComponentClass('ir-tara-smd') New Scope=InComponentClass('ir-tara-smd-ttp223')
