Removed Pin From Net: NetName=nol Pin=E1-1
Removed Member From Class: ClassName=tscnew-tr Member=E1
Change Component Designator: OldDesignator=JP1 NewDesignator=JP2
Added Component: Designator=C1(ELEC-CAP-RAD10-20)
Added Component: Designator=JP1(Header 2X1)
Added Component: Designator=R3(RES 1206 (3216X08L))
Add component (AddParameter): Name = "Power"; Value = "1/4 W"; VariantName = "[No Variations]"
Add component (AddParameter): Name = "Tolerance"; Value = "5%"; VariantName = "[No Variations]"
Add component (AddParameter): Name = "Value"; Value = "10K"; VariantName = "[No Variations]"
Added Component: Designator=R5(RES 1206 (3216X08L))
Add component (AddParameter): Name = "Power"; Value = "1/4 W"; VariantName = "[No Variations]"
Add component (AddParameter): Name = "Tolerance"; Value = "5%"; VariantName = "[No Variations]"
Add component (AddParameter): Name = "Value"; Value = "10K"; VariantName = "[No Variations]"
Added Component: Designator=R7(RES 1206 (3216X08L))
Add component (AddParameter): Name = "Power"; Value = "1/4 W"; VariantName = "[No Variations]"
Add component (AddParameter): Name = "Tolerance"; Value = "5%"; VariantName = "[No Variations]"
Add component (AddParameter): Name = "Value"; Value = "10K"; VariantName = "[No Variations]"
Added Component: Designator=S1(PB-2pin)
Add component (AddParameter): Name = "Designer"; Value = "Seyed Mohsen Ghasemian"; VariantName = "[No Variations]"
Add component (AddParameter): Name = "E-mail"; Value = "picpars@gmail.com"; VariantName = "[No Variations]"
Add component (AddParameter): Name = "Publisher"; Value = "www.picpars.com"; VariantName = "[No Variations]"
Add component (AddParameter): Name = "WEB"; Value = "www.picpars.com"; VariantName = "[No Variations]"
Added Component: Designator=S2(PUSH BUTTON)
Added Pin To Net: NetName=vesp Pin=C1-1
Added Pin To Net: NetName=GND Pin=C1-2
Added Pin To Net: NetName=faz Pin=JP1-1
Added Pin To Net: NetName=faz Pin=JP1-2
Added Pin To Net: NetName=NetR3_1 Pin=R3-1
Added Pin To Net: NetName=faz Pin=R3-2
Added Pin To Net: NetName=NetR5_1 Pin=R5-1
Added Pin To Net: NetName=faz Pin=R5-2
Added Pin To Net: NetName=NetR7_1 Pin=R7-1
Added Pin To Net: NetName=faz Pin=R7-2
Added Pin To Net: NetName=GND Pin=S1-1
Added Pin To Net: NetName=rst Pin=S1-2
Added Pin To Net: NetName=btn Pin=S2-2
Added Pin To Net: NetName=GND Pin=S2-4
Added Member To Class: ClassName=tscnew-tr Member=Component C1 =Value
Added Member To Class: ClassName=tscnew-tr Member=Component JP2 Jumper
Added Member To Class: ClassName=tscnew-tr Member=Component PS1 HLK-PM01
Added Member To Class: ClassName=tscnew-tr Member=Component R3 10K
Added Member To Class: ClassName=tscnew-tr Member=Component R5 10K
Added Member To Class: ClassName=tscnew-tr Member=Component R7 10K
Added Member To Class: ClassName=tscnew-tr Member=Component S1 PB-2pin
Added Member To Class: ClassName=tscnew-tr Member=Component S2 PUSH BUTTON DOUBLE
