Change Component Designator: OldDesignator=C3 NewDesignator=C1
Change Component Designator: OldDesignator=C4 NewDesignator=C2
Change Component Designator: OldDesignator=E2 NewDesignator=E1
Change Component Designator: OldDesignator=E3 NewDesignator=E2
Change Component Designator: OldDesignator=E4 NewDesignator=E3
Change Component Designator: OldDesignator=E5 NewDesignator=E4
Change Component Designator: OldDesignator=E6 NewDesignator=E5
Change Component Designator: OldDesignator=E7 NewDesignator=E6
Change Component Designator: OldDesignator=T1 NewDesignator=T2
Change Component Designator: OldDesignator=U2 NewDesignator=U1
Change Component Designator: OldDesignator=U3 NewDesignator=U2
Change Component Designator: OldDesignator=U4 NewDesignator=U3
Change Component Designator: OldDesignator=U5 NewDesignator=U4
Added Component: Designator=T1(phoenix terminal 2)
Add component. Clean all parameters for all variants
Add component (AddParameter): Name = "ComponentLinkURL"; Value = "www.picpars.com"; VariantName = "[No Variations]"
Add component (AddParameter): Name = "Designer"; Value = "Seyed Mohsen Ghasemain"; VariantName = "[No Variations]"
Add component (AddParameter): Name = "E-mail"; Value = "picpars@gmail.com"; VariantName = "[No Variations]"
Added Pin To Net: NetName=GND Pin=T1-1
Added Pin To Net: NetName=VCC Pin=T1-2
Change Net Name : Old Net Name=NetC3_2 New Net Name=NetC1_2
Change Net Name : Old Net Name=NetE2_1 New Net Name=NetE1_1
Change Net Name : Old Net Name=NetE4_1 New Net Name=NetE3_1
Change Net Name : Old Net Name=NetT1_2 New Net Name=NetT2_2
Change Net Name : Old Net Name=VCC New Net Name=bat
Added Member To Class: ClassName=tablo tara Member=Component T2 Phoenix terminal
