Change Component Designator: OldDesignator=R1 NewDesignator=R2
Change Component Designator: OldDesignator=R2 NewDesignator=R3
Change Component Designator: OldDesignator=R3 NewDesignator=R4
Change Component Designator: OldDesignator=R4 NewDesignator=R5
Change Component Designator: OldDesignator=R5 NewDesignator=R6
Change Component Designator: OldDesignator=R6 NewDesignator=R7
Change Component Designator: OldDesignator=R7 NewDesignator=R8
Change Component Designator: OldDesignator=U2 NewDesignator=U4
Change Component Designator: OldDesignator=U3 NewDesignator=U5
Change Component Designator: OldDesignator=U4 NewDesignator=U6
Change Component Designator: OldDesignator=U5 NewDesignator=U7
Change Component Designator: OldDesignator=U6 NewDesignator=U8
Added Component: Designator=C2(CAP 0805)
Added Component: Designator=C3(CAP 0805)
Added Component: Designator=P1(HDR1X7)
Add component (AddParameter): Name = "LatestRevisionDate"; Value = "17-Jul-2002"; VariantName = "[No Variations]"
Add component (AddParameter): Name = "LatestRevisionNote"; Value = "Re-released for DXP Platform."; VariantName = "[No Variations]"
Add component (AddParameter): Name = "Publisher"; Value = "Altium Limited"; VariantName = "[No Variations]"
Added Component: Designator=P2(HDR1X4)
Add component (AddParameter): Name = "LatestRevisionDate"; Value = "17-Jul-2002"; VariantName = "[No Variations]"
Add component (AddParameter): Name = "LatestRevisionNote"; Value = "Re-released for DXP Platform."; VariantName = "[No Variations]"
Add component (AddParameter): Name = "Publisher"; Value = "Altium Limited"; VariantName = "[No Variations]"
Added Component: Designator=R1(RES 1206 (3216X08L))
Add component (AddParameter): Name = "Power"; Value = "1/4 W"; VariantName = "[No Variations]"
Add component (AddParameter): Name = "Tolerance"; Value = "5%"; VariantName = "[No Variations]"
Add component (AddParameter): Name = "Value"; Value = "10K"; VariantName = "[No Variations]"
Added Component: Designator=U2(32A_N)
Add component (AddParameter): Name = "Code_JEDEC"; Value = "MS-026-ABA"; VariantName = "[No Variations]"
Add component (AddParameter): Name = "ComponentLink1Description"; Value = "Datasheet"; VariantName = "[No Variations]"
Add component (AddParameter): Name = "ComponentLink1URL"; Value = "http://www.atmel.com/dyn/resources/prod_documents/doc2486.pdf"; VariantName = "[No Variations]"
Add component (AddParameter): Name = "ComponentLink2Description"; Value = "Atmel.com Home"; VariantName = "[No Variations]"
Add component (AddParameter): Name = "ComponentLink2URL"; Value = "http://www.atmel.com"; VariantName = "[No Variations]"
Add component (AddParameter): Name = "DatasheetVersion"; Value = "2486H-AVR-09/02"; VariantName = "[No Variations]"
Add component (AddParameter): Name = "LatestRevisionDate"; Value = "16-Oct-2006"; VariantName = "[No Variations]"
Add component (AddParameter): Name = "LatestRevisionNote"; Value = "IPC-7351 Footprint Added."; VariantName = "[No Variations]"
Add component (AddParameter): Name = "PackageDescription"; Value = "32-Lead, 7x7x1.0 mm Body, 0.8mm Lead Pitch, Thin Profile Plastic Quad Flat Package (TQFP)"; VariantName = "[No Variations]"
Add component (AddParameter): Name = "PackageReference"; Value = "32A"; VariantName = "[No Variations]"
Add component (AddParameter): Name = "PackageVersion"; Value = "revB, Oct-2001"; VariantName = "[No Variations]"
Add component (AddParameter): Name = "Published"; Value = "17-Sep-2003"; VariantName = "[No Variations]"
Add component (AddParameter): Name = "Publisher"; Value = "Altium Limited"; VariantName = "[No Variations]"
Add component (AddParameter): Name = "Supplier 1"; Value = "Digi-Key"; VariantName = "[No Variations]"
Add component (AddParameter): Name = "Supplier 2"; Value = "Mouser"; VariantName = "[No Variations]"
Add component (AddParameter): Name = "Supplier Part Number 1"; Value = "ATMEGA8-16AC-ND"; VariantName = "[No Variations]"
Add component (AddParameter): Name = "Supplier Part Number 2"; Value = "556-ATMEGA8-16AC"; VariantName = "[No Variations]"
Added Component: Designator=U3(SOIC127P600X175-16N)
Add component (AddParameter): Name = "Availability"; Value = "Unavailable"; VariantName = "[No Variations]"
Add component (AddParameter): Name = "MF"; Value = ""; VariantName = "[No Variations]"
Add component (AddParameter): Name = "MP"; Value = "ULN2003ADRG4"; VariantName = "[No Variations]"
Add component (AddParameter): Name = "Package"; Value = "None"; VariantName = "[No Variations]"
Add component (AddParameter): Name = "Price"; Value = "None"; VariantName = "[No Variations]"
Add component (AddParameter): Name = "Value"; Value = ""; VariantName = "[No Variations]"
Added Component: Designator=Y1(R38)
Add component (AddParameter): Name = "LatestRevisionDate"; Value = "17-Jul-2002"; VariantName = "[No Variations]"
Add component (AddParameter): Name = "LatestRevisionNote"; Value = "Re-released for DXP Platform."; VariantName = "[No Variations]"
Add component (AddParameter): Name = "PackageDescription"; Value = "Crystal, Thru-Hole; 2 Leads; Body 3.1 x 8.2 mm (Dia.xH)"; VariantName = "[No Variations]"
Add component (AddParameter): Name = "PackageReference"; Value = "R38"; VariantName = "[No Variations]"
Add component (AddParameter): Name = "Published"; Value = "8-Jun-2000"; VariantName = "[No Variations]"
Add component (AddParameter): Name = "Publisher"; Value = "Altium Limited"; VariantName = "[No Variations]"
Added Pin To Net: NetName=GND Pin=C2-1
Added Pin To Net: NetName=GND Pin=C3-1
Added Pin To Net: NetName=vcc Pin=P1-1
Added Pin To Net: NetName=o2 Pin=P2-2
Added Pin To Net: NetName=o1 Pin=P2-3
Added Pin To Net: NetName=rst Pin=P2-4
Added Pin To Net: NetName=rst Pin=R1-1
Added Pin To Net: NetName=vesp Pin=R1-2
Added Pin To Net: NetName=GND Pin=U2-3
Added Pin To Net: NetName=vesp Pin=U2-4
Added Pin To Net: NetName=GND Pin=U2-5
Added Pin To Net: NetName=vesp Pin=U2-6
Added Pin To Net: NetName=o3 Pin=U2-9
Added Pin To Net: NetName=o1 Pin=U2-15
Added Pin To Net: NetName=o2 Pin=U2-16
Added Pin To Net: NetName=vesp Pin=U2-18
Added Pin To Net: NetName=GND Pin=U2-21
Added Pin To Net: NetName=rst Pin=U2-29
Added Pin To Net: NetName=o1 Pin=U3-1
Added Pin To Net: NetName=o3 Pin=U3-7
Added Pin To Net: NetName=GND Pin=U3-8
Added Pin To Net: NetName=vcc Pin=U3-9
Change Net Name : Old Net Name=NetR1_2 New Net Name=NetR2_2
Change Net Name : Old Net Name=NetR2_2 New Net Name=NetR3_2
Change Net Name : Old Net Name=NetR4_2 New Net Name=NetR5_2
Change Net Name : Old Net Name=NetR6_2 New Net Name=NetR7_2
Added Pin To Net: NetName=i13 Pin=U2-2
Added Net: Name=i13
Added Pin To Net: NetName=i14 Pin=U2-1
Added Net: Name=i14
Added Pin To Net: NetName=i15 Pin=U2-32
Added Net: Name=i15
Added Pin To Net: NetName=i16 Pin=U2-28
Added Net: Name=i16
Added Pin To Net: NetName=i17 Pin=U2-27
Added Net: Name=i17
Added Pin To Net: NetName=i18 Pin=U2-26
Added Net: Name=i18
Added Pin To Net: NetName=NetC2_2 Pin=C2-2
Added Pin To Net: NetName=NetC2_2 Pin=U2-7
Added Pin To Net: NetName=NetC2_2 Pin=Y1-2
Added Net: Name=NetC2_2
Added Pin To Net: NetName=NetC3_2 Pin=C3-2
Added Pin To Net: NetName=NetC3_2 Pin=U2-8
Added Pin To Net: NetName=NetC3_2 Pin=Y1-1
Added Net: Name=NetC3_2
Added Pin To Net: NetName=NetP2_1 Pin=P2-1
Added Pin To Net: NetName=NetP2_1 Pin=U2-17
Added Net: Name=NetP2_1
Added Pin To Net: NetName=NetR4_1 Pin=R4-1
Added Net: Name=NetR4_1
Added Pin To Net: NetName=NetR6_1 Pin=R6-1
Added Net: Name=NetR6_1
Added Pin To Net: NetName=NetR8_1 Pin=R8-1
Added Net: Name=NetR8_1
Added Pin To Net: NetName=o4 Pin=U2-10
Added Pin To Net: NetName=o4 Pin=U3-6
Added Net: Name=o4
Added Pin To Net: NetName=o5 Pin=U2-11
Added Pin To Net: NetName=o5 Pin=U3-5
Added Net: Name=o5
Added Pin To Net: NetName=o6 Pin=U2-12
Added Pin To Net: NetName=o6 Pin=U3-4
Added Net: Name=o6
Added Pin To Net: NetName=o7 Pin=U2-13
Added Pin To Net: NetName=o7 Pin=U3-3
Added Net: Name=o7
Added Pin To Net: NetName=o8 Pin=U2-14
Added Pin To Net: NetName=o8 Pin=U3-2
Added Net: Name=o8
Added Pin To Net: NetName=o13 Pin=P1-2
Added Pin To Net: NetName=o13 Pin=U3-10
Added Net: Name=o13
Added Pin To Net: NetName=o14 Pin=P1-3
Added Pin To Net: NetName=o14 Pin=U3-11
Added Net: Name=o14
Added Pin To Net: NetName=o15 Pin=P1-4
Added Pin To Net: NetName=o15 Pin=U3-12
Added Net: Name=o15
Added Pin To Net: NetName=o16 Pin=P1-5
Added Pin To Net: NetName=o16 Pin=U3-13
Added Net: Name=o16
Added Pin To Net: NetName=o17 Pin=P1-6
Added Pin To Net: NetName=o17 Pin=U3-14
Added Net: Name=o17
Added Pin To Net: NetName=o18 Pin=P1-7
Added Pin To Net: NetName=o18 Pin=U3-15
Added Net: Name=o18
Added Pin To Net: NetName=q1 Pin=U2-22
Added Pin To Net: NetName=q1 Pin=U2-31
Added Net: Name=q1
Added Pin To Net: NetName=q2 Pin=U2-23
Added Pin To Net: NetName=q2 Pin=U2-30
Added Net: Name=q2
Added Pin To Net: NetName=q3 Pin=U2-24
Added Net: Name=q3
Added Pin To Net: NetName=q4 Pin=U2-25
Added Net: Name=q4
Added Member To Class: ClassName=tscnew-tr-3-8 Member=Component C2 =Value
Added Member To Class: ClassName=tscnew-tr-3-8 Member=Component C3 =Value
Added Member To Class: ClassName=tscnew-tr-3-8 Member=Component P1 Header 7
Added Member To Class: ClassName=tscnew-tr-3-8 Member=Component P2 Header 4
Added Member To Class: ClassName=tscnew-tr-3-8 Member=Component R8 10K
Added Member To Class: ClassName=tscnew-tr-3-8 Member=Component U7 K3021P
Added Member To Class: ClassName=tscnew-tr-3-8 Member=Component U8 K3021P
Added Member To Class: ClassName=tscnew-tr-3-8 Member=Component Y1 XTAL
