Removed Pin From Net: NetName=o2 Pin=P3-2
Removed Pin From Net: NetName=o1 Pin=P3-3
Removed Pin From Net: NetName=rst Pin=P3-4
Removed Pin From Net: NetName=o3 Pin=U2-9
Removed Pin From Net: NetName=o4 Pin=U2-10
Removed Pin From Net: NetName=o5 Pin=U2-11
Removed Pin From Net: NetName=o6 Pin=U2-12
Removed Pin From Net: NetName=o7 Pin=U2-13
Removed Pin From Net: NetName=o8 Pin=U2-14
Removed Pin From Net: NetName=o1 Pin=U2-15
Removed Pin From Net: NetName=o2 Pin=U2-16
Removed Member From Class: ClassName=tscnew-tr-3-8 Member=P3
Added Pin To Net: NetName=o7 Pin=P1-2
Added Pin To Net: NetName=o8 Pin=P1-3
Added Pin To Net: NetName=o1 Pin=P2-2
Added Pin To Net: NetName=o2 Pin=P2-3
Added Pin To Net: NetName=o3 Pin=P2-4
Added Pin To Net: NetName=o4 Pin=P2-5
Added Pin To Net: NetName=o5 Pin=P2-6
Added Pin To Net: NetName=o6 Pin=P2-7
Added Pin To Net: NetName=o1 Pin=U2-9
Added Pin To Net: NetName=o2 Pin=U2-10
Added Pin To Net: NetName=o3 Pin=U2-11
Added Pin To Net: NetName=o4 Pin=U2-12
Added Pin To Net: NetName=o5 Pin=U2-13
Added Pin To Net: NetName=o6 Pin=U2-14
Added Pin To Net: NetName=o7 Pin=U2-15
Added Pin To Net: NetName=o8 Pin=U2-16
Added Member To Class: ClassName=tscnew-tr-3-8 Member=Component C3 =Value
