Change Component Designator: OldDesignator=C2 NewDesignator=C3
Change Component Designator: OldDesignator=C3 NewDesignator=C4
Change Component Designator: OldDesignator=J1 NewDesignator=J2
Change Component Designator: OldDesignator=J2 NewDesignator=J5
Change Component Designator: OldDesignator=J3 NewDesignator=J6
Change Component Designator: OldDesignator=J4 NewDesignator=J7
Change Component Designator: OldDesignator=J5 NewDesignator=J8
Change Component Designator: OldDesignator=P1 NewDesignator=P2
Change Component Designator: OldDesignator=P2 NewDesignator=P1
Added Component: Designator=C2(CAP 0805)
Added Component: Designator=J1(HEADER 5X1)
Added Component: Designator=J3(Header 2X1)
Added Component: Designator=J4(HEADER 3X1)
Added Pin To Net: NetName=vesp Pin=C2-1
Added Pin To Net: NetName=GND Pin=C2-2
Added Pin To Net: NetName=GND Pin=J1-1
Added Pin To Net: NetName=NetR2_2 Pin=J1-4
Added Pin To Net: NetName=vesp Pin=J1-5
Added Pin To Net: NetName=GND Pin=J2-1
Added Pin To Net: NetName=NetR2_2 Pin=J2-4
Added Pin To Net: NetName=vesp Pin=J2-5
Added Pin To Net: NetName=NetR2_2 Pin=J4-3
Added Pin To Net: NetName=GND Pin=J6-1
Added Pin To Net: NetName=GND Pin=P1-1
Added Pin To Net: NetName=GND Pin=P2-1
Change Net Name : Old Net Name=NetC2_2 New Net Name=NetC3_2
Change Net Name : Old Net Name=NetC3_2 New Net Name=NetC4_2
Change Net Name : Old Net Name=NetR2_2 New Net Name=adc
Added Pin To Net: NetName=NetJ1_2 Pin=J1-2
Added Pin To Net: NetName=NetJ1_2 Pin=J2-2
Added Pin To Net: NetName=NetJ1_2 Pin=J3-1
Added Pin To Net: NetName=NetJ1_2 Pin=J4-1
Added Pin To Net: NetName=NetJ1_2 Pin=U3-22
Added Net: Name=NetJ1_2
Added Pin To Net: NetName=NetJ1_3 Pin=J1-3
Added Pin To Net: NetName=NetJ1_3 Pin=J2-3
Added Pin To Net: NetName=NetJ1_3 Pin=J3-2
Added Pin To Net: NetName=NetJ1_3 Pin=J4-2
Added Pin To Net: NetName=NetJ1_3 Pin=U3-21
Added Net: Name=NetJ1_3
Added Member To Class: ClassName=tscnew-tr-3-8 Member=Component C4 =Value
Added Member To Class: ClassName=tscnew-tr-3-8 Member=Component J1 Header5X1
Added Member To Class: ClassName=tscnew-tr-3-8 Member=Component J2 Header5X1
Added Member To Class: ClassName=tscnew-tr-3-8 Member=Component J3 Header2X1
Added Member To Class: ClassName=tscnew-tr-3-8 Member=Component J6 Header2X1
Added Member To Class: ClassName=tscnew-tr-3-8 Member=Component J7 TBlock-4
Added Member To Class: ClassName=tscnew-tr-3-8 Member=Component J8 TBlock-3
Added Member To Class: ClassName=tscnew-tr-3-8 Member=Component P3 Header 4
Added Member To Class: ClassName=tscnew-tr-3-8 Member=Component U3 ESP_12_E
Added Member To Class: ClassName=tscnew-tr-3-8 Member=Component U5 K3021P
Added Member To Class: ClassName=tscnew-tr-3-8 Member=Component U7 K3021P
