Removed Pin From Net: NetName=NetR21_1 Pin=R21-1
Removed Pin From Net: NetName=NetR25_1 Pin=R25-1
Change Component Designator: OldDesignator=R15 NewDesignator=R18
Change Component Designator: OldDesignator=R16 NewDesignator=R19
Change Component Designator: OldDesignator=R17 NewDesignator=R20
Change Component Designator: OldDesignator=R18 NewDesignator=R21
Change Component Designator: OldDesignator=R19 NewDesignator=R22
Change Component Designator: OldDesignator=R20 NewDesignator=R23
Change Component Designator: OldDesignator=R21 NewDesignator=R24
Change Component Designator: OldDesignator=R22 NewDesignator=R25
Change Component Designator: OldDesignator=R23 NewDesignator=R26
Change Component Designator: OldDesignator=R24 NewDesignator=R27
Change Component Designator: OldDesignator=R25 NewDesignator=R28
Change Component Designator: OldDesignator=R26 NewDesignator=R29
Added Component: Designator=R15(RES 0805 (2012X06L))
Add component (AddParameter): Name = "Power"; Value = "1/4 W"; VariantName = "[No Variations]"
Add component (AddParameter): Name = "Tolerance"; Value = "5%"; VariantName = "[No Variations]"
Add component (AddParameter): Name = "Value"; Value = "10K"; VariantName = "[No Variations]"
Added Component: Designator=R16(RES 0805 (2012X06L))
Add component (AddParameter): Name = "Power"; Value = "1/4 W"; VariantName = "[No Variations]"
Add component (AddParameter): Name = "Tolerance"; Value = "5%"; VariantName = "[No Variations]"
Add component (AddParameter): Name = "Value"; Value = "10K"; VariantName = "[No Variations]"
Added Component: Designator=R17(RES 0805 (2012X06L))
Add component (AddParameter): Name = "Power"; Value = "1/4 W"; VariantName = "[No Variations]"
Add component (AddParameter): Name = "Tolerance"; Value = "5%"; VariantName = "[No Variations]"
Add component (AddParameter): Name = "Value"; Value = "10K"; VariantName = "[No Variations]"
Added Pin To Net: NetName=s3 Pin=R15-1
Added Pin To Net: NetName=vcc Pin=R15-2
Added Pin To Net: NetName=s2 Pin=R16-1
Added Pin To Net: NetName=vcc Pin=R16-2
Added Pin To Net: NetName=s1 Pin=R17-1
Added Pin To Net: NetName=vcc Pin=R17-2
Added Pin To Net: NetName=NetR21_1 Pin=R21-1
Added Pin To Net: NetName=NetR25_1 Pin=R25-1
Change Net Name : Old Net Name=NetR15_2 New Net Name=NetR18_2
Change Net Name : Old Net Name=NetR16_2 New Net Name=NetR19_2
Change Net Name : Old Net Name=NetR19_2 New Net Name=NetR22_2
Change Net Name : Old Net Name=NetR20_2 New Net Name=NetR23_2
Change Net Name : Old Net Name=NetR23_2 New Net Name=NetR26_2
Change Net Name : Old Net Name=NetR24_2 New Net Name=NetR27_2
Added Pin To Net: NetName=NetR20_1 Pin=R20-1
Added Net: Name=NetR20_1
Added Pin To Net: NetName=NetR24_1 Pin=R24-1
Added Net: Name=NetR24_1
Added Pin To Net: NetName=NetR28_1 Pin=R28-1
Added Net: Name=NetR28_1
Added Pin To Net: NetName=NetR29_1 Pin=R29-1
Added Net: Name=NetR29_1
Added Member To Class: ClassName=tscnew-tr-3-8 Member=Component D3 BTA16-600CW3G
Added Member To Class: ClassName=tscnew-tr-3-8 Member=Component D5 BTA16-600CW3G
Added Member To Class: ClassName=tscnew-tr-3-8 Member=Component D6 BTA16-600CW3G
Added Member To Class: ClassName=tscnew-tr-3-8 Member=Component R27 10K
Added Member To Class: ClassName=tscnew-tr-3-8 Member=Component R28 10K
Added Member To Class: ClassName=tscnew-tr-3-8 Member=Component R29 10K
