Removed Pin From Net: NetName=NetJ2_2 Pin=J2-2
Removed Pin From Net: NetName=NetJ2_2 Pin=J3-2
Removed Pin From Net: NetName=NetJ2_2 Pin=U3-21
Change Component Designator: OldDesignator=J2 NewDesignator=J3
Added Component: Designator=J2(HEADER 5X1)
Added Pin To Net: NetName=GND Pin=J2-1
Added Pin To Net: NetName=NetJ2_2 Pin=J2-2
Added Pin To Net: NetName=NetR2_2 Pin=J2-4
Added Pin To Net: NetName=vesp Pin=J2-5
Added Pin To Net: NetName=NetJ2_2 Pin=J3-1
Added Pin To Net: NetName=NetJ2_2 Pin=U3-22
Change Net Name : Old Net Name=NetR2_2 New Net Name=adc
Added Pin To Net: NetName=NetJ2_3 Pin=J2-3
Added Pin To Net: NetName=NetJ2_3 Pin=J3-2
Added Pin To Net: NetName=NetJ2_3 Pin=U3-21
Added Net: Name=NetJ2_3
Added Member To Class: ClassName=tscnew-tr-3-8 Member=Component J2 Header5X1
Added Member To Class: ClassName=tscnew-tr-3-8 Member=Component J3 Header2X1
Added Member To Class: ClassName=tscnew-tr-3-8 Member=Component J4 TBlock-2
Added Member To Class: ClassName=tscnew-tr-3-8 Member=Component J5 Header2X1
