Change Component Designator: OldDesignator=P1 NewDesignator=P3
Change Component Designator: OldDesignator=P2 NewDesignator=P4
Added Component: Designator=P1(HDR1X4)
Add component (AddParameter): Name = "LatestRevisionDate"; Value = "17-Jul-2002"; VariantName = "[No Variations]"
Add component (AddParameter): Name = "LatestRevisionNote"; Value = "Re-released for DXP Platform."; VariantName = "[No Variations]"
Add component (AddParameter): Name = "Publisher"; Value = "Altium Limited"; VariantName = "[No Variations]"
Added Component: Designator=P2(HDR1X4)
Add component (AddParameter): Name = "LatestRevisionDate"; Value = "17-Jul-2002"; VariantName = "[No Variations]"
Add component (AddParameter): Name = "LatestRevisionNote"; Value = "Re-released for DXP Platform."; VariantName = "[No Variations]"
Add component (AddParameter): Name = "Publisher"; Value = "Altium Limited"; VariantName = "[No Variations]"
Change Net Name : Old Net Name=NetP2_1 New Net Name=NetP4_1
Added Member To Class: ClassName=tscnew-tr-3-8 Member=Component P3 Header 7
Added Member To Class: ClassName=tscnew-tr-3-8 Member=Component P4 Header 4
Added Member To Class: ClassName=tscnew-tr-3-8 Member=Component R1 10K
Added Member To Class: ClassName=tscnew-tr-3-8 Member=Component R3 10K
Added Member To Class: ClassName=tscnew-tr-3-8 Member=Component R5 10K
Added Member To Class: ClassName=tscnew-tr-3-8 Member=Component R7 10K
Added Member To Class: ClassName=tscnew-tr-3-8 Member=Component U2 ATmega8-16AC
Added Member To Class: ClassName=tscnew-tr-3-8 Member=Component U3 ULN2003ADRG4
Added Member To Class: ClassName=tscnew-tr-3-8 Member=Component U4 ESP_12_E
Added Member To Class: ClassName=tscnew-tr-3-8 Member=Component U5 PC817
