Removed Pin From Net: NetName=vcc Pin=P3-1
Removed Pin From Net: NetName=o1 Pin=U3-1
Removed Pin From Net: NetName=o8 Pin=U3-2
Removed Pin From Net: NetName=o7 Pin=U3-3
Removed Pin From Net: NetName=o6 Pin=U3-4
Removed Pin From Net: NetName=o5 Pin=U3-5
Removed Pin From Net: NetName=o4 Pin=U3-6
Removed Pin From Net: NetName=o3 Pin=U3-7
Removed Pin From Net: NetName=GND Pin=U3-8
Removed Pin From Net: NetName=vcc Pin=U3-9
Removed Member From Class: ClassName=tscnew-tr-3-8 Member=P4
Change Component Designator: OldDesignator=J1 NewDesignator=J2
Change Component Designator: OldDesignator=J2 NewDesignator=J3
Change Component Designator: OldDesignator=J3 NewDesignator=J4
Change Component Designator: OldDesignator=J4 NewDesignator=J5
Change Component Designator: OldDesignator=P4 NewDesignator=P3
Change Component Designator: OldDesignator=U4 NewDesignator=U3
Change Component Designator: OldDesignator=U5 NewDesignator=U4
Change Component Designator: OldDesignator=U6 NewDesignator=U5
Change Component Designator: OldDesignator=U7 NewDesignator=U6
Change Component Designator: OldDesignator=U8 NewDesignator=U7
Added Component: Designator=J1(HEADER 5X1)
Change Net Name : Old Net Name=NetP4_1 New Net Name=NetP3_1
Added Member To Class: ClassName=tscnew-tr-3-8 Member=Component J5 TBlock-3
Added Member To Class: ClassName=tscnew-tr-3-8 Member=Component U1 LM1117MP-3.3
Added Member To Class: ClassName=tscnew-tr-3-8 Member=Component U2 ATmega8-16AC
Added Member To Class: ClassName=tscnew-tr-3-8 Member=Component U3 ESP_12_E
Added Member To Class: ClassName=tscnew-tr-3-8 Member=Component U4 PC817
Added Member To Class: ClassName=tscnew-tr-3-8 Member=Component U5 K3021P
