Change Component Designator: OldDesignator=R1 NewDesignator=R13
Change Component Designator: OldDesignator=R2 NewDesignator=R14
Change Component Designator: OldDesignator=R3 NewDesignator=R15
Change Component Designator: OldDesignator=R4 NewDesignator=R16
Change Component Designator: OldDesignator=R7 NewDesignator=R19
Change Component Designator: OldDesignator=R8 NewDesignator=R20
Change Component Designator: OldDesignator=R11 NewDesignator=R23
Change Component Designator: OldDesignator=R12 NewDesignator=R24
Added Component: Designator=C1(ELEC-CAP-RAD10-20)
Added Component: Designator=R1(RES 0805 (2012X06L))
Add component (AddParameter): Name = "Power"; Value = "1/4 W"; VariantName = "[No Variations]"
Add component (AddParameter): Name = "Tolerance"; Value = "5%"; VariantName = "[No Variations]"
Add component (AddParameter): Name = "Value"; Value = "10K"; VariantName = "[No Variations]"
Added Component: Designator=R2(RES 0805 (2012X06L))
Add component (AddParameter): Name = "Power"; Value = "1/4 W"; VariantName = "[No Variations]"
Add component (AddParameter): Name = "Tolerance"; Value = "5%"; VariantName = "[No Variations]"
Add component (AddParameter): Name = "Value"; Value = "10K"; VariantName = "[No Variations]"
Added Component: Designator=R3(RES 0805 (2012X06L))
Add component (AddParameter): Name = "Power"; Value = "1/4 W"; VariantName = "[No Variations]"
Add component (AddParameter): Name = "Tolerance"; Value = "5%"; VariantName = "[No Variations]"
Add component (AddParameter): Name = "Value"; Value = "10K"; VariantName = "[No Variations]"
Added Component: Designator=R4(RES 0805 (2012X06L))
Add component (AddParameter): Name = "Power"; Value = "1/4 W"; VariantName = "[No Variations]"
Add component (AddParameter): Name = "Tolerance"; Value = "5%"; VariantName = "[No Variations]"
Add component (AddParameter): Name = "Value"; Value = "10K"; VariantName = "[No Variations]"
Added Component: Designator=R5(RES 0805 (2012X06L))
Add component (AddParameter): Name = "Power"; Value = "1/4 W"; VariantName = "[No Variations]"
Add component (AddParameter): Name = "Tolerance"; Value = "5%"; VariantName = "[No Variations]"
Add component (AddParameter): Name = "Value"; Value = "10K"; VariantName = "[No Variations]"
Added Component: Designator=R6(RES 0805 (2012X06L))
Add component (AddParameter): Name = "Power"; Value = "1/4 W"; VariantName = "[No Variations]"
Add component (AddParameter): Name = "Tolerance"; Value = "5%"; VariantName = "[No Variations]"
Add component (AddParameter): Name = "Value"; Value = "10K"; VariantName = "[No Variations]"
Added Component: Designator=R7(RES 0805 (2012X06L))
Add component (AddParameter): Name = "Power"; Value = "1/4 W"; VariantName = "[No Variations]"
Add component (AddParameter): Name = "Tolerance"; Value = "5%"; VariantName = "[No Variations]"
Add component (AddParameter): Name = "Value"; Value = "10K"; VariantName = "[No Variations]"
Added Component: Designator=R8(RES 0805 (2012X06L))
Add component (AddParameter): Name = "Power"; Value = "1/4 W"; VariantName = "[No Variations]"
Add component (AddParameter): Name = "Tolerance"; Value = "5%"; VariantName = "[No Variations]"
Add component (AddParameter): Name = "Value"; Value = "10K"; VariantName = "[No Variations]"
Added Component: Designator=R9(RES 0805 (2012X06L))
Add component (AddParameter): Name = "Power"; Value = "1/4 W"; VariantName = "[No Variations]"
Add component (AddParameter): Name = "Tolerance"; Value = "5%"; VariantName = "[No Variations]"
Add component (AddParameter): Name = "Value"; Value = "10K"; VariantName = "[No Variations]"
Added Component: Designator=R10(RES 0805 (2012X06L))
Add component (AddParameter): Name = "Power"; Value = "1/4 W"; VariantName = "[No Variations]"
Add component (AddParameter): Name = "Tolerance"; Value = "5%"; VariantName = "[No Variations]"
Add component (AddParameter): Name = "Value"; Value = "10K"; VariantName = "[No Variations]"
Added Component: Designator=R11(RES 0805 (2012X06L))
Add component (AddParameter): Name = "Power"; Value = "1/4 W"; VariantName = "[No Variations]"
Add component (AddParameter): Name = "Tolerance"; Value = "5%"; VariantName = "[No Variations]"
Add component (AddParameter): Name = "Value"; Value = "10K"; VariantName = "[No Variations]"
Added Component: Designator=R12(RES 0805 (2012X06L))
Add component (AddParameter): Name = "Power"; Value = "1/4 W"; VariantName = "[No Variations]"
Add component (AddParameter): Name = "Tolerance"; Value = "5%"; VariantName = "[No Variations]"
Add component (AddParameter): Name = "Value"; Value = "10K"; VariantName = "[No Variations]"
Added Component: Designator=R17(RES 1206 (3216X08L))
Add component (AddParameter): Name = "Power"; Value = "1/4 W"; VariantName = "[No Variations]"
Add component (AddParameter): Name = "Tolerance"; Value = "5%"; VariantName = "[No Variations]"
Add component (AddParameter): Name = "Value"; Value = "10K"; VariantName = "[No Variations]"
Added Component: Designator=R18(RES 1206 (3216X08L))
Add component (AddParameter): Name = "Power"; Value = "1/4 W"; VariantName = "[No Variations]"
Add component (AddParameter): Name = "Tolerance"; Value = "5%"; VariantName = "[No Variations]"
Add component (AddParameter): Name = "Value"; Value = "10K"; VariantName = "[No Variations]"
Added Component: Designator=R21(RES 1206 (3216X08L))
Add component (AddParameter): Name = "Power"; Value = "1/4 W"; VariantName = "[No Variations]"
Add component (AddParameter): Name = "Tolerance"; Value = "5%"; VariantName = "[No Variations]"
Add component (AddParameter): Name = "Value"; Value = "10K"; VariantName = "[No Variations]"
Added Component: Designator=R22(RES 1206 (3216X08L))
Add component (AddParameter): Name = "Power"; Value = "1/4 W"; VariantName = "[No Variations]"
Add component (AddParameter): Name = "Tolerance"; Value = "5%"; VariantName = "[No Variations]"
Add component (AddParameter): Name = "Value"; Value = "10K"; VariantName = "[No Variations]"
Added Component: Designator=R25(RES 1206 (3216X08L))
Add component (AddParameter): Name = "Power"; Value = "1/4 W"; VariantName = "[No Variations]"
Add component (AddParameter): Name = "Tolerance"; Value = "5%"; VariantName = "[No Variations]"
Add component (AddParameter): Name = "Value"; Value = "10K"; VariantName = "[No Variations]"
Added Component: Designator=R26(RES 1206 (3216X08L))
Add component (AddParameter): Name = "Power"; Value = "1/4 W"; VariantName = "[No Variations]"
Add component (AddParameter): Name = "Tolerance"; Value = "5%"; VariantName = "[No Variations]"
Add component (AddParameter): Name = "Value"; Value = "10K"; VariantName = "[No Variations]"
Added Component: Designator=S1(PB-2pin)
Add component (AddParameter): Name = "Designer"; Value = "Seyed Mohsen Ghasemian"; VariantName = "[No Variations]"
Add component (AddParameter): Name = "E-mail"; Value = "picpars@gmail.com"; VariantName = "[No Variations]"
Add component (AddParameter): Name = "Publisher"; Value = "www.picpars.com"; VariantName = "[No Variations]"
Add component (AddParameter): Name = "WEB"; Value = "www.picpars.com"; VariantName = "[No Variations]"
Added Component: Designator=S2(PUSH BUTTON)
Added Pin To Net: NetName=vesp Pin=C1-1
Added Pin To Net: NetName=GND Pin=C1-2
Added Pin To Net: NetName=o1 Pin=R1-1
Added Pin To Net: NetName=vesp Pin=R1-2
Added Pin To Net: NetName=o7 Pin=R2-1
Added Pin To Net: NetName=vesp Pin=R2-2
Added Pin To Net: NetName=o2 Pin=R3-1
Added Pin To Net: NetName=vesp Pin=R3-2
Added Pin To Net: NetName=o8 Pin=R4-1
Added Pin To Net: NetName=vesp Pin=R4-2
Added Pin To Net: NetName=o3 Pin=R5-1
Added Pin To Net: NetName=vesp Pin=R5-2
Added Pin To Net: NetName=o9 Pin=R6-1
Added Pin To Net: NetName=vesp Pin=R6-2
Added Pin To Net: NetName=o4 Pin=R7-1
Added Pin To Net: NetName=vesp Pin=R7-2
Added Pin To Net: NetName=o10 Pin=R8-1
Added Pin To Net: NetName=vesp Pin=R8-2
Added Pin To Net: NetName=o5 Pin=R9-1
Added Pin To Net: NetName=vesp Pin=R9-2
Added Pin To Net: NetName=o11 Pin=R10-1
Added Pin To Net: NetName=vesp Pin=R10-2
Added Pin To Net: NetName=o6 Pin=R11-1
Added Pin To Net: NetName=vesp Pin=R11-2
Added Pin To Net: NetName=o12 Pin=R12-1
Added Pin To Net: NetName=vesp Pin=R12-2
Added Pin To Net: NetName=faz Pin=R17-2
Added Pin To Net: NetName=faz Pin=R18-2
Added Pin To Net: NetName=faz Pin=R21-2
Added Pin To Net: NetName=faz Pin=R22-2
Added Pin To Net: NetName=faz Pin=R25-2
Added Pin To Net: NetName=faz Pin=R26-2
Added Pin To Net: NetName=GND Pin=S1-1
Added Pin To Net: NetName=rst Pin=S1-2
Added Pin To Net: NetName=btn Pin=S2-2
Added Pin To Net: NetName=GND Pin=S2-4
Change Net Name : Old Net Name=NetR3_2 New Net Name=NetR15_2
Change Net Name : Old Net Name=NetR4_2 New Net Name=NetR16_2
Change Net Name : Old Net Name=NetR7_2 New Net Name=NetR19_2
Change Net Name : Old Net Name=NetR8_2 New Net Name=NetR20_2
Change Net Name : Old Net Name=NetR11_2 New Net Name=NetR23_2
Change Net Name : Old Net Name=NetR12_2 New Net Name=NetR24_2
Added Pin To Net: NetName=NetR17_1 Pin=R17-1
Added Net: Name=NetR17_1
Added Pin To Net: NetName=NetR18_1 Pin=R18-1
Added Net: Name=NetR18_1
Added Pin To Net: NetName=NetR21_1 Pin=R21-1
Added Net: Name=NetR21_1
Added Pin To Net: NetName=NetR22_1 Pin=R22-1
Added Net: Name=NetR22_1
Added Pin To Net: NetName=NetR25_1 Pin=R25-1
Added Net: Name=NetR25_1
Added Pin To Net: NetName=NetR26_1 Pin=R26-1
Added Net: Name=NetR26_1
Added Member To Class: ClassName=tscnew-tr-3-8 Member=Component C1 =Value
Added Member To Class: ClassName=tscnew-tr-3-8 Member=Component J7 TBlock-2
Added Member To Class: ClassName=tscnew-tr-3-8 Member=Component J9 Header2X1
Added Member To Class: ClassName=tscnew-tr-3-8 Member=Component J10 TBlock-3
Added Member To Class: ClassName=tscnew-tr-3-8 Member=Component J11 TBlock-3
Added Member To Class: ClassName=tscnew-tr-3-8 Member=Component R5 10K
Added Member To Class: ClassName=tscnew-tr-3-8 Member=Component R6 10K
Added Member To Class: ClassName=tscnew-tr-3-8 Member=Component R9 10K
Added Member To Class: ClassName=tscnew-tr-3-8 Member=Component R10 10K
Added Member To Class: ClassName=tscnew-tr-3-8 Member=Component R13 10K
Added Member To Class: ClassName=tscnew-tr-3-8 Member=Component R14 10K
Added Member To Class: ClassName=tscnew-tr-3-8 Member=Component R15 10K
Added Member To Class: ClassName=tscnew-tr-3-8 Member=Component R16 10K
Added Member To Class: ClassName=tscnew-tr-3-8 Member=Component R17 10K
Added Member To Class: ClassName=tscnew-tr-3-8 Member=Component R18 10K
Added Member To Class: ClassName=tscnew-tr-3-8 Member=Component R19 10K
Added Member To Class: ClassName=tscnew-tr-3-8 Member=Component R20 10K
Added Member To Class: ClassName=tscnew-tr-3-8 Member=Component R21 10K
Added Member To Class: ClassName=tscnew-tr-3-8 Member=Component R22 10K
Added Member To Class: ClassName=tscnew-tr-3-8 Member=Component R23 10K
Added Member To Class: ClassName=tscnew-tr-3-8 Member=Component R24 10K
Added Member To Class: ClassName=tscnew-tr-3-8 Member=Component R25 10K
Added Member To Class: ClassName=tscnew-tr-3-8 Member=Component R26 10K
Added Member To Class: ClassName=tscnew-tr-3-8 Member=Component S1 PB-2pin
Added Member To Class: ClassName=tscnew-tr-3-8 Member=Component S2 PUSH BUTTON DOUBLE
