Change Component Designator: OldDesignator=J7 NewDesignator=J8
Change Component Designator: OldDesignator=J8 NewDesignator=J9
Change Component Designator: OldDesignator=J9 NewDesignator=J10
Change Component Designator: OldDesignator=J10 NewDesignator=J11
Change Component Designator: OldDesignator=J11 NewDesignator=J12
Added Component: Designator=C1(ELEC-CAP-RAD10-20)
Added Component: Designator=J7(KF300-2 PIN)
Added Component: Designator=R5(RES 1206 (3216X08L))
Add component (AddParameter): Name = "Power"; Value = "1/4 W"; VariantName = "[No Variations]"
Add component (AddParameter): Name = "Tolerance"; Value = "5%"; VariantName = "[No Variations]"
Add component (AddParameter): Name = "Value"; Value = "10K"; VariantName = "[No Variations]"
Added Component: Designator=R6(RES 1206 (3216X08L))
Add component (AddParameter): Name = "Power"; Value = "1/4 W"; VariantName = "[No Variations]"
Add component (AddParameter): Name = "Tolerance"; Value = "5%"; VariantName = "[No Variations]"
Add component (AddParameter): Name = "Value"; Value = "10K"; VariantName = "[No Variations]"
Added Component: Designator=R9(RES 1206 (3216X08L))
Add component (AddParameter): Name = "Power"; Value = "1/4 W"; VariantName = "[No Variations]"
Add component (AddParameter): Name = "Tolerance"; Value = "5%"; VariantName = "[No Variations]"
Add component (AddParameter): Name = "Value"; Value = "10K"; VariantName = "[No Variations]"
Added Component: Designator=R10(RES 1206 (3216X08L))
Add component (AddParameter): Name = "Power"; Value = "1/4 W"; VariantName = "[No Variations]"
Add component (AddParameter): Name = "Tolerance"; Value = "5%"; VariantName = "[No Variations]"
Add component (AddParameter): Name = "Value"; Value = "10K"; VariantName = "[No Variations]"
Added Component: Designator=R13(RES 1206 (3216X08L))
Add component (AddParameter): Name = "Power"; Value = "1/4 W"; VariantName = "[No Variations]"
Add component (AddParameter): Name = "Tolerance"; Value = "5%"; VariantName = "[No Variations]"
Add component (AddParameter): Name = "Value"; Value = "10K"; VariantName = "[No Variations]"
Added Component: Designator=R14(RES 1206 (3216X08L))
Add component (AddParameter): Name = "Power"; Value = "1/4 W"; VariantName = "[No Variations]"
Add component (AddParameter): Name = "Tolerance"; Value = "5%"; VariantName = "[No Variations]"
Add component (AddParameter): Name = "Value"; Value = "10K"; VariantName = "[No Variations]"
Added Component: Designator=S1(PB-2pin)
Add component (AddParameter): Name = "Designer"; Value = "Seyed Mohsen Ghasemian"; VariantName = "[No Variations]"
Add component (AddParameter): Name = "E-mail"; Value = "picpars@gmail.com"; VariantName = "[No Variations]"
Add component (AddParameter): Name = "Publisher"; Value = "www.picpars.com"; VariantName = "[No Variations]"
Add component (AddParameter): Name = "WEB"; Value = "www.picpars.com"; VariantName = "[No Variations]"
Added Component: Designator=S2(PUSH BUTTON)
Added Pin To Net: NetName=vesp Pin=C1-1
Added Pin To Net: NetName=GND Pin=C1-2
Added Pin To Net: NetName=nol Pin=J7-1
Added Pin To Net: NetName=NetR5_1 Pin=R5-1
Added Pin To Net: NetName=faz Pin=R5-2
Added Pin To Net: NetName=NetR6_1 Pin=R6-1
Added Pin To Net: NetName=faz Pin=R6-2
Added Pin To Net: NetName=NetR9_1 Pin=R9-1
Added Pin To Net: NetName=faz Pin=R9-2
Added Pin To Net: NetName=NetR10_1 Pin=R10-1
Added Pin To Net: NetName=faz Pin=R10-2
Added Pin To Net: NetName=NetR13_1 Pin=R13-1
Added Pin To Net: NetName=faz Pin=R13-2
Added Pin To Net: NetName=NetR14_1 Pin=R14-1
Added Pin To Net: NetName=faz Pin=R14-2
Added Pin To Net: NetName=GND Pin=S1-1
Added Pin To Net: NetName=rst Pin=S1-2
Added Pin To Net: NetName=btn Pin=S2-2
Added Pin To Net: NetName=GND Pin=S2-4
Added Member To Class: ClassName=tscnew-tr-3-8 Member=Component C1 =Value
Added Member To Class: ClassName=tscnew-tr-3-8 Member=Component J12 Header4X1
Added Member To Class: ClassName=tscnew-tr-3-8 Member=Component P3 Header 7
Added Member To Class: ClassName=tscnew-tr-3-8 Member=Component R5 10K
Added Member To Class: ClassName=tscnew-tr-3-8 Member=Component R6 10K
Added Member To Class: ClassName=tscnew-tr-3-8 Member=Component R9 10K
Added Member To Class: ClassName=tscnew-tr-3-8 Member=Component R10 10K
Added Member To Class: ClassName=tscnew-tr-3-8 Member=Component R13 10K
Added Member To Class: ClassName=tscnew-tr-3-8 Member=Component R14 10K
Added Member To Class: ClassName=tscnew-tr-3-8 Member=Component S1 PB-2pin
Added Member To Class: ClassName=tscnew-tr-3-8 Member=Component S2 PUSH BUTTON DOUBLE
