Removed Pin From Net: NetName=o1 Pin=J1-2
Removed Pin From Net: NetName=NetC4_2 Pin=J1-4
Removed Pin From Net: NetName=NetC4_2 Pin=J1-5
Removed Pin From Net: NetName=NetC4_2 Pin=J1-6
Removed Pin From Net: NetName=NetC4_2 Pin=J1-7
Removed Pin From Net: NetName=GND Pin=J1-8
Removed Pin From Net: NetName=GND Pin=J1-13
Removed Pin From Net: NetName=NetC4_2 Pin=J1-15
Removed Pin From Net: NetName=VCC Pin=J1-16
Removed Member From Class: ClassName=ir-tara Member=J1
Added Component: Designator=J?(SOIC127P600X175-16N)
Add component (AddParameter): Name = "Availability"; Value = "Warning"; VariantName = "[No Variations]"
Add component (AddParameter): Name = "MF"; Value = "Heyco"; VariantName = "[No Variations]"
Add component (AddParameter): Name = "Mouser-Purchase-URL"; Value = "https://snapeda.com/shop?store=Mouser&id=51486"; VariantName = "[No Variations]"
Add component (AddParameter): Name = "MP"; Value = "4017"; VariantName = "[No Variations]"
Add component (AddParameter): Name = "Package"; Value = "0603 Heyco"; VariantName = "[No Variations]"
Add component (AddParameter): Name = "Price"; Value = "None"; VariantName = "[No Variations]"
Add component (AddParameter): Name = "SnapEDA_Link"; Value = "https://www.snapeda.com/parts/4017/Heyco/view-part/51486/?ref=snap"; VariantName = "[No Variations]"
Add component (AddParameter): Name = "Value"; Value = ""; VariantName = "[No Variations]"
Added Pin To Net: NetName=o1 Pin=J?-2
Added Pin To Net: NetName=NetC4_2 Pin=J?-4
Added Pin To Net: NetName=NetC4_2 Pin=J?-5
Added Pin To Net: NetName=NetC4_2 Pin=J?-6
Added Pin To Net: NetName=NetC4_2 Pin=J?-7
Added Pin To Net: NetName=GND Pin=J?-8
Added Pin To Net: NetName=GND Pin=J?-13
Added Pin To Net: NetName=NetC4_2 Pin=J?-15
Added Pin To Net: NetName=VCC Pin=J?-16
Added Pin To Net: NetName=NetJ?_14 Pin=J?-14
Added Pin To Net: NetName=NetJ?_14 Pin=Q1-3
Added Pin To Net: NetName=NetJ?_14 Pin=R6-1
Added Net: Name=NetJ?_14
Added Member To Class: ClassName=ir-tara Member=Component J? -4017
