Removed Pin From Net: NetName=GND Pin=T2-1
Removed Pin From Net: NetName=s Pin=T2-2
Removed Member From Class: ClassName=smart home3 Member=T1
Removed Member From Class: ClassName=smart home3 Member=T2
Removed Member From Class: ClassName=smart home3 Member=T3
Change Component Designator: OldDesignator=R4 NewDesignator=R3
Change Component Designator: OldDesignator=R5 NewDesignator=R4
Added Component: Designator=J1(KF300-2 PIN)
Added Component: Designator=J2(KF300-3 PIN)
Added Component: Designator=J3(KF300-4 PIN)
Added Component: Designator=MOC3(DIP-6)
Add component (AddParameter): Name = "Designer"; Value = "Seyed Mohsen Ghasemian"; VariantName = "[No Variations]"
Add component (AddParameter): Name = "E-mail"; Value = "picpars@gmail.com"; VariantName = "[No Variations]"
Add component (AddParameter): Name = "LatestRevisionDate"; Value = "17-11-2011"; VariantName = "[No Variations]"
Add component (AddParameter): Name = "Published"; Value = "17-11-2011"; VariantName = "[No Variations]"
Add component (AddParameter): Name = "Publisher"; Value = "www.picpars.com"; VariantName = "[No Variations]"
Add component (AddParameter): Name = "WEB"; Value = "www.picpars.com"; VariantName = "[No Variations]"
Added Component: Designator=Q3(SOT32)
Added Component: Designator=R5(Res50)
Add component (AddParameter): Name = "LatestRevisionDate"; Value = "17-Jul-2002"; VariantName = "[No Variations]"
Add component (AddParameter): Name = "LatestRevisionNote"; Value = "Re-released for DXP Platform."; VariantName = "[No Variations]"
Add component (AddParameter): Name = "PackageDescription"; Value = "Axial Device, Thru-Hole; 2 Leads; 0.4 in Pin Spacing"; VariantName = "[No Variations]"
Add component (AddParameter): Name = "PackageReference"; Value = "AXIAL-0.4"; VariantName = "[No Variations]"
Add component (AddParameter): Name = "Published"; Value = "8-Jun-2000"; VariantName = "[No Variations]"
Add component (AddParameter): Name = "Publisher"; Value = "Altium Limited"; VariantName = "[No Variations]"
Added Component: Designator=R6(Res50)
Add component (AddParameter): Name = "LatestRevisionDate"; Value = "17-Jul-2002"; VariantName = "[No Variations]"
Add component (AddParameter): Name = "LatestRevisionNote"; Value = "Re-released for DXP Platform."; VariantName = "[No Variations]"
Add component (AddParameter): Name = "PackageDescription"; Value = "Axial Device, Thru-Hole; 2 Leads; 0.4 in Pin Spacing"; VariantName = "[No Variations]"
Add component (AddParameter): Name = "PackageReference"; Value = "AXIAL-0.4"; VariantName = "[No Variations]"
Add component (AddParameter): Name = "Published"; Value = "8-Jun-2000"; VariantName = "[No Variations]"
Add component (AddParameter): Name = "Publisher"; Value = "Altium Limited"; VariantName = "[No Variations]"
Added Pin To Net: NetName=out Pin=MOC3-2
Added Pin To Net: NetName=vesp Pin=R6-1
Added Pin To Net: NetName=faz Pin=J1-1
Added Pin To Net: NetName=faz Pin=Q1-2
Added Pin To Net: NetName=faz Pin=Q2-2
Added Pin To Net: NetName=faz Pin=Q3-2
Added Pin To Net: NetName=faz Pin=R1-2
Added Pin To Net: NetName=faz Pin=R3-2
Added Pin To Net: NetName=faz Pin=R5-2
Added Net: Name=faz
Added Pin To Net: NetName=NetJ2_1 Pin=J2-1
Added Pin To Net: NetName=NetJ2_1 Pin=Q1-1
Added Net: Name=NetJ2_1
Added Pin To Net: NetName=NetJ2_2 Pin=J2-2
Added Pin To Net: NetName=NetJ2_2 Pin=Q2-1
Added Net: Name=NetJ2_2
Added Pin To Net: NetName=NetJ2_3 Pin=J2-3
Added Pin To Net: NetName=NetJ2_3 Pin=Q3-1
Added Net: Name=NetJ2_3
Added Pin To Net: NetName=NetMOC3_1 Pin=MOC3-1
Added Pin To Net: NetName=NetMOC3_1 Pin=R6-2
Added Net: Name=NetMOC3_1
Added Pin To Net: NetName=NetMOC3_4 Pin=MOC3-4
Added Pin To Net: NetName=NetMOC3_4 Pin=R5-1
Added Net: Name=NetMOC3_4
Added Pin To Net: NetName=NetMOC3_6 Pin=MOC3-6
Added Pin To Net: NetName=NetMOC3_6 Pin=Q3-3
Added Net: Name=NetMOC3_6
Added Member To Class: ClassName=smart home3 Member=Component J1 TBlock-2
Added Member To Class: ClassName=smart home3 Member=Component J2 TBlock-3
Added Member To Class: ClassName=smart home3 Member=Component J3 TBlock-4
Added Member To Class: ClassName=smart home3 Member=Component MOC3 MOC3021-3
Added Member To Class: ClassName=smart home3 Member=Component Q3 MODEL
Added Member To Class: ClassName=smart home3 Member=Component R5 Res2
Added Member To Class: ClassName=smart home3 Member=Component R6 Res2
