Removed Pin From Net: NetName=GND Pin=J3-3
Removed Pin From Net: NetName=GND Pin=J4-1
Removed Member From Class: ClassName=smart home3 Member=J4
Added Component: Designator=U2(ESP_12_E)
Add component (AddParameter): Name = "IC"; Value = "ESP8266-EX"; VariantName = "[No Variations]"
Add component (AddParameter): Name = "Vendor"; Value = "Ai-thinker"; VariantName = "[No Variations]"
Added Pin To Net: NetName=GND Pin=J3-4
Added Pin To Net: NetName=rst Pin=U2-1
Added Pin To Net: NetName=vesp Pin=U2-3
Added Pin To Net: NetName=vesp Pin=U2-8
Added Pin To Net: NetName=GND Pin=U2-15
Added Pin To Net: NetName=GND Pin=U2-16
Added Pin To Net: NetName=btn Pin=U2-18
Added Pin To Net: NetName=o3 Pin=U2-19
Added Pin To Net: NetName=o2 Pin=U2-20
Added Pin To Net: NetName=o1 Pin=U2-22
Added Pin To Net: NetName=s1 Pin=J3-1
Added Pin To Net: NetName=s1 Pin=U2-4
Added Net: Name=s1
Added Pin To Net: NetName=s2 Pin=J3-2
Added Pin To Net: NetName=s2 Pin=U2-5
Added Net: Name=s2
Added Pin To Net: NetName=s3 Pin=J3-3
Added Pin To Net: NetName=s3 Pin=U2-6
Added Net: Name=s3
Added Member To Class: ClassName=smart home3 Member=Component U2 ESP_12_E
