Added Component: Designator=MOC1(DIP-6)
Add component (AddParameter): Name = "Designer"; Value = "Seyed Mohsen Ghasemian"; VariantName = "[No Variations]"
Add component (AddParameter): Name = "E-mail"; Value = "picpars@gmail.com"; VariantName = "[No Variations]"
Add component (AddParameter): Name = "LatestRevisionDate"; Value = "17-11-2011"; VariantName = "[No Variations]"
Add component (AddParameter): Name = "Published"; Value = "17-11-2011"; VariantName = "[No Variations]"
Add component (AddParameter): Name = "Publisher"; Value = "www.picpars.com"; VariantName = "[No Variations]"
Add component (AddParameter): Name = "WEB"; Value = "www.picpars.com"; VariantName = "[No Variations]"
Added Component: Designator=MOC2(DIP-6)
Add component (AddParameter): Name = "Designer"; Value = "Seyed Mohsen Ghasemian"; VariantName = "[No Variations]"
Add component (AddParameter): Name = "E-mail"; Value = "picpars@gmail.com"; VariantName = "[No Variations]"
Add component (AddParameter): Name = "LatestRevisionDate"; Value = "17-11-2011"; VariantName = "[No Variations]"
Add component (AddParameter): Name = "Published"; Value = "17-11-2011"; VariantName = "[No Variations]"
Add component (AddParameter): Name = "Publisher"; Value = "www.picpars.com"; VariantName = "[No Variations]"
Add component (AddParameter): Name = "WEB"; Value = "www.picpars.com"; VariantName = "[No Variations]"
Added Component: Designator=Q1(SOT32)
Added Component: Designator=Q2(SOT32)
Added Component: Designator=R1(Res50)
Add component (AddParameter): Name = "LatestRevisionDate"; Value = "17-Jul-2002"; VariantName = "[No Variations]"
Add component (AddParameter): Name = "LatestRevisionNote"; Value = "Re-released for DXP Platform."; VariantName = "[No Variations]"
Add component (AddParameter): Name = "PackageDescription"; Value = "Axial Device, Thru-Hole; 2 Leads; 0.4 in Pin Spacing"; VariantName = "[No Variations]"
Add component (AddParameter): Name = "PackageReference"; Value = "AXIAL-0.4"; VariantName = "[No Variations]"
Add component (AddParameter): Name = "Published"; Value = "8-Jun-2000"; VariantName = "[No Variations]"
Add component (AddParameter): Name = "Publisher"; Value = "Altium Limited"; VariantName = "[No Variations]"
Added Component: Designator=R2(Res50)
Add component (AddParameter): Name = "LatestRevisionDate"; Value = "17-Jul-2002"; VariantName = "[No Variations]"
Add component (AddParameter): Name = "LatestRevisionNote"; Value = "Re-released for DXP Platform."; VariantName = "[No Variations]"
Add component (AddParameter): Name = "PackageDescription"; Value = "Axial Device, Thru-Hole; 2 Leads; 0.4 in Pin Spacing"; VariantName = "[No Variations]"
Add component (AddParameter): Name = "PackageReference"; Value = "AXIAL-0.4"; VariantName = "[No Variations]"
Add component (AddParameter): Name = "Published"; Value = "8-Jun-2000"; VariantName = "[No Variations]"
Add component (AddParameter): Name = "Publisher"; Value = "Altium Limited"; VariantName = "[No Variations]"
Added Component: Designator=R4(Res50)
Add component (AddParameter): Name = "LatestRevisionDate"; Value = "17-Jul-2002"; VariantName = "[No Variations]"
Add component (AddParameter): Name = "LatestRevisionNote"; Value = "Re-released for DXP Platform."; VariantName = "[No Variations]"
Add component (AddParameter): Name = "PackageDescription"; Value = "Axial Device, Thru-Hole; 2 Leads; 0.4 in Pin Spacing"; VariantName = "[No Variations]"
Add component (AddParameter): Name = "PackageReference"; Value = "AXIAL-0.4"; VariantName = "[No Variations]"
Add component (AddParameter): Name = "Published"; Value = "8-Jun-2000"; VariantName = "[No Variations]"
Add component (AddParameter): Name = "Publisher"; Value = "Altium Limited"; VariantName = "[No Variations]"
Added Component: Designator=R5(Res50)
Add component (AddParameter): Name = "LatestRevisionDate"; Value = "17-Jul-2002"; VariantName = "[No Variations]"
Add component (AddParameter): Name = "LatestRevisionNote"; Value = "Re-released for DXP Platform."; VariantName = "[No Variations]"
Add component (AddParameter): Name = "PackageDescription"; Value = "Axial Device, Thru-Hole; 2 Leads; 0.4 in Pin Spacing"; VariantName = "[No Variations]"
Add component (AddParameter): Name = "PackageReference"; Value = "AXIAL-0.4"; VariantName = "[No Variations]"
Add component (AddParameter): Name = "Published"; Value = "8-Jun-2000"; VariantName = "[No Variations]"
Add component (AddParameter): Name = "Publisher"; Value = "Altium Limited"; VariantName = "[No Variations]"
Added Component: Designator=T1(phoenix terminal R 2)
Add component (AddParameter): Name = "ComponentLinkURL"; Value = "www.picpars.com"; VariantName = "[No Variations]"
Add component (AddParameter): Name = "Designer"; Value = "Seyed Mohsen Ghasemain"; VariantName = "[No Variations]"
Add component (AddParameter): Name = "E-mail"; Value = "picpars@gmail.com"; VariantName = "[No Variations]"
Added Component: Designator=T3(phoenix terminal R 2)
Add component (AddParameter): Name = "ComponentLinkURL"; Value = "www.picpars.com"; VariantName = "[No Variations]"
Add component (AddParameter): Name = "Designer"; Value = "Seyed Mohsen Ghasemain"; VariantName = "[No Variations]"
Add component (AddParameter): Name = "E-mail"; Value = "picpars@gmail.com"; VariantName = "[No Variations]"
Added Pin To Net: NetName=NetMOC1_1 Pin=MOC1-1
Added Pin To Net: NetName=out Pin=MOC1-2
Added Pin To Net: NetName=NetMOC1_4 Pin=MOC1-4
Added Pin To Net: NetName=NetMOC1_6 Pin=MOC1-6
Added Pin To Net: NetName=NetMOC2_1 Pin=MOC2-1
Added Pin To Net: NetName=out Pin=MOC2-2
Added Pin To Net: NetName=NetMOC2_4 Pin=MOC2-4
Added Pin To Net: NetName=NetMOC2_6 Pin=MOC2-6
Added Pin To Net: NetName=NetQ1_1 Pin=Q1-1
Added Pin To Net: NetName=NetQ1_2 Pin=Q1-2
Added Pin To Net: NetName=NetMOC1_6 Pin=Q1-3
Added Pin To Net: NetName=NetQ2_1 Pin=Q2-1
Added Pin To Net: NetName=NetQ2_2 Pin=Q2-2
Added Pin To Net: NetName=NetMOC2_6 Pin=Q2-3
Added Pin To Net: NetName=NetMOC1_4 Pin=R1-1
Added Pin To Net: NetName=NetQ1_2 Pin=R1-2
Added Pin To Net: NetName=vesp Pin=R2-1
Added Pin To Net: NetName=NetMOC1_1 Pin=R2-2
Added Pin To Net: NetName=NetMOC2_4 Pin=R4-1
Added Pin To Net: NetName=NetQ2_2 Pin=R4-2
Added Pin To Net: NetName=vesp Pin=R5-1
Added Pin To Net: NetName=NetMOC2_1 Pin=R5-2
Added Pin To Net: NetName=NetQ1_2 Pin=T1-1
Added Pin To Net: NetName=NetQ1_1 Pin=T1-2
Added Pin To Net: NetName=NetQ2_2 Pin=T3-1
Added Pin To Net: NetName=NetQ2_1 Pin=T3-2
Added Member To Class: ClassName=smart home3 Member=Component MOC1 MOC3021-3
Added Member To Class: ClassName=smart home3 Member=Component MOC2 MOC3021-3
Added Member To Class: ClassName=smart home3 Member=Component Q1 MODEL
Added Member To Class: ClassName=smart home3 Member=Component Q2 MODEL
Added Member To Class: ClassName=smart home3 Member=Component R1 Res2
Added Member To Class: ClassName=smart home3 Member=Component R2 Res2
Added Member To Class: ClassName=smart home3 Member=Component R4 Res2
Added Member To Class: ClassName=smart home3 Member=Component R5 Res2
Added Member To Class: ClassName=smart home3 Member=Component T1 Terminal
Added Member To Class: ClassName=smart home3 Member=Component T3 Terminal
