Change Component Footprint: Designator=J2 Old Footprint=KF300-2 PIN New Footprint=KF300-3 PIN
Change Component Comment : Designator=J2 Old Comment=TBlock-2 New Comment=TBlock-3
Change Component Designator: OldDesignator=MOC2_1 NewDesignator=MOC3
Change Component Designator: OldDesignator=Q2_1 NewDesignator=Q3
Change Component Designator: OldDesignator=R3_1 NewDesignator=R5
Change Component Designator: OldDesignator=R4_1 NewDesignator=R6
Added Pin To Net: NetName=GND Pin=MOC3-2
Added Pin To Net: NetName=faz Pin=Q3-2
Added Pin To Net: NetName=faz Pin=R5-2
Added Pin To Net: NetName=o2 Pin=R6-1
Added Pin To Net: NetName=NetJ2_3 Pin=J2-3
Added Pin To Net: NetName=NetJ2_3 Pin=Q3-1
Added Net: Name=NetJ2_3
Added Pin To Net: NetName=NetMOC3_1 Pin=MOC3-1
Added Pin To Net: NetName=NetMOC3_1 Pin=R6-2
Added Net: Name=NetMOC3_1
Added Pin To Net: NetName=NetMOC3_4 Pin=MOC3-4
Added Pin To Net: NetName=NetMOC3_4 Pin=R5-1
Added Net: Name=NetMOC3_4
Added Net: Name=NetMOC3_6
Added Member To Class: ClassName=smart home3 Member=Component MOC3 MOC3021-3
Added Member To Class: ClassName=smart home3 Member=Component Q3 MODEL
Added Member To Class: ClassName=smart home3 Member=Component R5 10K
Added Member To Class: ClassName=smart home3 Member=Component R6 10K
