Removed Pin From Net: NetName=5v Pin=J3-1
Removed Pin From Net: NetName=i7 Pin=J3-3
Added Component: Designator=JP1(Header 2X1)
Add component. Clean all parameters for all variants
Added Component: Designator=JP2(Header 2X1)
Add component. Clean all parameters for all variants
Added Component: Designator=JP3(Header 2X1)
Add component. Clean all parameters for all variants
Added Component: Designator=JP4(Header 2X1)
Add component. Clean all parameters for all variants
Added Component: Designator=JP5(Header 2X1)
Add component. Clean all parameters for all variants
Added Component: Designator=JP6(Header 2X1)
Add component. Clean all parameters for all variants
Added Component: Designator=JP7(Header 2X1)
Add component. Clean all parameters for all variants
Added Component: Designator=JP8(Header 2X1)
Add component. Clean all parameters for all variants
Added Component: Designator=JP9(Header 2X1)
Add component. Clean all parameters for all variants
Added Component: Designator=JP10(Header 2X1)
Add component. Clean all parameters for all variants
Added Component: Designator=JP11(Header 2X1)
Add component. Clean all parameters for all variants
Added Component: Designator=JP12(Header 2X1)
Add component. Clean all parameters for all variants
Added Component: Designator=R5(RES 1206 (3216X08L))
Add component. Clean all parameters for all variants
Add component (AddParameter): Name = "Power"; Value = "1/4 W"; VariantName = "[No Variations]"
Add component (AddParameter): Name = "Tolerance"; Value = "5%"; VariantName = "[No Variations]"
Add component (AddParameter): Name = "Value"; Value = "10K"; VariantName = "[No Variations]"
Added Component: Designator=T4(phoenix terminal 4)
Add component. Clean all parameters for all variants
Add component (AddParameter): Name = "ComponentLinkURL"; Value = "www.picpars.com"; VariantName = "[No Variations]"
Add component (AddParameter): Name = "Designer"; Value = "Seyed Mohsen Ghasemain"; VariantName = "[No Variations]"
Add component (AddParameter): Name = "E-mail"; Value = "picpars@gmail.com"; VariantName = "[No Variations]"
Added Component: Designator=T5(phoenix terminal R 3)
Add component. Clean all parameters for all variants
Add component (AddParameter): Name = "ComponentLinkURL"; Value = "www.picpars.com"; VariantName = "[No Variations]"
Add component (AddParameter): Name = "Designer"; Value = "Seyed Mohsen Ghasemain"; VariantName = "[No Variations]"
Add component (AddParameter): Name = "E-mail"; Value = "picpars@gmail.com"; VariantName = "[No Variations]"
Added Component: Designator=T7(phoenix terminal R 3)
Add component. Clean all parameters for all variants
Add component (AddParameter): Name = "ComponentLinkURL"; Value = "www.picpars.com"; VariantName = "[No Variations]"
Add component (AddParameter): Name = "Designer"; Value = "Seyed Mohsen Ghasemain"; VariantName = "[No Variations]"
Add component (AddParameter): Name = "E-mail"; Value = "picpars@gmail.com"; VariantName = "[No Variations]"
Added Component: Designator=T8(phoenix terminal R 3)
Add component. Clean all parameters for all variants
Add component (AddParameter): Name = "ComponentLinkURL"; Value = "www.picpars.com"; VariantName = "[No Variations]"
Add component (AddParameter): Name = "Designer"; Value = "Seyed Mohsen Ghasemain"; VariantName = "[No Variations]"
Add component (AddParameter): Name = "E-mail"; Value = "picpars@gmail.com"; VariantName = "[No Variations]"
Added Pin To Net: NetName=i7 Pin=J3-1
Added Pin To Net: NetName=VCC Pin=J3-3
Added Pin To Net: NetName=rst Pin=JP1-1
Added Pin To Net: NetName=rst Pin=JP1-2
Added Pin To Net: NetName=btn Pin=JP2-1
Added Pin To Net: NetName=btn Pin=JP2-2
Added Pin To Net: NetName=VCC Pin=JP3-1
Added Pin To Net: NetName=VCC Pin=JP3-2
Added Pin To Net: NetName=vDD Pin=JP4-1
Added Pin To Net: NetName=vDD Pin=JP4-2
Added Pin To Net: NetName=GND Pin=JP5-1
Added Pin To Net: NetName=GND Pin=JP5-2
Added Pin To Net: NetName=VCC Pin=JP6-1
Added Pin To Net: NetName=VCC Pin=JP6-2
Added Pin To Net: NetName=vDD Pin=JP7-1
Added Pin To Net: NetName=vDD Pin=JP7-2
Added Pin To Net: NetName=i8 Pin=JP8-1
Added Pin To Net: NetName=i8 Pin=JP8-2
Added Pin To Net: NetName=i7 Pin=JP9-1
Added Pin To Net: NetName=i7 Pin=JP9-2
Added Pin To Net: NetName=5v Pin=JP10-1
Added Pin To Net: NetName=5v Pin=JP10-2
Added Pin To Net: NetName=GND Pin=JP11-1
Added Pin To Net: NetName=GND Pin=JP11-2
Added Pin To Net: NetName=i10 Pin=JP12-1
Added Pin To Net: NetName=i10 Pin=JP12-2
Added Pin To Net: NetName=rst Pin=R5-1
Added Pin To Net: NetName=vesp Pin=R5-2
Added Pin To Net: NetName=i3 Pin=T4-1
Added Pin To Net: NetName=i2 Pin=T4-2
Added Pin To Net: NetName=i1 Pin=T4-3
Added Pin To Net: NetName=i6 Pin=T4-4
Added Pin To Net: NetName=i5 Pin=T5-2
Added Pin To Net: NetName=i4 Pin=T5-3
Added Pin To Net: NetName=i9 Pin=T7-1
Added Pin To Net: NetName=i10 Pin=T7-2
Added Pin To Net: NetName=i11 Pin=T8-2
Added Pin To Net: NetName=i13 Pin=T8-3
Added Member To Class: ClassName=shahbazi2 Member=Component JP1 Jumper
Added Member To Class: ClassName=shahbazi2 Member=Component JP2 Jumper
Added Member To Class: ClassName=shahbazi2 Member=Component JP3 Jumper
Added Member To Class: ClassName=shahbazi2 Member=Component JP4 Jumper
Added Member To Class: ClassName=shahbazi2 Member=Component JP5 Jumper
Added Member To Class: ClassName=shahbazi2 Member=Component JP6 Jumper
Added Member To Class: ClassName=shahbazi2 Member=Component JP7 Jumper
Added Member To Class: ClassName=shahbazi2 Member=Component JP8 Jumper
Added Member To Class: ClassName=shahbazi2 Member=Component JP9 Jumper
Added Member To Class: ClassName=shahbazi2 Member=Component JP10 Jumper
Added Member To Class: ClassName=shahbazi2 Member=Component JP11 Jumper
Added Member To Class: ClassName=shahbazi2 Member=Component JP12 Jumper
Added Member To Class: ClassName=shahbazi2 Member=Component R5 10K
Added Member To Class: ClassName=shahbazi2 Member=Component T4 Phoenix terminal
Added Member To Class: ClassName=shahbazi2 Member=Component T5 Terminal
Added Member To Class: ClassName=shahbazi2 Member=Component T7 Terminal
Added Member To Class: ClassName=shahbazi2 Member=Component T8 Terminal
