Change Component Designator: OldDesignator=J2 NewDesignator=J3
Change Component Designator: OldDesignator=J3 NewDesignator=J2
Change Component Designator: OldDesignator=J3 NewDesignator=J5
Change Component Designator: OldDesignator=J4 NewDesignator=J6
Change Component Designator: OldDesignator=J5 NewDesignator=J7
Change Component Designator: OldDesignator=J6 NewDesignator=J4
Change Component Designator: OldDesignator=JP4 NewDesignator=JP1
Change Component Designator: OldDesignator=R8 NewDesignator=R10
Change Component Designator: OldDesignator=R9 NewDesignator=R11
Added Component: Designator=R8(Res50)
Add component. Clean all parameters for all variants
Add component (AddParameter): Name = "LatestRevisionDate"; Value = "17-Jul-2002"; VariantName = "[No Variations]"
Add component (AddParameter): Name = "LatestRevisionNote"; Value = "Re-released for DXP Platform."; VariantName = "[No Variations]"
Add component (AddParameter): Name = "PackageDescription"; Value = "Axial Device, Thru-Hole; 2 Leads; 0.4 in Pin Spacing"; VariantName = "[No Variations]"
Add component (AddParameter): Name = "PackageReference"; Value = "AXIAL-0.4"; VariantName = "[No Variations]"
Add component (AddParameter): Name = "Published"; Value = "8-Jun-2000"; VariantName = "[No Variations]"
Add component (AddParameter): Name = "Publisher"; Value = "Altium Limited"; VariantName = "[No Variations]"
Added Component: Designator=R9(Res50)
Add component. Clean all parameters for all variants
Add component (AddParameter): Name = "Publisher"; Value = "Seyed mohsen ghasemian"; VariantName = "[No Variations]"
Add component (AddParameter): Name = "Value"; Value = "330"; VariantName = "[No Variations]"
Add component (AddParameter): Name = "WEB"; Value = "www.picpars.com"; VariantName = "[No Variations]"
Change Net Name : Old Net Name=NetR9_2 New Net Name=NetR11_2
Added Member To Class: ClassName=shahbazi2 Member=Component J7 TBlock-2
Added Member To Class: ClassName=shahbazi2 Member=Component R10 Res2
Added Member To Class: ClassName=shahbazi2 Member=Component R11 Res2
Added Member To Class: ClassName=shahbazi2 Member=Component U1 L4931CV30
