Removed Pin From Net: NetName=btn Pin=J3-2
Removed Pin From Net: NetName=i7 Pin=T10-1
Removed Pin From Net: NetName=i8 Pin=T13-3
Added Component: Designator=JP1(Header 2X1)
Add component. Clean all parameters for all variants
Added Component: Designator=JP3(Header 2X1)
Add component. Clean all parameters for all variants
Added Component: Designator=JP4(Header 2X1)
Add component. Clean all parameters for all variants
Added Component: Designator=JP5(Header 2X1)
Add component. Clean all parameters for all variants
Added Pin To Net: NetName=i8 Pin=J3-2
Added Pin To Net: NetName=i7 Pin=J3-3
Added Pin To Net: NetName=rst Pin=JP1-1
Added Pin To Net: NetName=rst Pin=JP1-2
Added Pin To Net: NetName=VCC Pin=JP3-1
Added Pin To Net: NetName=VCC Pin=JP3-2
Added Pin To Net: NetName=vDD Pin=JP4-1
Added Pin To Net: NetName=vDD Pin=JP4-2
Added Pin To Net: NetName=GND Pin=JP5-1
Added Pin To Net: NetName=GND Pin=JP5-2
Added Member To Class: ClassName=shahbazi2 Member=Component JP1 Jumper
Added Member To Class: ClassName=shahbazi2 Member=Component JP3 Jumper
Added Member To Class: ClassName=shahbazi2 Member=Component JP4 Jumper
Added Member To Class: ClassName=shahbazi2 Member=Component JP5 Jumper
