Change Component Designator: OldDesignator=C2 NewDesignator=C1
Change Component Designator: OldDesignator=C3 NewDesignator=C2
Change Component Designator: OldDesignator=D3 NewDesignator=D2
Change Component Designator: OldDesignator=D9 NewDesignator=D3
Change Component Designator: OldDesignator=D10 NewDesignator=D4
Change Component Designator: OldDesignator=D13 NewDesignator=D5
Change Component Designator: OldDesignator=D14 NewDesignator=D6
Change Component Designator: OldDesignator=D17 NewDesignator=D7
Change Component Designator: OldDesignator=D19 NewDesignator=D8
Change Component Designator: OldDesignator=J4 NewDesignator=J5
Change Component Designator: OldDesignator=K5 NewDesignator=K2
Change Component Designator: OldDesignator=K7 NewDesignator=K3
Change Component Designator: OldDesignator=K9 NewDesignator=K4
Change Component Designator: OldDesignator=R5 NewDesignator=R2
Change Component Designator: OldDesignator=R9 NewDesignator=R3
Change Component Designator: OldDesignator=R11 NewDesignator=R4
Change Component Designator: OldDesignator=R13 NewDesignator=R5
Change Component Designator: OldDesignator=R14 NewDesignator=R6
Change Component Designator: OldDesignator=R16 NewDesignator=R7
Change Component Designator: OldDesignator=R18 NewDesignator=R8
Change Component Designator: OldDesignator=R21 NewDesignator=R9
Change Component Designator: OldDesignator=T5 NewDesignator=T2
Change Component Designator: OldDesignator=T7 NewDesignator=T3
Change Component Designator: OldDesignator=T9 NewDesignator=T4
Change Component Designator: OldDesignator=T10 NewDesignator=T5
Change Component Designator: OldDesignator=T11 NewDesignator=T6
Change Component Designator: OldDesignator=T13 NewDesignator=T7
Change Component Designator: OldDesignator=T14 NewDesignator=T8
Change Component Designator: OldDesignator=U6 NewDesignator=U2
Change Component Designator: OldDesignator=U7 NewDesignator=U3
Change Component Designator: OldDesignator=U10 NewDesignator=U4
Change Component Designator: OldDesignator=U14 NewDesignator=U5
Added Component: Designator=J4(KF300-2 PIN)
Add component. Clean all parameters for all variants
Added Pin To Net: NetName=rx Pin=J4-1
Change Net Name : Old Net Name=NetC2_2 New Net Name=NetC1_2
Change Net Name : Old Net Name=NetC3_2 New Net Name=NetC2_2
Change Net Name : Old Net Name=NetD3_2 New Net Name=NetD2_2
Change Net Name : Old Net Name=NetD9_1 New Net Name=NetD3_1
Change Net Name : Old Net Name=NetD10_2 New Net Name=NetD4_2
Change Net Name : Old Net Name=NetD13_1 New Net Name=NetD5_1
Change Net Name : Old Net Name=NetD14_2 New Net Name=NetD6_2
Change Net Name : Old Net Name=NetD17_1 New Net Name=NetD7_1
Change Net Name : Old Net Name=NetD19_2 New Net Name=NetD8_2
Change Net Name : Old Net Name=NetK5_1 New Net Name=NetK2_1
Change Net Name : Old Net Name=NetK5_2 New Net Name=NetK2_2
Change Net Name : Old Net Name=NetK5_3 New Net Name=NetK2_3
Change Net Name : Old Net Name=NetK7_1 New Net Name=NetK3_1
Change Net Name : Old Net Name=NetK7_2 New Net Name=NetK3_2
Change Net Name : Old Net Name=NetK7_3 New Net Name=NetK3_3
Change Net Name : Old Net Name=NetK9_1 New Net Name=NetK4_1
Change Net Name : Old Net Name=NetK9_2 New Net Name=NetK4_2
Change Net Name : Old Net Name=NetK9_3 New Net Name=NetK4_3
Change Net Name : Old Net Name=NetR5_2 New Net Name=NetR2_2
Change Net Name : Old Net Name=NetR11_2 New Net Name=NetR4_2
Change Net Name : Old Net Name=NetR16_2 New Net Name=NetR7_2
Change Net Name : Old Net Name=NetR21_2 New Net Name=NetR9_2
Added Pin To Net: NetName=tx Pin=J4-2
Added Pin To Net: NetName=tx Pin=J5-2
Added Pin To Net: NetName=tx Pin=U2-30
Added Net: Name=tx
Added Member To Class: ClassName=shahbazi2 Member=Component J5 Header4X1
