Removed Pin From Net: NetName=VCC Pin=D2-2
Removed Pin From Net: NetName=VCC Pin=D5-2
Removed Pin From Net: NetName=VCC Pin=D6-1
Removed Pin From Net: NetName=VCC Pin=D8-1
Removed Pin From Net: NetName=VCC Pin=K2-5
Removed Pin From Net: NetName=VCC Pin=K4-5
Removed Pin From Net: NetName=o9 Pin=R7-1
Removed Pin From Net: NetName=o10 Pin=R8-1
Removed Pin From Net: NetName=GND Pin=U3-3
Removed Pin From Net: NetName=GND Pin=U4-3
Removed Member From Class: ClassName=shahbazi2 Member=D2
Removed Member From Class: ClassName=shahbazi2 Member=D5
Removed Member From Class: ClassName=shahbazi2 Member=D6
Removed Member From Class: ClassName=shahbazi2 Member=D8
Removed Member From Class: ClassName=shahbazi2 Member=K2
Removed Member From Class: ClassName=shahbazi2 Member=K4
Removed Member From Class: ClassName=shahbazi2 Member=R2
Removed Member From Class: ClassName=shahbazi2 Member=R4
Removed Member From Class: ClassName=shahbazi2 Member=R7
Removed Member From Class: ClassName=shahbazi2 Member=R8
Removed Member From Class: ClassName=shahbazi2 Member=T2
Removed Member From Class: ClassName=shahbazi2 Member=T4
Removed Member From Class: ClassName=shahbazi2 Member=U3
Removed Member From Class: ClassName=shahbazi2 Member=U4
