Removed Pin From Net: NetName=GND Pin=C4-1
Removed Pin From Net: NetName=VCC Pin=C4-2
Removed Pin From Net: NetName=GND Pin=C5-1
Removed Pin From Net: NetName=5v Pin=C5-2
Removed Pin From Net: NetName=GND Pin=E1-1
Removed Pin From Net: NetName=GND Pin=E2-1
Removed Pin From Net: NetName=vDD Pin=E3-1
Removed Pin From Net: NetName=VCC Pin=E4-1
Removed Pin From Net: NetName=vDD Pin=R13-2
Removed Pin From Net: NetName=rst Pin=U9-1
Removed Pin From Net: NetName=vDD Pin=U9-3
Removed Pin From Net: NetName=i12 Pin=U9-4
Removed Pin From Net: NetName=i11 Pin=U9-5
Removed Pin From Net: NetName=i13 Pin=U9-6
Removed Pin From Net: NetName=i9 Pin=U9-7
Removed Pin From Net: NetName=vDD Pin=U9-8
Removed Pin From Net: NetName=i10 Pin=U9-12
Removed Pin From Net: NetName=GND Pin=U9-15
Removed Pin From Net: NetName=GND Pin=U9-16
Removed Pin From Net: NetName=btn Pin=U9-18
Removed Pin From Net: NetName=sda Pin=U9-19
Removed Pin From Net: NetName=scl Pin=U9-20
Removed Pin From Net: NetName=rx Pin=U9-21
Removed Pin From Net: NetName=rx2 Pin=U9-22
Removed Pin From Net: NetName=VCC Pin=U12-1
Removed Pin From Net: NetName=5v Pin=U12-2
Removed Pin From Net: NetName=GND Pin=U12-3
Removed Member From Class: ClassName=shahbazi Member=C4
Removed Member From Class: ClassName=shahbazi Member=C5
Removed Member From Class: ClassName=shahbazi Member=E1
Removed Member From Class: ClassName=shahbazi Member=E2
Removed Member From Class: ClassName=shahbazi Member=E3
Removed Member From Class: ClassName=shahbazi Member=E4
Removed Member From Class: ClassName=shahbazi Member=U9
Removed Member From Class: ClassName=shahbazi Member=U12
Added Pin To Net: NetName=vesp Pin=R13-2
Added Net: Name=vesp
Change Class Name : Old Net Name=shahbazi New Net Name=shahbazi2
Change Room Name: Old Name=shahbazi New Name=shahbazi2
Change Room Scope: Old Scope=InComponentClass('shahbazi') New Scope=InComponentClass('shahbazi2')
