Change Component Designator: Old Designator=C2 New Designator=C1
Change Component Designator: Old Designator=C3 New Designator=C2
Change Component Designator: Old Designator=D3 New Designator=D2
Change Component Designator: Old Designator=D9 New Designator=D3
Change Component Designator: Old Designator=D10 New Designator=D4
Change Component Designator: Old Designator=D13 New Designator=D5
Change Component Designator: Old Designator=D14 New Designator=D6
Change Component Designator: Old Designator=D17 New Designator=D7
Change Component Designator: Old Designator=D19 New Designator=D8
Change Component Designator: Old Designator=J4 New Designator=J5
Change Component Designator: Old Designator=J? New Designator=J4
Change Component Designator: Old Designator=K5 New Designator=K2
Change Component Designator: Old Designator=K7 New Designator=K3
Change Component Designator: Old Designator=K9 New Designator=K4
Change Component Designator: Old Designator=R5 New Designator=R2
Change Component Designator: Old Designator=R9 New Designator=R3
Change Component Designator: Old Designator=R11 New Designator=R4
Change Component Designator: Old Designator=R13 New Designator=R5
Change Component Designator: Old Designator=R14 New Designator=R6
Change Component Designator: Old Designator=R16 New Designator=R7
Change Component Designator: Old Designator=R18 New Designator=R8
Change Component Designator: Old Designator=R21 New Designator=R9
Change Component Designator: Old Designator=T5 New Designator=T2
Change Component Designator: Old Designator=T7 New Designator=T3
Change Component Designator: Old Designator=T9 New Designator=T4
Change Component Designator: Old Designator=T10 New Designator=T5
Change Component Designator: Old Designator=T11 New Designator=T6
Change Component Designator: Old Designator=T13 New Designator=T7
Change Component Designator: Old Designator=T14 New Designator=T8
Change Component Designator: Old Designator=U6 New Designator=U2
Change Component Designator: Old Designator=U7 New Designator=U3
Change Component Designator: Old Designator=U10 New Designator=U4
Change Component Designator: Old Designator=U14 New Designator=U5
