Removed Pin From Net: NetName=faz Pin=MOC1-4
Removed Pin From Net: NetName=faz Pin=MOC2-4
Removed Pin From Net: NetName=faz Pin=MOC3-4
Removed Pin From Net: NetName=NetMOC1_6 Pin=R3-1
Removed Pin From Net: NetName=NetMOC2_6 Pin=R5-1
Removed Pin From Net: NetName=NetMOC3_6 Pin=R7-1
Change Component Designator: OldDesignator=R2 NewDesignator=R3
Change Component Designator: OldDesignator=R4 NewDesignator=R5
Change Component Designator: OldDesignator=R6 NewDesignator=R7
Added Component: Designator=R2(RES 1206 (3216X08L))
Add component (AddParameter): Name = "Power"; Value = "1/4 W"; VariantName = "[No Variations]"
Add component (AddParameter): Name = "Tolerance"; Value = "5%"; VariantName = "[No Variations]"
Add component (AddParameter): Name = "Value"; Value = "10K"; VariantName = "[No Variations]"
Added Component: Designator=R4(RES 1206 (3216X08L))
Add component (AddParameter): Name = "Power"; Value = "1/4 W"; VariantName = "[No Variations]"
Add component (AddParameter): Name = "Tolerance"; Value = "5%"; VariantName = "[No Variations]"
Add component (AddParameter): Name = "Value"; Value = "10K"; VariantName = "[No Variations]"
Added Component: Designator=R6(RES 1206 (3216X08L))
Add component (AddParameter): Name = "Power"; Value = "1/4 W"; VariantName = "[No Variations]"
Add component (AddParameter): Name = "Tolerance"; Value = "5%"; VariantName = "[No Variations]"
Add component (AddParameter): Name = "Value"; Value = "10K"; VariantName = "[No Variations]"
Added Pin To Net: NetName=NetMOC1_6 Pin=R2-1
Added Pin To Net: NetName=faz Pin=R2-2
Added Pin To Net: NetName=NetMOC2_6 Pin=R4-1
Added Pin To Net: NetName=faz Pin=R4-2
Added Pin To Net: NetName=NetMOC3_6 Pin=R6-1
Added Pin To Net: NetName=faz Pin=R6-2
Added Pin To Net: NetName=NetMOC1_4 Pin=MOC1-4
Added Net: Name=NetMOC1_4
Added Pin To Net: NetName=NetMOC2_4 Pin=MOC2-4
Added Net: Name=NetMOC2_4
Added Pin To Net: NetName=NetMOC3_4 Pin=MOC3-4
Added Net: Name=NetMOC3_4
Added Member To Class: ClassName=smart home3-2 Member=Component R2 10K
Added Member To Class: ClassName=smart home3-2 Member=Component R3 10K
Added Member To Class: ClassName=smart home3-2 Member=Component R4 10K
Added Member To Class: ClassName=smart home3-2 Member=Component R5 10K
Added Member To Class: ClassName=smart home3-2 Member=Component R6 10K
Added Member To Class: ClassName=smart home3-2 Member=Component R7 10K
