Added Component: Designator=U2(ESP_12_E)
Add component (AddParameter): Name = "IC"; Value = "ESP8266-EX"; VariantName = "[No Variations]"
Add component (AddParameter): Name = "Vendor"; Value = "Ai-thinker"; VariantName = "[No Variations]"
Added Pin To Net: NetName=rst Pin=U2-1
Added Pin To Net: NetName=vesp Pin=U2-3
Added Pin To Net: NetName=s1 Pin=U2-4
Added Pin To Net: NetName=s2 Pin=U2-5
Added Pin To Net: NetName=s3 Pin=U2-6
Added Pin To Net: NetName=o4 Pin=U2-7
Added Pin To Net: NetName=vesp Pin=U2-8
Added Pin To Net: NetName=GND Pin=U2-15
Added Pin To Net: NetName=GND Pin=U2-16
Added Pin To Net: NetName=NetR1_1 Pin=U2-17
Added Pin To Net: NetName=btn Pin=U2-18
Added Pin To Net: NetName=o1 Pin=U2-19
Added Pin To Net: NetName=o2 Pin=U2-20
Change Class Name : Old Net Name=smart home3 New Net Name=smart home3-2
Added Member To Class: ClassName=smart home3-2 Member=Component U2 ESP_12_E
Change Room Name: Old Name=smart home3 New Name=smart home3-2
Change Room Scope: Old Scope=InComponentClass('smart home3') New Scope=InComponentClass('smart home3-2')
