Added Component: Designator=P1(HDR1X7)
Add component (AddParameter): Name = "LatestRevisionDate"; Value = "17-Jul-2002"; VariantName = "[No Variations]"
Add component (AddParameter): Name = "LatestRevisionNote"; Value = "Re-released for DXP Platform."; VariantName = "[No Variations]"
Add component (AddParameter): Name = "Publisher"; Value = "Altium Limited"; VariantName = "[No Variations]"
Added Component: Designator=P2(HDR1X4)
Add component (AddParameter): Name = "LatestRevisionDate"; Value = "17-Jul-2002"; VariantName = "[No Variations]"
Add component (AddParameter): Name = "LatestRevisionNote"; Value = "Re-released for DXP Platform."; VariantName = "[No Variations]"
Add component (AddParameter): Name = "Publisher"; Value = "Altium Limited"; VariantName = "[No Variations]"
Added Pin To Net: NetName=L7 Pin=P1-1
Added Pin To Net: NetName=L6 Pin=P1-2
Added Pin To Net: NetName=L5 Pin=P1-3
Added Pin To Net: NetName=L4 Pin=P1-4
Added Pin To Net: NetName=L3 Pin=P1-5
Added Pin To Net: NetName=l2 Pin=P1-6
Added Pin To Net: NetName=l1 Pin=P1-7
Added Pin To Net: NetName=R4 Pin=P2-1
Added Pin To Net: NetName=R3 Pin=P2-2
Added Pin To Net: NetName=R2 Pin=P2-3
Added Pin To Net: NetName=R1 Pin=P2-4
Added Member To Class: ClassName=clock-temp-touch Member=Component D11 LHN974_RED_LED_1206
Added Member To Class: ClassName=clock-temp-touch Member=Component D12 LHN974_RED_LED_1206
Added Member To Class: ClassName=clock-temp-touch Member=Component D13 LHN974_RED_LED_1206
Added Member To Class: ClassName=clock-temp-touch Member=Component D14 LHN974_RED_LED_1206
Added Member To Class: ClassName=clock-temp-touch Member=Component D15 LHN974_RED_LED_1206
Added Member To Class: ClassName=clock-temp-touch Member=Component D16 LHN974_RED_LED_1206
Added Member To Class: ClassName=clock-temp-touch Member=Component D17 LHN974_RED_LED_1206
Added Member To Class: ClassName=clock-temp-touch Member=Component D18 LHN974_RED_LED_1206
Added Member To Class: ClassName=clock-temp-touch Member=Component D19 LHN974_RED_LED_1206
Added Member To Class: ClassName=clock-temp-touch Member=Component D20 LHN974_RED_LED_1206
Added Member To Class: ClassName=clock-temp-touch Member=Component D21 LHN974_RED_LED_1206
Added Member To Class: ClassName=clock-temp-touch Member=Component D22 LHN974_RED_LED_1206
Added Member To Class: ClassName=clock-temp-touch Member=Component D23 LHN974_RED_LED_1206
Added Member To Class: ClassName=clock-temp-touch Member=Component D24 LHN974_RED_LED_1206
Added Member To Class: ClassName=clock-temp-touch Member=Component D27 LHN974_RED_LED_1206
Added Member To Class: ClassName=clock-temp-touch Member=Component D28 LHN974_RED_LED_1206
Added Member To Class: ClassName=clock-temp-touch Member=Component D29 LHN974_RED_LED_1206
Added Member To Class: ClassName=clock-temp-touch Member=Component D30 LHN974_RED_LED_1206
Added Member To Class: ClassName=clock-temp-touch Member=Component D31 LHN974_RED_LED_1206
Added Member To Class: ClassName=clock-temp-touch Member=Component D32 LHN974_RED_LED_1206
Added Member To Class: ClassName=clock-temp-touch Member=Component D33 LHN974_RED_LED_1206
Added Member To Class: ClassName=clock-temp-touch Member=Component P1 Header 7
Added Member To Class: ClassName=clock-temp-touch Member=Component P2 Header 4
