Removed Pin From Net: NetName=vcc Pin=D22-NEG
Removed Pin From Net: NetName=vcc Pin=D23-NEG
Removed Pin From Net: NetName=vcc Pin=D31-NEG
Removed Pin From Net: NetName=vcc Pin=D32-NEG
Change Component Designator: OldDesignator=R8 NewDesignator=R10
Change Component Designator: OldDesignator=R9 NewDesignator=R11
Change Component Designator: OldDesignator=R10 NewDesignator=R12
Added Component: Designator=R8(RES 1206 (3216X08L))
Add component (AddParameter): Name = "Power"; Value = "1/4 W"; VariantName = "[No Variations]"
Add component (AddParameter): Name = "Tolerance"; Value = "5%"; VariantName = "[No Variations]"
Add component (AddParameter): Name = "Value"; Value = "10K"; VariantName = "[No Variations]"
Added Component: Designator=R9(RES 1206 (3216X08L))
Add component (AddParameter): Name = "Power"; Value = "1/4 W"; VariantName = "[No Variations]"
Add component (AddParameter): Name = "Tolerance"; Value = "5%"; VariantName = "[No Variations]"
Add component (AddParameter): Name = "Value"; Value = "10K"; VariantName = "[No Variations]"
Add Pin To Net: Unknown Pin: Pin LS2-1
Add Pin To Net: Unknown Pin: Pin LS2-2
Added Pin To Net: NetName=vcc Pin=R8-1
Added Pin To Net: NetName=vcc Pin=R9-1
Change Net Name : Old Net Name=NetR9_1 New Net Name=NetR11_1
Change Net Name : Old Net Name=NetR10_1 New Net Name=NetR12_1
Added Pin To Net: NetName=NetD22_NEG Pin=D22-NEG
Added Pin To Net: NetName=NetD22_NEG Pin=D31-NEG
Added Pin To Net: NetName=NetD22_NEG Pin=R8-2
Added Net: Name=NetD22_NEG
Added Pin To Net: NetName=NetD23_NEG Pin=D23-NEG
Added Pin To Net: NetName=NetD23_NEG Pin=D32-NEG
Added Pin To Net: NetName=NetD23_NEG Pin=R9-2
Added Net: Name=NetD23_NEG
Added Member To Class: ClassName=clock-temp-touch Member=Component D22 LHN974_RED_LED_1206
Added Member To Class: ClassName=clock-temp-touch Member=Component D23 LHN974_RED_LED_1206
Added Member To Class: ClassName=clock-temp-touch Member=Component D24 LHN974_RED_LED_1206
Added Member To Class: ClassName=clock-temp-touch Member=Component D25 LHN974_RED_LED_1206
Added Member To Class: ClassName=clock-temp-touch Member=Component D26 LHN974_RED_LED_1206
Added Member To Class: ClassName=clock-temp-touch Member=Component D27 LHN974_RED_LED_1206
Added Member To Class: ClassName=clock-temp-touch Member=Component D28 LHN974_RED_LED_1206
Added Member To Class: ClassName=clock-temp-touch Member=Component D29 LHN974_RED_LED_1206
Added Member To Class: ClassName=clock-temp-touch Member=Component D30 LHN974_RED_LED_1206
Added Member To Class: ClassName=clock-temp-touch Member=Component D31 LHN974_RED_LED_1206
Added Member To Class: ClassName=clock-temp-touch Member=Component D32 LHN974_RED_LED_1206
Added Member To Class: ClassName=clock-temp-touch Member=Component D33 LHN974_RED_LED_1206
Added Member To Class: ClassName=clock-temp-touch Member=Component D35 LHN974_RED_LED_1206
Added Member To Class: ClassName=clock-temp-touch Member=Component R11 10K
Added Member To Class: ClassName=clock-temp-touch Member=Component R12 10K
