Removed Pin From Net: NetName=R2 Pin=D25-NEG
Removed Pin From Net: NetName=R2 Pin=D26-NEG
Added Component: Designator=P2(HDR1X4)
Add component (AddParameter): Name = "LatestRevisionDate"; Value = "17-Jul-2002"; VariantName = "[No Variations]"
Add component (AddParameter): Name = "LatestRevisionNote"; Value = "Re-released for DXP Platform."; VariantName = "[No Variations]"
Add component (AddParameter): Name = "Publisher"; Value = "Altium Limited"; VariantName = "[No Variations]"
Added Component: Designator=R5(RES 1206 (3216X08L))
Add component (AddParameter): Name = "Power"; Value = "1/4 W"; VariantName = "[No Variations]"
Add component (AddParameter): Name = "Tolerance"; Value = "5%"; VariantName = "[No Variations]"
Add component (AddParameter): Name = "Value"; Value = "10K"; VariantName = "[No Variations]"
Added Pin To Net: NetName=R3 Pin=D25-NEG
Added Pin To Net: NetName=R3 Pin=D26-NEG
Added Pin To Net: NetName=R4 Pin=P2-1
Added Pin To Net: NetName=R3 Pin=P2-2
Added Pin To Net: NetName=R2 Pin=P2-3
Added Pin To Net: NetName=R1 Pin=P2-4
Added Pin To Net: NetName=NetD27_2 Pin=R5-1
Added Pin To Net: NetName=GND Pin=R5-2
Added Member To Class: ClassName=clock-temp-touch Member=Component D25 LHN974_RED_LED_1206
Added Member To Class: ClassName=clock-temp-touch Member=Component D26 LHN974_RED_LED_1206
Added Member To Class: ClassName=clock-temp-touch Member=Component D27 LED2
Added Member To Class: ClassName=clock-temp-touch Member=Component D28 LED2
Added Member To Class: ClassName=clock-temp-touch Member=Component D30 LHN974_RED_LED_1206
Added Member To Class: ClassName=clock-temp-touch Member=Component D31 LHN974_RED_LED_1206
Added Member To Class: ClassName=clock-temp-touch Member=Component D32 LHN974_RED_LED_1206
Added Member To Class: ClassName=clock-temp-touch Member=Component D33 LHN974_RED_LED_1206
Added Member To Class: ClassName=clock-temp-touch Member=Component P2 Header 4
Added Member To Class: ClassName=clock-temp-touch Member=Component R5 10K
