Change Component Designator: OldDesignator=D1 NewDesignator=D24
Change Component Designator: OldDesignator=D2 NewDesignator=D15
Change Component Designator: OldDesignator=D3 NewDesignator=D32
Change Component Designator: OldDesignator=D4 NewDesignator=D1
Change Component Designator: OldDesignator=D5 NewDesignator=D8
Change Component Designator: OldDesignator=D6 NewDesignator=D16
Change Component Designator: OldDesignator=D7 NewDesignator=D25
Change Component Designator: OldDesignator=D8 NewDesignator=D2
Change Component Designator: OldDesignator=D10 NewDesignator=D17
Change Component Designator: OldDesignator=D11 NewDesignator=D26
Change Component Designator: OldDesignator=D12 NewDesignator=D3
Change Component Designator: OldDesignator=D13 NewDesignator=D10
Change Component Designator: OldDesignator=D14 NewDesignator=D18
Change Component Designator: OldDesignator=D15 NewDesignator=D27
Change Component Designator: OldDesignator=D16 NewDesignator=D4
Change Component Designator: OldDesignator=D17 NewDesignator=D11
Change Component Designator: OldDesignator=D18 NewDesignator=D19
Change Component Designator: OldDesignator=D19 NewDesignator=D28
Change Component Designator: OldDesignator=D20 NewDesignator=D5
Change Component Designator: OldDesignator=D21 NewDesignator=D12
Change Component Designator: OldDesignator=D22 NewDesignator=D20
Change Component Designator: OldDesignator=D23 NewDesignator=D29
Change Component Designator: OldDesignator=D24 NewDesignator=D6
Change Component Designator: OldDesignator=D25 NewDesignator=D13
Change Component Designator: OldDesignator=D26 NewDesignator=D21
Change Component Designator: OldDesignator=D27 NewDesignator=D30
Change Component Designator: OldDesignator=D28 NewDesignator=D33
Change Component Designator: OldDesignator=D29 NewDesignator=D7
Change Component Designator: OldDesignator=D30 NewDesignator=D14
Change Component Designator: OldDesignator=D31 NewDesignator=D22
Change Component Designator: OldDesignator=D32 NewDesignator=D31
Change Component Designator: OldDesignator=D33 NewDesignator=D34
Change Component Designator: OldDesignator=D34 NewDesignator=D23
Change Component Designator: OldDesignator=J2 NewDesignator=J3
Change Component Designator: OldDesignator=J3 NewDesignator=J2
Change Component Designator: OldDesignator=R1 NewDesignator=R4
Change Component Designator: OldDesignator=R3 NewDesignator=R1
Change Component Designator: OldDesignator=R4 NewDesignator=R3
Change Component Designator: OldDesignator=R5 NewDesignator=R9
Change Component Designator: OldDesignator=R6 NewDesignator=R7
Change Component Designator: OldDesignator=R7 NewDesignator=R6
Change Component Designator: OldDesignator=R8 NewDesignator=R5
Change Component Designator: OldDesignator=R9 NewDesignator=R8
Change Component Designator: OldDesignator=U1 NewDesignator=U3
Change Component Designator: OldDesignator=U2 NewDesignator=U1
Change Component Designator: OldDesignator=U3 NewDesignator=U2
Change Net Name : Old Net Name=NetD28_2 New Net Name=NetD33_2
Change Net Name : Old Net Name=NetD34_1 New Net Name=NetD23_1
Change Net Name : Old Net Name=NetJ2_1 New Net Name=NetJ3_1
Change Net Name : Old Net Name=NetJ2_2 New Net Name=NetJ3_2
Change Net Name : Old Net Name=NetR3_2 New Net Name=NetR1_2
Change Net Name : Old Net Name=NetR6_1 New Net Name=NetR7_1
Change Net Name : Old Net Name=NetU2_4 New Net Name=NetU1_4
Added Member To Class: ClassName=clock-temp-touch Member=Component D8 LED2
Added Member To Class: ClassName=clock-temp-touch Member=Component D16 LED2
Added Member To Class: ClassName=clock-temp-touch Member=Component D24 D Tunnel1
Added Member To Class: ClassName=clock-temp-touch Member=Component D32 D Tunnel1
Added Member To Class: ClassName=clock-temp-touch Member=Component R2 10K
Added Member To Class: ClassName=clock-temp-touch Member=Component R4 10K
