Change Component Designator: OldDesignator=D11 NewDesignator=D25
Change Component Designator: OldDesignator=D12 NewDesignator=D26
Change Component Designator: OldDesignator=D13 NewDesignator=D34
Added Component: Designator=D11(LEDC3216X120N)
Add component (AddParameter): Name = "Availability"; Value = "Not in stock"; VariantName = "[No Variations]"
Add component (AddParameter): Name = "Check_prices"; Value = "https://www.snapeda.com/parts/LHN974%20RED%20LED%201206/Osram/view-part/7899607/?ref=eda"; VariantName = "[No Variations]"
Add component (AddParameter): Name = "MF"; Value = "Osram"; VariantName = "[No Variations]"
Add component (AddParameter): Name = "MP"; Value = "LHN974 RED LED 1206"; VariantName = "[No Variations]"
Add component (AddParameter): Name = "Package"; Value = "None"; VariantName = "[No Variations]"
Add component (AddParameter): Name = "Price"; Value = "None"; VariantName = "[No Variations]"
Add component (AddParameter): Name = "SnapEDA_Link"; Value = "https://www.snapeda.com/parts/LHN974%20RED%20LED%201206/Osram/view-part/7899607/?ref=snap"; VariantName = "[No Variations]"
Add component (AddParameter): Name = "Value"; Value = ""; VariantName = "[No Variations]"
Added Component: Designator=D12(LEDC3216X120N)
Add component (AddParameter): Name = "Availability"; Value = "Not in stock"; VariantName = "[No Variations]"
Add component (AddParameter): Name = "Check_prices"; Value = "https://www.snapeda.com/parts/LHN974%20RED%20LED%201206/Osram/view-part/7899607/?ref=eda"; VariantName = "[No Variations]"
Add component (AddParameter): Name = "MF"; Value = "Osram"; VariantName = "[No Variations]"
Add component (AddParameter): Name = "MP"; Value = "LHN974 RED LED 1206"; VariantName = "[No Variations]"
Add component (AddParameter): Name = "Package"; Value = "None"; VariantName = "[No Variations]"
Add component (AddParameter): Name = "Price"; Value = "None"; VariantName = "[No Variations]"
Add component (AddParameter): Name = "SnapEDA_Link"; Value = "https://www.snapeda.com/parts/LHN974%20RED%20LED%201206/Osram/view-part/7899607/?ref=snap"; VariantName = "[No Variations]"
Add component (AddParameter): Name = "Value"; Value = ""; VariantName = "[No Variations]"
Added Component: Designator=D13(LEDC3216X120N)
Add component (AddParameter): Name = "Availability"; Value = "Not in stock"; VariantName = "[No Variations]"
Add component (AddParameter): Name = "Check_prices"; Value = "https://www.snapeda.com/parts/LHN974%20RED%20LED%201206/Osram/view-part/7899607/?ref=eda"; VariantName = "[No Variations]"
Add component (AddParameter): Name = "MF"; Value = "Osram"; VariantName = "[No Variations]"
Add component (AddParameter): Name = "MP"; Value = "LHN974 RED LED 1206"; VariantName = "[No Variations]"
Add component (AddParameter): Name = "Package"; Value = "None"; VariantName = "[No Variations]"
Add component (AddParameter): Name = "Price"; Value = "None"; VariantName = "[No Variations]"
Add component (AddParameter): Name = "SnapEDA_Link"; Value = "https://www.snapeda.com/parts/LHN974%20RED%20LED%201206/Osram/view-part/7899607/?ref=snap"; VariantName = "[No Variations]"
Add component (AddParameter): Name = "Value"; Value = ""; VariantName = "[No Variations]"
Added Component: Designator=D14(LEDC3216X120N)
Add component (AddParameter): Name = "Availability"; Value = "Not in stock"; VariantName = "[No Variations]"
Add component (AddParameter): Name = "Check_prices"; Value = "https://www.snapeda.com/parts/LHN974%20RED%20LED%201206/Osram/view-part/7899607/?ref=eda"; VariantName = "[No Variations]"
Add component (AddParameter): Name = "MF"; Value = "Osram"; VariantName = "[No Variations]"
Add component (AddParameter): Name = "MP"; Value = "LHN974 RED LED 1206"; VariantName = "[No Variations]"
Add component (AddParameter): Name = "Package"; Value = "None"; VariantName = "[No Variations]"
Add component (AddParameter): Name = "Price"; Value = "None"; VariantName = "[No Variations]"
Add component (AddParameter): Name = "SnapEDA_Link"; Value = "https://www.snapeda.com/parts/LHN974%20RED%20LED%201206/Osram/view-part/7899607/?ref=snap"; VariantName = "[No Variations]"
Add component (AddParameter): Name = "Value"; Value = ""; VariantName = "[No Variations]"
Added Component: Designator=D15(LEDC3216X120N)
Add component (AddParameter): Name = "Availability"; Value = "Not in stock"; VariantName = "[No Variations]"
Add component (AddParameter): Name = "Check_prices"; Value = "https://www.snapeda.com/parts/LHN974%20RED%20LED%201206/Osram/view-part/7899607/?ref=eda"; VariantName = "[No Variations]"
Add component (AddParameter): Name = "MF"; Value = "Osram"; VariantName = "[No Variations]"
Add component (AddParameter): Name = "MP"; Value = "LHN974 RED LED 1206"; VariantName = "[No Variations]"
Add component (AddParameter): Name = "Package"; Value = "None"; VariantName = "[No Variations]"
Add component (AddParameter): Name = "Price"; Value = "None"; VariantName = "[No Variations]"
Add component (AddParameter): Name = "SnapEDA_Link"; Value = "https://www.snapeda.com/parts/LHN974%20RED%20LED%201206/Osram/view-part/7899607/?ref=snap"; VariantName = "[No Variations]"
Add component (AddParameter): Name = "Value"; Value = ""; VariantName = "[No Variations]"
Added Component: Designator=D16(LEDC3216X120N)
Add component (AddParameter): Name = "Availability"; Value = "Not in stock"; VariantName = "[No Variations]"
Add component (AddParameter): Name = "Check_prices"; Value = "https://www.snapeda.com/parts/LHN974%20RED%20LED%201206/Osram/view-part/7899607/?ref=eda"; VariantName = "[No Variations]"
Add component (AddParameter): Name = "MF"; Value = "Osram"; VariantName = "[No Variations]"
Add component (AddParameter): Name = "MP"; Value = "LHN974 RED LED 1206"; VariantName = "[No Variations]"
Add component (AddParameter): Name = "Package"; Value = "None"; VariantName = "[No Variations]"
Add component (AddParameter): Name = "Price"; Value = "None"; VariantName = "[No Variations]"
Add component (AddParameter): Name = "SnapEDA_Link"; Value = "https://www.snapeda.com/parts/LHN974%20RED%20LED%201206/Osram/view-part/7899607/?ref=snap"; VariantName = "[No Variations]"
Add component (AddParameter): Name = "Value"; Value = ""; VariantName = "[No Variations]"
Added Component: Designator=D17(LEDC3216X120N)
Add component (AddParameter): Name = "Availability"; Value = "Not in stock"; VariantName = "[No Variations]"
Add component (AddParameter): Name = "Check_prices"; Value = "https://www.snapeda.com/parts/LHN974%20RED%20LED%201206/Osram/view-part/7899607/?ref=eda"; VariantName = "[No Variations]"
Add component (AddParameter): Name = "MF"; Value = "Osram"; VariantName = "[No Variations]"
Add component (AddParameter): Name = "MP"; Value = "LHN974 RED LED 1206"; VariantName = "[No Variations]"
Add component (AddParameter): Name = "Package"; Value = "None"; VariantName = "[No Variations]"
Add component (AddParameter): Name = "Price"; Value = "None"; VariantName = "[No Variations]"
Add component (AddParameter): Name = "SnapEDA_Link"; Value = "https://www.snapeda.com/parts/LHN974%20RED%20LED%201206/Osram/view-part/7899607/?ref=snap"; VariantName = "[No Variations]"
Add component (AddParameter): Name = "Value"; Value = ""; VariantName = "[No Variations]"
Added Component: Designator=D18(LEDC3216X120N)
Add component (AddParameter): Name = "Availability"; Value = "Not in stock"; VariantName = "[No Variations]"
Add component (AddParameter): Name = "Check_prices"; Value = "https://www.snapeda.com/parts/LHN974%20RED%20LED%201206/Osram/view-part/7899607/?ref=eda"; VariantName = "[No Variations]"
Add component (AddParameter): Name = "MF"; Value = "Osram"; VariantName = "[No Variations]"
Add component (AddParameter): Name = "MP"; Value = "LHN974 RED LED 1206"; VariantName = "[No Variations]"
Add component (AddParameter): Name = "Package"; Value = "None"; VariantName = "[No Variations]"
Add component (AddParameter): Name = "Price"; Value = "None"; VariantName = "[No Variations]"
Add component (AddParameter): Name = "SnapEDA_Link"; Value = "https://www.snapeda.com/parts/LHN974%20RED%20LED%201206/Osram/view-part/7899607/?ref=snap"; VariantName = "[No Variations]"
Add component (AddParameter): Name = "Value"; Value = ""; VariantName = "[No Variations]"
Added Component: Designator=D19(LEDC3216X120N)
Add component (AddParameter): Name = "Availability"; Value = "Not in stock"; VariantName = "[No Variations]"
Add component (AddParameter): Name = "Check_prices"; Value = "https://www.snapeda.com/parts/LHN974%20RED%20LED%201206/Osram/view-part/7899607/?ref=eda"; VariantName = "[No Variations]"
Add component (AddParameter): Name = "MF"; Value = "Osram"; VariantName = "[No Variations]"
Add component (AddParameter): Name = "MP"; Value = "LHN974 RED LED 1206"; VariantName = "[No Variations]"
Add component (AddParameter): Name = "Package"; Value = "None"; VariantName = "[No Variations]"
Add component (AddParameter): Name = "Price"; Value = "None"; VariantName = "[No Variations]"
Add component (AddParameter): Name = "SnapEDA_Link"; Value = "https://www.snapeda.com/parts/LHN974%20RED%20LED%201206/Osram/view-part/7899607/?ref=snap"; VariantName = "[No Variations]"
Add component (AddParameter): Name = "Value"; Value = ""; VariantName = "[No Variations]"
Added Component: Designator=D20(LEDC3216X120N)
Add component (AddParameter): Name = "Availability"; Value = "Not in stock"; VariantName = "[No Variations]"
Add component (AddParameter): Name = "Check_prices"; Value = "https://www.snapeda.com/parts/LHN974%20RED%20LED%201206/Osram/view-part/7899607/?ref=eda"; VariantName = "[No Variations]"
Add component (AddParameter): Name = "MF"; Value = "Osram"; VariantName = "[No Variations]"
Add component (AddParameter): Name = "MP"; Value = "LHN974 RED LED 1206"; VariantName = "[No Variations]"
Add component (AddParameter): Name = "Package"; Value = "None"; VariantName = "[No Variations]"
Add component (AddParameter): Name = "Price"; Value = "None"; VariantName = "[No Variations]"
Add component (AddParameter): Name = "SnapEDA_Link"; Value = "https://www.snapeda.com/parts/LHN974%20RED%20LED%201206/Osram/view-part/7899607/?ref=snap"; VariantName = "[No Variations]"
Add component (AddParameter): Name = "Value"; Value = ""; VariantName = "[No Variations]"
Added Component: Designator=D21(LEDC3216X120N)
Add component (AddParameter): Name = "Availability"; Value = "Not in stock"; VariantName = "[No Variations]"
Add component (AddParameter): Name = "Check_prices"; Value = "https://www.snapeda.com/parts/LHN974%20RED%20LED%201206/Osram/view-part/7899607/?ref=eda"; VariantName = "[No Variations]"
Add component (AddParameter): Name = "MF"; Value = "Osram"; VariantName = "[No Variations]"
Add component (AddParameter): Name = "MP"; Value = "LHN974 RED LED 1206"; VariantName = "[No Variations]"
Add component (AddParameter): Name = "Package"; Value = "None"; VariantName = "[No Variations]"
Add component (AddParameter): Name = "Price"; Value = "None"; VariantName = "[No Variations]"
Add component (AddParameter): Name = "SnapEDA_Link"; Value = "https://www.snapeda.com/parts/LHN974%20RED%20LED%201206/Osram/view-part/7899607/?ref=snap"; VariantName = "[No Variations]"
Add component (AddParameter): Name = "Value"; Value = ""; VariantName = "[No Variations]"
Added Component: Designator=D22(LEDC3216X120N)
Add component (AddParameter): Name = "Availability"; Value = "Not in stock"; VariantName = "[No Variations]"
Add component (AddParameter): Name = "Check_prices"; Value = "https://www.snapeda.com/parts/LHN974%20RED%20LED%201206/Osram/view-part/7899607/?ref=eda"; VariantName = "[No Variations]"
Add component (AddParameter): Name = "MF"; Value = "Osram"; VariantName = "[No Variations]"
Add component (AddParameter): Name = "MP"; Value = "LHN974 RED LED 1206"; VariantName = "[No Variations]"
Add component (AddParameter): Name = "Package"; Value = "None"; VariantName = "[No Variations]"
Add component (AddParameter): Name = "Price"; Value = "None"; VariantName = "[No Variations]"
Add component (AddParameter): Name = "SnapEDA_Link"; Value = "https://www.snapeda.com/parts/LHN974%20RED%20LED%201206/Osram/view-part/7899607/?ref=snap"; VariantName = "[No Variations]"
Add component (AddParameter): Name = "Value"; Value = ""; VariantName = "[No Variations]"
Added Component: Designator=D23(LEDC3216X120N)
Add component (AddParameter): Name = "Availability"; Value = "Not in stock"; VariantName = "[No Variations]"
Add component (AddParameter): Name = "Check_prices"; Value = "https://www.snapeda.com/parts/LHN974%20RED%20LED%201206/Osram/view-part/7899607/?ref=eda"; VariantName = "[No Variations]"
Add component (AddParameter): Name = "MF"; Value = "Osram"; VariantName = "[No Variations]"
Add component (AddParameter): Name = "MP"; Value = "LHN974 RED LED 1206"; VariantName = "[No Variations]"
Add component (AddParameter): Name = "Package"; Value = "None"; VariantName = "[No Variations]"
Add component (AddParameter): Name = "Price"; Value = "None"; VariantName = "[No Variations]"
Add component (AddParameter): Name = "SnapEDA_Link"; Value = "https://www.snapeda.com/parts/LHN974%20RED%20LED%201206/Osram/view-part/7899607/?ref=snap"; VariantName = "[No Variations]"
Add component (AddParameter): Name = "Value"; Value = ""; VariantName = "[No Variations]"
Added Component: Designator=D24(LEDC3216X120N)
Add component (AddParameter): Name = "Availability"; Value = "Not in stock"; VariantName = "[No Variations]"
Add component (AddParameter): Name = "Check_prices"; Value = "https://www.snapeda.com/parts/LHN974%20RED%20LED%201206/Osram/view-part/7899607/?ref=eda"; VariantName = "[No Variations]"
Add component (AddParameter): Name = "MF"; Value = "Osram"; VariantName = "[No Variations]"
Add component (AddParameter): Name = "MP"; Value = "LHN974 RED LED 1206"; VariantName = "[No Variations]"
Add component (AddParameter): Name = "Package"; Value = "None"; VariantName = "[No Variations]"
Add component (AddParameter): Name = "Price"; Value = "None"; VariantName = "[No Variations]"
Add component (AddParameter): Name = "SnapEDA_Link"; Value = "https://www.snapeda.com/parts/LHN974%20RED%20LED%201206/Osram/view-part/7899607/?ref=snap"; VariantName = "[No Variations]"
Add component (AddParameter): Name = "Value"; Value = ""; VariantName = "[No Variations]"
Added Component: Designator=D27(LEDC3216X120N)
Add component (AddParameter): Name = "Availability"; Value = "Not in stock"; VariantName = "[No Variations]"
Add component (AddParameter): Name = "Check_prices"; Value = "https://www.snapeda.com/parts/LHN974%20RED%20LED%201206/Osram/view-part/7899607/?ref=eda"; VariantName = "[No Variations]"
Add component (AddParameter): Name = "MF"; Value = "Osram"; VariantName = "[No Variations]"
Add component (AddParameter): Name = "MP"; Value = "LHN974 RED LED 1206"; VariantName = "[No Variations]"
Add component (AddParameter): Name = "Package"; Value = "None"; VariantName = "[No Variations]"
Add component (AddParameter): Name = "Price"; Value = "None"; VariantName = "[No Variations]"
Add component (AddParameter): Name = "SnapEDA_Link"; Value = "https://www.snapeda.com/parts/LHN974%20RED%20LED%201206/Osram/view-part/7899607/?ref=snap"; VariantName = "[No Variations]"
Add component (AddParameter): Name = "Value"; Value = ""; VariantName = "[No Variations]"
Added Component: Designator=D28(LEDC3216X120N)
Add component (AddParameter): Name = "Availability"; Value = "Not in stock"; VariantName = "[No Variations]"
Add component (AddParameter): Name = "Check_prices"; Value = "https://www.snapeda.com/parts/LHN974%20RED%20LED%201206/Osram/view-part/7899607/?ref=eda"; VariantName = "[No Variations]"
Add component (AddParameter): Name = "MF"; Value = "Osram"; VariantName = "[No Variations]"
Add component (AddParameter): Name = "MP"; Value = "LHN974 RED LED 1206"; VariantName = "[No Variations]"
Add component (AddParameter): Name = "Package"; Value = "None"; VariantName = "[No Variations]"
Add component (AddParameter): Name = "Price"; Value = "None"; VariantName = "[No Variations]"
Add component (AddParameter): Name = "SnapEDA_Link"; Value = "https://www.snapeda.com/parts/LHN974%20RED%20LED%201206/Osram/view-part/7899607/?ref=snap"; VariantName = "[No Variations]"
Add component (AddParameter): Name = "Value"; Value = ""; VariantName = "[No Variations]"
Added Component: Designator=D29(LEDC3216X120N)
Add component (AddParameter): Name = "Availability"; Value = "Not in stock"; VariantName = "[No Variations]"
Add component (AddParameter): Name = "Check_prices"; Value = "https://www.snapeda.com/parts/LHN974%20RED%20LED%201206/Osram/view-part/7899607/?ref=eda"; VariantName = "[No Variations]"
Add component (AddParameter): Name = "MF"; Value = "Osram"; VariantName = "[No Variations]"
Add component (AddParameter): Name = "MP"; Value = "LHN974 RED LED 1206"; VariantName = "[No Variations]"
Add component (AddParameter): Name = "Package"; Value = "None"; VariantName = "[No Variations]"
Add component (AddParameter): Name = "Price"; Value = "None"; VariantName = "[No Variations]"
Add component (AddParameter): Name = "SnapEDA_Link"; Value = "https://www.snapeda.com/parts/LHN974%20RED%20LED%201206/Osram/view-part/7899607/?ref=snap"; VariantName = "[No Variations]"
Add component (AddParameter): Name = "Value"; Value = ""; VariantName = "[No Variations]"
Added Component: Designator=D30(LEDC3216X120N)
Add component (AddParameter): Name = "Availability"; Value = "Not in stock"; VariantName = "[No Variations]"
Add component (AddParameter): Name = "Check_prices"; Value = "https://www.snapeda.com/parts/LHN974%20RED%20LED%201206/Osram/view-part/7899607/?ref=eda"; VariantName = "[No Variations]"
Add component (AddParameter): Name = "MF"; Value = "Osram"; VariantName = "[No Variations]"
Add component (AddParameter): Name = "MP"; Value = "LHN974 RED LED 1206"; VariantName = "[No Variations]"
Add component (AddParameter): Name = "Package"; Value = "None"; VariantName = "[No Variations]"
Add component (AddParameter): Name = "Price"; Value = "None"; VariantName = "[No Variations]"
Add component (AddParameter): Name = "SnapEDA_Link"; Value = "https://www.snapeda.com/parts/LHN974%20RED%20LED%201206/Osram/view-part/7899607/?ref=snap"; VariantName = "[No Variations]"
Add component (AddParameter): Name = "Value"; Value = ""; VariantName = "[No Variations]"
Added Component: Designator=D31(LEDC3216X120N)
Add component (AddParameter): Name = "Availability"; Value = "Not in stock"; VariantName = "[No Variations]"
Add component (AddParameter): Name = "Check_prices"; Value = "https://www.snapeda.com/parts/LHN974%20RED%20LED%201206/Osram/view-part/7899607/?ref=eda"; VariantName = "[No Variations]"
Add component (AddParameter): Name = "MF"; Value = "Osram"; VariantName = "[No Variations]"
Add component (AddParameter): Name = "MP"; Value = "LHN974 RED LED 1206"; VariantName = "[No Variations]"
Add component (AddParameter): Name = "Package"; Value = "None"; VariantName = "[No Variations]"
Add component (AddParameter): Name = "Price"; Value = "None"; VariantName = "[No Variations]"
Add component (AddParameter): Name = "SnapEDA_Link"; Value = "https://www.snapeda.com/parts/LHN974%20RED%20LED%201206/Osram/view-part/7899607/?ref=snap"; VariantName = "[No Variations]"
Add component (AddParameter): Name = "Value"; Value = ""; VariantName = "[No Variations]"
Added Component: Designator=D32(LEDC3216X120N)
Add component (AddParameter): Name = "Availability"; Value = "Not in stock"; VariantName = "[No Variations]"
Add component (AddParameter): Name = "Check_prices"; Value = "https://www.snapeda.com/parts/LHN974%20RED%20LED%201206/Osram/view-part/7899607/?ref=eda"; VariantName = "[No Variations]"
Add component (AddParameter): Name = "MF"; Value = "Osram"; VariantName = "[No Variations]"
Add component (AddParameter): Name = "MP"; Value = "LHN974 RED LED 1206"; VariantName = "[No Variations]"
Add component (AddParameter): Name = "Package"; Value = "None"; VariantName = "[No Variations]"
Add component (AddParameter): Name = "Price"; Value = "None"; VariantName = "[No Variations]"
Add component (AddParameter): Name = "SnapEDA_Link"; Value = "https://www.snapeda.com/parts/LHN974%20RED%20LED%201206/Osram/view-part/7899607/?ref=snap"; VariantName = "[No Variations]"
Add component (AddParameter): Name = "Value"; Value = ""; VariantName = "[No Variations]"
Added Component: Designator=D33(LEDC3216X120N)
Add component (AddParameter): Name = "Availability"; Value = "Not in stock"; VariantName = "[No Variations]"
Add component (AddParameter): Name = "Check_prices"; Value = "https://www.snapeda.com/parts/LHN974%20RED%20LED%201206/Osram/view-part/7899607/?ref=eda"; VariantName = "[No Variations]"
Add component (AddParameter): Name = "MF"; Value = "Osram"; VariantName = "[No Variations]"
Add component (AddParameter): Name = "MP"; Value = "LHN974 RED LED 1206"; VariantName = "[No Variations]"
Add component (AddParameter): Name = "Package"; Value = "None"; VariantName = "[No Variations]"
Add component (AddParameter): Name = "Price"; Value = "None"; VariantName = "[No Variations]"
Add component (AddParameter): Name = "SnapEDA_Link"; Value = "https://www.snapeda.com/parts/LHN974%20RED%20LED%201206/Osram/view-part/7899607/?ref=snap"; VariantName = "[No Variations]"
Add component (AddParameter): Name = "Value"; Value = ""; VariantName = "[No Variations]"
Added Pin To Net: NetName=l1 Pin=D11-POS
Added Pin To Net: NetName=l2 Pin=D12-POS
Added Pin To Net: NetName=L3 Pin=D13-POS
Added Pin To Net: NetName=L4 Pin=D14-POS
Added Pin To Net: NetName=L5 Pin=D15-POS
Added Pin To Net: NetName=L6 Pin=D16-POS
Added Pin To Net: NetName=L7 Pin=D17-POS
Added Pin To Net: NetName=l1 Pin=D18-POS
Added Pin To Net: NetName=l2 Pin=D19-POS
Added Pin To Net: NetName=L3 Pin=D20-POS
Added Pin To Net: NetName=L4 Pin=D21-POS
Added Pin To Net: NetName=L5 Pin=D22-POS
Added Pin To Net: NetName=L6 Pin=D23-POS
Added Pin To Net: NetName=L7 Pin=D24-POS
Added Pin To Net: NetName=l1 Pin=D27-POS
Added Pin To Net: NetName=l2 Pin=D28-POS
Added Pin To Net: NetName=L3 Pin=D29-POS
Added Pin To Net: NetName=L4 Pin=D30-POS
Added Pin To Net: NetName=L5 Pin=D31-POS
Added Pin To Net: NetName=L6 Pin=D32-POS
Added Pin To Net: NetName=L7 Pin=D33-POS
Change Net Name : Old Net Name=NetD11_2 New Net Name=NetD25_2
Change Net Name : Old Net Name=NetD13_1 New Net Name=NetD34_1
Added Pin To Net: NetName=R1 Pin=D27-NEG
Added Pin To Net: NetName=R1 Pin=D28-NEG
Added Pin To Net: NetName=R1 Pin=D29-NEG
Added Pin To Net: NetName=R1 Pin=D30-NEG
Added Pin To Net: NetName=R1 Pin=D31-NEG
Added Pin To Net: NetName=R1 Pin=D32-NEG
Added Pin To Net: NetName=R1 Pin=D33-NEG
Added Net: Name=R1
Added Pin To Net: NetName=R2 Pin=D18-NEG
Added Pin To Net: NetName=R2 Pin=D19-NEG
Added Pin To Net: NetName=R2 Pin=D20-NEG
Added Pin To Net: NetName=R2 Pin=D21-NEG
Added Pin To Net: NetName=R2 Pin=D22-NEG
Added Pin To Net: NetName=R2 Pin=D23-NEG
Added Pin To Net: NetName=R2 Pin=D24-NEG
Added Net: Name=R2
Added Pin To Net: NetName=R3 Pin=D11-NEG
Added Pin To Net: NetName=R3 Pin=D12-NEG
Added Pin To Net: NetName=R3 Pin=D13-NEG
Added Pin To Net: NetName=R3 Pin=D14-NEG
Added Pin To Net: NetName=R3 Pin=D15-NEG
Added Pin To Net: NetName=R3 Pin=D16-NEG
Added Pin To Net: NetName=R3 Pin=D17-NEG
Added Net: Name=R3
Added Member To Class: ClassName=clock-temp-touch Member=Component D11 LHN974_RED_LED_1206
Added Member To Class: ClassName=clock-temp-touch Member=Component D12 LHN974_RED_LED_1206
Added Member To Class: ClassName=clock-temp-touch Member=Component D13 LHN974_RED_LED_1206
Added Member To Class: ClassName=clock-temp-touch Member=Component D14 LHN974_RED_LED_1206
Added Member To Class: ClassName=clock-temp-touch Member=Component D15 LHN974_RED_LED_1206
Added Member To Class: ClassName=clock-temp-touch Member=Component D16 LHN974_RED_LED_1206
Added Member To Class: ClassName=clock-temp-touch Member=Component D17 LHN974_RED_LED_1206
Added Member To Class: ClassName=clock-temp-touch Member=Component D18 LHN974_RED_LED_1206
Added Member To Class: ClassName=clock-temp-touch Member=Component D19 LHN974_RED_LED_1206
Added Member To Class: ClassName=clock-temp-touch Member=Component D20 LHN974_RED_LED_1206
Added Member To Class: ClassName=clock-temp-touch Member=Component D21 LHN974_RED_LED_1206
Added Member To Class: ClassName=clock-temp-touch Member=Component D22 LHN974_RED_LED_1206
Added Member To Class: ClassName=clock-temp-touch Member=Component D23 LHN974_RED_LED_1206
Added Member To Class: ClassName=clock-temp-touch Member=Component D24 LHN974_RED_LED_1206
Added Member To Class: ClassName=clock-temp-touch Member=Component D25 LED2
Added Member To Class: ClassName=clock-temp-touch Member=Component D26 LED2
Added Member To Class: ClassName=clock-temp-touch Member=Component D27 LHN974_RED_LED_1206
Added Member To Class: ClassName=clock-temp-touch Member=Component D28 LHN974_RED_LED_1206
Added Member To Class: ClassName=clock-temp-touch Member=Component D29 LHN974_RED_LED_1206
Added Member To Class: ClassName=clock-temp-touch Member=Component D30 LHN974_RED_LED_1206
Added Member To Class: ClassName=clock-temp-touch Member=Component D31 LHN974_RED_LED_1206
Added Member To Class: ClassName=clock-temp-touch Member=Component D32 LHN974_RED_LED_1206
Added Member To Class: ClassName=clock-temp-touch Member=Component D33 LHN974_RED_LED_1206
Added Member To Class: ClassName=clock-temp-touch Member=Component D34 LED2
