Change Component Designator: OldDesignator=D18 NewDesignator=D20
Change Component Designator: OldDesignator=D19 NewDesignator=D21
Change Component Designator: OldDesignator=D20 NewDesignator=D22
Change Component Designator: OldDesignator=D21 NewDesignator=D23
Change Component Designator: OldDesignator=D22 NewDesignator=D24
Change Component Designator: OldDesignator=D23 NewDesignator=D25
Change Component Designator: OldDesignator=D24 NewDesignator=D26
Change Component Designator: OldDesignator=D25 NewDesignator=D18
Change Component Designator: OldDesignator=D26 NewDesignator=D19
Change Component Designator: OldDesignator=R7 NewDesignator=R8
Change Component Designator: OldDesignator=R8 NewDesignator=R9
Change Component Designator: OldDesignator=R9 NewDesignator=R10
Change Component Designator: OldDesignator=R10 NewDesignator=R11
Added Component: Designator=P2(HDR1X4)
Add component (AddParameter): Name = "LatestRevisionDate"; Value = "17-Jul-2002"; VariantName = "[No Variations]"
Add component (AddParameter): Name = "LatestRevisionNote"; Value = "Re-released for DXP Platform."; VariantName = "[No Variations]"
Add component (AddParameter): Name = "Publisher"; Value = "Altium Limited"; VariantName = "[No Variations]"
Added Component: Designator=R5(RES 1206 (3216X08L))
Add component (AddParameter): Name = "Power"; Value = "1/4 W"; VariantName = "[No Variations]"
Add component (AddParameter): Name = "Tolerance"; Value = "5%"; VariantName = "[No Variations]"
Add component (AddParameter): Name = "Value"; Value = "10K"; VariantName = "[No Variations]"
Added Component: Designator=R7(RES 1206 (3216X08L))
Add component (AddParameter): Name = "Power"; Value = "1/4 W"; VariantName = "[No Variations]"
Add component (AddParameter): Name = "Tolerance"; Value = "5%"; VariantName = "[No Variations]"
Add component (AddParameter): Name = "Value"; Value = "10K"; VariantName = "[No Variations]"
Added Pin To Net: NetName=R4 Pin=P2-1
Added Pin To Net: NetName=R3 Pin=P2-2
Added Pin To Net: NetName=R2 Pin=P2-3
Added Pin To Net: NetName=R1 Pin=P2-4
Added Pin To Net: NetName=NetD27_2 Pin=R5-1
Added Pin To Net: NetName=GND Pin=R5-2
Added Pin To Net: NetName=l2 Pin=R7-1
Added Pin To Net: NetName=l2 Pin=R7-2
Change Net Name : Old Net Name=NetR7_1 New Net Name=NetR8_1
Added Member To Class: ClassName=clock-temp-touch Member=Component P2 Header 4
Added Member To Class: ClassName=clock-temp-touch Member=Component R5 10K
Added Member To Class: ClassName=clock-temp-touch Member=Component R11 10K
