Change Component Designator: OldDesignator=D13 NewDesignator=D5
Change Component Designator: OldDesignator=D14 NewDesignator=D6
Change Component Designator: OldDesignator=D15 NewDesignator=D7
Change Component Designator: OldDesignator=D16 NewDesignator=D8
Added Component: Designator=J3(HEADER 4X1)
Added Component: Designator=J4(HDR2X2)
Add component (AddParameter): Name = "LatestRevisionDate"; Value = "17-Jul-2002"; VariantName = "[No Variations]"
Add component (AddParameter): Name = "LatestRevisionNote"; Value = "Re-released for DXP Platform."; VariantName = "[No Variations]"
Add component (AddParameter): Name = "Publisher"; Value = "Altium Limited"; VariantName = "[No Variations]"
Added Component: Designator=J5(HEADER 4X1)
Added Pin To Net: NetName=vdd Pin=J3-1
Added Pin To Net: NetName=vdd Pin=J5-1
Change Net Name : Old Net Name=NetD13_1 New Net Name=NetD5_1
Change Net Name : Old Net Name=NetD13_2 New Net Name=NetD5_2
Change Net Name : Old Net Name=NetD14_2 New Net Name=NetD6_2
Added Pin To Net: NetName=L1 Pin=J3-3
Added Pin To Net: NetName=L1 Pin=J4-2
Added Pin To Net: NetName=L1 Pin=J5-3
Added Net: Name=L1
Added Pin To Net: NetName=L2 Pin=J3-2
Added Pin To Net: NetName=L2 Pin=J4-4
Added Pin To Net: NetName=L2 Pin=J5-2
Added Net: Name=L2
Added Pin To Net: NetName=Lw Pin=J3-4
Added Pin To Net: NetName=Lw Pin=J5-4
Added Pin To Net: NetName=Lw Pin=JP2-1
Added Net: Name=Lw
Added Pin To Net: NetName=NetJ4_1 Pin=J4-1
Added Pin To Net: NetName=NetJ4_1 Pin=J4-3
Added Pin To Net: NetName=NetJ4_1 Pin=JP1-1
Added Net: Name=NetJ4_1
Change Class Name : Old Net Name=touch-24 New Net Name=touch-24-v2
Added Member To Class: ClassName=touch-24-v2 Member=Component J3 Header4X1
Added Member To Class: ClassName=touch-24-v2 Member=Component J4 Header 2X2
Added Member To Class: ClassName=touch-24-v2 Member=Component J5 Header4X1
