Change Component Designator: OldDesignator=D17 NewDesignator=D18
Change Component Designator: OldDesignator=D18 NewDesignator=D19
Change Component Designator: OldDesignator=D19 NewDesignator=D20
Change Component Designator: OldDesignator=D20 NewDesignator=D21
Added Component: Designator=D17(LED-3mm)
Add component. Clean all parameters for all variants
Add component (AddParameter): Name = "Designer"; Value = "Seyed Mohsen Ghasemian"; VariantName = "[No Variations]"
Add component (AddParameter): Name = "PackageDescription"; Value = "LED; 2 Leads"; VariantName = "[No Variations]"
Add component (AddParameter): Name = "PackageReference"; Value = "LED"; VariantName = "[No Variations]"
Add component (AddParameter): Name = "Published"; Value = "02/04/2012"; VariantName = "[No Variations]"
Add component (AddParameter): Name = "Publisher"; Value = "www.picpars.com"; VariantName = "[No Variations]"
Added Pin To Net: NetName=en Pin=D17-1
Change Net Name : Old Net Name=NetD17_1 New Net Name=NetD18_1
Change Net Name : Old Net Name=NetD18_1 New Net Name=NetD19_1
Change Net Name : Old Net Name=NetD19_2 New Net Name=NetD20_2
Change Net Name : Old Net Name=NetD20_2 New Net Name=NetD21_2
Added Pin To Net: NetName=NetD17_2 Pin=D17-2
Added Pin To Net: NetName=NetD17_2 Pin=U8-17
Added Net: Name=NetD17_2
Added Member To Class: ClassName=iotv4 Member=Component D21 LED 3mm
