Removed Pin From Net: NetName=GND Pin=P3-1
Removed Pin From Net: NetName=VDD Pin=P3-2
Removed Pin From Net: NetName=miso Pin=P3-3
Removed Pin From Net: NetName=mosi Pin=P3-4
Removed Pin From Net: NetName=sck Pin=P3-5
Removed Member From Class: ClassName=iotv4 Member=P3
Removed Member From Class: ClassName=iotv4 Member=P6
Change Component Footprint: Designator=T9 Old Footprint=Terminal 1*3 New Footprint=phoenix terminal R 3
Change Component Footprint: Designator=T10 Old Footprint=Terminal 1*3 New Footprint=phoenix terminal R 3
Change Component Footprint: Designator=T13 Old Footprint=Terminal 1*3 New Footprint=phoenix terminal R 3
Change Component Footprint: Designator=T15 Old Footprint=Terminal 1*3 New Footprint=phoenix terminal R 3
Added Component: Designator=P2(HDR1X3)
Add component. Clean all parameters for all variants
Add component (AddParameter): Name = "LatestRevisionDate"; Value = "17-Jul-2002"; VariantName = "[No Variations]"
Add component (AddParameter): Name = "LatestRevisionNote"; Value = "Re-released for DXP Platform."; VariantName = "[No Variations]"
Add component (AddParameter): Name = "Publisher"; Value = "Altium Limited"; VariantName = "[No Variations]"
Added Component: Designator=P4(HDR1X5)
Add component. Clean all parameters for all variants
Add component (AddParameter): Name = "LatestRevisionDate"; Value = "17-Jul-2002"; VariantName = "[No Variations]"
Add component (AddParameter): Name = "LatestRevisionNote"; Value = "Re-released for DXP Platform."; VariantName = "[No Variations]"
Add component (AddParameter): Name = "Publisher"; Value = "Altium Limited"; VariantName = "[No Variations]"
Added Pin To Net: NetName=out Pin=P2-1
Added Pin To Net: NetName=VDD Pin=P2-2
Added Pin To Net: NetName=GND Pin=P2-3
Added Pin To Net: NetName=ia Pin=P4-1
Added Pin To Net: NetName=ib Pin=P4-2
Added Pin To Net: NetName=ic Pin=P4-3
Added Pin To Net: NetName=VDD Pin=P4-4
Added Pin To Net: NetName=GND Pin=P4-5
Added Member To Class: ClassName=iotv4 Member=Component P2 Header 3
Added Member To Class: ClassName=iotv4 Member=Component P4 Header 5
