Removed Member From Class: ClassName=iotv4 Member=P6
Removed Member From Class: ClassName=iotv4 Member=R?
Removed Member From Class: ClassName=iotv4 Member=U?
Change Component Footprint: Designator=T1 Old Footprint=phoenix terminal R 3 New Footprint=Terminal 1*3
Change Component Footprint: Designator=T2 Old Footprint=phoenix terminal R 3 New Footprint=Terminal 1*3
Change Component Footprint: Designator=T3 Old Footprint=phoenix terminal R 3 New Footprint=Terminal 1*3
Change Component Footprint: Designator=T4 Old Footprint=phoenix terminal R 3 New Footprint=Terminal 1*3
Change Component Footprint: Designator=T5 Old Footprint=phoenix terminal R 3 New Footprint=Terminal 1*3
Change Component Footprint: Designator=T6 Old Footprint=phoenix terminal R 3 New Footprint=Terminal 1*3
Change Component Footprint: Designator=T7 Old Footprint=phoenix terminal R 3 New Footprint=Terminal 1*3
Change Component Footprint: Designator=T8 Old Footprint=phoenix terminal R 3 New Footprint=Terminal 1*3
Change Component Footprint: Designator=T11 Old Footprint=phoenix terminal R 3 New Footprint=Terminal 1*3
Change Component Footprint: Designator=T12 Old Footprint=phoenix terminal R 3 New Footprint=Terminal 1*3
Change Component Designator: OldDesignator=C? NewDesignator=C1
Change Component Designator: OldDesignator=C? NewDesignator=C2
Change Component Designator: OldDesignator=P2 NewDesignator=P1
Change Component Designator: OldDesignator=P3 NewDesignator=P2
Change Component Designator: OldDesignator=P4 NewDesignator=P5
Change Component Designator: OldDesignator=P5 NewDesignator=P3
Change Component Designator: OldDesignator=P6 NewDesignator=P4
Change Component Designator: OldDesignator=R13 NewDesignator=R14
Change Component Designator: OldDesignator=R14 NewDesignator=R15
Change Component Designator: OldDesignator=R15 NewDesignator=R16
Change Component Designator: OldDesignator=R16 NewDesignator=R17
Change Component Designator: OldDesignator=R17 NewDesignator=R18
Change Component Designator: OldDesignator=R18 NewDesignator=R19
Change Component Designator: OldDesignator=R19 NewDesignator=R20
Change Component Designator: OldDesignator=R20 NewDesignator=R21
Change Component Designator: OldDesignator=R? NewDesignator=R13
Change Component Designator: OldDesignator=U5 NewDesignator=U6
Change Component Designator: OldDesignator=U6 NewDesignator=U7
Change Component Designator: OldDesignator=U7 NewDesignator=U8
Change Component Designator: OldDesignator=U8 NewDesignator=U9
Change Component Designator: OldDesignator=U9 NewDesignator=U10
Change Component Designator: OldDesignator=U10 NewDesignator=U11
Change Component Designator: OldDesignator=U11 NewDesignator=U12
Change Component Designator: OldDesignator=U? NewDesignator=U5
Change Component Designator: OldDesignator=Y? NewDesignator=Y1
Change Component Description : Designator=T1 Old Description=Terminal 3 Pin 250VAC 16A New Description=phoenix terminal R 3
Change Component Description : Designator=T2 Old Description=Terminal 3 Pin 250VAC 16A New Description=phoenix terminal R 3
Change Component Description : Designator=T3 Old Description=Terminal 3 Pin 250VAC 16A New Description=phoenix terminal R 3
Change Component Description : Designator=T4 Old Description=Terminal 3 Pin 250VAC 16A New Description=phoenix terminal R 3
Change Component Description : Designator=T5 Old Description=Terminal 3 Pin 250VAC 16A New Description=phoenix terminal R 3
Change Component Description : Designator=T6 Old Description=Terminal 3 Pin 250VAC 16A New Description=phoenix terminal R 3
Change Component Description : Designator=T7 Old Description=Terminal 3 Pin 250VAC 16A New Description=phoenix terminal R 3
Change Component Description : Designator=T8 Old Description=Terminal 3 Pin 250VAC 16A New Description=phoenix terminal R 3
Change Component Description : Designator=T11 Old Description=Terminal 3 Pin 250VAC 16A New Description=phoenix terminal R 3
Change Component Description : Designator=T12 Old Description=Terminal 3 Pin 250VAC 16A New Description=phoenix terminal R 3
Added Component: Designator=C3(CAP-30)
Add component. Clean all parameters for all variants
Change Net Name : Old Net Name=NetC?_2 New Net Name=NetC2_2
Change Net Name : Old Net Name=NetR15_2 New Net Name=NetR16_2
Change Net Name : Old Net Name=NetR16_2 New Net Name=NetR17_2
Change Net Name : Old Net Name=NetR19_2 New Net Name=NetR20_2
Change Net Name : Old Net Name=NetR20_2 New Net Name=NetR21_2
Change Net Name : Old Net Name=NetR?_1 New Net Name=NetR13_1
Added Pin To Net: NetName=NetC1_2 Pin=C1-2
Added Pin To Net: NetName=NetC1_2 Pin=U5-7
Added Pin To Net: NetName=NetC1_2 Pin=Y1-2
Added Net: Name=NetC1_2
Added Member To Class: ClassName=iotv4 Member=Component C1 Value
Added Member To Class: ClassName=iotv4 Member=Component C3 Value
Added Member To Class: ClassName=iotv4 Member=Component P5 Header 10
Added Member To Class: ClassName=iotv4 Member=Component R21 Res2
Added Member To Class: ClassName=iotv4 Member=Component U12 L4931CV30
