Removed Pin From Net: NetName=VCC Pin=K1-4
Removed Pin From Net: NetName=NetD1_1 Pin=K1-5
Removed Pin From Net: NetName=VCC Pin=K2-4
Removed Pin From Net: NetName=NetD3_1 Pin=K2-5
Removed Pin From Net: NetName=VCC Pin=K3-4
Removed Pin From Net: NetName=NetD5_1 Pin=K3-5
Removed Pin From Net: NetName=VCC Pin=K4-4
Removed Pin From Net: NetName=NetD7_1 Pin=K4-5
Removed Pin From Net: NetName=VCC Pin=K5-4
Removed Pin From Net: NetName=NetD9_1 Pin=K5-5
Removed Pin From Net: NetName=VCC Pin=K6-4
Removed Pin From Net: NetName=NetD11_1 Pin=K6-5
Removed Pin From Net: NetName=VCC Pin=K7-4
Removed Pin From Net: NetName=NetD13_1 Pin=K7-5
Removed Pin From Net: NetName=VCC Pin=K8-4
Removed Pin From Net: NetName=NetD14_1 Pin=K8-5
Removed Pin From Net: NetName=NetD11_1 Pin=U13-1
Added Pin To Net: NetName=NetD1_1 Pin=K1-4
Added Pin To Net: NetName=VCC Pin=K1-5
Added Pin To Net: NetName=NetD3_1 Pin=K2-4
Added Pin To Net: NetName=VCC Pin=K2-5
Added Pin To Net: NetName=NetD5_1 Pin=K3-4
Added Pin To Net: NetName=VCC Pin=K3-5
Added Pin To Net: NetName=NetD7_1 Pin=K4-4
Added Pin To Net: NetName=VCC Pin=K4-5
Added Pin To Net: NetName=NetD9_1 Pin=K5-4
Added Pin To Net: NetName=VCC Pin=K5-5
Added Pin To Net: NetName=NetD11_1 Pin=K6-4
Added Pin To Net: NetName=VCC Pin=K6-5
Added Pin To Net: NetName=NetD13_1 Pin=K7-4
Added Pin To Net: NetName=VCC Pin=K7-5
Added Pin To Net: NetName=NetD14_1 Pin=K8-4
Added Pin To Net: NetName=VCC Pin=K8-5
