Change Component Designator: OldDesignator=J3 NewDesignator=J5
Added Component: Designator=J3(HEADER 6X1)
Add component. Clean all parameters for all variants
Added Component: Designator=J4(HEADER 6X1)
Add component. Clean all parameters for all variants
Added Pin To Net: NetName=en Pin=J3-2
Added Pin To Net: NetName=rx2 Pin=J3-4
Added Pin To Net: NetName=rx Pin=J3-5
Added Pin To Net: NetName=GND Pin=J3-6
Added Pin To Net: NetName=dtr Pin=J4-2
Added Net: Name=dtr
Added Pin To Net: NetName=micn Pin=J4-4
Added Net: Name=micn
Added Pin To Net: NetName=micp Pin=J4-3
Added Net: Name=micp
Added Pin To Net: NetName=net Pin=J3-1
Added Net: Name=net
Added Pin To Net: NetName=ring Pin=J4-1
Added Net: Name=ring
Added Pin To Net: NetName=rstsim Pin=J3-3
Added Net: Name=rstsim
Added Pin To Net: NetName=spkn Pin=J4-6
Added Net: Name=spkn
Added Pin To Net: NetName=spkp Pin=J4-5
Added Net: Name=spkp
Added Member To Class: ClassName=iotv4 Member=Component J4 Header6X1
Added Member To Class: ClassName=iotv4 Member=Component J5 Header4X1
