Change Component Designator: OldDesignator=D3 NewDesignator=D6
Change Component Designator: OldDesignator=D4 NewDesignator=D7
Change Component Designator: OldDesignator=D5 NewDesignator=D12
Change Component Designator: OldDesignator=D6 NewDesignator=D13
Change Component Designator: OldDesignator=D7 NewDesignator=D18
Change Component Designator: OldDesignator=D8 NewDesignator=D19
Change Component Designator: OldDesignator=D9 NewDesignator=D20
Change Component Designator: OldDesignator=D10 NewDesignator=D21
Change Component Designator: OldDesignator=D11 NewDesignator=D26
Change Component Designator: OldDesignator=D12 NewDesignator=D27
Change Component Designator: OldDesignator=D13 NewDesignator=D31
Change Component Designator: OldDesignator=D14 NewDesignator=D32
Change Component Designator: OldDesignator=D15 NewDesignator=D33
Change Component Designator: OldDesignator=D16 NewDesignator=D34
Change Component Designator: OldDesignator=D17 NewDesignator=D35
Change Component Designator: OldDesignator=D18 NewDesignator=D36
Change Component Designator: OldDesignator=D19 NewDesignator=D37
Change Component Designator: OldDesignator=D20 NewDesignator=D38
Change Component Designator: OldDesignator=R2 NewDesignator=R3
Change Component Designator: OldDesignator=R3 NewDesignator=R5
Change Component Designator: OldDesignator=R4 NewDesignator=R7
Change Component Designator: OldDesignator=R5 NewDesignator=R9
Change Component Designator: OldDesignator=R6 NewDesignator=R10
Change Component Designator: OldDesignator=R7 NewDesignator=R12
Change Component Designator: OldDesignator=R8 NewDesignator=R13
Change Component Designator: OldDesignator=R9 NewDesignator=R14
Added Component: Designator=D3(RES 0805 (2012X06L))
Add component (AddParameter): Name = "COLOR"; Value = "RED"; VariantName = "[No Variations]"
Added Component: Designator=D4(RES 0805 (2012X06L))
Add component (AddParameter): Name = "COLOR"; Value = "RED"; VariantName = "[No Variations]"
Added Component: Designator=D5(RES 0805 (2012X06L))
Add component (AddParameter): Name = "COLOR"; Value = "RED"; VariantName = "[No Variations]"
Added Component: Designator=D8(3.2X1.6X1.1)
Add component (AddParameter): Name = "LatestRevisionDate"; Value = "17-Jul-2002"; VariantName = "[No Variations]"
Add component (AddParameter): Name = "LatestRevisionNote"; Value = "Re-released for DXP Platform."; VariantName = "[No Variations]"
Add component (AddParameter): Name = "PackageDescription"; Value = "SM LED; 2 Flat Leads"; VariantName = "[No Variations]"
Add component (AddParameter): Name = "PackageReference"; Value = "3.2X1.6X1.1"; VariantName = "[No Variations]"
Add component (AddParameter): Name = "PackageVersion"; Value = "Feb-2002"; VariantName = "[No Variations]"
Add component (AddParameter): Name = "Published"; Value = "8-Jun-2000"; VariantName = "[No Variations]"
Add component (AddParameter): Name = "Publisher"; Value = "Altium Limited"; VariantName = "[No Variations]"
Added Component: Designator=D9(RES 0805 (2012X06L))
Add component (AddParameter): Name = "COLOR"; Value = "RED"; VariantName = "[No Variations]"
Added Component: Designator=D10(RES 0805 (2012X06L))
Add component (AddParameter): Name = "COLOR"; Value = "RED"; VariantName = "[No Variations]"
Added Component: Designator=D11(RES 0805 (2012X06L))
Add component (AddParameter): Name = "COLOR"; Value = "RED"; VariantName = "[No Variations]"
Added Component: Designator=D14(RES 0805 (2012X06L))
Add component (AddParameter): Name = "COLOR"; Value = "RED"; VariantName = "[No Variations]"
Added Component: Designator=D15(RES 0805 (2012X06L))
Add component (AddParameter): Name = "COLOR"; Value = "RED"; VariantName = "[No Variations]"
Added Component: Designator=D16(RES 0805 (2012X06L))
Add component (AddParameter): Name = "COLOR"; Value = "RED"; VariantName = "[No Variations]"
Added Component: Designator=D17(RES 0805 (2012X06L))
Add component (AddParameter): Name = "COLOR"; Value = "RED"; VariantName = "[No Variations]"
Added Component: Designator=D22(RES 0805 (2012X06L))
Add component (AddParameter): Name = "COLOR"; Value = "RED"; VariantName = "[No Variations]"
Added Component: Designator=D23(RES 0805 (2012X06L))
Add component (AddParameter): Name = "COLOR"; Value = "RED"; VariantName = "[No Variations]"
Added Component: Designator=D24(RES 0805 (2012X06L))
Add component (AddParameter): Name = "COLOR"; Value = "RED"; VariantName = "[No Variations]"
Added Component: Designator=D25(3.2X1.6X1.1)
Add component (AddParameter): Name = "LatestRevisionDate"; Value = "17-Jul-2002"; VariantName = "[No Variations]"
Add component (AddParameter): Name = "LatestRevisionNote"; Value = "Re-released for DXP Platform."; VariantName = "[No Variations]"
Add component (AddParameter): Name = "PackageDescription"; Value = "SM LED; 2 Flat Leads"; VariantName = "[No Variations]"
Add component (AddParameter): Name = "PackageReference"; Value = "3.2X1.6X1.1"; VariantName = "[No Variations]"
Add component (AddParameter): Name = "PackageVersion"; Value = "Feb-2002"; VariantName = "[No Variations]"
Add component (AddParameter): Name = "Published"; Value = "8-Jun-2000"; VariantName = "[No Variations]"
Add component (AddParameter): Name = "Publisher"; Value = "Altium Limited"; VariantName = "[No Variations]"
Added Component: Designator=D28(RES 0805 (2012X06L))
Add component (AddParameter): Name = "COLOR"; Value = "RED"; VariantName = "[No Variations]"
Added Component: Designator=D29(RES 0805 (2012X06L))
Add component (AddParameter): Name = "COLOR"; Value = "RED"; VariantName = "[No Variations]"
Added Component: Designator=D30(RES 0805 (2012X06L))
Add component (AddParameter): Name = "COLOR"; Value = "RED"; VariantName = "[No Variations]"
Added Component: Designator=R2(RES 1206 (3216X08L))
Add component (AddParameter): Name = "Power"; Value = "1/4 W"; VariantName = "[No Variations]"
Add component (AddParameter): Name = "Tolerance"; Value = "5%"; VariantName = "[No Variations]"
Add component (AddParameter): Name = "Value"; Value = "10K"; VariantName = "[No Variations]"
Added Component: Designator=R4(RES 1206 (3216X08L))
Add component (AddParameter): Name = "Power"; Value = "1/4 W"; VariantName = "[No Variations]"
Add component (AddParameter): Name = "Tolerance"; Value = "5%"; VariantName = "[No Variations]"
Add component (AddParameter): Name = "Value"; Value = "10K"; VariantName = "[No Variations]"
Added Component: Designator=R6(RES 1206 (3216X08L))
Add component (AddParameter): Name = "Power"; Value = "1/4 W"; VariantName = "[No Variations]"
Add component (AddParameter): Name = "Tolerance"; Value = "5%"; VariantName = "[No Variations]"
Add component (AddParameter): Name = "Value"; Value = "10K"; VariantName = "[No Variations]"
Added Component: Designator=R8(RES 1206 (3216X08L))
Add component (AddParameter): Name = "Power"; Value = "1/4 W"; VariantName = "[No Variations]"
Add component (AddParameter): Name = "Tolerance"; Value = "5%"; VariantName = "[No Variations]"
Add component (AddParameter): Name = "Value"; Value = "10K"; VariantName = "[No Variations]"
Added Component: Designator=R11(RES 1206 (3216X08L))
Add component (AddParameter): Name = "Power"; Value = "1/4 W"; VariantName = "[No Variations]"
Add component (AddParameter): Name = "Tolerance"; Value = "5%"; VariantName = "[No Variations]"
Add component (AddParameter): Name = "Value"; Value = "10K"; VariantName = "[No Variations]"
Added Pin To Net: NetName=VCC Pin=D5-1
Added Pin To Net: NetName=DN Pin=D8-2
Added Pin To Net: NetName=VCC Pin=D11-1
Added Pin To Net: NetName=VCC Pin=D17-1
Added Pin To Net: NetName=VCC Pin=D24-1
Added Pin To Net: NetName=UP Pin=D25-2
Added Pin To Net: NetName=VCC Pin=D30-1
Added Pin To Net: NetName=DN Pin=R2-1
Added Pin To Net: NetName=DN Pin=R4-1
Added Pin To Net: NetName=UP Pin=R8-1
Added Pin To Net: NetName=UP Pin=R11-1
Change Net Name : Old Net Name=NetD3_2 New Net Name=NetD6_2
Change Net Name : Old Net Name=NetD4_2 New Net Name=NetD7_2
Change Net Name : Old Net Name=NetD5_2 New Net Name=NetD12_2
Change Net Name : Old Net Name=NetD6_2 New Net Name=NetD13_2
Change Net Name : Old Net Name=NetD7_2 New Net Name=NetD18_2
Change Net Name : Old Net Name=NetD8_2 New Net Name=NetD19_2
Change Net Name : Old Net Name=NetD9_2 New Net Name=NetD20_2
Change Net Name : Old Net Name=NetD10_2 New Net Name=NetD21_2
Change Net Name : Old Net Name=NetD11_2 New Net Name=NetD26_2
Change Net Name : Old Net Name=NetD12_2 New Net Name=NetD27_2
Change Net Name : Old Net Name=NetD13_2 New Net Name=NetD31_2
Change Net Name : Old Net Name=NetD14_2 New Net Name=NetD32_2
Change Net Name : Old Net Name=NetD15_2 New Net Name=NetD33_2
Change Net Name : Old Net Name=NetD16_2 New Net Name=NetD34_2
Change Net Name : Old Net Name=NetD17_2 New Net Name=NetD35_2
Change Net Name : Old Net Name=NetD18_2 New Net Name=NetD36_2
Change Net Name : Old Net Name=NetD19_2 New Net Name=NetD37_2
Change Net Name : Old Net Name=NetD20_2 New Net Name=NetD38_2
Added Pin To Net: NetName=NetD3_1 Pin=D3-1
Added Pin To Net: NetName=NetD3_1 Pin=D4-2
Added Net: Name=NetD3_1
Added Pin To Net: NetName=NetD3_2 Pin=D3-2
Added Pin To Net: NetName=NetD3_2 Pin=R2-2
Added Net: Name=NetD3_2
Added Pin To Net: NetName=NetD4_1 Pin=D4-1
Added Pin To Net: NetName=NetD4_1 Pin=D5-2
Added Net: Name=NetD4_1
Added Pin To Net: NetName=NetD8_1 Pin=D8-1
Added Pin To Net: NetName=NetD8_1 Pin=D25-1
Added Pin To Net: NetName=NetD8_1 Pin=R6-1
Added Net: Name=NetD8_1
Added Pin To Net: NetName=NetD9_1 Pin=D9-1
Added Pin To Net: NetName=NetD9_1 Pin=D10-2
Added Net: Name=NetD9_1
Added Pin To Net: NetName=NetD9_2 Pin=D9-2
Added Pin To Net: NetName=NetD9_2 Pin=R4-2
Added Net: Name=NetD9_2
Added Pin To Net: NetName=NetD10_1 Pin=D10-1
Added Pin To Net: NetName=NetD10_1 Pin=D11-2
Added Net: Name=NetD10_1
Added Pin To Net: NetName=NetD14_1 Pin=D14-1
Added Pin To Net: NetName=NetD14_1 Pin=D15-2
Added Net: Name=NetD14_1
Added Pin To Net: NetName=NetD14_2 Pin=D14-2
Added Pin To Net: NetName=NetD14_2 Pin=R6-2
Added Net: Name=NetD14_2
Added Pin To Net: NetName=NetD15_1 Pin=D15-1
Added Pin To Net: NetName=NetD15_1 Pin=D16-2
Added Net: Name=NetD15_1
Added Pin To Net: NetName=NetD16_1 Pin=D16-1
Added Pin To Net: NetName=NetD16_1 Pin=D17-2
Added Net: Name=NetD16_1
Added Pin To Net: NetName=NetD22_1 Pin=D22-1
Added Pin To Net: NetName=NetD22_1 Pin=D23-2
Added Net: Name=NetD22_1
Added Pin To Net: NetName=NetD22_2 Pin=D22-2
Added Pin To Net: NetName=NetD22_2 Pin=R8-2
Added Net: Name=NetD22_2
Added Pin To Net: NetName=NetD23_1 Pin=D23-1
Added Pin To Net: NetName=NetD23_1 Pin=D24-2
Added Net: Name=NetD23_1
Added Pin To Net: NetName=NetD28_1 Pin=D28-1
Added Pin To Net: NetName=NetD28_1 Pin=D29-2
Added Net: Name=NetD28_1
Added Pin To Net: NetName=NetD28_2 Pin=D28-2
Added Pin To Net: NetName=NetD28_2 Pin=R11-2
Added Net: Name=NetD28_2
Added Pin To Net: NetName=NetD29_1 Pin=D29-1
Added Pin To Net: NetName=NetD29_1 Pin=D30-2
Added Net: Name=NetD29_1
Added Member To Class: ClassName=segment1 Member=Component D21 MODEL
Added Member To Class: ClassName=segment1 Member=Component D22 MODEL
Added Member To Class: ClassName=segment1 Member=Component D23 MODEL
Added Member To Class: ClassName=segment1 Member=Component D24 MODEL
Added Member To Class: ClassName=segment1 Member=Component D25 D Tunnel1
Added Member To Class: ClassName=segment1 Member=Component D26 MODEL
Added Member To Class: ClassName=segment1 Member=Component D27 MODEL
Added Member To Class: ClassName=segment1 Member=Component D28 MODEL
Added Member To Class: ClassName=segment1 Member=Component D29 MODEL
Added Member To Class: ClassName=segment1 Member=Component D30 MODEL
Added Member To Class: ClassName=segment1 Member=Component D31 MODEL
Added Member To Class: ClassName=segment1 Member=Component D32 MODEL
Added Member To Class: ClassName=segment1 Member=Component D33 MODEL
Added Member To Class: ClassName=segment1 Member=Component D34 MODEL
Added Member To Class: ClassName=segment1 Member=Component D35 MODEL
Added Member To Class: ClassName=segment1 Member=Component D36 MODEL
Added Member To Class: ClassName=segment1 Member=Component D37 MODEL
Added Member To Class: ClassName=segment1 Member=Component D38 MODEL
Added Member To Class: ClassName=segment1 Member=Component R10 10K
Added Member To Class: ClassName=segment1 Member=Component R11 10K
Added Member To Class: ClassName=segment1 Member=Component R12 10K
Added Member To Class: ClassName=segment1 Member=Component R13 10K
Added Member To Class: ClassName=segment1 Member=Component R14 10K
