Change Component Designator: OldDesignator=D1 NewDesignator=D5
Change Component Designator: OldDesignator=D2 NewDesignator=D6
Change Component Designator: OldDesignator=D3 NewDesignator=D7
Change Component Designator: OldDesignator=D4 NewDesignator=D8
Change Component Designator: OldDesignator=D5 NewDesignator=D9
Change Component Designator: OldDesignator=D6 NewDesignator=D10
Change Component Designator: OldDesignator=D7 NewDesignator=D11
Change Component Designator: OldDesignator=D8 NewDesignator=D12
Change Component Designator: OldDesignator=D9 NewDesignator=D13
Change Component Designator: OldDesignator=D10 NewDesignator=D14
Change Component Designator: OldDesignator=D11 NewDesignator=D15
Change Component Designator: OldDesignator=D12 NewDesignator=D16
Change Component Designator: OldDesignator=D13 NewDesignator=D17
Change Component Designator: OldDesignator=D14 NewDesignator=D18
Change Component Designator: OldDesignator=D15 NewDesignator=D19
Change Component Designator: OldDesignator=D16 NewDesignator=D20
Change Component Designator: OldDesignator=D17 NewDesignator=D21
Change Component Designator: OldDesignator=D18 NewDesignator=D22
Change Component Designator: OldDesignator=D19 NewDesignator=D23
Change Component Designator: OldDesignator=D20 NewDesignator=D24
Change Component Designator: OldDesignator=D21 NewDesignator=D25
Change Component Designator: OldDesignator=D22 NewDesignator=D26
Change Component Designator: OldDesignator=D23 NewDesignator=D27
Change Component Designator: OldDesignator=D24 NewDesignator=D28
Change Component Designator: OldDesignator=D25 NewDesignator=D29
Change Component Designator: OldDesignator=D26 NewDesignator=D30
Change Component Designator: OldDesignator=D27 NewDesignator=D31
Change Component Designator: OldDesignator=D28 NewDesignator=D32
Change Component Designator: OldDesignator=D29 NewDesignator=D33
Change Component Designator: OldDesignator=D30 NewDesignator=D34
Change Component Designator: OldDesignator=D31 NewDesignator=D35
Change Component Designator: OldDesignator=D32 NewDesignator=D36
Change Component Designator: OldDesignator=D33 NewDesignator=D37
Change Component Designator: OldDesignator=D34 NewDesignator=D38
Change Component Designator: OldDesignator=D35 NewDesignator=D39
Change Component Designator: OldDesignator=D36 NewDesignator=D40
Change Component Designator: OldDesignator=D37 NewDesignator=D41
Change Component Designator: OldDesignator=D38 NewDesignator=D42
Change Component Designator: OldDesignator=D39 NewDesignator=D43
Change Component Designator: OldDesignator=P1 NewDesignator=P2
Change Component Designator: OldDesignator=R1 NewDesignator=R2
Change Component Designator: OldDesignator=R2 NewDesignator=R3
Change Component Designator: OldDesignator=R3 NewDesignator=R4
Change Component Designator: OldDesignator=R4 NewDesignator=R5
Change Component Designator: OldDesignator=R5 NewDesignator=R6
Change Component Designator: OldDesignator=R6 NewDesignator=R7
Change Component Designator: OldDesignator=R7 NewDesignator=R8
Change Component Designator: OldDesignator=R8 NewDesignator=R9
Change Component Designator: OldDesignator=R9 NewDesignator=R10
Change Component Designator: OldDesignator=R10 NewDesignator=R11
Change Component Designator: OldDesignator=R11 NewDesignator=R12
Change Component Designator: OldDesignator=R12 NewDesignator=R13
Change Component Designator: OldDesignator=R13 NewDesignator=R14
Change Component Designator: OldDesignator=R14 NewDesignator=R15
Added Component: Designator=D1(RES 0805 (2012X06L))
Add component (AddParameter): Name = "COLOR"; Value = "RED"; VariantName = "[No Variations]"
Added Component: Designator=D2(RES 0805 (2012X06L))
Add component (AddParameter): Name = "COLOR"; Value = "RED"; VariantName = "[No Variations]"
Added Component: Designator=D3(RES 0805 (2012X06L))
Add component (AddParameter): Name = "COLOR"; Value = "RED"; VariantName = "[No Variations]"
Added Component: Designator=D4(RES 0805 (2012X06L))
Add component (AddParameter): Name = "COLOR"; Value = "RED"; VariantName = "[No Variations]"
Added Component: Designator=P1(HDR1X4)
Add component (AddParameter): Name = "LatestRevisionDate"; Value = "17-Jul-2002"; VariantName = "[No Variations]"
Add component (AddParameter): Name = "LatestRevisionNote"; Value = "Re-released for DXP Platform."; VariantName = "[No Variations]"
Add component (AddParameter): Name = "Publisher"; Value = "Altium Limited"; VariantName = "[No Variations]"
Added Component: Designator=R1(RES 1206 (3216X08L))
Add component (AddParameter): Name = "Power"; Value = "1/4 W"; VariantName = "[No Variations]"
Add component (AddParameter): Name = "Tolerance"; Value = "5%"; VariantName = "[No Variations]"
Add component (AddParameter): Name = "Value"; Value = "10K"; VariantName = "[No Variations]"
Added Component: Designator=S1(PUSH BUTTON)
Change Net Name : Old Net Name=NetD1_2 New Net Name=NetD5_2
Change Net Name : Old Net Name=NetD2_2 New Net Name=NetD6_2
Change Net Name : Old Net Name=NetD3_1 New Net Name=NetD7_1
Change Net Name : Old Net Name=NetD3_2 New Net Name=NetD7_2
Change Net Name : Old Net Name=NetD4_1 New Net Name=NetD8_1
Change Net Name : Old Net Name=NetD7_2 New Net Name=NetD11_2
Change Net Name : Old Net Name=NetD8_2 New Net Name=NetD12_2
Change Net Name : Old Net Name=NetD9_1 New Net Name=NetD13_1
Change Net Name : Old Net Name=NetD10_1 New Net Name=NetD14_1
Change Net Name : Old Net Name=NetD10_2 New Net Name=NetD14_2
Change Net Name : Old Net Name=NetD11_1 New Net Name=NetD15_1
Change Net Name : Old Net Name=NetD13_2 New Net Name=NetD17_2
Change Net Name : Old Net Name=NetD14_2 New Net Name=NetD18_2
Change Net Name : Old Net Name=NetD15_1 New Net Name=NetD19_1
Change Net Name : Old Net Name=NetD15_2 New Net Name=NetD19_2
Change Net Name : Old Net Name=NetD16_1 New Net Name=NetD20_1
Change Net Name : Old Net Name=NetD17_1 New Net Name=NetD21_1
Change Net Name : Old Net Name=NetD19_2 New Net Name=NetD23_2
Change Net Name : Old Net Name=NetD20_2 New Net Name=NetD24_2
Change Net Name : Old Net Name=NetD21_2 New Net Name=NetD25_2
Change Net Name : Old Net Name=NetD22_2 New Net Name=NetD26_2
Change Net Name : Old Net Name=NetD23_1 New Net Name=NetD27_1
Change Net Name : Old Net Name=NetD23_2 New Net Name=NetD27_2
Change Net Name : Old Net Name=NetD24_1 New Net Name=NetD28_1
Change Net Name : Old Net Name=NetD27_2 New Net Name=NetD31_2
Change Net Name : Old Net Name=NetD28_2 New Net Name=NetD32_2
Change Net Name : Old Net Name=NetD29_1 New Net Name=NetD33_1
Change Net Name : Old Net Name=NetD29_2 New Net Name=NetD33_2
Change Net Name : Old Net Name=NetD30_1 New Net Name=NetD34_1
Change Net Name : Old Net Name=NetD32_2 New Net Name=NetD36_2
Change Net Name : Old Net Name=NetD33_2 New Net Name=NetD37_2
Change Net Name : Old Net Name=NetD34_2 New Net Name=NetD38_2
Change Net Name : Old Net Name=NetD35_2 New Net Name=NetD39_2
Change Net Name : Old Net Name=NetD36_2 New Net Name=NetD40_2
Change Net Name : Old Net Name=NetD37_2 New Net Name=NetD41_2
Change Net Name : Old Net Name=NetD38_2 New Net Name=NetD42_2
Change Net Name : Old Net Name=NetD39_2 New Net Name=NetD43_2
Added Pin To Net: NetName=NetD1_1 Pin=D1-1
Added Pin To Net: NetName=NetD1_1 Pin=D2-2
Added Net: Name=NetD1_1
Added Pin To Net: NetName=NetD1_2 Pin=D1-2
Added Pin To Net: NetName=NetD1_2 Pin=R1-2
Added Net: Name=NetD1_2
Added Pin To Net: NetName=NetD2_1 Pin=D2-1
Added Pin To Net: NetName=NetD2_1 Pin=P1-1
Added Net: Name=NetD2_1
Added Pin To Net: NetName=NetD3_1 Pin=D3-1
Added Pin To Net: NetName=NetD3_1 Pin=R1-1
Added Net: Name=NetD3_1
Added Pin To Net: NetName=NetD3_2 Pin=D3-2
Added Pin To Net: NetName=NetD3_2 Pin=D4-1
Added Net: Name=NetD3_2
Added Pin To Net: NetName=NetD4_2 Pin=D4-2
Added Pin To Net: NetName=NetD4_2 Pin=P1-4
Added Net: Name=NetD4_2
Added Pin To Net: NetName=NetP1_2 Pin=P1-2
Added Pin To Net: NetName=NetP1_2 Pin=S1-2
Added Net: Name=NetP1_2
Added Pin To Net: NetName=NetP1_3 Pin=P1-3
Added Pin To Net: NetName=NetP1_3 Pin=S1-4
Added Net: Name=NetP1_3
Added Member To Class: ClassName=segment1 Member=Component D6 MODEL
Added Member To Class: ClassName=segment1 Member=Component D7 MODEL
Added Member To Class: ClassName=segment1 Member=Component D9 MODEL
Added Member To Class: ClassName=segment1 Member=Component D10 D Tunnel1
Added Member To Class: ClassName=segment1 Member=Component D12 MODEL
Added Member To Class: ClassName=segment1 Member=Component D13 D Tunnel1
Added Member To Class: ClassName=segment1 Member=Component D16 MODEL
Added Member To Class: ClassName=segment1 Member=Component D17 MODEL
Added Member To Class: ClassName=segment1 Member=Component D19 MODEL
Added Member To Class: ClassName=segment1 Member=Component D20 MODEL
Added Member To Class: ClassName=segment1 Member=Component D21 MODEL
Added Member To Class: ClassName=segment1 Member=Component D24 MODEL
Added Member To Class: ClassName=segment1 Member=Component D26 MODEL
Added Member To Class: ClassName=segment1 Member=Component D27 MODEL
Added Member To Class: ClassName=segment1 Member=Component D28 MODEL
Added Member To Class: ClassName=segment1 Member=Component D29 MODEL
Added Member To Class: ClassName=segment1 Member=Component D32 MODEL
Added Member To Class: ClassName=segment1 Member=Component D33 MODEL
Added Member To Class: ClassName=segment1 Member=Component D35 MODEL
Added Member To Class: ClassName=segment1 Member=Component D37 MODEL
Added Member To Class: ClassName=segment1 Member=Component D38 MODEL
Added Member To Class: ClassName=segment1 Member=Component D40 MODEL
Added Member To Class: ClassName=segment1 Member=Component D41 MODEL
Added Member To Class: ClassName=segment1 Member=Component D42 MODEL
Added Member To Class: ClassName=segment1 Member=Component D43 MODEL
Added Member To Class: ClassName=segment1 Member=Component P2 Header 12
Added Member To Class: ClassName=segment1 Member=Component R15 10K
Added Member To Class: ClassName=segment1 Member=Component S1 PUSH BUTTON DOUBLE
