Change Component Designator: OldDesignator=T2 NewDesignator=T4
Added Component: Designator=MOC1-1(DIP-6)
Add component (AddParameter): Name = "Designer"; Value = "Seyed Mohsen Ghasemian"; VariantName = "[No Variations]"
Add component (AddParameter): Name = "E-mail"; Value = "picpars@gmail.com"; VariantName = "[No Variations]"
Add component (AddParameter): Name = "LatestRevisionDate"; Value = "17-11-2011"; VariantName = "[No Variations]"
Add component (AddParameter): Name = "Published"; Value = "17-11-2011"; VariantName = "[No Variations]"
Add component (AddParameter): Name = "Publisher"; Value = "www.picpars.com"; VariantName = "[No Variations]"
Add component (AddParameter): Name = "WEB"; Value = "www.picpars.com"; VariantName = "[No Variations]"
Added Component: Designator=Q1-1(SOT32)
Added Component: Designator=R1-1(Res50)
Add component (AddParameter): Name = "LatestRevisionDate"; Value = "17-Jul-2002"; VariantName = "[No Variations]"
Add component (AddParameter): Name = "LatestRevisionNote"; Value = "Re-released for DXP Platform."; VariantName = "[No Variations]"
Add component (AddParameter): Name = "PackageDescription"; Value = "Axial Device, Thru-Hole; 2 Leads; 0.4 in Pin Spacing"; VariantName = "[No Variations]"
Add component (AddParameter): Name = "PackageReference"; Value = "AXIAL-0.4"; VariantName = "[No Variations]"
Add component (AddParameter): Name = "Published"; Value = "8-Jun-2000"; VariantName = "[No Variations]"
Add component (AddParameter): Name = "Publisher"; Value = "Altium Limited"; VariantName = "[No Variations]"
Added Component: Designator=R2-1(RES 1206 (3216X08L))
Add component (AddParameter): Name = "Power"; Value = "1/4 W"; VariantName = "[No Variations]"
Add component (AddParameter): Name = "Tolerance"; Value = "5%"; VariantName = "[No Variations]"
Add component (AddParameter): Name = "Value"; Value = "10K"; VariantName = "[No Variations]"
Added Component: Designator=T1-1(phoenix terminal 2)
Add component (AddParameter): Name = "ComponentLinkURL"; Value = "www.picpars.com"; VariantName = "[No Variations]"
Add component (AddParameter): Name = "Designer"; Value = "Seyed Mohsen Ghasemain"; VariantName = "[No Variations]"
Add component (AddParameter): Name = "E-mail"; Value = "picpars@gmail.com"; VariantName = "[No Variations]"
Added Pin To Net: NetName=GND Pin=MOC1-1-2
Added Pin To Net: NetName=NetMOC1-1_1 Pin=MOC1-1-1
Added Pin To Net: NetName=NetMOC1-1_1 Pin=R2-1-2
Added Net: Name=NetMOC1-1_1
Added Pin To Net: NetName=NetMOC1-1_4 Pin=MOC1-1-4
Added Pin To Net: NetName=NetMOC1-1_4 Pin=R1-1-1
Added Net: Name=NetMOC1-1_4
Added Pin To Net: NetName=NetMOC1-1_6 Pin=MOC1-1-6
Added Pin To Net: NetName=NetMOC1-1_6 Pin=Q1-1-3
Added Net: Name=NetMOC1-1_6
Added Pin To Net: NetName=NetQ1-1_1 Pin=Q1-1-1
Added Pin To Net: NetName=NetQ1-1_1 Pin=T1-1-2
Added Net: Name=NetQ1-1_1
Added Pin To Net: NetName=NetQ1-1_2 Pin=Q1-1-2
Added Pin To Net: NetName=NetQ1-1_2 Pin=R1-1-2
Added Pin To Net: NetName=NetQ1-1_2 Pin=T1-1-1
Added Net: Name=NetQ1-1_2
Added Member To Class: ClassName=smart home2 Member=Component MOC1-1 MOC3021-3
Added Member To Class: ClassName=smart home2 Member=Component Q1-1 MODEL
Added Member To Class: ClassName=smart home2 Member=Component R1-1 Res2
Added Member To Class: ClassName=smart home2 Member=Component R2-1 10K
Added Member To Class: ClassName=smart home2 Member=Component T1-1 Phoenix terminal
Added Member To Class: ClassName=smart home2 Member=Component T4 Phoenix terminal
