Change Component Designator: OldDesignator=MOC2_1 NewDesignator=MOC3
Change Component Designator: OldDesignator=Q2_1 NewDesignator=Q3
Change Component Designator: OldDesignator=R3_1 NewDesignator=R5
Change Component Designator: OldDesignator=R4_1 NewDesignator=R6
Change Component Designator: OldDesignator=T2_1 NewDesignator=T3
Change Component Designator: OldDesignator=T3 NewDesignator=T4
Added Pin To Net: NetName=GND Pin=MOC3-2
Added Pin To Net: NetName=NetMOC3_1 Pin=MOC3-1
Added Pin To Net: NetName=NetMOC3_1 Pin=R6-2
Added Net: Name=NetMOC3_1
Added Pin To Net: NetName=NetMOC3_4 Pin=MOC3-4
Added Pin To Net: NetName=NetMOC3_4 Pin=R5-1
Added Net: Name=NetMOC3_4
Added Pin To Net: NetName=NetMOC3_6 Pin=MOC3-6
Added Pin To Net: NetName=NetMOC3_6 Pin=Q3-3
Added Net: Name=NetMOC3_6
Added Pin To Net: NetName=NetQ3_1 Pin=Q3-1
Added Pin To Net: NetName=NetQ3_1 Pin=T3-2
Added Net: Name=NetQ3_1
Added Pin To Net: NetName=NetQ3_2 Pin=Q3-2
Added Pin To Net: NetName=NetQ3_2 Pin=R5-2
Added Pin To Net: NetName=NetQ3_2 Pin=T3-1
Added Net: Name=NetQ3_2
Added Member To Class: ClassName=smart home2 Member=Component MOC3 MOC3021-3
Added Member To Class: ClassName=smart home2 Member=Component Q3 MODEL
Added Member To Class: ClassName=smart home2 Member=Component R3 Res2
Added Member To Class: ClassName=smart home2 Member=Component R5 Res2
Added Member To Class: ClassName=smart home2 Member=Component R6 10K
Added Member To Class: ClassName=smart home2 Member=Component T4 Phoenix terminal
