Added Component: Designator=R2(Res-(1/4))
Add component (AddParameter): Name = "Power"; Value = "1/4 W"; VariantName = "[No Variations]"
Add component (AddParameter): Name = "Tolerance"; Value = "5%"; VariantName = "[No Variations]"
Add component (AddParameter): Name = "Value"; Value = "10K"; VariantName = "[No Variations]"
Added Component: Designator=R4(Res-(1/4))
Add component (AddParameter): Name = "Power"; Value = "1/4 W"; VariantName = "[No Variations]"
Add component (AddParameter): Name = "Tolerance"; Value = "5%"; VariantName = "[No Variations]"
Add component (AddParameter): Name = "Value"; Value = "10K"; VariantName = "[No Variations]"
Added Component: Designator=R6(Res-(1/4))
Add component (AddParameter): Name = "Power"; Value = "1/4 W"; VariantName = "[No Variations]"
Add component (AddParameter): Name = "Tolerance"; Value = "5%"; VariantName = "[No Variations]"
Add component (AddParameter): Name = "Value"; Value = "10K"; VariantName = "[No Variations]"
Added Pin To Net: NetName=out Pin=R2-1
Added Pin To Net: NetName=NetMOC1_1 Pin=R2-2
Added Pin To Net: NetName=NetMOC2_1 Pin=R4-2
Added Pin To Net: NetName=NetMOC3_1 Pin=R6-2
Added Member To Class: ClassName=smart home2 Member=Component MOC1 MOC3021-3
Added Member To Class: ClassName=smart home2 Member=Component MOC3 MOC3021-3
Added Member To Class: ClassName=smart home2 Member=Component R2 10K
Added Member To Class: ClassName=smart home2 Member=Component R4 10K
Added Member To Class: ClassName=smart home2 Member=Component R6 10K
