Change Component Designator: OldDesignator=T2 NewDesignator=T4
Added Component: Designator=MOC2(DIP-6)
Add component (AddParameter): Name = "Designer"; Value = "Seyed Mohsen Ghasemian"; VariantName = "[No Variations]"
Add component (AddParameter): Name = "E-mail"; Value = "picpars@gmail.com"; VariantName = "[No Variations]"
Add component (AddParameter): Name = "LatestRevisionDate"; Value = "17-11-2011"; VariantName = "[No Variations]"
Add component (AddParameter): Name = "Published"; Value = "17-11-2011"; VariantName = "[No Variations]"
Add component (AddParameter): Name = "Publisher"; Value = "www.picpars.com"; VariantName = "[No Variations]"
Add component (AddParameter): Name = "WEB"; Value = "www.picpars.com"; VariantName = "[No Variations]"
Added Component: Designator=MOC3(DIP-6)
Add component (AddParameter): Name = "Designer"; Value = "Seyed Mohsen Ghasemian"; VariantName = "[No Variations]"
Add component (AddParameter): Name = "E-mail"; Value = "picpars@gmail.com"; VariantName = "[No Variations]"
Add component (AddParameter): Name = "LatestRevisionDate"; Value = "17-11-2011"; VariantName = "[No Variations]"
Add component (AddParameter): Name = "Published"; Value = "17-11-2011"; VariantName = "[No Variations]"
Add component (AddParameter): Name = "Publisher"; Value = "www.picpars.com"; VariantName = "[No Variations]"
Add component (AddParameter): Name = "WEB"; Value = "www.picpars.com"; VariantName = "[No Variations]"
Added Component: Designator=Q2(SOT32)
Added Component: Designator=Q3(SOT32)
Added Component: Designator=R3(Res50)
Add component (AddParameter): Name = "LatestRevisionDate"; Value = "17-Jul-2002"; VariantName = "[No Variations]"
Add component (AddParameter): Name = "LatestRevisionNote"; Value = "Re-released for DXP Platform."; VariantName = "[No Variations]"
Add component (AddParameter): Name = "PackageDescription"; Value = "Axial Device, Thru-Hole; 2 Leads; 0.4 in Pin Spacing"; VariantName = "[No Variations]"
Add component (AddParameter): Name = "PackageReference"; Value = "AXIAL-0.4"; VariantName = "[No Variations]"
Add component (AddParameter): Name = "Published"; Value = "8-Jun-2000"; VariantName = "[No Variations]"
Add component (AddParameter): Name = "Publisher"; Value = "Altium Limited"; VariantName = "[No Variations]"
Added Component: Designator=R4(RES 1206 (3216X08L))
Add component (AddParameter): Name = "Power"; Value = "1/4 W"; VariantName = "[No Variations]"
Add component (AddParameter): Name = "Tolerance"; Value = "5%"; VariantName = "[No Variations]"
Add component (AddParameter): Name = "Value"; Value = "10K"; VariantName = "[No Variations]"
Added Component: Designator=R5(Res50)
Add component (AddParameter): Name = "LatestRevisionDate"; Value = "17-Jul-2002"; VariantName = "[No Variations]"
Add component (AddParameter): Name = "LatestRevisionNote"; Value = "Re-released for DXP Platform."; VariantName = "[No Variations]"
Add component (AddParameter): Name = "PackageDescription"; Value = "Axial Device, Thru-Hole; 2 Leads; 0.4 in Pin Spacing"; VariantName = "[No Variations]"
Add component (AddParameter): Name = "PackageReference"; Value = "AXIAL-0.4"; VariantName = "[No Variations]"
Add component (AddParameter): Name = "Published"; Value = "8-Jun-2000"; VariantName = "[No Variations]"
Add component (AddParameter): Name = "Publisher"; Value = "Altium Limited"; VariantName = "[No Variations]"
Added Component: Designator=R6(RES 1206 (3216X08L))
Add component (AddParameter): Name = "Power"; Value = "1/4 W"; VariantName = "[No Variations]"
Add component (AddParameter): Name = "Tolerance"; Value = "5%"; VariantName = "[No Variations]"
Add component (AddParameter): Name = "Value"; Value = "10K"; VariantName = "[No Variations]"
Added Component: Designator=T2(phoenix terminal 2)
Add component (AddParameter): Name = "ComponentLinkURL"; Value = "www.picpars.com"; VariantName = "[No Variations]"
Add component (AddParameter): Name = "Designer"; Value = "Seyed Mohsen Ghasemain"; VariantName = "[No Variations]"
Add component (AddParameter): Name = "E-mail"; Value = "picpars@gmail.com"; VariantName = "[No Variations]"
Added Component: Designator=T3(phoenix terminal 2)
Add component (AddParameter): Name = "ComponentLinkURL"; Value = "www.picpars.com"; VariantName = "[No Variations]"
Add component (AddParameter): Name = "Designer"; Value = "Seyed Mohsen Ghasemain"; VariantName = "[No Variations]"
Add component (AddParameter): Name = "E-mail"; Value = "picpars@gmail.com"; VariantName = "[No Variations]"
Added Pin To Net: NetName=GND Pin=MOC2-2
Added Pin To Net: NetName=GND Pin=MOC3-2
Added Pin To Net: NetName=out Pin=R4-1
Added Pin To Net: NetName=out Pin=R6-1
Added Pin To Net: NetName=NetMOC2_1 Pin=MOC2-1
Added Pin To Net: NetName=NetMOC2_1 Pin=R4-2
Added Net: Name=NetMOC2_1
Added Pin To Net: NetName=NetMOC2_4 Pin=MOC2-4
Added Pin To Net: NetName=NetMOC2_4 Pin=R3-1
Added Net: Name=NetMOC2_4
Added Pin To Net: NetName=NetMOC2_6 Pin=MOC2-6
Added Pin To Net: NetName=NetMOC2_6 Pin=Q2-3
Added Net: Name=NetMOC2_6
Added Pin To Net: NetName=NetMOC3_1 Pin=MOC3-1
Added Pin To Net: NetName=NetMOC3_1 Pin=R6-2
Added Net: Name=NetMOC3_1
Added Pin To Net: NetName=NetMOC3_4 Pin=MOC3-4
Added Pin To Net: NetName=NetMOC3_4 Pin=R5-1
Added Net: Name=NetMOC3_4
Added Pin To Net: NetName=NetMOC3_6 Pin=MOC3-6
Added Pin To Net: NetName=NetMOC3_6 Pin=Q3-3
Added Net: Name=NetMOC3_6
Added Pin To Net: NetName=NetQ2_1 Pin=Q2-1
Added Pin To Net: NetName=NetQ2_1 Pin=T2-2
Added Net: Name=NetQ2_1
Added Pin To Net: NetName=NetQ2_2 Pin=Q2-2
Added Pin To Net: NetName=NetQ2_2 Pin=R3-2
Added Pin To Net: NetName=NetQ2_2 Pin=T2-1
Added Net: Name=NetQ2_2
Added Pin To Net: NetName=NetQ3_1 Pin=Q3-1
Added Pin To Net: NetName=NetQ3_1 Pin=T3-2
Added Net: Name=NetQ3_1
Added Pin To Net: NetName=NetQ3_2 Pin=Q3-2
Added Pin To Net: NetName=NetQ3_2 Pin=R5-2
Added Pin To Net: NetName=NetQ3_2 Pin=T3-1
Added Net: Name=NetQ3_2
Added Member To Class: ClassName=smart home2 Member=Component MOC2 MOC3021-3
Added Member To Class: ClassName=smart home2 Member=Component MOC3 MOC3021-3
Added Member To Class: ClassName=smart home2 Member=Component Q2 MODEL
Added Member To Class: ClassName=smart home2 Member=Component Q3 MODEL
Added Member To Class: ClassName=smart home2 Member=Component R3 Res2
Added Member To Class: ClassName=smart home2 Member=Component R4 10K
Added Member To Class: ClassName=smart home2 Member=Component R5 Res2
Added Member To Class: ClassName=smart home2 Member=Component R6 10K
Added Member To Class: ClassName=smart home2 Member=Component T3 Phoenix terminal
Added Member To Class: ClassName=smart home2 Member=Component T4 Phoenix terminal
