Change Component Footprint: Designator=MOC1_1 Old Footprint=DIP-6 New Footprint=phoenix terminal 2
Change Component Footprint: Designator=T1_1 Old Footprint=phoenix terminal 2 New Footprint=RES 1206 (3216X08L)
Change Component Footprint: Designator=R1_1 Old Footprint=Res50 New Footprint=SOT32
Change Component Footprint: Designator=R2_1 Old Footprint=RES 1206 (3216X08L) New Footprint=Res50
Change Component Footprint: Designator=Q1_1 Old Footprint=SOT32 New Footprint=DIP-6
Change Component Comment : Designator=R2_1 Old Comment=10K New Comment=Res2
Change Component Comment : Designator=MOC1_1 Old Comment=MOC3021-3 New Comment=Phoenix terminal
Change Component Comment : Designator=Q1_1 Old Comment=MODEL New Comment=MOC3021-3
Change Component Comment : Designator=T1_1 Old Comment=Phoenix terminal New Comment=10K
Change Component Comment : Designator=R1_1 Old Comment=Res2 New Comment=MODEL
Change Component Designator: OldDesignator=MOC1_1 NewDesignator=T1-1
Change Component Designator: OldDesignator=Q1_1 NewDesignator=MOC1-1
Change Component Designator: OldDesignator=R1_1 NewDesignator=Q1-1
Change Component Designator: OldDesignator=R2_1 NewDesignator=R1-1
Change Component Designator: OldDesignator=T1_1 NewDesignator=R2-1
Change Component Designator: OldDesignator=T2 NewDesignator=T4
Change component parameters: Designator = "T1_1" ("R2-1"); Footprint = "phoenix terminal 2"; UniqueID = "\TKGUGDES" ("\TKGUGDES")
Change component parameters (AddParameter): Name = "Power"; Value = "1/4 W"; VariantName = "[No Variations]"
Change component parameters (AddParameter): Name = "Tolerance"; Value = "5%"; VariantName = "[No Variations]"
Change component parameters (AddParameter): Name = "Value"; Value = "10K"; VariantName = "[No Variations]"
Change component parameters: Designator = "MOC1_1" ("T1-1"); Footprint = "DIP-6"; UniqueID = "\KOAOLRDG" ("\KOAOLRDG")
Change component parameters (AddParameter): Name = "ComponentLinkURL"; Value = "www.picpars.com"; VariantName = "[No Variations]"
Change component parameters (AddParameter): Name = "Designer"; Value = "Seyed Mohsen Ghasemain"; VariantName = "[No Variations]"
Change component parameters (AddParameter): Name = "E-mail"; Value = "picpars@gmail.com"; VariantName = "[No Variations]"
Change component parameters: Designator = "Q1_1" ("MOC1-1"); Footprint = "SOT32"; UniqueID = "\DUCWSKBN" ("\DUCWSKBN")
Change component parameters (AddParameter): Name = "Designer"; Value = "Seyed Mohsen Ghasemian"; VariantName = "[No Variations]"
Change component parameters (AddParameter): Name = "E-mail"; Value = "picpars@gmail.com"; VariantName = "[No Variations]"
Change component parameters (AddParameter): Name = "LatestRevisionDate"; Value = "17-11-2011"; VariantName = "[No Variations]"
Change component parameters (AddParameter): Name = "Published"; Value = "17-11-2011"; VariantName = "[No Variations]"
Change component parameters (AddParameter): Name = "Publisher"; Value = "www.picpars.com"; VariantName = "[No Variations]"
Change component parameters (AddParameter): Name = "WEB"; Value = "www.picpars.com"; VariantName = "[No Variations]"
Change component parameters: Designator = "R1_1" ("Q1-1"); Footprint = "Res50"; UniqueID = "\FYTCEWEA" ("\FYTCEWEA")
Change component parameters: Designator = "R2_1" ("R1-1"); Footprint = "RES 1206 (3216X08L)"; UniqueID = "\TKRJZNBF" ("\TKRJZNBF")
Change component parameters (AddParameter): Name = "LatestRevisionDate"; Value = "17-Jul-2002"; VariantName = "[No Variations]"
Change component parameters (AddParameter): Name = "LatestRevisionNote"; Value = "Re-released for DXP Platform."; VariantName = "[No Variations]"
Change component parameters (AddParameter): Name = "PackageDescription"; Value = "Axial Device, Thru-Hole; 2 Leads; 0.4 in Pin Spacing"; VariantName = "[No Variations]"
Change component parameters (AddParameter): Name = "PackageReference"; Value = "AXIAL-0.4"; VariantName = "[No Variations]"
Change component parameters (AddParameter): Name = "Published"; Value = "8-Jun-2000"; VariantName = "[No Variations]"
Change component parameters (AddParameter): Name = "Publisher"; Value = "Altium Limited"; VariantName = "[No Variations]"
Added Pin To Net: NetName=GND Pin=MOC1-1-2
Added Pin To Net: NetName=NetMOC1-1_1 Pin=MOC1-1-1
Added Pin To Net: NetName=NetMOC1-1_1 Pin=R2-1-2
Added Net: Name=NetMOC1-1_1
Added Pin To Net: NetName=NetMOC1-1_4 Pin=MOC1-1-4
Added Pin To Net: NetName=NetMOC1-1_4 Pin=R1-1-1
Added Net: Name=NetMOC1-1_4
Added Pin To Net: NetName=NetMOC1-1_6 Pin=MOC1-1-6
Added Pin To Net: NetName=NetMOC1-1_6 Pin=Q1-1-3
Added Net: Name=NetMOC1-1_6
Added Pin To Net: NetName=NetQ1-1_1 Pin=Q1-1-1
Added Pin To Net: NetName=NetQ1-1_1 Pin=T1-1-2
Added Net: Name=NetQ1-1_1
Added Pin To Net: NetName=NetQ1-1_2 Pin=Q1-1-2
Added Pin To Net: NetName=NetQ1-1_2 Pin=R1-1-2
Added Pin To Net: NetName=NetQ1-1_2 Pin=T1-1-1
Added Net: Name=NetQ1-1_2
Added Member To Class: ClassName=smart home2 Member=Component MOC1-1 MOC3021-3
Added Member To Class: ClassName=smart home2 Member=Component Q1-1 MODEL
Added Member To Class: ClassName=smart home2 Member=Component R1-1 Res2
Added Member To Class: ClassName=smart home2 Member=Component R2-1 10K
Added Member To Class: ClassName=smart home2 Member=Component T1-1 Phoenix terminal
Added Member To Class: ClassName=smart home2 Member=Component T4 Phoenix terminal
