Removed Pin From Net: NetName=GND Pin=R1-2
Change Component Designator: OldDesignator=D1 NewDesignator=D3
Change Component Designator: OldDesignator=D2 NewDesignator=D4
Change Component Designator: OldDesignator=D3 NewDesignator=D5
Change Component Designator: OldDesignator=D4 NewDesignator=D6
Change Component Designator: OldDesignator=D5 NewDesignator=D7
Change Component Designator: OldDesignator=R4 NewDesignator=R6
Change Component Designator: OldDesignator=R5 NewDesignator=R7
Change Component Designator: OldDesignator=R6 NewDesignator=R8
Change Component Designator: OldDesignator=R7 NewDesignator=R9
Change Component Designator: OldDesignator=R8 NewDesignator=R10
Change Component Designator: OldDesignator=R9 NewDesignator=R11
Change Component Designator: OldDesignator=R10 NewDesignator=R5
Change Component Designator: OldDesignator=R11 NewDesignator=R12
Change Component Designator: OldDesignator=R12 NewDesignator=R13
Change Component Designator: OldDesignator=R13 NewDesignator=R14
Add Component: Footprint Not Found 3.2X1.6X1.1
Add Component: Footprint Not Found 3.2X1.6X1.1
Add Component: Footprint Not Found RES 1206 (3216X08L)
Add Pin To Net: Unknown Pin: Pin D1-2
Add Pin To Net: Unknown Pin: Pin D2-2
Added Pin To Net: NetName=NetJ2_3 Pin=J2-1
Added Pin To Net: NetName=NetJ2_3 Pin=J2-2
Added Pin To Net: NetName=vcc Pin=R1-2
Added Pin To Net: NetName=NetJ2_3 Pin=U2-4
Change Net Name : Old Net Name=NetD1_1 New Net Name=NetD3_1
Change Net Name : Old Net Name=NetD1_2 New Net Name=NetD3_2
Change Net Name : Old Net Name=NetD2_1 New Net Name=NetD4_1
Change Net Name : Old Net Name=NetD2_2 New Net Name=NetD4_2
Change Net Name : Old Net Name=NetD3_2 New Net Name=NetD5_2
Change Net Name : Old Net Name=NetD5_1 New Net Name=NetD7_1
Change Net Name : Old Net Name=NetD5_2 New Net Name=NetD7_2
Change Net Name : Old Net Name=NetJ2_3 New Net Name=NetJ2_1
Change Net Name : Old Net Name=NetR4_2 New Net Name=NetR6_2
Change Net Name : Old Net Name=NetR5_2 New Net Name=NetR7_2
Change Net Name : Old Net Name=NetR7_2 New Net Name=NetR9_2
Change Net Name : Old Net Name=NetR8_2 New Net Name=NetR10_2
Added Pin To Net: NetName=NetD1_1 Pin=R1-1
Added Pin To Net: NetName=NetD1_1 Pin=U1-1
Added Net: Name=NetD1_1
Added Net: Name=NetD2_1
Added Pin To Net: NetName=NetR4_1 Pin=U1-2
Added Net: Name=NetR4_1
Change Class Name : Old Net Name=touch-tara-h New Net Name=ir-tara-h
Added Member To Class: ClassName=ir-tara-h Member=Component D6 Diode
Added Member To Class: ClassName=ir-tara-h Member=Component D7 LED2
Added Member To Class: ClassName=ir-tara-h Member=Component R14 10K
Change Room Name: Old Name=touch-tara-h New Name=ir-tara-h
Change Room Scope: Old Scope=InComponentClass('touch-tara-h') New Scope=InComponentClass('ir-tara-h')
