Removed Pin From Net: NetName=vcc Pin=JP3-1
Removed Pin From Net: NetName=vcc Pin=JP3-2
Added Component: Designator=E1(PIN1)
Add component. Clean all parameters for all variants
Add component (AddParameter): Name = "LatestRevisionDate"; Value = "17-Jul-2002"; VariantName = "[No Variations]"
Add component (AddParameter): Name = "LatestRevisionNote"; Value = "Re-released for DXP Platform."; VariantName = "[No Variations]"
Add component (AddParameter): Name = "PackageReference"; Value = "PIN1"; VariantName = "[No Variations]"
Add component (AddParameter): Name = "Published"; Value = "24-Mar-1999"; VariantName = "[No Variations]"
Add component (AddParameter): Name = "Publisher"; Value = "Altium Limited"; VariantName = "[No Variations]"
Added Component: Designator=T13(phoenix terminal R 2)
Add component. Clean all parameters for all variants
Add component (AddParameter): Name = "ComponentLinkURL"; Value = "www.picpars.com"; VariantName = "[No Variations]"
Add component (AddParameter): Name = "Designer"; Value = "Seyed Mohsen Ghasemain"; VariantName = "[No Variations]"
Add component (AddParameter): Name = "E-mail"; Value = "picpars@gmail.com"; VariantName = "[No Variations]"
Added Pin To Net: NetName=GND Pin=E1-1
Added Pin To Net: NetName=rx Pin=JP3-1
Added Pin To Net: NetName=rx Pin=JP3-2
Added Pin To Net: NetName=rx2 Pin=JP10-1
Added Pin To Net: NetName=rx2 Pin=JP10-2
Added Pin To Net: NetName=rx Pin=T13-1
Added Pin To Net: NetName=rx2 Pin=T13-2
Added Member To Class: ClassName=shahbazi5v Member=Component E1 Antenna
Added Member To Class: ClassName=shahbazi5v Member=Component T13 Phoenix terminal
