Removed Pin From Net: NetName=5v Pin=J4-3
Removed Pin From Net: NetName=5v Pin=JP4-1
Removed Pin From Net: NetName=5v Pin=JP4-2
Removed Pin From Net: NetName=5v Pin=JP7-1
Removed Pin From Net: NetName=5v Pin=JP7-2
Removed Pin From Net: NetName=5v Pin=JP10-1
Removed Pin From Net: NetName=5v Pin=JP10-2
Removed Pin From Net: NetName=5v Pin=R13-2
Removed Pin From Net: NetName=5v Pin=U6-4
Removed Pin From Net: NetName=5v Pin=U6-18
Removed Pin From Net: NetName=5v Pin=U9-3
Removed Pin From Net: NetName=5v Pin=U9-8
Change Component Designator: OldDesignator=C2 NewDesignator=C1
Change Component Designator: OldDesignator=C3 NewDesignator=C2
Change Component Designator: OldDesignator=J4 NewDesignator=J2
Change Component Designator: OldDesignator=T11 NewDesignator=T9
Change Component Designator: OldDesignator=T12 NewDesignator=T10
Change Component Designator: OldDesignator=T13 NewDesignator=T11
Change Component Designator: OldDesignator=T14 NewDesignator=T12
Change Component Designator: OldDesignator=U6 NewDesignator=U5
Change Component Designator: OldDesignator=U7 NewDesignator=U6
Change Component Designator: OldDesignator=U8 NewDesignator=U7
Change Component Designator: OldDesignator=U9 NewDesignator=U8
Change Component Designator: OldDesignator=U10 NewDesignator=U9
Change Component Designator: OldDesignator=U11 NewDesignator=U10
Change Component Designator: OldDesignator=U13 NewDesignator=U11
Change Component Designator: OldDesignator=U14 NewDesignator=U12
Added Component: Designator=E1(PIN1)
Add component. Clean all parameters for all variants
Add component (AddParameter): Name = "LatestRevisionDate"; Value = "17-Jul-2002"; VariantName = "[No Variations]"
Add component (AddParameter): Name = "LatestRevisionNote"; Value = "Re-released for DXP Platform."; VariantName = "[No Variations]"
Add component (AddParameter): Name = "PackageReference"; Value = "PIN1"; VariantName = "[No Variations]"
Add component (AddParameter): Name = "Published"; Value = "24-Mar-1999"; VariantName = "[No Variations]"
Add component (AddParameter): Name = "Publisher"; Value = "Altium Limited"; VariantName = "[No Variations]"
Added Component: Designator=E2(PIN1)
Add component. Clean all parameters for all variants
Add component (AddParameter): Name = "LatestRevisionDate"; Value = "17-Jul-2002"; VariantName = "[No Variations]"
Add component (AddParameter): Name = "LatestRevisionNote"; Value = "Re-released for DXP Platform."; VariantName = "[No Variations]"
Add component (AddParameter): Name = "PackageReference"; Value = "PIN1"; VariantName = "[No Variations]"
Add component (AddParameter): Name = "Published"; Value = "24-Mar-1999"; VariantName = "[No Variations]"
Add component (AddParameter): Name = "Publisher"; Value = "Altium Limited"; VariantName = "[No Variations]"
Added Component: Designator=E3(PIN1)
Add component. Clean all parameters for all variants
Add component (AddParameter): Name = "LatestRevisionDate"; Value = "17-Jul-2002"; VariantName = "[No Variations]"
Add component (AddParameter): Name = "LatestRevisionNote"; Value = "Re-released for DXP Platform."; VariantName = "[No Variations]"
Add component (AddParameter): Name = "PackageReference"; Value = "PIN1"; VariantName = "[No Variations]"
Add component (AddParameter): Name = "Published"; Value = "24-Mar-1999"; VariantName = "[No Variations]"
Add component (AddParameter): Name = "Publisher"; Value = "Altium Limited"; VariantName = "[No Variations]"
Added Component: Designator=E4(PIN1)
Add component. Clean all parameters for all variants
Add component (AddParameter): Name = "LatestRevisionDate"; Value = "17-Jul-2002"; VariantName = "[No Variations]"
Add component (AddParameter): Name = "LatestRevisionNote"; Value = "Re-released for DXP Platform."; VariantName = "[No Variations]"
Add component (AddParameter): Name = "PackageReference"; Value = "PIN1"; VariantName = "[No Variations]"
Add component (AddParameter): Name = "Published"; Value = "24-Mar-1999"; VariantName = "[No Variations]"
Add component (AddParameter): Name = "Publisher"; Value = "Altium Limited"; VariantName = "[No Variations]"
Added Pin To Net: NetName=GND Pin=E1-1
Added Pin To Net: NetName=GND Pin=E2-1
Added Pin To Net: NetName=5v Pin=E4-1
Change Net Name : Old Net Name=5v New Net Name=vcc
Change Net Name : Old Net Name=NetC2_2 New Net Name=NetC1_2
Change Net Name : Old Net Name=NetC3_2 New Net Name=NetC2_2
Added Pin To Net: NetName=5v Pin=JP10-1
Added Pin To Net: NetName=5v Pin=JP10-2
Added Net: Name=5v
Added Pin To Net: NetName=vdd Pin=E3-1
Added Pin To Net: NetName=vdd Pin=J2-3
Added Pin To Net: NetName=vdd Pin=JP4-1
Added Pin To Net: NetName=vdd Pin=JP4-2
Added Pin To Net: NetName=vdd Pin=JP7-1
Added Pin To Net: NetName=vdd Pin=JP7-2
Added Pin To Net: NetName=vdd Pin=R13-2
Added Pin To Net: NetName=vdd Pin=U5-4
Added Pin To Net: NetName=vdd Pin=U5-18
Added Pin To Net: NetName=vdd Pin=U8-3
Added Pin To Net: NetName=vdd Pin=U8-8
Added Net: Name=vdd
Added Member To Class: ClassName=shahbazi5v Member=Component E1 Antenna
Added Member To Class: ClassName=shahbazi5v Member=Component E2 Antenna
Added Member To Class: ClassName=shahbazi5v Member=Component E3 Antenna
Added Member To Class: ClassName=shahbazi5v Member=Component E4 Antenna
