Removed Pin From Net: NetName=NetD2_1 Pin=K2-4
Removed Pin From Net: NetName=VCC Pin=K2-5
Change Component Footprint: Designator=R2 Old Footprint=RES 1206 (3216X08L) New Footprint=RES 0805 (2012X06L)
Added Component: Designator=E1(PIN1)
Add component (AddParameter): Name = "LatestRevisionDate"; Value = "17-Jul-2002"; VariantName = "[No Variations]"
Add component (AddParameter): Name = "LatestRevisionNote"; Value = "Re-released for DXP Platform."; VariantName = "[No Variations]"
Add component (AddParameter): Name = "PackageReference"; Value = "PIN1"; VariantName = "[No Variations]"
Add component (AddParameter): Name = "Published"; Value = "24-Mar-1999"; VariantName = "[No Variations]"
Add component (AddParameter): Name = "Publisher"; Value = "Altium Limited"; VariantName = "[No Variations]"
Added Component: Designator=R1(RES 0805 (2012X06L))
Add component (AddParameter): Name = "Power"; Value = "1/4 W"; VariantName = "[No Variations]"
Add component (AddParameter): Name = "Tolerance"; Value = "5%"; VariantName = "[No Variations]"
Add component (AddParameter): Name = "Value"; Value = "10K"; VariantName = "[No Variations]"
Added Pin To Net: NetName=NetE1_1 Pin=E1-1
Added Pin To Net: NetName=VCC Pin=K2-4
Added Pin To Net: NetName=NetD2_1 Pin=K2-5
Added Pin To Net: NetName=o2 Pin=R1-1
Added Pin To Net: NetName=NetQ1_1 Pin=R1-2
Added Member To Class: ClassName=tsc2r Member=Component E1 Antenna
Added Member To Class: ClassName=tsc2r Member=Component J2 TBlock-4
Added Member To Class: ClassName=tsc2r Member=Component J4 TBlock-3
Added Member To Class: ClassName=tsc2r Member=Component R1 10K
