Removed Pin From Net: NetName=faz Pin=D1-2
Removed Pin From Net: NetName=faz Pin=D2-2
Removed Pin From Net: NetName=faz Pin=D3-2
Removed Pin From Net: NetName=GND Pin=E1-1
Removed Pin From Net: NetName=vDD Pin=E2-1
Removed Pin From Net: NetName=faz Pin=E3-1
Removed Pin From Net: NetName=NetD1_1 Pin=J2-1
Removed Pin From Net: NetName=NetD2_1 Pin=J3-3
Removed Pin From Net: NetName=o3 Pin=R1-1
Removed Pin From Net: NetName=faz Pin=R2-2
Removed Pin From Net: NetName=o2 Pin=R3-1
Removed Pin From Net: NetName=faz Pin=R4-2
Removed Pin From Net: NetName=o1 Pin=R5-1
Removed Pin From Net: NetName=faz Pin=R6-2
Removed Pin From Net: NetName=GND Pin=U3-2
Removed Pin From Net: NetName=GND Pin=U4-2
Removed Pin From Net: NetName=GND Pin=U5-2
Removed Member From Class: ClassName=tsc Member=D3
Removed Member From Class: ClassName=tsc Member=E2
Removed Member From Class: ClassName=tsc Member=E3
Removed Member From Class: ClassName=tsc Member=E4
Removed Member From Class: ClassName=tsc Member=K3
Removed Member From Class: ClassName=tsc Member=K4
Removed Member From Class: ClassName=tsc Member=K5
Removed Member From Class: ClassName=tsc Member=K6
Removed Member From Class: ClassName=tsc Member=R3
Removed Member From Class: ClassName=tsc Member=R4
Removed Member From Class: ClassName=tsc Member=R5
Removed Member From Class: ClassName=tsc Member=R6
Removed Member From Class: ClassName=tsc Member=U3
Removed Member From Class: ClassName=tsc Member=U4
Removed Member From Class: ClassName=tsc Member=U5
Change Component Footprint: Designator=D1 Old Footprint=*TO254P1028X482X1968-3 New Footprint=3.2X1.6X1.1
Change Component Footprint: Designator=D2 Old Footprint=*TO254P1028X482X1968-3 New Footprint=3.2X1.6X1.1
Change Component Footprint: Designator=K1 Old Footprint=RELAY_HJR-4102-L-05V New Footprint=Relays
Change Component Footprint: Designator=K2 Old Footprint=RELAY_HJR-4102-L-05V New Footprint=Relays
Change Component Comment : Designator=D1 Old Comment=BTA16-600CW3G New Comment=D Tunnel1
Change Component Comment : Designator=D2 Old Comment=BTA16-600CW3G New Comment=D Tunnel1
Change Component Comment : Designator=K1 Old Comment=HJR-4102-L-05V New Comment=Relay-12vDC
Change Component Comment : Designator=K2 Old Comment=HJR-4102-L-05V New Comment=Relay-12vDC
Change Component Designator: OldDesignator=E4 NewDesignator=E1
Change component parameters: Designator = "K1" ("K1"); Footprint = "RELAY_HJR-4102-L-05V"; UniqueID = "\PWENNRTM" ("\PWENNRTM")
Change component parameters (AddParameter): Name = "ComponentLinkURL"; Value = "www.picpars.com"; VariantName = "[No Variations]"
Change component parameters (AddParameter): Name = "Designer"; Value = "Seyed Mohsen Ghasemain"; VariantName = "[No Variations]"
Change component parameters: Designator = "K2" ("K2"); Footprint = "RELAY_HJR-4102-L-05V"; UniqueID = "\SUCYLBRF" ("\SUCYLBRF")
Change component parameters (AddParameter): Name = "ComponentLinkURL"; Value = "www.picpars.com"; VariantName = "[No Variations]"
Change component parameters (AddParameter): Name = "Designer"; Value = "Seyed Mohsen Ghasemain"; VariantName = "[No Variations]"
Change component parameters: Designator = "D1" ("D1"); Footprint = "*TO254P1028X482X1968-3"; UniqueID = "\NPWDVCSQ" ("\NPWDVCSQ")
Change component parameters (AddParameter): Name = "LatestRevisionDate"; Value = "17-Jul-2002"; VariantName = "[No Variations]"
Change component parameters (AddParameter): Name = "LatestRevisionNote"; Value = "Re-released for DXP Platform."; VariantName = "[No Variations]"
Change component parameters (AddParameter): Name = "PackageDescription"; Value = "SM LED; 2 Flat Leads"; VariantName = "[No Variations]"
Change component parameters (AddParameter): Name = "PackageReference"; Value = "3.2X1.6X1.1"; VariantName = "[No Variations]"
Change component parameters (AddParameter): Name = "PackageVersion"; Value = "Feb-2002"; VariantName = "[No Variations]"
Change component parameters (AddParameter): Name = "Published"; Value = "8-Jun-2000"; VariantName = "[No Variations]"
Change component parameters (AddParameter): Name = "Publisher"; Value = "Altium Limited"; VariantName = "[No Variations]"
Change component parameters: Designator = "D2" ("D2"); Footprint = "*TO254P1028X482X1968-3"; UniqueID = "\ZOTLQRXZ" ("\ZOTLQRXZ")
Change component parameters (AddParameter): Name = "LatestRevisionDate"; Value = "17-Jul-2002"; VariantName = "[No Variations]"
Change component parameters (AddParameter): Name = "LatestRevisionNote"; Value = "Re-released for DXP Platform."; VariantName = "[No Variations]"
Change component parameters (AddParameter): Name = "PackageDescription"; Value = "SM LED; 2 Flat Leads"; VariantName = "[No Variations]"
Change component parameters (AddParameter): Name = "PackageReference"; Value = "3.2X1.6X1.1"; VariantName = "[No Variations]"
Change component parameters (AddParameter): Name = "PackageVersion"; Value = "Feb-2002"; VariantName = "[No Variations]"
Change component parameters (AddParameter): Name = "Published"; Value = "8-Jun-2000"; VariantName = "[No Variations]"
Change component parameters (AddParameter): Name = "Publisher"; Value = "Altium Limited"; VariantName = "[No Variations]"
Added Component: Designator=Q1(SOT23-3)
Add component (AddParameter): Name = "Availability"; Value = "Unavailable"; VariantName = "[No Variations]"
Add component (AddParameter): Name = "MF"; Value = "Micro Commercial"; VariantName = "[No Variations]"
Add component (AddParameter): Name = "MP"; Value = "MMBT3904-TP"; VariantName = "[No Variations]"
Add component (AddParameter): Name = "Package"; Value = "SOT-23 Micro Commercial"; VariantName = "[No Variations]"
Add component (AddParameter): Name = "Price"; Value = "None"; VariantName = "[No Variations]"
Add component (AddParameter): Name = "SnapEDA_Link"; Value = "https://www.snapeda.com/parts/MMBT3904-TP/Micro%20Commercial/view-part/805928/?ref=snap"; VariantName = "[No Variations]"
Add component (AddParameter): Name = "Value"; Value = ""; VariantName = "[No Variations]"
Added Component: Designator=Q2(SOT23-3)
Add component (AddParameter): Name = "Availability"; Value = "Unavailable"; VariantName = "[No Variations]"
Add component (AddParameter): Name = "MF"; Value = "Micro Commercial"; VariantName = "[No Variations]"
Add component (AddParameter): Name = "MP"; Value = "MMBT3904-TP"; VariantName = "[No Variations]"
Add component (AddParameter): Name = "Package"; Value = "SOT-23 Micro Commercial"; VariantName = "[No Variations]"
Add component (AddParameter): Name = "Price"; Value = "None"; VariantName = "[No Variations]"
Add component (AddParameter): Name = "SnapEDA_Link"; Value = "https://www.snapeda.com/parts/MMBT3904-TP/Micro%20Commercial/view-part/805928/?ref=snap"; VariantName = "[No Variations]"
Add component (AddParameter): Name = "Value"; Value = ""; VariantName = "[No Variations]"
Added Pin To Net: NetName=NetD1_1 Pin=K1-4
Added Pin To Net: NetName=NetD2_1 Pin=K2-4
Added Pin To Net: NetName=GND Pin=PS1-3
Added Pin To Net: NetName=vDD Pin=PS1-4
Added Pin To Net: NetName=GND Pin=Q1-2
Added Pin To Net: NetName=NetD1_1 Pin=Q1-3
Added Pin To Net: NetName=GND Pin=Q2-2
Added Pin To Net: NetName=NetD2_1 Pin=Q2-3
Added Pin To Net: NetName=o2 Pin=R1-1
Added Pin To Net: NetName=o3 Pin=R2-1
Change Net Name : Old Net Name=NetE4_1 New Net Name=NetE1_1
Added Pin To Net: NetName=NetQ1_1 Pin=Q1-1
Added Pin To Net: NetName=NetQ1_1 Pin=R1-2
Added Net: Name=NetQ1_1
Added Pin To Net: NetName=NetQ2_1 Pin=Q2-1
Added Pin To Net: NetName=NetQ2_1 Pin=R2-2
Added Net: Name=NetQ2_1
Added Pin To Net: NetName=VCC Pin=D1-2
Added Pin To Net: NetName=VCC Pin=D2-2
Added Pin To Net: NetName=VCC Pin=K1-5
Added Pin To Net: NetName=VCC Pin=K2-5
Added Net: Name=VCC
Change Class Name : Old Net Name=tsc New Net Name=tsc2r
Added Member To Class: ClassName=tsc2r Member=Component K2 Relay-12vDC
Added Member To Class: ClassName=tsc2r Member=Component Q1 MMBT3904-TP
Added Member To Class: ClassName=tsc2r Member=Component Q2 MMBT3904-TP
Change Room Name: Old Name=tsc New Name=tsc2r
Change Room Scope: Old Scope=InComponentClass('tsc') New Scope=InComponentClass('tsc2r')
