Added Pin To Net: NetName=o1 Pin=R2-1
Added Pin To Net: NetName=o1 Pin=U1-2
Added Net: Name=o1
Added Pin To Net: NetName=o2 Pin=R7-1
Added Pin To Net: NetName=o2 Pin=U1-3
Added Net: Name=o2
Added Pin To Net: NetName=o3 Pin=R5-1
Added Pin To Net: NetName=o3 Pin=U1-4
Added Net: Name=o3
Added Pin To Net: NetName=o4 Pin=R3-1
Added Pin To Net: NetName=o4 Pin=U1-6
Added Net: Name=o4
Added Member To Class: ClassName=touch-tara-h Member=Component D1 LED2
Added Member To Class: ClassName=touch-tara-h Member=Component D2 LED2
Added Member To Class: ClassName=touch-tara-h Member=Component Q1 Triac
Added Member To Class: ClassName=touch-tara-h Member=Component Q2 Triac
Added Member To Class: ClassName=touch-tara-h Member=Component Q3 Triac
Added Member To Class: ClassName=touch-tara-h Member=Component R2 10K
Added Member To Class: ClassName=touch-tara-h Member=Component R3 10K
Added Member To Class: ClassName=touch-tara-h Member=Component R4 10K
Added Member To Class: ClassName=touch-tara-h Member=Component R5 10K
Added Member To Class: ClassName=touch-tara-h Member=Component R7 10K
Added Member To Class: ClassName=touch-tara-h Member=Component R8 10K
Added Member To Class: ClassName=touch-tara-h Member=Component R9 10K
