Removed Pin From Net: NetName=VDD Pin=J1-4
Removed Pin From Net: NetName=NetJ1_2 Pin=Q3-2
Removed Pin From Net: NetName=NetJ1_2 Pin=Q3-2
Removed Pin From Net: NetName=NetJ1_3 Pin=Q4-2
Removed Pin From Net: NetName=NetJ1_3 Pin=Q4-2
Removed Pin From Net: NetName=o2 Pin=U1-3
Removed Pin From Net: NetName=o3 Pin=U1-4
Added Pin To Net: NetName=VDD Pin=J1-1
Added Pin To Net: NetName=NetJ1_3 Pin=Q3-2
Added Pin To Net: NetName=NetJ1_3 Pin=Q3-2
Added Pin To Net: NetName=NetJ1_2 Pin=Q4-2
Added Pin To Net: NetName=NetJ1_2 Pin=Q4-2
Added Pin To Net: NetName=o3 Pin=U1-3
Added Pin To Net: NetName=o2 Pin=U1-4
Added Pin To Net: NetName=NetJ1_4 Pin=J1-4
Added Pin To Net: NetName=NetJ1_4 Pin=Q2-2
Added Pin To Net: NetName=NetJ1_4 Pin=Q2-2
Added Net: Name=NetJ1_4
Added Member To Class: ClassName=touch-tara-h Member=Component D1 LED2
Added Member To Class: ClassName=touch-tara-h Member=Component D5 LED2
Added Member To Class: ClassName=touch-tara-h Member=Component R2 10K
Added Member To Class: ClassName=touch-tara-h Member=Component R3 10K
Added Member To Class: ClassName=touch-tara-h Member=Component R5 10K
Added Member To Class: ClassName=touch-tara-h Member=Component R7 10K
Added Member To Class: ClassName=touch-tara-h Member=Component R9 10K
