Removed Pin From Net: NetName=VCC Pin=C2-1
Removed Pin From Net: NetName=GND Pin=C2-2
Removed Pin From Net: NetName=VCC Pin=C4-2
Removed Pin From Net: NetName=GND Pin=R2-2
Removed Pin From Net: NetName=VCC Pin=R3-1
Removed Pin From Net: NetName=GND Pin=R3-2
Removed Pin From Net: NetName=VCC Pin=U2-1
Removed Member From Class: ClassName=tuch-tara2 Member=C2
Removed Member From Class: ClassName=tuch-tara2 Member=C3
Removed Member From Class: ClassName=tuch-tara2 Member=C4
Removed Member From Class: ClassName=tuch-tara2 Member=R2
Removed Member From Class: ClassName=tuch-tara2 Member=R3
Removed Member From Class: ClassName=tuch-tara2 Member=R4
Removed Member From Class: ClassName=tuch-tara2 Member=R5
Removed Member From Class: ClassName=tuch-tara2 Member=U2
Removed Member From Class: ClassName=tuch-tara2 Member=U3
Change Component Designator: OldDesignator=C3 NewDesignator=C1
Change Component Designator: OldDesignator=R3 NewDesignator=R1
Added Component: Designator=P2(HDR1X2)
Add component (AddParameter): Name = "LatestRevisionDate"; Value = "17-Jul-2002"; VariantName = "[No Variations]"
Add component (AddParameter): Name = "LatestRevisionNote"; Value = "Re-released for DXP Platform."; VariantName = "[No Variations]"
Add component (AddParameter): Name = "Publisher"; Value = "Altium Limited"; VariantName = "[No Variations]"
Added Component: Designator=P3(HDR1X2)
Add component (AddParameter): Name = "LatestRevisionDate"; Value = "17-Jul-2002"; VariantName = "[No Variations]"
Add component (AddParameter): Name = "LatestRevisionNote"; Value = "Re-released for DXP Platform."; VariantName = "[No Variations]"
Add component (AddParameter): Name = "Publisher"; Value = "Altium Limited"; VariantName = "[No Variations]"
Added Component: Designator=Q1(SOT32)
Added Pin To Net: NetName=GND Pin=C1-1
Added Pin To Net: NetName=VCC Pin=P3-1
Added Pin To Net: NetName=GND Pin=Q1-1
Added Pin To Net: NetName=GND Pin=U1-2
Added Pin To Net: NetName=NetP1_2 Pin=P1-2
Added Pin To Net: NetName=NetP1_2 Pin=R1-1
Added Net: Name=NetP1_2
Added Pin To Net: NetName=NetP2_1 Pin=P2-1
Added Pin To Net: NetName=NetP2_1 Pin=U1-4
Added Net: Name=NetP2_1
Added Pin To Net: NetName=NetP2_2 Pin=P2-2
Added Pin To Net: NetName=NetP2_2 Pin=U1-3
Added Net: Name=NetP2_2
Added Pin To Net: NetName=NetP3_2 Pin=P3-2
Added Pin To Net: NetName=NetP3_2 Pin=Q1-2
Added Net: Name=NetP3_2
Added Pin To Net: NetName=NetQ1_3 Pin=Q1-3
Added Pin To Net: NetName=NetQ1_3 Pin=R1-2
Added Net: Name=NetQ1_3
Change Class Name : Old Net Name=tuch-tara2 New Net Name=tuch-tablotara
Added Member To Class: ClassName=tuch-tablotara Member=Component P2 Header 2
Added Member To Class: ClassName=tuch-tablotara Member=Component P3 Header 2
Added Member To Class: ClassName=tuch-tablotara Member=Component Q1 MODEL
Change Room Name: Old Name=tuch-tara2 New Name=tuch-tablotara
Change Room Scope: Old Scope=InComponentClass('tuch-tara2') New Scope=InComponentClass('tuch-tablotara')
