Removed Pin From Net: NetName=o1 Pin=R1-1
Removed Pin From Net: NetName=o1 Pin=U1-1
Added Component: Designator=P?(HDR2X3)
Add component (AddParameter): Name = "LatestRevisionDate"; Value = "17-Jul-2002"; VariantName = "[No Variations]"
Add component (AddParameter): Name = "LatestRevisionNote"; Value = "Re-released for DXP Platform."; VariantName = "[No Variations]"
Add component (AddParameter): Name = "Publisher"; Value = "Altium Limited"; VariantName = "[No Variations]"
Added Pin To Net: NetName=o1 Pin=D1-2
Added Pin To Net: NetName=o1 Pin=D2-1
Added Pin To Net: NetName=o1 Pin=P?-1
Added Pin To Net: NetName=NetD4_2 Pin=P?-2
Added Pin To Net: NetName=NetD8_2 Pin=P?-3
Added Pin To Net: NetName=NetD11_2 Pin=P?-4
Added Pin To Net: NetName=VCC Pin=P?-5
Added Pin To Net: NetName=GND Pin=P?-6
Added Pin To Net: NetName=o1 Pin=R1-2
Added Pin To Net: NetName=NetD11_2 Pin=T1-1
Added Pin To Net: NetName=NetD8_2 Pin=T1-2
Added Pin To Net: NetName=NetD4_2 Pin=T1-5
Change Net Name : Old Net Name=NetD4_2 New Net Name=o2
Change Net Name : Old Net Name=NetD8_2 New Net Name=o3
Change Net Name : Old Net Name=NetD11_2 New Net Name=o4
Added Pin To Net: NetName=NetR1_1 Pin=R1-1
Added Pin To Net: NetName=NetR1_1 Pin=U1-1
Added Net: Name=NetR1_1
Added Pin To Net: NetName=NetR8_1 Pin=R8-1
Added Pin To Net: NetName=NetR8_1 Pin=U4-1
Added Net: Name=NetR8_1
Added Pin To Net: NetName=NetR14_1 Pin=R14-1
Added Pin To Net: NetName=NetR14_1 Pin=U7-1
Added Net: Name=NetR14_1
Added Pin To Net: NetName=NetR18_1 Pin=R18-1
Added Pin To Net: NetName=NetR18_1 Pin=U9-1
Added Net: Name=NetR18_1
Added Member To Class: ClassName=tach key Member=Component P? Header 3X2
