Change Component Designator: OldDesignator=C1 NewDesignator=C2
Change Component Designator: OldDesignator=C2 NewDesignator=C4
Change Component Designator: OldDesignator=C3 NewDesignator=C5
Change Component Designator: OldDesignator=C4 NewDesignator=C6
Change Component Designator: OldDesignator=C5 NewDesignator=C8
Change Component Designator: OldDesignator=C6 NewDesignator=C10
Change Component Designator: OldDesignator=C7 NewDesignator=C11
Change Component Designator: OldDesignator=D1 NewDesignator=D3
Change Component Designator: OldDesignator=D2 NewDesignator=D5
Change Component Designator: OldDesignator=D3 NewDesignator=D7
Change Component Designator: OldDesignator=D4 NewDesignator=D10
Change Component Designator: OldDesignator=D5 NewDesignator=D13
Change Component Designator: OldDesignator=R1 NewDesignator=R2
Change Component Designator: OldDesignator=R2 NewDesignator=R3
Change Component Designator: OldDesignator=R3 NewDesignator=R4
Change Component Designator: OldDesignator=R4 NewDesignator=R5
Change Component Designator: OldDesignator=R5 NewDesignator=R6
Change Component Designator: OldDesignator=R6 NewDesignator=R7
Change Component Designator: OldDesignator=R7 NewDesignator=R9
Change Component Designator: OldDesignator=R8 NewDesignator=R10
Change Component Designator: OldDesignator=R9 NewDesignator=R11
Change Component Designator: OldDesignator=R10 NewDesignator=R12
Change Component Designator: OldDesignator=R11 NewDesignator=R13
Change Component Designator: OldDesignator=R12 NewDesignator=R15
Change Component Designator: OldDesignator=R13 NewDesignator=R16
Change Component Designator: OldDesignator=R14 NewDesignator=R17
Change Component Designator: OldDesignator=R15 NewDesignator=R19
Change Component Designator: OldDesignator=U1 NewDesignator=U2
Change Component Designator: OldDesignator=U2 NewDesignator=U1
Added Component: Designator=C1(C1206)
Add component (AddParameter): Name = "LatestRevisionDate"; Value = "29-May-2009"; VariantName = "[No Variations]"
Add component (AddParameter): Name = "LatestRevisionNote"; Value = "IPC-7351 Footprint Added."; VariantName = "[No Variations]"
Add component (AddParameter): Name = "PackageDescription"; Value = "Chip Capacitor"; VariantName = "[No Variations]"
Add component (AddParameter): Name = "PackageReference"; Value = "C1206"; VariantName = "[No Variations]"
Add component (AddParameter): Name = "Published"; Value = "8-Jun-2000"; VariantName = "[No Variations]"
Add component (AddParameter): Name = "Publisher"; Value = "Altium Limited"; VariantName = "[No Variations]"
Add component (AddParameter): Name = "Value"; Value = "100pF"; VariantName = "[No Variations]"
Added Component: Designator=C3(C1206)
Add component (AddParameter): Name = "LatestRevisionDate"; Value = "29-May-2009"; VariantName = "[No Variations]"
Add component (AddParameter): Name = "LatestRevisionNote"; Value = "IPC-7351 Footprint Added."; VariantName = "[No Variations]"
Add component (AddParameter): Name = "PackageDescription"; Value = "Chip Capacitor"; VariantName = "[No Variations]"
Add component (AddParameter): Name = "PackageReference"; Value = "C1206"; VariantName = "[No Variations]"
Add component (AddParameter): Name = "Published"; Value = "8-Jun-2000"; VariantName = "[No Variations]"
Add component (AddParameter): Name = "Publisher"; Value = "Altium Limited"; VariantName = "[No Variations]"
Add component (AddParameter): Name = "Value"; Value = "100pF"; VariantName = "[No Variations]"
Added Component: Designator=C7(C1206)
Add component (AddParameter): Name = "LatestRevisionDate"; Value = "29-May-2009"; VariantName = "[No Variations]"
Add component (AddParameter): Name = "LatestRevisionNote"; Value = "IPC-7351 Footprint Added."; VariantName = "[No Variations]"
Add component (AddParameter): Name = "PackageDescription"; Value = "Chip Capacitor"; VariantName = "[No Variations]"
Add component (AddParameter): Name = "PackageReference"; Value = "C1206"; VariantName = "[No Variations]"
Add component (AddParameter): Name = "Published"; Value = "8-Jun-2000"; VariantName = "[No Variations]"
Add component (AddParameter): Name = "Publisher"; Value = "Altium Limited"; VariantName = "[No Variations]"
Add component (AddParameter): Name = "Value"; Value = "100pF"; VariantName = "[No Variations]"
Added Component: Designator=C9(C1206)
Add component (AddParameter): Name = "LatestRevisionDate"; Value = "29-May-2009"; VariantName = "[No Variations]"
Add component (AddParameter): Name = "LatestRevisionNote"; Value = "IPC-7351 Footprint Added."; VariantName = "[No Variations]"
Add component (AddParameter): Name = "PackageDescription"; Value = "Chip Capacitor"; VariantName = "[No Variations]"
Add component (AddParameter): Name = "PackageReference"; Value = "C1206"; VariantName = "[No Variations]"
Add component (AddParameter): Name = "Published"; Value = "8-Jun-2000"; VariantName = "[No Variations]"
Add component (AddParameter): Name = "Publisher"; Value = "Altium Limited"; VariantName = "[No Variations]"
Add component (AddParameter): Name = "Value"; Value = "100pF"; VariantName = "[No Variations]"
Added Component: Designator=D1(RES 0805 (2012X06L))
Add component (AddParameter): Name = "COLOR"; Value = "RED"; VariantName = "[No Variations]"
Added Component: Designator=D2(RES 0805 (2012X06L))
Add component (AddParameter): Name = "COLOR"; Value = "RED"; VariantName = "[No Variations]"
Added Component: Designator=D4(RES 0805 (2012X06L))
Add component (AddParameter): Name = "COLOR"; Value = "RED"; VariantName = "[No Variations]"
Added Component: Designator=D6(RES 0805 (2012X06L))
Add component (AddParameter): Name = "COLOR"; Value = "RED"; VariantName = "[No Variations]"
Added Component: Designator=D8(RES 0805 (2012X06L))
Add component (AddParameter): Name = "COLOR"; Value = "RED"; VariantName = "[No Variations]"
Added Component: Designator=D9(RES 0805 (2012X06L))
Add component (AddParameter): Name = "COLOR"; Value = "RED"; VariantName = "[No Variations]"
Added Component: Designator=D11(RES 0805 (2012X06L))
Add component (AddParameter): Name = "COLOR"; Value = "RED"; VariantName = "[No Variations]"
Added Component: Designator=D12(RES 0805 (2012X06L))
Add component (AddParameter): Name = "COLOR"; Value = "RED"; VariantName = "[No Variations]"
Added Component: Designator=R1(RES 1206 (3216X08L))
Add component (AddParameter): Name = "Power"; Value = "1/4 W"; VariantName = "[No Variations]"
Add component (AddParameter): Name = "Tolerance"; Value = "5%"; VariantName = "[No Variations]"
Add component (AddParameter): Name = "Value"; Value = "10K"; VariantName = "[No Variations]"
Added Component: Designator=R8(RES 1206 (3216X08L))
Add component (AddParameter): Name = "Power"; Value = "1/4 W"; VariantName = "[No Variations]"
Add component (AddParameter): Name = "Tolerance"; Value = "5%"; VariantName = "[No Variations]"
Add component (AddParameter): Name = "Value"; Value = "10K"; VariantName = "[No Variations]"
Added Component: Designator=R14(RES 1206 (3216X08L))
Add component (AddParameter): Name = "Power"; Value = "1/4 W"; VariantName = "[No Variations]"
Add component (AddParameter): Name = "Tolerance"; Value = "5%"; VariantName = "[No Variations]"
Add component (AddParameter): Name = "Value"; Value = "10K"; VariantName = "[No Variations]"
Added Component: Designator=R18(RES 1206 (3216X08L))
Add component (AddParameter): Name = "Power"; Value = "1/4 W"; VariantName = "[No Variations]"
Add component (AddParameter): Name = "Tolerance"; Value = "5%"; VariantName = "[No Variations]"
Add component (AddParameter): Name = "Value"; Value = "10K"; VariantName = "[No Variations]"
Added Pin To Net: NetName=GND Pin=C1-1
Added Pin To Net: NetName=VCC Pin=C1-2
Added Pin To Net: NetName=GND Pin=C3-1
Added Pin To Net: NetName=VCC Pin=C3-2
Added Pin To Net: NetName=GND Pin=C7-1
Added Pin To Net: NetName=VCC Pin=C7-2
Added Pin To Net: NetName=GND Pin=C9-1
Added Pin To Net: NetName=VCC Pin=C9-2
Added Pin To Net: NetName=VCC Pin=D1-1
Added Pin To Net: NetName=GND Pin=D2-2
Added Pin To Net: NetName=VCC Pin=D4-1
Added Pin To Net: NetName=GND Pin=D6-2
Added Pin To Net: NetName=VCC Pin=D8-1
Added Pin To Net: NetName=GND Pin=D9-2
Added Pin To Net: NetName=VCC Pin=D11-1
Added Pin To Net: NetName=GND Pin=D12-2
Added Pin To Net: NetName=o1 Pin=R1-1
Added Pin To Net: NetName=o2 Pin=R8-1
Added Pin To Net: NetName=o3 Pin=R14-1
Added Pin To Net: NetName=o4 Pin=R18-1
Change Net Name : Old Net Name=NetC1_1 New Net Name=NetC2_1
Change Net Name : Old Net Name=NetC1_2 New Net Name=NetC2_2
Change Net Name : Old Net Name=NetC2_2 New Net Name=NetC4_2
Change Net Name : Old Net Name=NetC4_1 New Net Name=NetC6_1
Change Net Name : Old Net Name=NetC4_2 New Net Name=NetC6_2
Change Net Name : Old Net Name=NetC5_1 New Net Name=NetC8_1
Change Net Name : Old Net Name=NetC5_2 New Net Name=NetC8_2
Change Net Name : Old Net Name=NetC6_1 New Net Name=NetC10_1
Change Net Name : Old Net Name=NetC6_2 New Net Name=NetC10_2
Change Net Name : Old Net Name=NetD1_3 New Net Name=NetD3_3
Change Net Name : Old Net Name=NetD3_3 New Net Name=NetD7_3
Change Net Name : Old Net Name=NetD4_3 New Net Name=NetD10_3
Change Net Name : Old Net Name=NetD5_3 New Net Name=NetD13_3
Change Net Name : Old Net Name=NetR1_1 New Net Name=NetR2_1
Change Net Name : Old Net Name=NetR3_2 New Net Name=NetR4_2
Change Net Name : Old Net Name=NetR4_1 New Net Name=NetR5_1
Change Net Name : Old Net Name=NetR7_2 New Net Name=NetR9_2
Change Net Name : Old Net Name=NetR8_1 New Net Name=NetR10_1
Change Net Name : Old Net Name=NetR9_1 New Net Name=NetR11_1
Change Net Name : Old Net Name=NetR10_1 New Net Name=NetR12_1
Change Net Name : Old Net Name=NetR12_2 New Net Name=NetR15_2
Change Net Name : Old Net Name=NetR13_1 New Net Name=NetR16_1
Change Net Name : Old Net Name=NetR15_2 New Net Name=NetR19_2
Added Pin To Net: NetName=NetD1_2 Pin=D1-2
Added Pin To Net: NetName=NetD1_2 Pin=D2-1
Added Pin To Net: NetName=NetD1_2 Pin=R1-2
Added Net: Name=NetD1_2
Added Pin To Net: NetName=NetD4_2 Pin=D4-2
Added Pin To Net: NetName=NetD4_2 Pin=D6-1
Added Pin To Net: NetName=NetD4_2 Pin=R8-2
Added Net: Name=NetD4_2
Added Pin To Net: NetName=NetD8_2 Pin=D8-2
Added Pin To Net: NetName=NetD8_2 Pin=D9-1
Added Pin To Net: NetName=NetD8_2 Pin=R14-2
Added Net: Name=NetD8_2
Added Pin To Net: NetName=NetD11_2 Pin=D11-2
Added Pin To Net: NetName=NetD11_2 Pin=D12-1
Added Pin To Net: NetName=NetD11_2 Pin=R18-2
Added Net: Name=NetD11_2
Added Member To Class: ClassName=tach key Member=Component C4 =Value
Added Member To Class: ClassName=tach key Member=Component C8 =Value
Added Member To Class: ClassName=tach key Member=Component C9 Cap Semi
Added Member To Class: ClassName=tach key Member=Component C10 =Value
Added Member To Class: ClassName=tach key Member=Component C11 =Value
Added Member To Class: ClassName=tach key Member=Component D2 MODEL
Added Member To Class: ClassName=tach key Member=Component D6 MODEL
Added Member To Class: ClassName=tach key Member=Component D7 BTA16-600CW3G
Added Member To Class: ClassName=tach key Member=Component D8 MODEL
Added Member To Class: ClassName=tach key Member=Component D9 MODEL
Added Member To Class: ClassName=tach key Member=Component D10 BTA16-600CW3G
Added Member To Class: ClassName=tach key Member=Component D11 MODEL
Added Member To Class: ClassName=tach key Member=Component D12 MODEL
Added Member To Class: ClassName=tach key Member=Component D13 BTA16-600CW3G
Added Member To Class: ClassName=tach key Member=Component R7 10K
Added Member To Class: ClassName=tach key Member=Component R16 10K
Added Member To Class: ClassName=tach key Member=Component R17 10K
Added Member To Class: ClassName=tach key Member=Component R18 10K
Added Member To Class: ClassName=tach key Member=Component R19 10K
Added Member To Class: ClassName=tach key Member=Component U2 K3021P
Added Member To Class: ClassName=tach key Member=Component U3 K3021P
Added Member To Class: ClassName=tach key Member=Component U4 TTP223_
Added Member To Class: ClassName=tach key Member=Component U5 MB6S
Added Member To Class: ClassName=tach key Member=Component U6 K3021P
