Change Component Designator: OldDesignator=C4 NewDesignator=C3
Change Component Designator: OldDesignator=P1 NewDesignator=P2
Change Component Designator: OldDesignator=P2 NewDesignator=P1
Change Component Designator: OldDesignator=R4 NewDesignator=R5
Change Component Designator: OldDesignator=R5 NewDesignator=R4
Added Component: Designator=JP1(Header 2X1)
Added Component: Designator=JP2(Header 2X1)
Added Component: Designator=JP3(Header 2X1)
Added Component: Designator=JP4(Header 2X1)
Added Pin To Net: NetName=vDD Pin=JP1-1
Added Pin To Net: NetName=vDD Pin=JP1-2
Added Pin To Net: NetName=vDD Pin=JP2-1
Added Pin To Net: NetName=vDD Pin=JP2-2
Added Pin To Net: NetName=vDD Pin=JP3-1
Added Pin To Net: NetName=vDD Pin=JP3-2
Added Pin To Net: NetName=GND Pin=JP4-1
Added Pin To Net: NetName=GND Pin=JP4-2
Change Net Name : Old Net Name=NetP1_2 New Net Name=NetP2_2
Change Net Name : Old Net Name=NetP2_2 New Net Name=NetP1_2
Change Net Name : Old Net Name=NetR4_1 New Net Name=NetR5_1
Change Net Name : Old Net Name=NetR5_1 New Net Name=NetR4_1
Added Member To Class: ClassName=tach key Member=Component JP1 Jumper
Added Member To Class: ClassName=tach key Member=Component JP2 Jumper
Added Member To Class: ClassName=tach key Member=Component JP3 Jumper
Added Member To Class: ClassName=tach key Member=Component JP4 Jumper
