Change Component Designator: OldDesignator=C1 NewDesignator=C2
Change Component Designator: OldDesignator=C2 NewDesignator=C3
Change Component Designator: OldDesignator=C3 NewDesignator=C5
Change Component Designator: OldDesignator=C4 NewDesignator=C6
Change Component Designator: OldDesignator=C5 NewDesignator=C7
Change Component Designator: OldDesignator=C6 NewDesignator=C8
Change Component Designator: OldDesignator=C7 NewDesignator=C10
Change Component Designator: OldDesignator=C8 NewDesignator=C11
Change Component Designator: OldDesignator=C9 NewDesignator=C13
Change Component Designator: OldDesignator=C10 NewDesignator=C14
Change Component Designator: OldDesignator=C11 NewDesignator=C15
Added Component: Designator=C1(C1206)
Add component (AddParameter): Name = "LatestRevisionDate"; Value = "29-May-2009"; VariantName = "[No Variations]"
Add component (AddParameter): Name = "LatestRevisionNote"; Value = "IPC-7351 Footprint Added."; VariantName = "[No Variations]"
Add component (AddParameter): Name = "PackageDescription"; Value = "Chip Capacitor"; VariantName = "[No Variations]"
Add component (AddParameter): Name = "PackageReference"; Value = "C1206"; VariantName = "[No Variations]"
Add component (AddParameter): Name = "Published"; Value = "8-Jun-2000"; VariantName = "[No Variations]"
Add component (AddParameter): Name = "Publisher"; Value = "Altium Limited"; VariantName = "[No Variations]"
Add component (AddParameter): Name = "Value"; Value = "100pF"; VariantName = "[No Variations]"
Added Component: Designator=C4(C1206)
Add component (AddParameter): Name = "LatestRevisionDate"; Value = "29-May-2009"; VariantName = "[No Variations]"
Add component (AddParameter): Name = "LatestRevisionNote"; Value = "IPC-7351 Footprint Added."; VariantName = "[No Variations]"
Add component (AddParameter): Name = "PackageDescription"; Value = "Chip Capacitor"; VariantName = "[No Variations]"
Add component (AddParameter): Name = "PackageReference"; Value = "C1206"; VariantName = "[No Variations]"
Add component (AddParameter): Name = "Published"; Value = "8-Jun-2000"; VariantName = "[No Variations]"
Add component (AddParameter): Name = "Publisher"; Value = "Altium Limited"; VariantName = "[No Variations]"
Add component (AddParameter): Name = "Value"; Value = "100pF"; VariantName = "[No Variations]"
Added Component: Designator=C9(C1206)
Add component (AddParameter): Name = "LatestRevisionDate"; Value = "29-May-2009"; VariantName = "[No Variations]"
Add component (AddParameter): Name = "LatestRevisionNote"; Value = "IPC-7351 Footprint Added."; VariantName = "[No Variations]"
Add component (AddParameter): Name = "PackageDescription"; Value = "Chip Capacitor"; VariantName = "[No Variations]"
Add component (AddParameter): Name = "PackageReference"; Value = "C1206"; VariantName = "[No Variations]"
Add component (AddParameter): Name = "Published"; Value = "8-Jun-2000"; VariantName = "[No Variations]"
Add component (AddParameter): Name = "Publisher"; Value = "Altium Limited"; VariantName = "[No Variations]"
Add component (AddParameter): Name = "Value"; Value = "100pF"; VariantName = "[No Variations]"
Added Component: Designator=C12(C1206)
Add component (AddParameter): Name = "LatestRevisionDate"; Value = "29-May-2009"; VariantName = "[No Variations]"
Add component (AddParameter): Name = "LatestRevisionNote"; Value = "IPC-7351 Footprint Added."; VariantName = "[No Variations]"
Add component (AddParameter): Name = "PackageDescription"; Value = "Chip Capacitor"; VariantName = "[No Variations]"
Add component (AddParameter): Name = "PackageReference"; Value = "C1206"; VariantName = "[No Variations]"
Add component (AddParameter): Name = "Published"; Value = "8-Jun-2000"; VariantName = "[No Variations]"
Add component (AddParameter): Name = "Publisher"; Value = "Altium Limited"; VariantName = "[No Variations]"
Add component (AddParameter): Name = "Value"; Value = "100pF"; VariantName = "[No Variations]"
Added Pin To Net: NetName=GND Pin=C1-2
Added Pin To Net: NetName=GND Pin=C4-2
Added Pin To Net: NetName=GND Pin=C9-2
Added Pin To Net: NetName=GND Pin=C12-2
Change Net Name : Old Net Name=NetC2_1 New Net Name=NetC3_1
Change Net Name : Old Net Name=NetC2_2 New Net Name=NetC3_2
Change Net Name : Old Net Name=NetC4_2 New Net Name=NetC6_2
Change Net Name : Old Net Name=NetC6_1 New Net Name=NetC8_1
Change Net Name : Old Net Name=NetC6_2 New Net Name=NetC8_2
Change Net Name : Old Net Name=NetC8_1 New Net Name=NetC11_1
Change Net Name : Old Net Name=NetC8_2 New Net Name=NetC11_2
Change Net Name : Old Net Name=NetC10_1 New Net Name=NetC14_1
Change Net Name : Old Net Name=NetC10_2 New Net Name=NetC14_2
Added Pin To Net: NetName=NetC1_1 Pin=C1-1
Added Pin To Net: NetName=NetC1_1 Pin=U1-3
Added Net: Name=NetC1_1
Added Pin To Net: NetName=NetC4_1 Pin=C4-1
Added Pin To Net: NetName=NetC4_1 Pin=U4-3
Added Net: Name=NetC4_1
Added Pin To Net: NetName=NetC9_1 Pin=C9-1
Added Pin To Net: NetName=NetC9_1 Pin=U7-3
Added Net: Name=NetC9_1
Added Pin To Net: NetName=NetC12_1 Pin=C12-1
Added Pin To Net: NetName=NetC12_1 Pin=U9-3
Added Net: Name=NetC12_1
Added Member To Class: ClassName=tach key Member=Component C12 Cap Semi
Added Member To Class: ClassName=tach key Member=Component C13 Cap Semi
Added Member To Class: ClassName=tach key Member=Component C14 =Value
Added Member To Class: ClassName=tach key Member=Component C15 =Value
