Change Component Designator: OldDesignator=C1 NewDesignator=C2
Change Component Designator: OldDesignator=C2 NewDesignator=C3
Added Component: Designator=C1(CAP-30)
Added Component: Designator=T1(phoenix terminal 6)
Add component (AddParameter): Name = "ComponentLinkURL"; Value = "www.picpars.com"; VariantName = "[No Variations]"
Add component (AddParameter): Name = "Designer"; Value = "Seyed Mohsen Ghasemain"; VariantName = "[No Variations]"
Add component (AddParameter): Name = "E-mail"; Value = "picpars@gmail.com"; VariantName = "[No Variations]"
Change Net Name : Old Net Name=NetC2_2 New Net Name=NetC3_2
Change Net Name : Old Net Name=o1 New Net Name=NetP1_2
Change Net Name : Old Net Name=o2 New Net Name=NetP2_2
Change Net Name : Old Net Name=o3 New Net Name=NetP3_2
Change Net Name : Old Net Name=o4 New Net Name=NetP4_2
Added Pin To Net: NetName=faz Pin=K1-1
Added Pin To Net: NetName=faz Pin=K2-1
Added Pin To Net: NetName=faz Pin=K3-1
Added Pin To Net: NetName=faz Pin=K4-1
Added Pin To Net: NetName=faz Pin=T1-6
Added Net: Name=faz
Added Member To Class: ClassName=tach key Member=Component C3 =Value
Added Member To Class: ClassName=tach key Member=Component T1 Phoenix terminal
