Removed Pin From Net: NetName=o1 Pin=R4-1
Removed Pin From Net: NetName=o1 Pin=R15-1
Removed Pin From Net: NetName=o1 Pin=R19-1
Removed Pin From Net: NetName=o4 Pin=T1-1
Removed Pin From Net: NetName=o3 Pin=T1-2
Removed Pin From Net: NetName=nol Pin=T1-3
Removed Pin From Net: NetName=faz Pin=T1-4
Removed Pin From Net: NetName=o2 Pin=T1-5
Removed Pin From Net: NetName=o1 Pin=T1-6
Change Component Designator: OldDesignator=C8 NewDesignator=C6
Change Component Designator: OldDesignator=D6 NewDesignator=D5
Change Component Designator: OldDesignator=D7 NewDesignator=D6
Change Component Designator: OldDesignator=P? NewDesignator=P1
Change Component Designator: OldDesignator=R7 NewDesignator=R6
Change Component Designator: OldDesignator=R8 NewDesignator=R7
Change Component Designator: OldDesignator=R12 NewDesignator=R11
Change Component Designator: OldDesignator=R13 NewDesignator=R12
Change Component Designator: OldDesignator=R14 NewDesignator=R13
Change Component Designator: OldDesignator=R15 NewDesignator=R14
Change Component Designator: OldDesignator=R16 NewDesignator=R15
Change Component Designator: OldDesignator=R17 NewDesignator=R16
Change Component Designator: OldDesignator=R18 NewDesignator=R17
Change Component Designator: OldDesignator=R19 NewDesignator=R18
Added Component: Designator=C7(CAP-30)
Added Component: Designator=C8(ELEC-CAP-RAD10-20)
Added Component: Designator=D7(DO-41)
Add component (AddParameter): Name = "MODEL"; Value = "1N4148"; VariantName = "[No Variations]"
Added Component: Designator=P2(HDR2X3)
Add component (AddParameter): Name = "LatestRevisionDate"; Value = "17-Jul-2002"; VariantName = "[No Variations]"
Add component (AddParameter): Name = "LatestRevisionNote"; Value = "Re-released for DXP Platform."; VariantName = "[No Variations]"
Add component (AddParameter): Name = "Publisher"; Value = "Altium Limited"; VariantName = "[No Variations]"
Added Component: Designator=R2(RES 1206 (3216X08L))
Add component (AddParameter): Name = "Power"; Value = "1/4 W"; VariantName = "[No Variations]"
Add component (AddParameter): Name = "Tolerance"; Value = "5%"; VariantName = "[No Variations]"
Add component (AddParameter): Name = "Value"; Value = "10K"; VariantName = "[No Variations]"
Added Component: Designator=R3(RES 1206 (3216X08L))
Add component (AddParameter): Name = "Power"; Value = "1/4 W"; VariantName = "[No Variations]"
Add component (AddParameter): Name = "Tolerance"; Value = "5%"; VariantName = "[No Variations]"
Add component (AddParameter): Name = "Value"; Value = "10K"; VariantName = "[No Variations]"
Added Component: Designator=R8(RES 1206 (3216X08L))
Add component (AddParameter): Name = "Power"; Value = "1/4 W"; VariantName = "[No Variations]"
Add component (AddParameter): Name = "Tolerance"; Value = "5%"; VariantName = "[No Variations]"
Add component (AddParameter): Name = "Value"; Value = "10K"; VariantName = "[No Variations]"
Added Component: Designator=R9(Res-(1/4))
Add component (AddParameter): Name = "Power"; Value = "1/4 W"; VariantName = "[No Variations]"
Add component (AddParameter): Name = "Tolerance"; Value = "5%"; VariantName = "[No Variations]"
Add component (AddParameter): Name = "Value"; Value = "10K"; VariantName = "[No Variations]"
Added Component: Designator=R10(Res-(1/4))
Add component (AddParameter): Name = "Power"; Value = "1/4 W"; VariantName = "[No Variations]"
Add component (AddParameter): Name = "Tolerance"; Value = "5%"; VariantName = "[No Variations]"
Add component (AddParameter): Name = "Value"; Value = "10K"; VariantName = "[No Variations]"
Added Component: Designator=U5(SOIC245P670X270-4N)
Add component (AddParameter): Name = "Digi-Key_Part_Number"; Value = "MB6SCT-ND"; VariantName = "[No Variations]"
Add component (AddParameter): Name = "Digi-Key_Purchase_URL"; Value = "https://www.digikey.com.tr/product-detail/en/on-semiconductor/MB6S/MB6SCT-ND/965654?utm_source=snapeda&utm_medium=aggregator&utm_campaign=symbol"; VariantName = "[No Variations]"
Add component (AddParameter): Name = "MF"; Value = "ON Semiconductor"; VariantName = "[No Variations]"
Add component (AddParameter): Name = "MP"; Value = "MB6S"; VariantName = "[No Variations]"
Add component (AddParameter): Name = "Package"; Value = "BESOP-4 Surge Components"; VariantName = "[No Variations]"
Add component (AddParameter): Name = "SnapEDA_Link"; Value = "https://www.snapeda.com/parts/MB6S/ON%20Semiconductor/view-part/2774209/?ref=snap"; VariantName = "[No Variations]"
Add component (AddParameter): Name = "Value"; Value = ""; VariantName = "[No Variations]"
Added Component: Designator=U10(TO-220)
Added Pin To Net: NetName=faz Pin=C7-1
Added Pin To Net: NetName=GND Pin=C8-1
Added Pin To Net: NetName=VCC Pin=C8-2
Added Pin To Net: NetName=GND Pin=D7-1
Added Pin To Net: NetName=VCC Pin=D7-2
Added Pin To Net: NetName=GND Pin=P2-5
Added Pin To Net: NetName=VCC Pin=P2-6
Added Pin To Net: NetName=NetR2_1 Pin=R2-1
Added Pin To Net: NetName=faz Pin=R2-2
Added Pin To Net: NetName=NetC3_2 Pin=R3-1
Added Pin To Net: NetName=faz Pin=R3-2
Added Pin To Net: NetName=faz Pin=R9-2
Added Pin To Net: NetName=NetR10_1 Pin=R10-1
Added Pin To Net: NetName=nol Pin=R10-2
Added Pin To Net: NetName=VCC Pin=U5-1
Added Pin To Net: NetName=GND Pin=U5-2
Added Pin To Net: NetName=NetR10_1 Pin=U5-4
Added Pin To Net: NetName=VCC Pin=U10-1
Added Pin To Net: NetName=GND Pin=U10-2
Added Pin To Net: NetName=vDD Pin=U10-3
Change Net Name : Old Net Name=NetC8_1 New Net Name=NetC6_1
Change Net Name : Old Net Name=NetC8_2 New Net Name=NetC6_2
Change Net Name : Old Net Name=NetD7_3 New Net Name=NetD6_3
Change Net Name : Old Net Name=NetR8_1 New Net Name=NetR7_1
Change Net Name : Old Net Name=NetR12_1 New Net Name=NetR11_1
Change Net Name : Old Net Name=NetR14_1 New Net Name=NetR13_1
Change Net Name : Old Net Name=NetR15_2 New Net Name=NetR14_2
Change Net Name : Old Net Name=NetR16_1 New Net Name=NetR15_1
Change Net Name : Old Net Name=NetR18_1 New Net Name=NetR17_1
Change Net Name : Old Net Name=NetR19_2 New Net Name=NetR18_2
Added Pin To Net: NetName=NetC7_2 Pin=C7-2
Added Pin To Net: NetName=NetC7_2 Pin=R9-1
Added Pin To Net: NetName=NetC7_2 Pin=U5-3
Added Net: Name=NetC7_2
Added Pin To Net: NetName=NetR8_2 Pin=R8-2
Added Pin To Net: NetName=NetR8_2 Pin=U3-2
Added Net: Name=NetR8_2
Added Pin To Net: NetName=o11 Pin=P2-2
Added Pin To Net: NetName=o11 Pin=R4-1
Added Net: Name=o11
Added Pin To Net: NetName=o12 Pin=P2-4
Added Pin To Net: NetName=o12 Pin=R8-1
Added Net: Name=o12
Added Pin To Net: NetName=o13 Pin=P2-1
Added Pin To Net: NetName=o13 Pin=R14-1
Added Net: Name=o13
Added Pin To Net: NetName=o14 Pin=P2-3
Added Pin To Net: NetName=o14 Pin=R18-1
Added Net: Name=o14
Added Member To Class: ClassName=tach key Member=Component C7 =Value
Added Member To Class: ClassName=tach key Member=Component C8 =Value
Added Member To Class: ClassName=tach key Member=Component D7 MODEL
Added Member To Class: ClassName=tach key Member=Component P2 Header 3X2
Added Member To Class: ClassName=tach key Member=Component R2 10K
Added Member To Class: ClassName=tach key Member=Component R3 10K
Added Member To Class: ClassName=tach key Member=Component R8 10K
Added Member To Class: ClassName=tach key Member=Component R9 10K
Added Member To Class: ClassName=tach key Member=Component R10 10K
Added Member To Class: ClassName=tach key Member=Component U5 MB6S
Added Member To Class: ClassName=tach key Member=Component U10 L78XXCV
