Change Component Designator: OldDesignator=C2 NewDesignator=C3
Change Component Designator: OldDesignator=C3 NewDesignator=C4
Change Component Designator: OldDesignator=D3 NewDesignator=D4
Change Component Designator: OldDesignator=D4 NewDesignator=D5
Change Component Designator: OldDesignator=R3 NewDesignator=R5
Change Component Designator: OldDesignator=R4 NewDesignator=R6
Change Component Designator: OldDesignator=U1 NewDesignator=U2
Added Component: Designator=C2(ELEC-CAP-RAD10-20)
Added Component: Designator=D3(DO-41)
Add component (AddParameter): Name = "MODEL"; Value = "1N4148"; VariantName = "[No Variations]"
Added Component: Designator=R3(Res-(1/4))
Add component (AddParameter): Name = "Power"; Value = "1/4 W"; VariantName = "[No Variations]"
Add component (AddParameter): Name = "Tolerance"; Value = "5%"; VariantName = "[No Variations]"
Add component (AddParameter): Name = "Value"; Value = "10K"; VariantName = "[No Variations]"
Added Component: Designator=R4(Res-(2/1)-Stand)
Add component (AddParameter): Name = "Power"; Value = "1/4 W"; VariantName = "[No Variations]"
Add component (AddParameter): Name = "Tolerance"; Value = "5%"; VariantName = "[No Variations]"
Add component (AddParameter): Name = "Value"; Value = "10K"; VariantName = "[No Variations]"
Added Component: Designator=THR1(NTC_10mm)
Added Component: Designator=U1(SOIC245P670X270-4N)
Add component (AddParameter): Name = "Digi-Key_Part_Number"; Value = "MB6SCT-ND"; VariantName = "[No Variations]"
Add component (AddParameter): Name = "Digi-Key_Purchase_URL"; Value = "https://www.digikey.com.tr/product-detail/en/on-semiconductor/MB6S/MB6SCT-ND/965654?utm_source=snapeda&utm_medium=aggregator&utm_campaign=symbol"; VariantName = "[No Variations]"
Add component (AddParameter): Name = "MF"; Value = "ON Semiconductor"; VariantName = "[No Variations]"
Add component (AddParameter): Name = "MP"; Value = "MB6S"; VariantName = "[No Variations]"
Add component (AddParameter): Name = "Package"; Value = "BESOP-4 Surge Components"; VariantName = "[No Variations]"
Add component (AddParameter): Name = "SnapEDA_Link"; Value = "https://www.snapeda.com/parts/MB6S/ON%20Semiconductor/view-part/2774209/?ref=snap"; VariantName = "[No Variations]"
Add component (AddParameter): Name = "Value"; Value = ""; VariantName = "[No Variations]"
Change Net Name : Old Net Name=NetC3_2 New Net Name=NetC4_2
Change Net Name : Old Net Name=NetD3_1 New Net Name=NetD4_1
Change Net Name : Old Net Name=NetD4_1 New Net Name=NetD5_1
Added Pin To Net: NetName=NetC1_1 Pin=C1-1
Added Pin To Net: NetName=NetC1_1 Pin=R3-2
Added Net: Name=NetC1_1
Added Pin To Net: NetName=NetC1_2 Pin=C1-2
Added Pin To Net: NetName=NetC1_2 Pin=R3-1
Added Pin To Net: NetName=NetC1_2 Pin=U1-1
Added Net: Name=NetC1_2
Added Pin To Net: NetName=NetC2_1 Pin=C2-1
Added Pin To Net: NetName=NetC2_1 Pin=D3-1
Added Pin To Net: NetName=NetC2_1 Pin=U1-3
Added Net: Name=NetC2_1
Added Pin To Net: NetName=NetC2_2 Pin=C2-2
Added Pin To Net: NetName=NetC2_2 Pin=D3-2
Added Pin To Net: NetName=NetC2_2 Pin=R4-2
Added Net: Name=NetC2_2
Added Pin To Net: NetName=NetR4_1 Pin=R4-1
Added Pin To Net: NetName=NetR4_1 Pin=U1-4
Added Net: Name=NetR4_1
Added Pin To Net: NetName=NetTHR1_2 Pin=THR1-2
Added Pin To Net: NetName=NetTHR1_2 Pin=U1-2
Added Net: Name=NetTHR1_2
Added Member To Class: ClassName=tach key Member=Component C1 =Value
Added Member To Class: ClassName=tach key Member=Component C2 =Value
Added Member To Class: ClassName=tach key Member=Component C4 =Value
Added Member To Class: ClassName=tach key Member=Component D5 D Tunnel1
Added Member To Class: ClassName=tach key Member=Component R5 10K
Added Member To Class: ClassName=tach key Member=Component R6 10K
Added Member To Class: ClassName=tach key Member=Component THR1 =Value
Added Member To Class: ClassName=tach key Member=Component U2 L78XXCV
