Change Component Footprint: Designator=R1 Old Footprint=RES 1206 (3216X08L) New Footprint=RES 0805 (2012X06L)
Change Component Footprint: Designator=R8 Old Footprint=RES 1206 (3216X08L) New Footprint=RES 0805 (2012X06L)
Change Component Footprint: Designator=R14 Old Footprint=RES 1206 (3216X08L) New Footprint=RES 0805 (2012X06L)
Change Component Footprint: Designator=R18 Old Footprint=RES 1206 (3216X08L) New Footprint=RES 0805 (2012X06L)
Added Member To Class: ClassName=tach key Member=Component C1 Cap Semi
Added Member To Class: ClassName=tach key Member=Component C2 =Value
Added Member To Class: ClassName=tach key Member=Component C3 Cap Semi
Added Member To Class: ClassName=tach key Member=Component C4 =Value
Added Member To Class: ClassName=tach key Member=Component C6 =Value
Added Member To Class: ClassName=tach key Member=Component C7 Cap Semi
Added Member To Class: ClassName=tach key Member=Component D1 MODEL
Added Member To Class: ClassName=tach key Member=Component D2 MODEL
Added Member To Class: ClassName=tach key Member=Component D3 BTA16-600CW3G
Added Member To Class: ClassName=tach key Member=Component D4 MODEL
Added Member To Class: ClassName=tach key Member=Component D5 MODEL
Added Member To Class: ClassName=tach key Member=Component R1 10K
Added Member To Class: ClassName=tach key Member=Component R2 10K
Added Member To Class: ClassName=tach key Member=Component R4 10K
Added Member To Class: ClassName=tach key Member=Component R5 10K
Added Member To Class: ClassName=tach key Member=Component R6 10K
Added Member To Class: ClassName=tach key Member=Component R8 10K
Added Member To Class: ClassName=tach key Member=Component R9 10K
Added Member To Class: ClassName=tach key Member=Component R10 10K
Added Member To Class: ClassName=tach key Member=Component R11 10K
Added Member To Class: ClassName=tach key Member=Component R12 10K
Added Member To Class: ClassName=tach key Member=Component R13 10K
Added Member To Class: ClassName=tach key Member=Component R14 10K
Added Member To Class: ClassName=tach key Member=Component R15 10K
Added Member To Class: ClassName=tach key Member=Component U2 K3021P
