Change Component Designator: OldDesignator=C4 NewDesignator=C1
Change Component Designator: OldDesignator=C5 NewDesignator=C2
Change Component Designator: OldDesignator=C6 NewDesignator=C3
Change Component Designator: OldDesignator=C7 NewDesignator=C4
Change Component Designator: OldDesignator=C8 NewDesignator=C5
Change Component Designator: OldDesignator=C10 NewDesignator=C6
Change Component Designator: OldDesignator=C19 NewDesignator=C7
Change Component Designator: OldDesignator=D4 NewDesignator=D3
Change Component Designator: OldDesignator=D14 NewDesignator=D6
Change Component Designator: OldDesignator=D15 NewDesignator=D7
Change Component Designator: OldDesignator=D16 NewDesignator=D8
Change Component Designator: OldDesignator=D17 NewDesignator=D9
Change Component Designator: OldDesignator=D18 NewDesignator=D10
Change Component Designator: OldDesignator=D19 NewDesignator=D11
Change Component Designator: OldDesignator=D? NewDesignator=D1
Change Component Designator: OldDesignator=D? NewDesignator=D2
Change Component Designator: OldDesignator=D? NewDesignator=D5
Change Component Designator: OldDesignator=R7 NewDesignator=R1
Change Component Designator: OldDesignator=R9 NewDesignator=R3
Change Component Designator: OldDesignator=R10 NewDesignator=R2
Change Component Designator: OldDesignator=R12 NewDesignator=R4
Change Component Designator: OldDesignator=R13 NewDesignator=R5
Change Component Designator: OldDesignator=R14 NewDesignator=R6
Change Component Designator: OldDesignator=U2 NewDesignator=U1
Change Component Designator: OldDesignator=U3 NewDesignator=U2
Change Component Designator: OldDesignator=U8 NewDesignator=U4
Change Net Name : Old Net Name=NetC4_1 New Net Name=NetC1_1
Change Net Name : Old Net Name=NetC4_2 New Net Name=NetC1_2
Change Net Name : Old Net Name=NetC5_1 New Net Name=NetC2_1
Change Net Name : Old Net Name=NetC6_1 New Net Name=NetC3_1
Change Net Name : Old Net Name=NetC7_2 New Net Name=NetC4_2
Change Net Name : Old Net Name=NetD14_1 New Net Name=NetD6_1
Change Net Name : Old Net Name=NetD15_1 New Net Name=NetD7_1
Change Net Name : Old Net Name=NetD16_1 New Net Name=NetD8_1
Added Member To Class: ClassName=tach key h Member=Component D1 D Schottky
Added Member To Class: ClassName=tach key h Member=Component D2 D Schottky
