Removed Pin From Net: NetName=GND Pin=C20-2
Removed Pin From Net: NetName=GND Pin=C21-1
Removed Pin From Net: NetName=VCC Pin=C21-2
Removed Pin From Net: NetName=GND Pin=C23-2
Removed Pin From Net: NetName=GND Pin=C24-1
Removed Pin From Net: NetName=VCC Pin=C24-2
Removed Pin From Net: NetName=GND Pin=C26-2
Removed Pin From Net: NetName=GND Pin=C27-1
Removed Pin From Net: NetName=VCC Pin=C27-2
Removed Pin From Net: NetName=GND Pin=D15-2
Removed Pin From Net: NetName=GND Pin=D17-2
Removed Pin From Net: NetName=GND Pin=D19-2
Removed Pin From Net: NetName=VCC Pin=R19-2
Removed Pin From Net: NetName=o21 Pin=R21-2
Removed Pin From Net: NetName=VCC Pin=R22-2
Removed Pin From Net: NetName=o22 Pin=R23-2
Removed Pin From Net: NetName=VCC Pin=R24-2
Removed Pin From Net: NetName=o23 Pin=R25-2
Removed Pin From Net: NetName=GND Pin=U11-2
Removed Pin From Net: NetName=VCC Pin=U11-5
Removed Pin From Net: NetName=VCC Pin=U11-6
Removed Pin From Net: NetName=GND Pin=U12-2
Removed Pin From Net: NetName=VCC Pin=U12-5
Removed Pin From Net: NetName=VCC Pin=U12-6
Removed Pin From Net: NetName=GND Pin=U13-2
Removed Pin From Net: NetName=VCC Pin=U13-5
Removed Pin From Net: NetName=VCC Pin=U13-6
Removed Member From Class: ClassName=tach key Member=C19
Removed Member From Class: ClassName=tach key Member=C20
Removed Member From Class: ClassName=tach key Member=C21
Removed Member From Class: ClassName=tach key Member=C22
Removed Member From Class: ClassName=tach key Member=C23
Removed Member From Class: ClassName=tach key Member=C24
Removed Member From Class: ClassName=tach key Member=C25
Removed Member From Class: ClassName=tach key Member=C26
Removed Member From Class: ClassName=tach key Member=C27
Removed Member From Class: ClassName=tach key Member=D14
Removed Member From Class: ClassName=tach key Member=D15
Removed Member From Class: ClassName=tach key Member=D16
Removed Member From Class: ClassName=tach key Member=D17
Removed Member From Class: ClassName=tach key Member=D18
Removed Member From Class: ClassName=tach key Member=D19
Removed Member From Class: ClassName=tach key Member=R19
Removed Member From Class: ClassName=tach key Member=R20
Removed Member From Class: ClassName=tach key Member=R22
Removed Member From Class: ClassName=tach key Member=R24
Removed Member From Class: ClassName=tach key Member=R25
Removed Member From Class: ClassName=tach key Member=U11
Removed Member From Class: ClassName=tach key Member=U12
Removed Member From Class: ClassName=tach key Member=U13
Change Component Footprint: Designator=P2 Old Footprint=HDR2X3 New Footprint=MHDR2X3
Change Component Footprint: Designator=P3 Old Footprint=HDR2X3 New Footprint=MHDR2X3
Change Class Name : Old Net Name=tach key New Net Name=tach key h
Change Room Name: Old Name=tach key New Name=tach key h
Change Room Scope: Old Scope=InComponentClass('tach key') New Scope=InComponentClass('tach key h')
