Removed Pin From Net: NetName=GND Pin=C2-2
Removed Pin From Net: NetName=GND Pin=C3-1
Removed Pin From Net: NetName=VCC Pin=C3-2
Removed Pin From Net: NetName=GND Pin=C11-2
Removed Pin From Net: NetName=GND Pin=C12-1
Removed Pin From Net: NetName=VCC Pin=C12-2
Removed Pin From Net: NetName=GND Pin=C14-2
Removed Pin From Net: NetName=GND Pin=C15-1
Removed Pin From Net: NetName=VCC Pin=C15-2
Removed Pin From Net: NetName=GND Pin=C17-2
Removed Pin From Net: NetName=GND Pin=C18-1
Removed Pin From Net: NetName=VCC Pin=C18-2
Removed Pin From Net: NetName=GND Pin=D5-2
Removed Pin From Net: NetName=GND Pin=D9-2
Removed Pin From Net: NetName=GND Pin=D11-2
Removed Pin From Net: NetName=GND Pin=D13-2
Removed Pin From Net: NetName=VCC Pin=R1-2
Removed Pin From Net: NetName=o1 Pin=R2-2
Removed Pin From Net: NetName=VCC Pin=R3-2
Removed Pin From Net: NetName=o2 Pin=R4-2
Removed Pin From Net: NetName=VCC Pin=R5-2
Removed Pin From Net: NetName=o3 Pin=R6-2
Removed Pin From Net: NetName=VCC Pin=R8-2
Removed Pin From Net: NetName=GND Pin=U1-2
Removed Pin From Net: NetName=VCC Pin=U1-5
Removed Pin From Net: NetName=VCC Pin=U1-6
Removed Pin From Net: NetName=GND Pin=U4-2
Removed Pin From Net: NetName=VCC Pin=U4-5
Removed Pin From Net: NetName=VCC Pin=U4-6
Removed Pin From Net: NetName=GND Pin=U5-2
Removed Pin From Net: NetName=VCC Pin=U5-5
Removed Pin From Net: NetName=VCC Pin=U5-6
Removed Pin From Net: NetName=GND Pin=U6-2
Removed Pin From Net: NetName=VCC Pin=U6-5
Removed Pin From Net: NetName=VCC Pin=U6-6
Removed Member From Class: ClassName=tach key h Member=C1
Removed Member From Class: ClassName=tach key h Member=C2
Removed Member From Class: ClassName=tach key h Member=C3
Removed Member From Class: ClassName=tach key h Member=C9
Removed Member From Class: ClassName=tach key h Member=C11
Removed Member From Class: ClassName=tach key h Member=C12
Removed Member From Class: ClassName=tach key h Member=C13
Removed Member From Class: ClassName=tach key h Member=C14
Removed Member From Class: ClassName=tach key h Member=C15
Removed Member From Class: ClassName=tach key h Member=C16
Removed Member From Class: ClassName=tach key h Member=C17
Removed Member From Class: ClassName=tach key h Member=C18
Removed Member From Class: ClassName=tach key h Member=D2
Removed Member From Class: ClassName=tach key h Member=D5
Removed Member From Class: ClassName=tach key h Member=D8
Removed Member From Class: ClassName=tach key h Member=D9
Removed Member From Class: ClassName=tach key h Member=D10
Removed Member From Class: ClassName=tach key h Member=D11
Removed Member From Class: ClassName=tach key h Member=D12
Removed Member From Class: ClassName=tach key h Member=D13
Removed Member From Class: ClassName=tach key h Member=K4
Removed Member From Class: ClassName=tach key h Member=K5
Removed Member From Class: ClassName=tach key h Member=K6
Removed Member From Class: ClassName=tach key h Member=R1
Removed Member From Class: ClassName=tach key h Member=R2
Removed Member From Class: ClassName=tach key h Member=R3
Removed Member From Class: ClassName=tach key h Member=R4
Removed Member From Class: ClassName=tach key h Member=R5
Removed Member From Class: ClassName=tach key h Member=R6
Removed Member From Class: ClassName=tach key h Member=R8
Removed Member From Class: ClassName=tach key h Member=R11
Removed Member From Class: ClassName=tach key h Member=U1
Removed Member From Class: ClassName=tach key h Member=U4
Removed Member From Class: ClassName=tach key h Member=U5
Removed Member From Class: ClassName=tach key h Member=U6
