Change Component Designator: OldDesignator=P2 NewDesignator=P1
Change Component Designator: OldDesignator=P3 NewDesignator=P2
Change Component Designator: OldDesignator=P4 NewDesignator=P3
Change Component Designator: OldDesignator=P5 NewDesignator=P4
Change Component Designator: OldDesignator=Q? NewDesignator=Q1
Change Component Designator: OldDesignator=Q? NewDesignator=Q2
Change Component Designator: OldDesignator=Q? NewDesignator=Q3
Change Component Designator: OldDesignator=R7 NewDesignator=R8
Change Component Designator: OldDesignator=R8 NewDesignator=R11
Change Component Designator: OldDesignator=R9 NewDesignator=R12
Change Component Designator: OldDesignator=R10 NewDesignator=R13
Change Component Designator: OldDesignator=R11 NewDesignator=R14
Change Component Designator: OldDesignator=R12 NewDesignator=R7
Change Component Designator: OldDesignator=R13 NewDesignator=R9
Change Component Designator: OldDesignator=R14 NewDesignator=R10
Change Component Designator: OldDesignator=U7 NewDesignator=U6
Change Net Name : Old Net Name=NetP2_1 New Net Name=NetP1_1
Change Net Name : Old Net Name=NetP2_2 New Net Name=NetP1_2
Change Net Name : Old Net Name=NetP2_3 New Net Name=NetP1_3
Added Net: Name=NetU7_2
Added Member To Class: ClassName=tach key h Member=Component Q1 QNPN
Added Member To Class: ClassName=tach key h Member=Component Q3 QNPN
