Change Component Designator: Old Designator=C4 New Designator=C1
Change Component Designator: Old Designator=C5 New Designator=C2
Change Component Designator: Old Designator=C6 New Designator=C3
Change Component Designator: Old Designator=C7 New Designator=C4
Change Component Designator: Old Designator=C8 New Designator=C5
Change Component Designator: Old Designator=C10 New Designator=C6
Change Component Designator: Old Designator=C19 New Designator=C7
Change Component Designator: Old Designator=D4 New Designator=D3
Change Component Designator: Old Designator=D6 New Designator=D4
Change Component Designator: Old Designator=D14 New Designator=D6
Change Component Designator: Old Designator=D15 New Designator=D7
Change Component Designator: Old Designator=D16 New Designator=D8
Change Component Designator: Old Designator=D17 New Designator=D9
Change Component Designator: Old Designator=D18 New Designator=D10
Change Component Designator: Old Designator=D19 New Designator=D11
Change Component Designator: Old Designator=D? New Designator=D1
Change Component Designator: Old Designator=D? New Designator=D2
Change Component Designator: Old Designator=D? New Designator=D5
Change Component Designator: Old Designator=R7 New Designator=R1
Change Component Designator: Old Designator=R9 New Designator=R3
Change Component Designator: Old Designator=R10 New Designator=R2
Change Component Designator: Old Designator=R12 New Designator=R4
Change Component Designator: Old Designator=R13 New Designator=R5
Change Component Designator: Old Designator=R14 New Designator=R6
Change Component Designator: Old Designator=U2 New Designator=U1
Change Component Designator: Old Designator=U3 New Designator=U2
Change Component Designator: Old Designator=U8 New Designator=U4
Change Component Designator: Old Designator=U? New Designator=U3
