Removed Pin From Net: NetName=o21 Pin=R12-1
Removed Pin From Net: NetName=o1 Pin=R12-2
Removed Pin From Net: NetName=o23 Pin=R13-1
Removed Pin From Net: NetName=o3 Pin=R13-2
Removed Pin From Net: NetName=o22 Pin=R14-1
Removed Pin From Net: NetName=o2 Pin=R14-2
Added Pin To Net: NetName=o1 Pin=R12-1
Added Pin To Net: NetName=o2 Pin=R13-1
Added Pin To Net: NetName=o3 Pin=R14-1
Added Pin To Net: NetName=NetP2_1 Pin=P2-1
Added Pin To Net: NetName=NetP2_1 Pin=R12-2
Added Net: Name=NetP2_1
Added Pin To Net: NetName=NetP2_2 Pin=P2-2
Added Pin To Net: NetName=NetP2_2 Pin=R13-2
Added Net: Name=NetP2_2
Added Pin To Net: NetName=NetP2_3 Pin=P2-3
Added Pin To Net: NetName=NetP2_3 Pin=R14-2
Added Net: Name=NetP2_3
Added Member To Class: ClassName=tach key h Member=Component P2 Header 4
Added Member To Class: ClassName=tach key h Member=Component P3 Header 4
