Removed Pin From Net: NetName=VCC Pin=P3-1
Removed Pin From Net: NetName=o1 Pin=P3-2
Removed Pin From Net: NetName=o2 Pin=P3-3
Removed Pin From Net: NetName=o3 Pin=P3-4
Removed Pin From Net: NetName=VCC Pin=P4-1
Removed Pin From Net: NetName=o21 Pin=P4-2
Removed Pin From Net: NetName=o22 Pin=P4-3
Removed Pin From Net: NetName=o23 Pin=P4-4
Add Component: Footprint Not Found minimelf
Add Pin To Net: Unknown Pin: Pin D4-1
Add Pin To Net: Unknown Pin: Pin D4-2
Added Pin To Net: NetName=o1 Pin=P3-1
Added Pin To Net: NetName=o2 Pin=P3-2
Added Pin To Net: NetName=o3 Pin=P3-3
Added Pin To Net: NetName=VCC Pin=P3-4
Added Pin To Net: NetName=o21 Pin=P4-1
Added Pin To Net: NetName=o22 Pin=P4-2
Added Pin To Net: NetName=o23 Pin=P4-3
Added Pin To Net: NetName=VCC Pin=P4-4
Add Class Member: Failed to add class member : Component D4 18 Zener
