Removed Pin From Net: NetName=o3 Pin=P1-1
Removed Pin From Net: NetName=o1 Pin=P1-2
Removed Pin From Net: NetName=o4 Pin=P1-3
Removed Pin From Net: NetName=o2 Pin=P1-4
Removed Pin From Net: NetName=GND Pin=P1-5
Removed Pin From Net: NetName=VCC Pin=P1-6
Removed Pin From Net: NetName=o13 Pin=P4-2
Removed Pin From Net: NetName=o11 Pin=P4-3
Removed Member From Class: ClassName=tach key h Member=P1
Added Component: Designator=P2(MHDR2X3)
Add component (AddParameter): Name = "LatestRevisionDate"; Value = "17-Jul-2002"; VariantName = "[No Variations]"
Add component (AddParameter): Name = "LatestRevisionNote"; Value = "Re-released for DXP Platform."; VariantName = "[No Variations]"
Add component (AddParameter): Name = "Publisher"; Value = "Altium Limited"; VariantName = "[No Variations]"
Added Pin To Net: NetName=o13 Pin=P2-1
Added Pin To Net: NetName=o11 Pin=P2-2
Added Pin To Net: NetName=o14 Pin=P2-3
Added Pin To Net: NetName=o12 Pin=P2-4
Added Pin To Net: NetName=GND Pin=P2-5
Added Pin To Net: NetName=NetP2_6 Pin=P2-6
Added Pin To Net: NetName=o1 Pin=P4-1
Added Pin To Net: NetName=o2 Pin=P4-2
Added Pin To Net: NetName=o3 Pin=P4-3
Added Pin To Net: NetName=GND Pin=P4-4
Added Pin To Net: NetName=VCC Pin=P4-5
Added Member To Class: ClassName=tach key h Member=Component P2 Header 3X2
Added Member To Class: ClassName=tach key h Member=Component P4 Header 5
Added Member To Class: ClassName=tach key h Member=Component R9 10K
Added Member To Class: ClassName=tach key h Member=Component R10 10K
Added Member To Class: ClassName=tach key h Member=Component R14 10K
