Change Component Designator: Old Designator=C5 New Designator=C9
Change Component Designator: Old Designator=C6 New Designator=C11
Change Component Designator: Old Designator=C7 New Designator=C12
Change Component Designator: Old Designator=C10 New Designator=C13
Change Component Designator: Old Designator=C11 New Designator=C14
Change Component Designator: Old Designator=C13 New Designator=C15
Change Component Designator: Old Designator=C15 New Designator=C16
Change Component Designator: Old Designator=C16 New Designator=C17
Change Component Designator: Old Designator=C17 New Designator=C18
Change Component Designator: Old Designator=C? New Designator=C4
Change Component Designator: Old Designator=C? New Designator=C5
Change Component Designator: Old Designator=C? New Designator=C6
Change Component Designator: Old Designator=C? New Designator=C7
Change Component Designator: Old Designator=C? New Designator=C8
Change Component Designator: Old Designator=C? New Designator=C10
Change Component Designator: Old Designator=D1 New Designator=D2
Change Component Designator: Old Designator=D2 New Designator=D5
Change Component Designator: Old Designator=D4 New Designator=D8
Change Component Designator: Old Designator=D5 New Designator=D9
Change Component Designator: Old Designator=D8 New Designator=D10
Change Component Designator: Old Designator=D9 New Designator=D11
Change Component Designator: Old Designator=D11 New Designator=D12
Change Component Designator: Old Designator=D12 New Designator=D13
Change Component Designator: Old Designator=D? New Designator=D1
Change Component Designator: Old Designator=D? New Designator=D3
Change Component Designator: Old Designator=D? New Designator=D4
Change Component Designator: Old Designator=D? New Designator=D6
Change Component Designator: Old Designator=D? New Designator=D7
Change Component Designator: Old Designator=K1 New Designator=K4
Change Component Designator: Old Designator=K2 New Designator=K5
Change Component Designator: Old Designator=K3 New Designator=K6
Change Component Designator: Old Designator=K New Designator=K1
Change Component Designator: Old Designator=K? New Designator=K2
Change Component Designator: Old Designator=K? New Designator=K3
Change Component Designator: Old Designator=L? New Designator=L1
Change Component Designator: Old Designator=R5 New Designator=R3
Change Component Designator: Old Designator=R6 New Designator=R4
Change Component Designator: Old Designator=R10 New Designator=R5
Change Component Designator: Old Designator=R12 New Designator=R6
Change Component Designator: Old Designator=R15 New Designator=R7
Change Component Designator: Old Designator=R16 New Designator=R8
Change Component Designator: Old Designator=R19 New Designator=R9
Change Component Designator: Old Designator=R20 New Designator=R10
Change Component Designator: Old Designator=R21 New Designator=R11
Change Component Designator: Old Designator=R22 New Designator=R12
Change Component Designator: Old Designator=R23 New Designator=R13
Change Component Designator: Old Designator=R24 New Designator=R14
Change Component Designator: Old Designator=R25 New Designator=R15
Change Component Designator: Old Designator=U3 New Designator=U4
Change Component Designator: Old Designator=U6 New Designator=U5
Change Component Designator: Old Designator=U8 New Designator=U6
Change Component Designator: Old Designator=U9 New Designator=U7
Change Component Designator: Old Designator=U11 New Designator=U8
Change Component Designator: Old Designator=U? New Designator=U2
Change Component Designator: Old Designator=U? New Designator=U3
