Removed Pin From Net: NetName=GND Pin=Q6-2
Removed Pin From Net: NetName=key- Pin=Q6-3
Removed Member From Class: ClassName=touch-24 Member=Q10
Change Component Designator: OldDesignator=Q3 NewDesignator=Q2
Change Component Designator: OldDesignator=Q4 NewDesignator=Q3
Change Component Designator: OldDesignator=Q7 NewDesignator=Q6
Change Component Designator: OldDesignator=Q8 NewDesignator=Q7
Change Component Designator: OldDesignator=Q9 NewDesignator=Q8
Change Component Designator: OldDesignator=Q10 NewDesignator=Q9
Added Component: Designator=Q4(SOT223_N)
Add component (AddParameter): Name = "Code_IPC"; Value = "SOT223-4"; VariantName = "[No Variations]"
Add component (AddParameter): Name = "Code_JEDEC"; Value = "TO-261-AA-B"; VariantName = "[No Variations]"
Add component (AddParameter): Name = "Code_JEITA"; Value = "SC-75"; VariantName = "[No Variations]"
Add component (AddParameter): Name = "LatestRevisionDate"; Value = "29-May-2009"; VariantName = "[No Variations]"
Add component (AddParameter): Name = "LatestRevisionNote"; Value = "IPC-7351 Footprint Added."; VariantName = "[No Variations]"
Add component (AddParameter): Name = "PackageDescription"; Value = "4-Pin SOT-223 Package 2.3 mm Pitch, 7 mm Lead Span"; VariantName = "[No Variations]"
Add component (AddParameter): Name = "PackageReference"; Value = "SOT223"; VariantName = "[No Variations]"
Add component (AddParameter): Name = "PackageVersion"; Value = "2002"; VariantName = "[No Variations]"
Add component (AddParameter): Name = "Published"; Value = "24-Mar-1999"; VariantName = "[No Variations]"
Add component (AddParameter): Name = "Publisher"; Value = "Altium Limited"; VariantName = "[No Variations]"
Added Pin To Net: NetName=GND Pin=Q4-3
Added Pin To Net: NetName=key- Pin=Q4-4
Change Net Name : Old Net Name=NetQ3_1 New Net Name=NetQ2_1
Change Net Name : Old Net Name=NetQ3_2 New Net Name=NetQ2_2
Change Net Name : Old Net Name=NetQ4_1 New Net Name=NetQ3_1
Change Net Name : Old Net Name=NetQ4_2 New Net Name=NetQ3_2
Change Net Name : Old Net Name=NetQ7_2 New Net Name=NetQ6_2
Change Net Name : Old Net Name=NetQ8_3 New Net Name=NetQ7_3
Change Net Name : Old Net Name=NetQ9_2 New Net Name=NetQ8_2
Change Net Name : Old Net Name=NetQ10_2 New Net Name=NetQ9_2
Change Net Name : Old Net Name=NetQ10_3 New Net Name=NetQ9_3
Added Pin To Net: NetName=NetQ4_1 Pin=Q4-1
Added Pin To Net: NetName=NetQ4_1 Pin=R6-2
Added Pin To Net: NetName=NetQ4_1 Pin=Q6-3
Added Net: Name=NetQ4_1
Added Member To Class: ClassName=touch-24 Member=Component Q4 MOSFET-P4
