Change Component Designator: OldDesignator=C2 NewDesignator=C3
Change Component Designator: OldDesignator=C3 NewDesignator=C4
Change Component Designator: OldDesignator=C4 NewDesignator=C2
Change Component Designator: OldDesignator=D5 NewDesignator=D6
Change Component Designator: OldDesignator=D6 NewDesignator=D5
Change Component Designator: OldDesignator=D7 NewDesignator=D8
Change Component Designator: OldDesignator=D8 NewDesignator=D7
Change Component Designator: OldDesignator=D9 NewDesignator=D10
Change Component Designator: OldDesignator=D10 NewDesignator=D9
Change Component Designator: OldDesignator=D11 NewDesignator=D12
Change Component Designator: OldDesignator=D12 NewDesignator=D11
Change Component Designator: OldDesignator=Q7 NewDesignator=Q8
Change Component Designator: OldDesignator=Q8 NewDesignator=Q9
Change Component Designator: OldDesignator=Q9 NewDesignator=Q10
Change Component Designator: OldDesignator=R8 NewDesignator=R9
Change Component Designator: OldDesignator=R9 NewDesignator=R10
Change Component Designator: OldDesignator=R10 NewDesignator=R11
Change Component Designator: OldDesignator=R11 NewDesignator=R12
Change Component Designator: OldDesignator=R12 NewDesignator=R13
Change Component Designator: OldDesignator=R13 NewDesignator=R14
Added Component: Designator=Q7(SOT-23B_L)
Add component (AddParameter): Name = "LatestRevisionDate"; Value = "29-May-2009"; VariantName = "[No Variations]"
Add component (AddParameter): Name = "LatestRevisionNote"; Value = "IPC-7351 Footprint Added."; VariantName = "[No Variations]"
Add component (AddParameter): Name = "PackageDescription"; Value = "3-Pin SOT-23 Package 0.95 mm Pitch, 2.4 mm Lead Span"; VariantName = "[No Variations]"
Add component (AddParameter): Name = "PackageReference"; Value = "SOT-23B"; VariantName = "[No Variations]"
Add component (AddParameter): Name = "PackageVersion"; Value = "Aug-1999"; VariantName = "[No Variations]"
Add component (AddParameter): Name = "Published"; Value = "8-Jun-2000"; VariantName = "[No Variations]"
Add component (AddParameter): Name = "Publisher"; Value = "Altium Limited"; VariantName = "[No Variations]"
Added Component: Designator=R8(RES 1206 (3216X08L))
Add component (AddParameter): Name = "Power"; Value = "1/4 W"; VariantName = "[No Variations]"
Add component (AddParameter): Name = "Tolerance"; Value = "5%"; VariantName = "[No Variations]"
Add component (AddParameter): Name = "Value"; Value = "10K"; VariantName = "[No Variations]"
Added Pin To Net: NetName=vcc Pin=Buzzer1-1
Added Pin To Net: NetName=GND Pin=Q7-2
Change Net Name : Old Net Name=NetD5_2 New Net Name=NetD6_2
Change Net Name : Old Net Name=NetD6_2 New Net Name=NetD5_2
Change Net Name : Old Net Name=NetD7_2 New Net Name=NetD8_2
Change Net Name : Old Net Name=NetD8_2 New Net Name=NetD7_2
Change Net Name : Old Net Name=NetD9_2 New Net Name=NetD10_2
Change Net Name : Old Net Name=NetD10_2 New Net Name=NetD9_2
Change Net Name : Old Net Name=NetD11_2 New Net Name=NetD12_2
Change Net Name : Old Net Name=NetD12_2 New Net Name=NetD11_2
Change Net Name : Old Net Name=NetQ7_3 New Net Name=NetQ8_3
Change Net Name : Old Net Name=NetQ8_2 New Net Name=NetQ9_2
Change Net Name : Old Net Name=NetQ8_3 New Net Name=NetQ9_3
Change Net Name : Old Net Name=NetQ9_2 New Net Name=NetQ10_2
Change Net Name : Old Net Name=NetR8_2 New Net Name=NetR9_2
Added Pin To Net: NetName=bizer Pin=R8-1
Added Net: Name=bizer
Added Pin To Net: NetName=NetBuzzer1_2 Pin=Buzzer1-2
Added Pin To Net: NetName=NetBuzzer1_2 Pin=Q7-3
Added Net: Name=NetBuzzer1_2
Added Pin To Net: NetName=NetQ7_2 Pin=R8-2
Added Pin To Net: NetName=NetQ7_2 Pin=Q7-1
Added Net: Name=NetQ7_2
Added Member To Class: ClassName=touch-24 Member=Component Buzzer1 Buzzer
Added Member To Class: ClassName=touch-24 Member=Component Q10 QNPN
Added Member To Class: ClassName=touch-24 Member=Component R14 10K
