Added Component: Designator=R5(Res50)
Add component. Clean all parameters for all variants
Add component (AddParameter): Name = "LatestRevisionDate"; Value = "17-Jul-2002"; VariantName = "[No Variations]"
Add component (AddParameter): Name = "LatestRevisionNote"; Value = "Re-released for DXP Platform."; VariantName = "[No Variations]"
Add component (AddParameter): Name = "PackageDescription"; Value = "Axial Device, Thru-Hole; 2 Leads; 0.4 in Pin Spacing"; VariantName = "[No Variations]"
Add component (AddParameter): Name = "PackageReference"; Value = "AXIAL-0.4"; VariantName = "[No Variations]"
Add component (AddParameter): Name = "Published"; Value = "8-Jun-2000"; VariantName = "[No Variations]"
Add component (AddParameter): Name = "Publisher"; Value = "Altium Limited"; VariantName = "[No Variations]"
Added Pin To Net: NetName=NetMOC1_6 Pin=MOC1-6
Added Pin To Net: NetName=NetMOC1_6 Pin=Q1-3
Added Net: Name=NetMOC1_6
Added Pin To Net: NetName=NetQ1_2 Pin=Q1-2
Added Pin To Net: NetName=NetQ1_2 Pin=R5-2
Added Net: Name=NetQ1_2
Added Member To Class: ClassName=smart home Member=Component D2 Diode 1N4007
Added Member To Class: ClassName=smart home Member=Component D3 LED 3mm
Added Member To Class: ClassName=smart home Member=Component D4 LED 3mm
Added Member To Class: ClassName=smart home Member=Component K2 Relay-12vDC
Added Member To Class: ClassName=smart home Member=Component R3 Res2
Added Member To Class: ClassName=smart home Member=Component R4 Res2
Added Member To Class: ClassName=smart home Member=Component R5 Res2
Added Member To Class: ClassName=smart home Member=Component U3 LM1117MP-3.3
