Removed Pin From Net: NetName=GND Pin=E1-1
Removed Pin From Net: NetName=vDD Pin=E2-1
Removed Pin From Net: NetName=GND Pin=J1-2A
Removed Pin From Net: NetName=GND Pin=J1-2B
Removed Pin From Net: NetName=GND Pin=J1-2
Removed Pin From Net: NetName=GND Pin=J1-3A
Removed Pin From Net: NetName=GND Pin=J1-3B
Removed Pin From Net: NetName=GND Pin=J1-3
Removed Pin From Net: NetName=vDD Pin=J4-1
Removed Pin From Net: NetName=GND Pin=J4-4
Removed Pin From Net: NetName=vDD Pin=J5-1
Removed Pin From Net: NetName=GND Pin=J5-2
Removed Pin From Net: NetName=vDD Pin=J7-2
Removed Pin From Net: NetName=rst Pin=J7-3
Removed Pin From Net: NetName=GND Pin=J7-6
Removed Pin From Net: NetName=GND Pin=J8-3
Removed Pin From Net: NetName=vDD Pin=J8-4
Removed Pin From Net: NetName=rst Pin=JP2-1
Removed Pin From Net: NetName=rst Pin=JP2-2
Removed Pin From Net: NetName=rst Pin=JP3-1
Removed Pin From Net: NetName=rst Pin=JP3-2
Removed Pin From Net: NetName=btn Pin=JP4-1
Removed Pin From Net: NetName=btn Pin=JP4-2
Removed Pin From Net: NetName=vDD Pin=JP5-1
Removed Pin From Net: NetName=vDD Pin=JP5-2
Removed Pin From Net: NetName=vDD Pin=JP10-1
Removed Pin From Net: NetName=vDD Pin=JP10-2
Removed Pin From Net: NetName=vesp Pin=T6-1
Removed Pin From Net: NetName=GND Pin=T6-2
Removed Pin From Net: NetName=GND Pin=U1-3
Removed Pin From Net: NetName=GND Pin=U2-3
Removed Pin From Net: NetName=rst Pin=U4-1
Removed Pin From Net: NetName=btn Pin=U4-18
Removed Member From Class: ClassName=smart home Member=C2
Removed Member From Class: ClassName=smart home Member=D1
Removed Member From Class: ClassName=smart home Member=D2
Removed Member From Class: ClassName=smart home Member=D3
Removed Member From Class: ClassName=smart home Member=D4
Removed Member From Class: ClassName=smart home Member=E1
Removed Member From Class: ClassName=smart home Member=E2
Removed Member From Class: ClassName=smart home Member=E3
Removed Member From Class: ClassName=smart home Member=J1
Removed Member From Class: ClassName=smart home Member=J2
Removed Member From Class: ClassName=smart home Member=J3
Removed Member From Class: ClassName=smart home Member=J4
Removed Member From Class: ClassName=smart home Member=J5
Removed Member From Class: ClassName=smart home Member=J6
Removed Member From Class: ClassName=smart home Member=J7
Removed Member From Class: ClassName=smart home Member=J8
Removed Member From Class: ClassName=smart home Member=JP2
Removed Member From Class: ClassName=smart home Member=JP3
Removed Member From Class: ClassName=smart home Member=JP4
Removed Member From Class: ClassName=smart home Member=JP5
Removed Member From Class: ClassName=smart home Member=JP6
Removed Member From Class: ClassName=smart home Member=JP7
Removed Member From Class: ClassName=smart home Member=JP8
Removed Member From Class: ClassName=smart home Member=JP9
Removed Member From Class: ClassName=smart home Member=JP10
Removed Member From Class: ClassName=smart home Member=JP11
Removed Member From Class: ClassName=smart home Member=JP12
Removed Member From Class: ClassName=smart home Member=K1
Removed Member From Class: ClassName=smart home Member=K2
Removed Member From Class: ClassName=smart home Member=R3
Removed Member From Class: ClassName=smart home Member=R4
Removed Member From Class: ClassName=smart home Member=R5
Removed Member From Class: ClassName=smart home Member=T3
Removed Member From Class: ClassName=smart home Member=T4
Removed Member From Class: ClassName=smart home Member=T5
Removed Member From Class: ClassName=smart home Member=T6
Removed Member From Class: ClassName=smart home Member=U3
Removed Member From Class: ClassName=smart home Member=U4
Change Component Footprint: Designator=T1 Old Footprint=phoenix terminal R 3 New Footprint=phoenix terminal R 2
Change Component Footprint: Designator=T2 Old Footprint=phoenix terminal R 3 New Footprint=phoenix terminal R 2
Change Component Designator: OldDesignator=R5 NewDesignator=R1
Change Component Designator: OldDesignator=U3 NewDesignator=U1
Change Component Designator: OldDesignator=U4 NewDesignator=U2
Change component parameters: Designator = "R2"; Footprint = "Res50"; UniqueID = "\GJXVWVVY"
Change component parameters. Clean all parameters for all variants
Change component parameters (AddParameter): Name = "LatestRevisionDate"; Value = "17-Jul-2002"; VariantName = "[No Variations]"
Change component parameters (AddParameter): Name = "LatestRevisionNote"; Value = "Re-released for DXP Platform."; VariantName = "[No Variations]"
Change component parameters (AddParameter): Name = "PackageDescription"; Value = "Axial Device, Thru-Hole; 2 Leads; 0.4 in Pin Spacing"; VariantName = "[No Variations]"
Change component parameters (AddParameter): Name = "PackageReference"; Value = "AXIAL-0.4"; VariantName = "[No Variations]"
Change component parameters (AddParameter): Name = "Published"; Value = "8-Jun-2000"; VariantName = "[No Variations]"
Change component parameters (AddParameter): Name = "Publisher"; Value = "Altium Limited"; VariantName = "[No Variations]"
Added Pin To Net: NetName=vesp Pin=MOC1-1
Added Pin To Net: NetName=NetMOC1_6 Pin=R2-1
Added Pin To Net: NetName=NetQ1_2 Pin=T1-1
Added Pin To Net: NetName=NetMOC1_4 Pin=MOC1-4
Added Pin To Net: NetName=NetMOC1_4 Pin=R1-1
Added Net: Name=NetMOC1_4
Added Pin To Net: NetName=NetQ1_1 Pin=Q1-1
Added Pin To Net: NetName=NetQ1_1 Pin=R2-2
Added Pin To Net: NetName=NetQ1_1 Pin=T2-2
Added Net: Name=NetQ1_1
Added Pin To Net: NetName=NetT1_2 Pin=T1-2
Added Pin To Net: NetName=NetT1_2 Pin=T2-1
Added Net: Name=NetT1_2
Added Pin To Net: NetName=out Pin=MOC1-2
Added Net: Name=out
Added Pin To Net: NetName=rstsim Pin=U2-1
Added Net: Name=rstsim
