Change Component Designator: Old Designator=C4 New Designator=C2
Change Component Designator: Old Designator=D2 New Designator=D1
Change Component Designator: Old Designator=D5 New Designator=D2
Change Component Designator: Old Designator=D6 New Designator=D3
Change Component Designator: Old Designator=D8 New Designator=D4
Change Component Designator: Old Designator=K2 New Designator=K1
Change Component Designator: Old Designator=K4 New Designator=K2
Change Component Designator: Old Designator=MOC3021 New Designator=MOC1
Change Component Designator: Old Designator=Q? New Designator=Q1
Change Component Designator: Old Designator=R2 New Designator=R1
Change Component Designator: Old Designator=R4 New Designator=R2
Change Component Designator: Old Designator=R7 New Designator=R3
Change Component Designator: Old Designator=R8 New Designator=R4
Change Component Designator: Old Designator=T2 New Designator=T1
Change Component Designator: Old Designator=T4 New Designator=T2
Change Component Designator: Old Designator=T9 New Designator=T3
Change Component Designator: Old Designator=T10 New Designator=T4
Change Component Designator: Old Designator=T13 New Designator=T5
Change Component Designator: Old Designator=T14 New Designator=T6
Change Component Designator: Old Designator=U3 New Designator=U1
Change Component Designator: Old Designator=U4 New Designator=U2
Change Component Designator: Old Designator=U5 New Designator=U3
Change Component Designator: Old Designator=U9 New Designator=U4
