Removed Pin From Net: NetName=vcc Pin=R8-1
Change Footprint: Footprint Not Found minimelf
Add Component: Footprint Not Found MP04A_N
Add Pin To Net: Unknown Pin: Pin LS2-1
Add Pin To Net: Unknown Pin: Pin LS2-2
Added Pin To Net: NetName=+12v Pin=R8-1
Add Pin To Net: Unknown Pin: Pin U1-1
Add Pin To Net: Unknown Pin: Pin U1-2
Add Pin To Net: Unknown Pin: Pin U1-3
Add Pin To Net: Unknown Pin: Pin U1-4
Added Member To Class: ClassName=clock-temp-touch-sw Member=Component C4 =Value
Added Member To Class: ClassName=clock-temp-touch-sw Member=Component C5 =Value
Added Member To Class: ClassName=clock-temp-touch-sw Member=Component D5 D Schottky
Added Member To Class: ClassName=clock-temp-touch-sw Member=Component D22 D Tunnel1
Added Member To Class: ClassName=clock-temp-touch-sw Member=Component D23 LHN974_RED_LED_1206
Added Member To Class: ClassName=clock-temp-touch-sw Member=Component D24 LHN974_RED_LED_1206
Added Member To Class: ClassName=clock-temp-touch-sw Member=Component D26 LHN974_RED_LED_1206
Added Member To Class: ClassName=clock-temp-touch-sw Member=Component D28 LHN974_RED_LED_1206
Added Member To Class: ClassName=clock-temp-touch-sw Member=Component D30 LHN974_RED_LED_1206
Added Member To Class: ClassName=clock-temp-touch-sw Member=Component D32 LHN974_RED_LED_1206
Added Member To Class: ClassName=clock-temp-touch-sw Member=Component D34 LHN974_RED_LED_1206
Added Member To Class: ClassName=clock-temp-touch-sw Member=Component D36 LHN974_RED_LED_1206
Added Member To Class: ClassName=clock-temp-touch-sw Member=Component D38 LHN974_RED_LED_1206
Added Member To Class: ClassName=clock-temp-touch-sw Member=Component R1 10K
Added Member To Class: ClassName=clock-temp-touch-sw Member=Component R2 10K
Added Member To Class: ClassName=clock-temp-touch-sw Member=Component R5 10K
Added Member To Class: ClassName=clock-temp-touch-sw Member=Component R8 10K
Added Member To Class: ClassName=clock-temp-touch-sw Member=Component R9 10K
Added Member To Class: ClassName=clock-temp-touch-sw Member=Component R10 10K
Add Class Member: Failed to add class member : Component U1 LM1117MP-3.3
Added Member To Class: ClassName=clock-temp-touch-sw Member=Component U2 MB6S
Added Member To Class: ClassName=clock-temp-touch-sw Member=Component U3 HT7A6312
Added Member To Class: ClassName=clock-temp-touch-sw Member=Component U4 MAX3241ECAI+T
Added Member To Class: ClassName=clock-temp-touch-sw Member=Component U5 MB6S
