Change Component Designator: Old Designator=C4 New Designator=C7
Change Component Designator: Old Designator=C5 New Designator=C8
Change Component Designator: Old Designator=C? New Designator=C1
Change Component Designator: Old Designator=C? New Designator=C2
Change Component Designator: Old Designator=C? New Designator=C3
Change Component Designator: Old Designator=C? New Designator=C4
Change Component Designator: Old Designator=C? New Designator=C5
Change Component Designator: Old Designator=C? New Designator=C6
Change Component Designator: Old Designator=D5 New Designator=D22
Change Component Designator: Old Designator=D22 New Designator=D30
Change Component Designator: Old Designator=D23 New Designator=D31
Change Component Designator: Old Designator=D24 New Designator=D23
Change Component Designator: Old Designator=D25 New Designator=D24
Change Component Designator: Old Designator=D26 New Designator=D25
Change Component Designator: Old Designator=D27 New Designator=D26
Change Component Designator: Old Designator=D28 New Designator=D27
Change Component Designator: Old Designator=D29 New Designator=D28
Change Component Designator: Old Designator=D30 New Designator=D29
Change Component Designator: Old Designator=D31 New Designator=D39
Change Component Designator: Old Designator=D32 New Designator=D40
Change Component Designator: Old Designator=D33 New Designator=D32
Change Component Designator: Old Designator=D34 New Designator=D33
Change Component Designator: Old Designator=D35 New Designator=D34
Change Component Designator: Old Designator=D36 New Designator=D35
Change Component Designator: Old Designator=D37 New Designator=D36
Change Component Designator: Old Designator=D38 New Designator=D37
Change Component Designator: Old Designator=D39 New Designator=D38
Change Component Designator: Old Designator=D? New Designator=D1
Change Component Designator: Old Designator=D? New Designator=D2
Change Component Designator: Old Designator=D? New Designator=D3
Change Component Designator: Old Designator=D? New Designator=D4
Change Component Designator: Old Designator=D? New Designator=D5
Change Component Designator: Old Designator=L? New Designator=L1
Change Component Designator: Old Designator=R3 New Designator=R1
Change Component Designator: Old Designator=R4 New Designator=R3
Change Component Designator: Old Designator=R5 New Designator=R4
Change Component Designator: Old Designator=R6 New Designator=R2
Change Component Designator: Old Designator=R7 New Designator=R5
Change Component Designator: Old Designator=R8 New Designator=R7
Change Component Designator: Old Designator=R9 New Designator=R8
Change Component Designator: Old Designator=R10 New Designator=R6
Change Component Designator: Old Designator=R11 New Designator=R9
Change Component Designator: Old Designator=R12 New Designator=R10
Change Component Designator: Old Designator=U1 New Designator=U4
Change Component Designator: Old Designator=U2 New Designator=U5
Change Component Designator: Old Designator=U3 New Designator=U6
Change Component Designator: Old Designator=U4 New Designator=U7
Change Component Designator: Old Designator=U5 New Designator=U8
Change Component Designator: Old Designator=U? New Designator=U1
Change Component Designator: Old Designator=U? New Designator=U2
Change Component Designator: Old Designator=U? New Designator=U3
