Added Pin To Net: NetName=vDD Pin=R7-2
Added Pin To Net: NetName=vDD Pin=R12-2
Added Pin To Net: NetName=vDD Pin=U1-3
Added Pin To Net: NetName=NetC3_2 Pin=U1-5
Added Pin To Net: NetName=NetC1_2 Pin=U1-6
Added Pin To Net: NetName=vDD Pin=U1-8
Added Pin To Net: NetName=GND Pin=U1-15
Added Pin To Net: NetName=GND Pin=U1-16
Change Net Name : Old Net Name=NetC1_2 New Net Name=i1
Change Net Name : Old Net Name=NetC3_2 New Net Name=i2
Added Pin To Net: NetName=o1 Pin=R11-1
Added Pin To Net: NetName=o1 Pin=U1-21
Added Net: Name=o1
Added Pin To Net: NetName=o2 Pin=R2-1
Added Pin To Net: NetName=o2 Pin=U1-20
Added Net: Name=o2
Added Pin To Net: NetName=o3 Pin=R4-1
Added Pin To Net: NetName=o3 Pin=U1-19
Added Net: Name=o3
Added Pin To Net: NetName=o4 Pin=R6-1
Added Pin To Net: NetName=o4 Pin=U1-7
Added Net: Name=o4
