Removed Pin From Net: NetName=VCC Pin=C5-2
Removed Pin From Net: NetName=GND Pin=C6-1
Removed Pin From Net: NetName=GND Pin=E1-1
Removed Pin From Net: NetName=GND Pin=E2-1
Removed Pin From Net: NetName=vDD Pin=E3-1
Removed Pin From Net: NetName=VCC Pin=E4-1
Removed Member From Class: ClassName=sanati4i4o Member=E1
Removed Member From Class: ClassName=sanati4i4o Member=E2
Removed Member From Class: ClassName=sanati4i4o Member=E3
Removed Member From Class: ClassName=sanati4i4o Member=E4
Removed Member From Class: ClassName=sanati4i4o Member=J?
Change Component Footprint: Designator=C5 Old Footprint=ELEC-CAP-RAD10-20 New Footprint=C1206
Change Component Comment : Designator=C5 Old Comment==Value New Comment=Cap Semi
Change Component Designator: OldDesignator=D1 NewDesignator=D3
Change Component Designator: OldDesignator=D2 NewDesignator=D4
Change Component Designator: OldDesignator=D3 NewDesignator=D5
Change Component Designator: OldDesignator=D4 NewDesignator=D6
Change Component Designator: OldDesignator=D5 NewDesignator=D7
Change Component Designator: OldDesignator=D6 NewDesignator=D8
Change Component Designator: OldDesignator=D7 NewDesignator=D1
Change Component Designator: OldDesignator=D8 NewDesignator=D2
Change Component Designator: OldDesignator=J2 NewDesignator=J3
Change Component Designator: OldDesignator=J? NewDesignator=J2
Change Component Designator: OldDesignator=K1 NewDesignator=K2
Change Component Designator: OldDesignator=K2 NewDesignator=K3
Change Component Designator: OldDesignator=K3 NewDesignator=K4
Change Component Designator: OldDesignator=K4 NewDesignator=K1
Change Component Designator: OldDesignator=Q1 NewDesignator=Q2
Change Component Designator: OldDesignator=Q2 NewDesignator=Q3
Change Component Designator: OldDesignator=Q3 NewDesignator=Q4
Change Component Designator: OldDesignator=Q4 NewDesignator=Q1
Change Component Designator: OldDesignator=R1 NewDesignator=R3
Change Component Designator: OldDesignator=R2 NewDesignator=R4
Change Component Designator: OldDesignator=R3 NewDesignator=R6
Change Component Designator: OldDesignator=R4 NewDesignator=R7
Change Component Designator: OldDesignator=R5 NewDesignator=R13
Change Component Designator: OldDesignator=R6 NewDesignator=R14
Change Component Designator: OldDesignator=R7 NewDesignator=R5
Change Component Designator: OldDesignator=R10 NewDesignator=R1
Change Component Designator: OldDesignator=R11 NewDesignator=R2
Change Component Designator: OldDesignator=R12 NewDesignator=R10
Change Component Designator: OldDesignator=R13 NewDesignator=R11
Change Component Designator: OldDesignator=R14 NewDesignator=R12
Change Component Designator: OldDesignator=T1 NewDesignator=T2
Change Component Designator: OldDesignator=T2 NewDesignator=T3
Change Component Designator: OldDesignator=T3 NewDesignator=T5
Change Component Designator: OldDesignator=T4 NewDesignator=T1
Change Component Designator: OldDesignator=T5 NewDesignator=T4
Change component parameters: Designator = "C5" ("C5"); Footprint = "ELEC-CAP-RAD10-20"; UniqueID = "\HJSETVAI" ("\HJSETVAI")
Change component parameters (AddParameter): Name = "LatestRevisionDate"; Value = "29-May-2009"; VariantName = "[No Variations]"
Change component parameters (AddParameter): Name = "LatestRevisionNote"; Value = "IPC-7351 Footprint Added."; VariantName = "[No Variations]"
Change component parameters (AddParameter): Name = "PackageDescription"; Value = "Chip Capacitor"; VariantName = "[No Variations]"
Change component parameters (AddParameter): Name = "PackageReference"; Value = "C1206"; VariantName = "[No Variations]"
Change component parameters (AddParameter): Name = "Published"; Value = "8-Jun-2000"; VariantName = "[No Variations]"
Change component parameters (AddParameter): Name = "Publisher"; Value = "Altium Limited"; VariantName = "[No Variations]"
Change component parameters (AddParameter): Name = "Value"; Value = "100pF"; VariantName = "[No Variations]"
Added Component: Designator=C7(ELEC-CAP-RAD10-20)
Added Component: Designator=U4(TO-220)
Added Pin To Net: NetName=vDD Pin=C5-2
Added Pin To Net: NetName=VCC Pin=U4-1
Added Pin To Net: NetName=GND Pin=U4-2
Change Net Name : Old Net Name=NetD1_1 New Net Name=NetD3_1
Change Net Name : Old Net Name=NetD2_2 New Net Name=NetD4_2
Change Net Name : Old Net Name=NetD3_1 New Net Name=NetD5_1
Change Net Name : Old Net Name=NetD4_2 New Net Name=NetD6_2
Change Net Name : Old Net Name=NetD5_1 New Net Name=NetD7_1
Change Net Name : Old Net Name=NetD6_2 New Net Name=NetD8_2
Change Net Name : Old Net Name=NetD7_1 New Net Name=NetD1_1
Change Net Name : Old Net Name=NetD8_2 New Net Name=NetD2_2
Change Net Name : Old Net Name=NetK1_1 New Net Name=NetK2_1
Change Net Name : Old Net Name=NetK1_2 New Net Name=NetK2_2
Change Net Name : Old Net Name=NetK1_3 New Net Name=NetK2_3
Change Net Name : Old Net Name=NetK2_1 New Net Name=NetK3_1
Change Net Name : Old Net Name=NetK2_2 New Net Name=NetK3_2
Change Net Name : Old Net Name=NetK2_3 New Net Name=NetK3_3
Change Net Name : Old Net Name=NetK3_1 New Net Name=NetK4_1
Change Net Name : Old Net Name=NetK3_2 New Net Name=NetK4_2
Change Net Name : Old Net Name=NetK3_3 New Net Name=NetK4_3
Change Net Name : Old Net Name=NetK4_1 New Net Name=NetK1_1
Change Net Name : Old Net Name=NetK4_2 New Net Name=NetK1_2
Change Net Name : Old Net Name=NetK4_3 New Net Name=NetK1_3
Change Net Name : Old Net Name=NetQ1_1 New Net Name=NetQ2_1
Change Net Name : Old Net Name=NetQ2_1 New Net Name=NetQ3_1
Change Net Name : Old Net Name=NetQ3_1 New Net Name=NetQ4_1
Change Net Name : Old Net Name=NetQ4_1 New Net Name=NetQ1_1
Change Net Name : Old Net Name=NetR13_1 New Net Name=NetR11_1
Added Pin To Net: NetName=NetU4_3 Pin=U4-3
Added Net: Name=NetU4_3
Added Member To Class: ClassName=sanati4i4o Member=Component C7 =Value
Added Member To Class: ClassName=sanati4i4o Member=Component J3 PWR2.5
Added Member To Class: ClassName=sanati4i4o Member=Component U4 L78XXCV
