Change Component Comment : Designator=K1 Old Comment=Relay-05vDC New Comment=Relay-12vDC
Change Component Designator: OldDesignator=J1 NewDesignator=J2
Change Component Designator: OldDesignator=J2 NewDesignator=J3
Change Component Designator: OldDesignator=J3 NewDesignator=J4
Added Component: Designator=D1(3.2X1.6X1.1)
Add component (AddParameter): Name = "LatestRevisionDate"; Value = "17-Jul-2002"; VariantName = "[No Variations]"
Add component (AddParameter): Name = "LatestRevisionNote"; Value = "Re-released for DXP Platform."; VariantName = "[No Variations]"
Add component (AddParameter): Name = "PackageDescription"; Value = "SM LED; 2 Flat Leads"; VariantName = "[No Variations]"
Add component (AddParameter): Name = "PackageReference"; Value = "3.2X1.6X1.1"; VariantName = "[No Variations]"
Add component (AddParameter): Name = "PackageVersion"; Value = "Feb-2002"; VariantName = "[No Variations]"
Add component (AddParameter): Name = "Published"; Value = "8-Jun-2000"; VariantName = "[No Variations]"
Add component (AddParameter): Name = "Publisher"; Value = "Altium Limited"; VariantName = "[No Variations]"
Added Component: Designator=D2(LED-3mm)
Add component (AddParameter): Name = "Designer"; Value = "Seyed Mohsen Ghasemian"; VariantName = "[No Variations]"
Add component (AddParameter): Name = "PackageDescription"; Value = "LED; 2 Leads"; VariantName = "[No Variations]"
Add component (AddParameter): Name = "PackageReference"; Value = "LED"; VariantName = "[No Variations]"
Add component (AddParameter): Name = "Published"; Value = "02/04/2012"; VariantName = "[No Variations]"
Add component (AddParameter): Name = "Publisher"; Value = "www.picpars.com"; VariantName = "[No Variations]"
Added Component: Designator=E1(PIN1)
Add component (AddParameter): Name = "LatestRevisionDate"; Value = "17-Jul-2002"; VariantName = "[No Variations]"
Add component (AddParameter): Name = "LatestRevisionNote"; Value = "Re-released for DXP Platform."; VariantName = "[No Variations]"
Add component (AddParameter): Name = "PackageReference"; Value = "PIN1"; VariantName = "[No Variations]"
Add component (AddParameter): Name = "Published"; Value = "24-Mar-1999"; VariantName = "[No Variations]"
Add component (AddParameter): Name = "Publisher"; Value = "Altium Limited"; VariantName = "[No Variations]"
Added Component: Designator=E2(PIN1)
Add component (AddParameter): Name = "LatestRevisionDate"; Value = "17-Jul-2002"; VariantName = "[No Variations]"
Add component (AddParameter): Name = "LatestRevisionNote"; Value = "Re-released for DXP Platform."; VariantName = "[No Variations]"
Add component (AddParameter): Name = "PackageReference"; Value = "PIN1"; VariantName = "[No Variations]"
Add component (AddParameter): Name = "Published"; Value = "24-Mar-1999"; VariantName = "[No Variations]"
Add component (AddParameter): Name = "Publisher"; Value = "Altium Limited"; VariantName = "[No Variations]"
Added Component: Designator=J1(KF300-3 PIN)
Added Component: Designator=Q1(SOT23-3)
Add component (AddParameter): Name = "Availability"; Value = "Unavailable"; VariantName = "[No Variations]"
Add component (AddParameter): Name = "MF"; Value = "Micro Commercial"; VariantName = "[No Variations]"
Add component (AddParameter): Name = "MP"; Value = "MMBT3904-TP"; VariantName = "[No Variations]"
Add component (AddParameter): Name = "Package"; Value = "SOT-23 Micro Commercial"; VariantName = "[No Variations]"
Add component (AddParameter): Name = "Price"; Value = "None"; VariantName = "[No Variations]"
Add component (AddParameter): Name = "SnapEDA_Link"; Value = "https://www.snapeda.com/parts/MMBT3904-TP/Micro%20Commercial/view-part/805928/?ref=snap"; VariantName = "[No Variations]"
Add component (AddParameter): Name = "Value"; Value = ""; VariantName = "[No Variations]"
Added Component: Designator=R1(RES 1206 (3216X08L))
Add component (AddParameter): Name = "Power"; Value = "1/4 W"; VariantName = "[No Variations]"
Add component (AddParameter): Name = "Tolerance"; Value = "5%"; VariantName = "[No Variations]"
Add component (AddParameter): Name = "Value"; Value = "10K"; VariantName = "[No Variations]"
Added Component: Designator=R2(RES 1206 (3216X08L))
Add component (AddParameter): Name = "Power"; Value = "1/4 W"; VariantName = "[No Variations]"
Add component (AddParameter): Name = "Tolerance"; Value = "5%"; VariantName = "[No Variations]"
Add component (AddParameter): Name = "Value"; Value = "10K"; VariantName = "[No Variations]"
Added Component: Designator=S2(PUSH BUTTON)
Added Pin To Net: NetName=GND Pin=E1-1
Added Pin To Net: NetName=vDD Pin=E2-1
Added Pin To Net: NetName=s3 Pin=J2-1
Added Pin To Net: NetName=s2 Pin=J2-2
Added Pin To Net: NetName=s1 Pin=J2-3
Added Pin To Net: NetName=GND Pin=Q1-2
Added Pin To Net: NetName=btn Pin=S2-2
Added Pin To Net: NetName=GND Pin=S2-4
Added Pin To Net: NetName=NetD1_1 Pin=D1-1
Added Pin To Net: NetName=NetD1_1 Pin=K1-4
Added Pin To Net: NetName=NetD1_1 Pin=Q1-3
Added Pin To Net: NetName=NetD1_1 Pin=R1-2
Added Net: Name=NetD1_1
Added Pin To Net: NetName=NetD2_2 Pin=D2-2
Added Pin To Net: NetName=NetD2_2 Pin=R1-1
Added Net: Name=NetD2_2
Added Pin To Net: NetName=NetJ1_1 Pin=J1-1
Added Pin To Net: NetName=NetJ1_1 Pin=K1-3
Added Net: Name=NetJ1_1
Added Pin To Net: NetName=NetJ1_2 Pin=J1-2
Added Pin To Net: NetName=NetJ1_2 Pin=K1-1
Added Net: Name=NetJ1_2
Added Pin To Net: NetName=NetJ1_3 Pin=J1-3
Added Pin To Net: NetName=NetJ1_3 Pin=K1-2
Added Net: Name=NetJ1_3
Added Pin To Net: NetName=NetQ1_1 Pin=Q1-1
Added Pin To Net: NetName=NetQ1_1 Pin=R2-2
Added Net: Name=NetQ1_1
Added Pin To Net: NetName=VCC Pin=D1-2
Added Pin To Net: NetName=VCC Pin=D2-1
Added Pin To Net: NetName=VCC Pin=K1-5
Added Net: Name=VCC
Added Member To Class: ClassName=tsc.1r Member=Component D1 D Tunnel1
Added Member To Class: ClassName=tsc.1r Member=Component D2 LED 3mm
Added Member To Class: ClassName=tsc.1r Member=Component E1 Antenna
Added Member To Class: ClassName=tsc.1r Member=Component E2 Antenna
Added Member To Class: ClassName=tsc.1r Member=Component J1 TBlock-3
Added Member To Class: ClassName=tsc.1r Member=Component J4 TBlock-3
Added Member To Class: ClassName=tsc.1r Member=Component Q1 MMBT3904-TP
Added Member To Class: ClassName=tsc.1r Member=Component R1 10K
Added Member To Class: ClassName=tsc.1r Member=Component R2 10K
Added Member To Class: ClassName=tsc.1r Member=Component S2 PUSH BUTTON DOUBLE
